START: ptest-runner
2021-07-09T18:56
BEGIN: /usr/lib/fftw/ptest
Executing "/usr/lib/fftw/ptest/fftw/bench --verbose=1   --verify 'ok10o01x5e00x9e11*9' --verify 'ik10o01x5e00x9e11*9' --verify 'obrd7x5x5*12' --verify 'ibrd7x5x5*12' --verify 'ofrd7x5x5*12' --verify 'ifrd7x5x5*12' --verify '//obcd7x5x5*12' --verify '//ibcd7x5x5*12' --verify '//ofcd7x5x5*12' --verify '//ifcd7x5x5*12' --verify 'obcd7x5x5*12' --verify 'ibcd7x5x5*12' --verify 'ofcd7x5x5*12' --verify 'ifcd7x5x5*12' --verify 'ok3e01v30' --verify 'ik3e01v30' --verify 'obr63v67' --verify 'ibr63v67' --verify 'ofr63v67' --verify 'ifr63v67' --verify '//obc63v67' --verify '//ibc63v67' --verify '//ofc63v67' --verify '//ifc63v67' --verify 'obc63v67' --verify 'ibc63v67' --verify 'ofc63v67' --verify 'ifc63v67' --verify 'ok7bx10e00x3b' --verify 'ik7bx10e00x3b' --verify '//obrd7x11x12' --verify '//ofrd7x11x12' --verify 'obrd7x11x12' --verify 'ibrd7x11x12' --verify 'ofrd7x11x12' --verify 'ifrd7x11x12' --verify '//obcd7x11x12' --verify '//ibcd7x11x12' --verify '//ofcd7x11x12' --verify '//ifcd7x11x12' --verify 'obcd7x11x12' --verify 'ibcd7x11x12' --verify 'ofcd7x11x12' --verify 'ifcd7x11x12'"
ok10o01x5e00x9e11*9 4.0996e-16 4.95223e-15 3.81107e-16
ik10o01x5e00x9e11*9 4.09008e-16 8.17079e-15 4.0281e-16
obrd7x5x5*12 3.6901e-16 5.8188e-16 4.0755e-16
ibrd7x5x5*12 3.45674e-16 5.8188e-16 3.66156e-16
ofrd7x5x5*12 3.29832e-16 4.3641e-16 4.05589e-16
ifrd7x5x5*12 3.71413e-16 4.3641e-16 5.52657e-16
//obcd7x5x5*12 3.73296e-16 4.3641e-16 4.16844e-16
//ibcd7x5x5*12 3.18365e-16 5.8188e-16 4.15263e-16
//ofcd7x5x5*12 3.51965e-16 4.3641e-16 4.25856e-16
//ifcd7x5x5*12 3.23316e-16 4.3641e-16 5.13766e-16
obcd7x5x5*12 3.36981e-16 4.3641e-16 3.95448e-16
ibcd7x5x5*12 3.86614e-16 5.8188e-16 4.27165e-16
ofcd7x5x5*12 3.71843e-16 5.8188e-16 4.14767e-16
ifcd7x5x5*12 4.02995e-16 4.3641e-16 4.78745e-16
ok3e01v30 3.06901e-16 5.73615e-16 3.97204e-16
ik3e01v30 3.76352e-16 3.15488e-16 3.41947e-16
obr63v67 3.34173e-16 5.67851e-16 4.07684e-16
ibr63v67 5.44933e-16 4.5428e-16 3.19085e-16
ofr63v67 3.53826e-16 4.5428e-16 6.20882e-16
ifr63v67 4.0088e-16 5.67851e-16 5.67041e-16
//obc63v67 3.59667e-16 5.67851e-16 7.19152e-16
//ibc63v67 3.33469e-16 4.5428e-16 5.12874e-16
//ofc63v67 4.02235e-16 5.67851e-16 5.85221e-16
//ifc63v67 3.1731e-16 4.5428e-16 5.75383e-16
obc63v67 3.48906e-16 5.67851e-16 5.5573e-16
ibc63v67 3.29774e-16 4.5428e-16 5.20691e-16
ofc63v67 3.48202e-16 5.67851e-16 5.23803e-16
ifc63v67 4.50913e-16 5.67851e-16 5.0982e-16
ok7bx10e00x3b 4.07619e-16 7.10543e-15 2.82566e-16
ik7bx10e00x3b 3.33877e-16 1.42109e-14 2.81371e-16
//obrd7x11x12 4.44252e-16 9.35006e-16 4.78653e-16
//ofrd7x11x12 3.67727e-16 7.01254e-16 8.18292e-16
obrd7x11x12 4.26494e-16 8.1813e-16 3.81883e-16
ibrd7x11x12 3.84185e-16 9.35006e-16 4.54007e-16
ofrd7x11x12 3.06822e-16 7.01254e-16 8.43099e-16
ifrd7x11x12 3.37989e-16 9.35006e-16 8.23614e-16
//obcd7x11x12 3.54008e-16 7.01254e-16 7.91082e-16
//ibcd7x11x12 3.59258e-16 7.01254e-16 8.77996e-16
//ofcd7x11x12 3.76745e-16 7.01254e-16 8.27373e-16
//ifcd7x11x12 3.73733e-16 7.01254e-16 8.12249e-16
obcd7x11x12 3.55062e-16 7.01254e-16 9.01759e-16
ibcd7x11x12 3.85767e-16 7.01254e-16 8.56736e-16
ofcd7x11x12 3.55028e-16 7.01254e-16 7.9734e-16
ifcd7x11x12 4.21537e-16 7.01254e-16 8.45969e-16
Executing "/usr/lib/fftw/ptest/fftw/bench --verbose=1   --verify 'ok9o01x12e10v19' --verify 'ik9o01x12e10v19' --verify 'obr8x4x13x13*2' --verify 'ibr8x4x13x13*2' --verify 'ofr8x4x13x13*2' --verify 'ifr8x4x13x13*2' --verify '//obc8x4x13x13*2' --verify '//ibc8x4x13x13*2' --verify '//ofc8x4x13x13*2' --verify '//ifc8x4x13x13*2' --verify 'obc8x4x13x13*2' --verify 'ibc8x4x13x13*2' --verify 'ofc8x4x13x13*2' --verify 'ifc8x4x13x13*2' --verify 'okd4hx6o10x13e00x5e01v4' --verify 'ikd4hx6o10x13e00x5e01v4' --verify 'obr7x7x8x4*9' --verify 'ibr7x7x8x4*9' --verify 'ofr7x7x8x4*9' --verify 'ifr7x7x8x4*9' --verify '//obc7x7x8x4*9' --verify '//ibc7x7x8x4*9' --verify '//ofc7x7x8x4*9' --verify '//ifc7x7x8x4*9' --verify 'obc7x7x8x4*9' --verify 'ibc7x7x8x4*9' --verify 'ofc7x7x8x4*9' --verify 'ifc7x7x8x4*9' --verify 'ok2hx11o00x5e01x8o11*4' --verify 'ik2hx11o00x5e01x8o11*4' --verify '//obr8x7x13x13' --verify '//ofr8x7x13x13' --verify 'obr8x7x13x13' --verify 'ibr8x7x13x13' --verify 'ofr8x7x13x13' --verify 'ifr8x7x13x13' --verify '//obc8x7x13x13' --verify '//ibc8x7x13x13' --verify '//ofc8x7x13x13' --verify '//ifc8x7x13x13' --verify 'obc8x7x13x13' --verify 'ibc8x7x13x13' --verify 'ofc8x7x13x13' --verify 'ifc8x7x13x13'"
ok9o01x12e10v19 3.48507e-16 1.69455e-15 3.7368e-16
ik9o01x12e10v19 3.32271e-16 1.66533e-15 3.45006e-16
obr8x4x13x13*2 3.76588e-16 2.31891e-15 5.01896e-16
ibr8x4x13x13*2 3.9355e-16 2.31891e-15 7.74985e-16
ofr8x4x13x13*2 4.47607e-16 8.6959e-16 8.30452e-16
ifr8x4x13x13*2 3.76451e-16 8.6959e-16 9.26231e-16
//obc8x4x13x13*2 4.25863e-16 8.6959e-16 8.73993e-16
//ibc8x4x13x13*2 3.91258e-16 8.6959e-16 7.71463e-16
//ofc8x4x13x13*2 3.42411e-16 8.6959e-16 8.74783e-16
//ifc8x4x13x13*2 3.96311e-16 8.6959e-16 8.12563e-16
obc8x4x13x13*2 4.03661e-16 8.6959e-16 8.44404e-16
ibc8x4x13x13*2 3.83533e-16 1.15945e-15 8.00676e-16
ofc8x4x13x13*2 3.68267e-16 1.01452e-15 8.3823e-16
ifc8x4x13x13*2 4.47999e-16 8.6959e-16 8.6949e-16
okd4hx6o10x13e00x5e01v4 3.71081e-16 2.84495e-14 3.83124e-16
ikd4hx6o10x13e00x5e01v4 3.99428e-16 2.13718e-14 4.08327e-16
obr7x7x8x4*9 4.02665e-16 1.19626e-15 3.50952e-16
ibr7x7x8x4*9 3.43776e-16 9.96884e-16 4.09286e-16
ofr7x7x8x4*9 3.50582e-16 1.39564e-15 4.6065e-16
ifr7x7x8x4*9 4.56997e-16 1.39564e-15 3.9315e-16
//obc7x7x8x4*9 3.66249e-16 1.39564e-15 4.18137e-16
//ibc7x7x8x4*9 3.93704e-16 1.39564e-15 4.30728e-16
//ofc7x7x8x4*9 2.98327e-16 1.39564e-15 3.91569e-16
//ifc7x7x8x4*9 3.36127e-16 1.39564e-15 4.312e-16
obc7x7x8x4*9 3.27777e-16 1.39564e-15 4.56996e-16
ibc7x7x8x4*9 3.51183e-16 1.19626e-15 4.5459e-16
ofc7x7x8x4*9 3.56976e-16 1.39564e-15 4.44561e-16
ifc7x7x8x4*9 3.50752e-16 1.39564e-15 4.60791e-16
ok2hx11o00x5e01x8o11*4 3.56992e-16 7.04219e-15 4.36047e-16
ik2hx11o00x5e01x8o11*4 3.87804e-16 7.11192e-15 4.00903e-16
//obr8x7x13x13 4.68082e-16 1.02254e-15 4.9286e-16
//ofr8x7x13x13 4.50358e-16 1.16862e-15 9.00976e-16
obr8x7x13x13 4.36756e-16 1.16862e-15 6.83559e-16
ibr8x7x13x13 4.78192e-16 1.02254e-15 5.71765e-16
ofr8x7x13x13 3.87529e-16 1.16862e-15 8.81744e-16
ifr8x7x13x13 4.86202e-16 1.16862e-15 1.00808e-15
//obc8x7x13x13 3.91038e-16 1.02254e-15 9.28514e-16
//ibc8x7x13x13 4.46758e-16 1.16862e-15 9.40128e-16
//ofc8x7x13x13 4.38564e-16 1.16862e-15 8.10703e-16
//ifc8x7x13x13 4.61997e-16 8.76464e-16 8.58247e-16
obc8x7x13x13 4.23392e-16 8.76464e-16 8.3918e-16
ibc8x7x13x13 4.00581e-16 8.76464e-16 8.70056e-16
ofc8x7x13x13 4.55015e-16 8.76464e-16 8.59945e-16
ifc8x7x13x13 4.07201e-16 1.02254e-15 8.54678e-16
Executing "/usr/lib/fftw/ptest/fftw/bench --verbose=1   --verify 'ofc24x30x12' --verify 'ifc24x30x12' --verify 'ok11o00x25e00' --verify 'ik11o00x25e00' --verify 'obr2x9x10*9' --verify 'ibr2x9x10*9' --verify 'ofr2x9x10*9' --verify 'ifr2x9x10*9' --verify '//obc2x9x10*9' --verify '//ibc2x9x10*9' --verify '//ofc2x9x10*9' --verify '//ifc2x9x10*9' --verify 'obc2x9x10*9' --verify 'ibc2x9x10*9' --verify 'ofc2x9x10*9' --verify 'ifc2x9x10*9' --verify 'ok10bv9' --verify 'ik10bv9' --verify 'obr12x6x5*5' --verify 'ibr12x6x5*5' --verify 'ofr12x6x5*5' --verify 'ifr12x6x5*5' --verify '//obc12x6x5*5' --verify '//ibc12x6x5*5' --verify '//ofc12x6x5*5' --verify '//ifc12x6x5*5' --verify 'obc12x6x5*5' --verify 'ibc12x6x5*5' --verify 'ofc12x6x5*5' --verify 'ifc12x6x5*5' --verify 'ok180o01' --verify 'ik180o01' --verify 'obr12x13x4x13*2' --verify 'ibr12x13x4x13*2' --verify 'ofr12x13x4x13*2' --verify 'ifr12x13x4x13*2' --verify '//obc12x13x4x13*2' --verify '//ibc12x13x4x13*2' --verify '//ofc12x13x4x13*2' --verify '//ifc12x13x4x13*2' --verify 'obc12x13x4x13*2' --verify 'ibc12x13x4x13*2' --verify 'ofc12x13x4x13*2' --verify 'ifc12x13x4x13*2'"
ofc24x30x12 3.90663e-16 3.51634e-15 1.02503e-15
ifc24x30x12 3.59928e-16 3.36346e-15 8.94804e-16
ok11o00x25e00 2.7399e-16 7.99361e-15 2.58172e-16
ik11o00x25e00 3.68942e-16 6.21725e-15 3.2146e-16
obr2x9x10*9 3.15003e-16 4.41339e-16 4.28634e-16
ibr2x9x10*9 3.59507e-16 4.41339e-16 4.31267e-16
ofr2x9x10*9 3.38966e-16 2.94226e-16 5.62596e-16
ifr2x9x10*9 3.76654e-16 2.94226e-16 5.27675e-16
//obc2x9x10*9 3.15882e-16 4.41339e-16 6.37826e-16
//ibc2x9x10*9 3.38491e-16 4.41339e-16 6.36269e-16
//ofc2x9x10*9 4.11589e-16 4.41339e-16 5.65933e-16
//ifc2x9x10*9 3.63177e-16 4.41339e-16 5.7614e-16
obc2x9x10*9 3.40746e-16 4.41339e-16 5.5814e-16
ibc2x9x10*9 3.00186e-16 4.41339e-16 5.90991e-16
ofc2x9x10*9 3.88645e-16 4.41339e-16 5.91745e-16
ifc2x9x10*9 3.39067e-16 4.41339e-16 5.80561e-16
ok10bv9 1.91492e-16 7.40149e-16 2.79306e-16
ik10bv9 3.11721e-16 7.40149e-16 1.73493e-16
obr12x6x5*5 3.54674e-16 5.8982e-16 5.99796e-16
ibr12x6x5*5 4.24134e-16 5.8982e-16 5.36823e-16
ofr12x6x5*5 3.36656e-16 5.8982e-16 9.03953e-16
ifr12x6x5*5 3.31691e-16 5.8982e-16 8.54203e-16
//obc12x6x5*5 3.37498e-16 6.7408e-16 8.49505e-16
//ibc12x6x5*5 3.70771e-16 5.8982e-16 8.34034e-16
//ofc12x6x5*5 3.50846e-16 6.7408e-16 7.68646e-16
//ifc12x6x5*5 3.55922e-16 5.8982e-16 8.4736e-16
obc12x6x5*5 3.19765e-16 5.8982e-16 7.84902e-16
ibc12x6x5*5 3.53844e-16 5.8982e-16 9.28359e-16
ofc12x6x5*5 3.31661e-16 6.7408e-16 8.91116e-16
ifc12x6x5*5 3.03689e-16 5.8982e-16 8.4579e-16
ok180o01 3.66485e-16 2.9422e-15 5.18504e-16
ik180o01 3.64288e-16 3.44182e-15 3.86232e-16
obr12x13x4x13*2 3.90482e-16 1.77504e-15 6.53712e-16
ibr12x13x4x13*2 4.67197e-16 1.77504e-15 6.1978e-16
ofr12x13x4x13*2 3.98291e-16 2.24839e-15 8.6803e-16
ifr12x13x4x13*2 4.33817e-16 2.24839e-15 8.73683e-16
//obc12x13x4x13*2 3.97437e-16 2.24839e-15 8.47394e-16
//ibc12x13x4x13*2 4.04623e-16 2.24839e-15 8.67422e-16
//ofc12x13x4x13*2 4.29633e-16 2.24839e-15 9.02299e-16
//ifc12x13x4x13*2 4.03912e-16 2.13005e-15 8.45743e-16
obc12x13x4x13*2 4.31901e-16 2.24839e-15 8.17034e-16
ibc12x13x4x13*2 3.83434e-16 2.48506e-15 8.58793e-16
ofc12x13x4x13*2 4.24414e-16 2.01171e-15 8.43838e-16
ifc12x13x4x13*2 4.16544e-16 2.24839e-15 8.04846e-16
Executing "/usr/lib/fftw/ptest/fftw/bench --verbose=1   --verify 'ofc6x9x10x10*1' --verify 'ifc6x9x10x10*1' --verify 'okd12o11x11o10x12e01x7h' --verify 'ikd12o11x11o10x12e01x7h' --verify 'obr8x4x12x6*1' --verify 'ibr8x4x12x6*1' --verify 'ofr8x4x12x6*1' --verify 'ifr8x4x12x6*1' --verify '//obc8x4x12x6*1' --verify '//ibc8x4x12x6*1' --verify '//ofc8x4x12x6*1' --verify '//ifc8x4x12x6*1' --verify 'obc8x4x12x6*1' --verify 'ibc8x4x12x6*1' --verify 'ofc8x4x12x6*1' --verify 'ifc8x4x12x6*1' --verify 'okd9e10x10o10x5o00*7' --verify 'ikd9e10x10o10x5o00*7' --verify 'obr24v12' --verify 'ibr24v12' --verify 'ofr24v12' --verify 'ifr24v12' --verify '//obc24v12' --verify '//ibc24v12' --verify '//ofc24v12' --verify '//ifc24v12' --verify 'obc24v12' --verify 'ibc24v12' --verify 'ofc24v12' --verify 'ifc24v12' --verify 'ok13o10x7o10' --verify 'ik13o10x7o10' --verify '//obr24x30x12' --verify '//ofr24x30x12' --verify 'obr24x30x12' --verify 'ibr24x30x12' --verify 'ofr24x30x12' --verify 'ifr24x30x12' --verify '//obc24x30x12' --verify '//ibc24x30x12' --verify '//ofc24x30x12' --verify '//ifc24x30x12' --verify 'obc24x30x12' --verify 'ibc24x30x12'"
ofc6x9x10x10*1 3.99675e-16 2.32062e-15 8.18715e-16
ifc6x9x10x10*1 3.94421e-16 2.51401e-15 8.24207e-16
okd12o11x11o10x12e01x7h 4.98297e-16 4.81758e-14 4.93469e-16
ikd12o11x11o10x12e01x7h 4.16218e-16 4.66182e-14 5.0784e-16
obr8x4x12x6*1 3.57462e-16 1.77636e-15 4.77626e-16
ibr8x4x12x6*1 3.93687e-16 1.77636e-15 4.66393e-16
ofr8x4x12x6*1 3.77738e-16 5.92119e-16 8.5853e-16
ifr8x4x12x6*1 3.06992e-16 5.92119e-16 9.12578e-16
//obc8x4x12x6*1 3.35257e-16 7.40149e-16 8.62448e-16
//ibc8x4x12x6*1 3.82983e-16 7.40149e-16 9.26655e-16
//ofc8x4x12x6*1 3.22369e-16 7.40149e-16 9.4071e-16
//ifc8x4x12x6*1 3.76198e-16 7.40149e-16 9.15956e-16
obc8x4x12x6*1 3.09412e-16 8.88178e-16 9.79603e-16
ibc8x4x12x6*1 3.29044e-16 5.92119e-16 7.88013e-16
ofc8x4x12x6*1 3.52052e-16 5.92119e-16 7.83185e-16
ifc8x4x12x6*1 3.50352e-16 5.92119e-16 8.91979e-16
okd9e10x10o10x5o00*7 3.45618e-16 2.73591e-15 3.98937e-16
ikd9e10x10o10x5o00*7 5.21487e-16 2.79142e-15 3.66115e-16
obr24v12 3.42001e-16 3.92814e-16 3.33776e-16
ibr24v12 2.66639e-16 3.92814e-16 3.6191e-16
ofr24v12 2.9731e-16 1.96407e-16 7.32749e-16
ifr24v12 1.95564e-16 1.96407e-16 8.57096e-16
//obc24v12 2.69518e-16 3.92814e-16 9.26941e-16
//ibc24v12 3.18581e-16 3.92814e-16 8.13741e-16
//ofc24v12 3.61505e-16 3.92814e-16 7.24008e-16
//ifc24v12 3.27865e-16 1.96407e-16 7.61947e-16
obc24v12 3.35188e-16 3.92814e-16 8.35815e-16
ibc24v12 2.91622e-16 1.96407e-16 8.36088e-16
ofc24v12 3.17043e-16 3.92814e-16 7.79592e-16
ifc24v12 2.93964e-16 2.9461e-16 8.40681e-16
ok13o10x7o10 3.00207e-16 1.77636e-15 4.22508e-16
ik13o10x7o10 3.34554e-16 1.33227e-15 4.51277e-16
//obr24x30x12 3.80004e-16 2.9048e-15 6.05554e-16
//ofr24x30x12 3.40531e-16 3.36346e-15 9.13118e-16
obr24x30x12 4.39673e-16 2.59904e-15 5.42988e-16
ibr24x30x12 3.74107e-16 2.59904e-15 5.9761e-16
ofr24x30x12 3.57989e-16 3.36346e-15 8.93123e-16
ifr24x30x12 5.77752e-16 3.21057e-15 9.56324e-16
//obc24x30x12 3.74503e-16 3.51634e-15 9.43857e-16
//ibc24x30x12 4.72666e-16 3.21057e-15 9.62553e-16
//ofc24x30x12 3.50801e-16 3.21057e-15 8.88716e-16
//ifc24x30x12 3.78615e-16 3.21057e-15 9.27386e-16
obc24x30x12 4.33569e-16 3.21057e-15 9.20551e-16
ibc24x30x12 4.15272e-16 3.21057e-15 8.63446e-16
Executing "/usr/lib/fftw/ptest/fftw/bench --verbose=1   --verify 'ok3o10x4o10x12o00x3o01*8' --verify 'ik3o10x4o10x12o00x3o01*8' --verify '//obrd11x5x7x12' --verify '//ofrd11x5x7x12' --verify 'obrd11x5x7x12' --verify 'ibrd11x5x7x12' --verify 'ofrd11x5x7x12' --verify 'ifrd11x5x7x12' --verify '//obcd11x5x7x12' --verify '//ibcd11x5x7x12' --verify '//ofcd11x5x7x12' --verify '//ifcd11x5x7x12' --verify 'obcd11x5x7x12' --verify 'ibcd11x5x7x12' --verify 'ofcd11x5x7x12' --verify 'ifcd11x5x7x12' --verify 'ok16o11x27e11' --verify 'ik16o11x27e11' --verify '//obr9x16x10x2' --verify '//ofr9x16x10x2' --verify 'obr9x16x10x2' --verify 'ibr9x16x10x2' --verify 'ofr9x16x10x2' --verify 'ifr9x16x10x2' --verify '//obc9x16x10x2' --verify '//ibc9x16x10x2' --verify '//ofc9x16x10x2' --verify '//ifc9x16x10x2' --verify 'obc9x16x10x2' --verify 'ibc9x16x10x2' --verify 'ofc9x16x10x2' --verify 'ifc9x16x10x2' --verify 'ok10e00x6o00x4o10*10' --verify 'ik10e00x6o00x4o10*10' --verify 'obr6x9x10x10*1' --verify 'ibr6x9x10x10*1' --verify 'ofr6x9x10x10*1' --verify 'ifr6x9x10x10*1' --verify '//obc6x9x10x10*1' --verify '//ibc6x9x10x10*1' --verify '//ofc6x9x10x10*1' --verify '//ifc6x9x10x10*1' --verify 'obc6x9x10x10*1' --verify 'ibc6x9x10x10*1'"
ok3o10x4o10x12o00x3o01*8 3.56209e-16 2.1389e-15 4.6705e-16
ik3o10x4o10x12o00x3o01*8 4.3794e-16 1.88726e-15 4.5846e-16
//obrd11x5x7x12 4.11546e-16 1.25444e-15 4.41881e-16
//ofrd11x5x7x12 3.86719e-16 1.25444e-15 9.52447e-16
obrd11x5x7x12 4.14037e-16 1.46352e-15 4.40418e-16
ibrd11x5x7x12 4.08297e-16 1.25444e-15 4.19739e-16
ofrd11x5x7x12 3.50085e-16 1.04537e-15 7.97665e-16
ifrd11x5x7x12 3.38912e-16 1.04537e-15 7.85115e-16
//obcd11x5x7x12 3.79337e-16 1.25444e-15 7.92656e-16
//ibcd11x5x7x12 3.66542e-16 1.25444e-15 9.8958e-16
//ofcd11x5x7x12 4.6125e-16 1.25444e-15 8.44394e-16
//ifcd11x5x7x12 4.37262e-16 1.04537e-15 8.07933e-16
obcd11x5x7x12 3.82389e-16 1.25444e-15 7.87353e-16
ibcd11x5x7x12 3.90046e-16 1.04537e-15 9.16275e-16
ofcd11x5x7x12 3.89371e-16 1.25444e-15 8.38302e-16
ifcd11x5x7x12 3.98509e-16 1.25444e-15 8.74032e-16
ok16o11x27e11 4.13793e-16 5.78257e-15 5.08766e-16
ik16o11x27e11 4.45899e-16 5.50456e-15 3.87192e-16
//obr9x16x10x2 3.52953e-16 1.85363e-15 3.9195e-16
//ofr9x16x10x2 3.86075e-16 2.11843e-15 7.87296e-16
obr9x16x10x2 3.38337e-16 1.85363e-15 3.91142e-16
ibr9x16x10x2 5.0743e-16 1.98603e-15 3.98766e-16
ofr9x16x10x2 4.16372e-16 2.11843e-15 7.21724e-16
ifr9x16x10x2 3.28599e-16 2.11843e-15 7.65976e-16
//obc9x16x10x2 3.89409e-16 2.11843e-15 6.73471e-16
//ibc9x16x10x2 3.70136e-16 2.11843e-15 7.47904e-16
//ofc9x16x10x2 4.01146e-16 2.11843e-15 7.25377e-16
//ifc9x16x10x2 4.14693e-16 2.11843e-15 6.99328e-16
obc9x16x10x2 3.56496e-16 2.11843e-15 7.58977e-16
ibc9x16x10x2 3.83732e-16 2.11843e-15 7.3296e-16
ofc9x16x10x2 3.47535e-16 2.11843e-15 7.51976e-16
ifc9x16x10x2 4.3882e-16 1.98603e-15 7.17801e-16
ok10e00x6o00x4o10*10 3.5668e-16 3.31953e-15 2.9473e-16
ik10e00x6o00x4o10*10 3.25518e-16 4.07112e-15 3.54669e-16
obr6x9x10x10*1 3.95612e-16 2.32062e-15 5.61609e-16
ibr6x9x10x10*1 4.58833e-16 2.32062e-15 5.44594e-16
ofr6x9x10x10*1 4.53015e-16 2.51401e-15 8.70888e-16
ifr6x9x10x10*1 3.64801e-16 2.32062e-15 8.49972e-16
//obc6x9x10x10*1 3.80146e-16 2.32062e-15 7.35263e-16
//ibc6x9x10x10*1 4.06645e-16 2.32062e-15 8.44326e-16
//ofc6x9x10x10*1 4.31076e-16 2.51401e-15 8.06277e-16
//ifc6x9x10x10*1 3.49682e-16 2.12724e-15 7.80349e-16
obc6x9x10x10*1 5.00123e-16 2.32062e-15 8.09941e-16
ibc6x9x10x10*1 4.16467e-16 2.32062e-15 7.92141e-16
Executing "/usr/lib/fftw/ptest/fftw/bench --verbose=1   --verify 'ofc12x12x8*11' --verify 'ifc12x12x8*11' --verify 'ok15o10x6e10x5hx4e10v5' --verify 'ik15o10x6e10x5hx4e10v5' --verify 'obr5x4x7x3*10' --verify 'ibr5x4x7x3*10' --verify 'ofr5x4x7x3*10' --verify 'ifr5x4x7x3*10' --verify '//obc5x4x7x3*10' --verify '//ibc5x4x7x3*10' --verify '//ofc5x4x7x3*10' --verify '//ifc5x4x7x3*10' --verify 'obc5x4x7x3*10' --verify 'ibc5x4x7x3*10' --verify 'ofc5x4x7x3*10' --verify 'ifc5x4x7x3*10' --verify 'okd9e11x3e01x2bx10e00v6' --verify 'ikd9e11x3e01x2bx10e00v6' --verify 'obrd18x5*13' --verify 'ibrd18x5*13' --verify 'ofrd18x5*13' --verify 'ifrd18x5*13' --verify '//obcd18x5*13' --verify '//ibcd18x5*13' --verify '//ofcd18x5*13' --verify '//ifcd18x5*13' --verify 'obcd18x5*13' --verify 'ibcd18x5*13' --verify 'ofcd18x5*13' --verify 'ifcd18x5*13' --verify 'ok72o11x44e01' --verify 'ik72o11x44e01' --verify 'obr2x11x7x5*7' --verify 'ibr2x11x7x5*7' --verify 'ofr2x11x7x5*7' --verify 'ifr2x11x7x5*7' --verify '//obc2x11x7x5*7' --verify '//ibc2x11x7x5*7' --verify '//ofc2x11x7x5*7' --verify '//ifc2x11x7x5*7' --verify 'obc2x11x7x5*7' --verify 'ibc2x11x7x5*7' --verify 'ofc2x11x7x5*7' --verify 'ifc2x11x7x5*7'"
ofc12x12x8*11 3.72999e-16 9.13508e-16 8.30896e-16
ifc12x12x8*11 3.62447e-16 9.13508e-16 8.39684e-16
ok15o10x6e10x5hx4e10v5 3.10914e-16 8.55982e-15 3.90134e-16
ik15o10x6e10x5hx4e10v5 4.09389e-16 6.4948e-15 3.91559e-16
obr5x4x7x3*10 3.09762e-16 5.7207e-16 4.34791e-16
ibr5x4x7x3*10 3.56157e-16 5.7207e-16 4.99438e-16
ofr5x4x7x3*10 3.28862e-16 5.7207e-16 6.21904e-16
ifr5x4x7x3*10 3.17401e-16 5.7207e-16 6.58847e-16
//obc5x4x7x3*10 3.95923e-16 5.7207e-16 5.97314e-16
//ibc5x4x7x3*10 3.32232e-16 5.7207e-16 6.54876e-16
//ofc5x4x7x3*10 3.18444e-16 5.7207e-16 6.59656e-16
//ifc5x4x7x3*10 3.48555e-16 5.7207e-16 7.07029e-16
obc5x4x7x3*10 3.1257e-16 5.7207e-16 6.47502e-16
ibc5x4x7x3*10 3.81545e-16 5.7207e-16 6.1734e-16
ofc5x4x7x3*10 3.38907e-16 5.7207e-16 7.41729e-16
ifc5x4x7x3*10 3.60483e-16 5.7207e-16 6.38816e-16
okd9e11x3e01x2bx10e00v6 4.18731e-16 1.55375e-14 3.9526e-16
ikd9e11x3e01x2bx10e00v6 3.90517e-16 1.28721e-14 4.70748e-16
obrd18x5*13 2.86718e-16 4.03296e-16 5.55613e-16
ibrd18x5*13 3.24928e-16 4.03296e-16 4.3975e-16
ofrd18x5*13 2.92384e-16 4.03296e-16 7.76439e-16
ifrd18x5*13 3.55681e-16 4.03296e-16 7.83551e-16
//obcd18x5*13 3.40703e-16 4.03296e-16 8.23621e-16
//ibcd18x5*13 3.93631e-16 4.03296e-16 7.5995e-16
//ofcd18x5*13 3.17794e-16 4.03296e-16 7.06191e-16
//ifcd18x5*13 3.28459e-16 5.0412e-16 7.30962e-16
obcd18x5*13 3.03434e-16 5.0412e-16 7.05883e-16
ibcd18x5*13 4.2006e-16 5.0412e-16 7.59682e-16
ofcd18x5*13 3.12368e-16 4.03296e-16 8.76249e-16
ifcd18x5*13 3.03045e-16 4.03296e-16 7.35863e-16
ok72o11x44e01 4.48963e-16 2.42043e-14 4.28372e-16
ik72o11x44e01 5.93812e-16 3.19763e-14 4.98313e-16
obr2x11x7x5*7 3.99047e-16 1.02425e-15 3.54809e-16
ibr2x11x7x5*7 3.34504e-16 8.77926e-16 3.7268e-16
ofr2x11x7x5*7 3.48372e-16 7.31605e-16 5.35163e-16
ifr2x11x7x5*7 3.37013e-16 7.31605e-16 5.16849e-16
//obc2x11x7x5*7 4.02682e-16 5.85284e-16 4.77671e-16
//ibc2x11x7x5*7 4.38484e-16 7.31605e-16 5.73452e-16
//ofc2x11x7x5*7 3.37571e-16 7.31605e-16 4.86403e-16
//ifc2x11x7x5*7 3.5518e-16 7.31605e-16 4.63298e-16
obc2x11x7x5*7 3.66566e-16 7.31605e-16 4.73233e-16
ibc2x11x7x5*7 3.95072e-16 7.31605e-16 4.62968e-16
ofc2x11x7x5*7 4.06592e-16 7.31605e-16 5.18512e-16
ifc2x11x7x5*7 3.3552e-16 7.31605e-16 4.73051e-16
Executing "/usr/lib/fftw/ptest/fftw/bench --verbose=1   --verify 'obcd6x4x3x2*4' --verify 'ibcd6x4x3x2*4' --verify 'ofcd6x4x3x2*4' --verify 'ifcd6x4x3x2*4' --verify 'ok10e11x10e11v16' --verify 'ik10e11x10e11v16' --verify 'obr44v229' --verify 'ibr44v229' --verify 'ofr44v229' --verify 'ifr44v229' --verify '//obc44v229' --verify '//ibc44v229' --verify '//ofc44v229' --verify '//ifc44v229' --verify 'obc44v229' --verify 'ibc44v229' --verify 'ofc44v229' --verify 'ifc44v229' --verify 'ok8o01x7o11*3' --verify 'ik8o01x7o11*3' --verify 'obr12x5x13x3*8' --verify 'ibr12x5x13x3*8' --verify 'ofr12x5x13x3*8' --verify 'ifr12x5x13x3*8' --verify '//obc12x5x13x3*8' --verify '//ibc12x5x13x3*8' --verify '//ofc12x5x13x3*8' --verify '//ifc12x5x13x3*8' --verify 'obc12x5x13x3*8' --verify 'ibc12x5x13x3*8' --verify 'ofc12x5x13x3*8' --verify 'ifc12x5x13x3*8' --verify 'okd6o10x60e00' --verify 'ikd6o10x60e00' --verify 'obr12x12x8*11' --verify 'ibr12x12x8*11' --verify 'ofr12x12x8*11' --verify 'ifr12x12x8*11' --verify '//obc12x12x8*11' --verify '//ibc12x12x8*11' --verify '//ofc12x12x8*11' --verify '//ifc12x12x8*11' --verify 'obc12x12x8*11' --verify 'ibc12x12x8*11'"
obcd6x4x3x2*4 3.04217e-16 4.62593e-16 8.03474e-16
ibcd6x4x3x2*4 2.75785e-16 5.55112e-16 8.10558e-16
ofcd6x4x3x2*4 3.19717e-16 3.70074e-16 8.36361e-16
ifcd6x4x3x2*4 3.28067e-16 3.70074e-16 7.97539e-16
ok10e11x10e11v16 4.96344e-16 1.17208e-15 4.16996e-16
ik10e11x10e11v16 3.58607e-16 1.4243e-15 4.73705e-16
obr44v229 3.50399e-16 5.37931e-16 3.48468e-16
ibr44v229 3.34712e-16 4.70689e-16 3.4604e-16
ofr44v229 3.48013e-16 4.03448e-16 5.60293e-16
ifr44v229 2.85217e-16 4.03448e-16 5.22683e-16
//obc44v229 3.65957e-16 5.37931e-16 5.60667e-16
//ibc44v229 3.52078e-16 5.37931e-16 5.47626e-16
//ofc44v229 3.94551e-16 4.03448e-16 6.23648e-16
//ifc44v229 3.33103e-16 4.03448e-16 5.08764e-16
obc44v229 3.45602e-16 5.37931e-16 5.28622e-16
ibc44v229 3.49955e-16 4.03448e-16 5.59396e-16
ofc44v229 3.40066e-16 5.37931e-16 5.93928e-16
ifc44v229 3.88925e-16 4.03448e-16 6.83863e-16
ok8o01x7o11*3 3.31602e-16 1.29102e-15 3.62483e-16
ik8o01x7o11*3 3.14545e-16 9.30295e-16 4.18801e-16
obr12x5x13x3*8 4.42428e-16 1.15673e-15 5.53539e-16
ibr12x5x13x3*8 4.07023e-16 1.15673e-15 5.54823e-16
ofr12x5x13x3*8 3.65058e-16 1.0328e-15 8.59367e-16
ifr12x5x13x3*8 3.82171e-16 1.0328e-15 8.00492e-16
//obc12x5x13x3*8 3.63604e-16 9.91485e-16 7.99955e-16
//ibc12x5x13x3*8 3.94481e-16 9.91485e-16 7.8115e-16
//ofc12x5x13x3*8 3.99184e-16 9.50173e-16 8.29936e-16
//ifc12x5x13x3*8 3.67708e-16 1.15673e-15 8.91358e-16
obc12x5x13x3*8 4.03036e-16 9.91485e-16 8.39989e-16
ibc12x5x13x3*8 4.17353e-16 1.15673e-15 8.14516e-16
ofc12x5x13x3*8 3.89443e-16 1.0328e-15 8.46723e-16
ifc12x5x13x3*8 4.15473e-16 9.50173e-16 8.22873e-16
okd6o10x60e00 4.23998e-16 7.10543e-15 4.04003e-16
ikd6o10x60e00 4.96939e-16 8.43769e-15 3.78396e-16
obr12x12x8*11 4.03188e-16 9.13508e-16 5.33647e-16
ibr12x12x8*11 3.44812e-16 9.13508e-16 4.72674e-16
ofr12x12x8*11 3.20561e-16 9.13508e-16 8.50451e-16
ifr12x12x8*11 3.39598e-16 9.13508e-16 8.52068e-16
//obc12x12x8*11 3.34112e-16 9.13508e-16 8.08259e-16
//ibc12x12x8*11 3.84701e-16 9.13508e-16 8.55309e-16
//ofc12x12x8*11 3.25385e-16 9.13508e-16 8.6557e-16
//ifc12x12x8*11 3.56989e-16 9.13508e-16 8.67038e-16
obc12x12x8*11 3.3126e-16 9.13508e-16 8.3721e-16
ibc12x12x8*11 4.34806e-16 9.13508e-16 8.54448e-16
Executing "/usr/lib/fftw/ptest/fftw/bench --verbose=1   --verify '//ofc2x4x10x12' --verify '//ifc2x4x10x12' --verify 'obc2x4x10x12' --verify 'ibc2x4x10x12' --verify 'ofc2x4x10x12' --verify 'ifc2x4x10x12' --verify 'ok6bx8o00*11' --verify 'ik6bx8o00*11' --verify 'obr6x13*25' --verify 'ibr6x13*25' --verify 'ofr6x13*25' --verify 'ifr6x13*25' --verify '//obc6x13*25' --verify '//ibc6x13*25' --verify '//ofc6x13*25' --verify '//ifc6x13*25' --verify 'obc6x13*25' --verify 'ibc6x13*25' --verify 'ofc6x13*25' --verify 'ifc6x13*25' --verify 'okd5hx10o01x6e10x10e11*1' --verify 'ikd5hx10o01x6e10x10e11*1' --verify 'obr8x12x12x12*2' --verify 'ibr8x12x12x12*2' --verify 'ofr8x12x12x12*2' --verify 'ifr8x12x12x12*2' --verify '//obc8x12x12x12*2' --verify '//ibc8x12x12x12*2' --verify '//ofc8x12x12x12*2' --verify '//ifc8x12x12x12*2' --verify 'obc8x12x12x12*2' --verify 'ibc8x12x12x12*2' --verify 'ofc8x12x12x12*2' --verify 'ifc8x12x12x12*2' --verify 'ok3780h' --verify 'ik3780h' --verify 'obrd6x4x3x2*4' --verify 'ibrd6x4x3x2*4' --verify 'ofrd6x4x3x2*4' --verify 'ifrd6x4x3x2*4' --verify '//obcd6x4x3x2*4' --verify '//ibcd6x4x3x2*4' --verify '//ofcd6x4x3x2*4' --verify '//ifcd6x4x3x2*4'"
//ofc2x4x10x12 4.59863e-16 8.02643e-16 7.36477e-16
//ifc2x4x10x12 3.55944e-16 8.02643e-16 7.83828e-16
obc2x4x10x12 3.69534e-16 8.02643e-16 8.0505e-16
ibc2x4x10x12 3.45979e-16 8.02643e-16 8.84536e-16
ofc2x4x10x12 3.30088e-16 8.02643e-16 8.3903e-16
ifc2x4x10x12 4.34974e-16 8.02643e-16 9.95952e-16
ok6bx8o00*11 3.1081e-16 1.10685e-15 3.77966e-16
ik6bx8o00*11 3.13336e-16 9.3775e-16 3.46204e-16
obr6x13*25 3.70084e-16 6.27534e-16 4.87458e-16
ibr6x13*25 3.83157e-16 4.18356e-16 4.98864e-16
ofr6x13*25 3.08528e-16 4.18356e-16 8.45571e-16
ifr6x13*25 3.45498e-16 4.18356e-16 9.03125e-16
//obc6x13*25 3.82974e-16 6.27534e-16 8.32344e-16
//ibc6x13*25 2.87315e-16 5.22945e-16 8.61235e-16
//ofc6x13*25 3.10218e-16 4.18356e-16 8.11043e-16
//ifc6x13*25 3.44549e-16 6.27534e-16 8.49718e-16
obc6x13*25 3.17256e-16 4.18356e-16 9.1409e-16
ibc6x13*25 3.2404e-16 4.18356e-16 7.54918e-16
ofc6x13*25 3.03964e-16 6.27534e-16 8.1325e-16
ifc6x13*25 2.98664e-16 6.27534e-16 8.11789e-16
okd5hx10o01x6e10x10e11*1 3.85785e-16 1.05989e-14 4.6179e-16
ikd5hx10o01x6e10x10e11*1 4.2638e-16 9.35856e-15 5.11944e-16
obr8x12x12x12*2 3.71915e-16 2.53818e-15 5.11453e-16
ibr8x12x12x12*2 3.33105e-16 2.53818e-15 4.98967e-16
ofr8x12x12x12*2 3.98159e-16 3.08208e-15 9.11646e-16
ifr8x12x12x12*2 3.24808e-16 3.17273e-15 9.33456e-16
//obc8x12x12x12*2 3.86757e-16 3.08208e-15 8.76025e-16
//ibc8x12x12x12*2 4.11964e-16 3.08208e-15 8.33668e-16
//ofc8x12x12x12*2 4.1208e-16 3.26338e-15 8.90318e-16
//ifc8x12x12x12*2 4.11342e-16 3.26338e-15 8.41868e-16
obc8x12x12x12*2 3.53892e-16 3.08208e-15 9.80162e-16
ibc8x12x12x12*2 3.63663e-16 3.26338e-15 9.05938e-16
ofc8x12x12x12*2 3.5853e-16 3.08208e-15 9.28108e-16
ifc8x12x12x12*2 4.6071e-16 3.26338e-15 8.86885e-16
ok3780h 3.9593e-16 1.42109e-14 3.74162e-16
ik3780h 4.22536e-16 2.84217e-14 3.68809e-16
obrd6x4x3x2*4 2.91037e-16 3.70074e-16 3.28053e-16
ibrd6x4x3x2*4 3.79726e-16 3.70074e-16 3.13094e-16
ofrd6x4x3x2*4 2.92148e-16 4.62593e-16 7.92845e-16
ifrd6x4x3x2*4 2.80226e-16 4.62593e-16 8.55798e-16
//obcd6x4x3x2*4 3.06189e-16 4.62593e-16 8.44644e-16
//ibcd6x4x3x2*4 3.69802e-16 5.55112e-16 8.74663e-16
//ofcd6x4x3x2*4 3.04463e-16 5.55112e-16 8.08556e-16
//ifcd6x4x3x2*4 2.92179e-16 3.70074e-16 7.5211e-16
Executing "/usr/lib/fftw/ptest/fftw/bench --verbose=1   --verify '//ofc12x12x12x7*2' --verify '//ifc12x12x12x7*2' --verify 'obc12x12x12x7*2' --verify 'ibc12x12x12x7*2' --verify 'ofc12x12x12x7*2' --verify 'ifc12x12x12x7*2' --verify 'okd4e01x5e00*16' --verify 'ikd4e01x5e00*16' --verify 'obr7x5x3x3*5' --verify 'ibr7x5x3x3*5' --verify 'ofr7x5x3x3*5' --verify 'ifr7x5x3x3*5' --verify '//obc7x5x3x3*5' --verify '//ibc7x5x3x3*5' --verify '//ofc7x5x3x3*5' --verify '//ifc7x5x3x3*5' --verify 'obc7x5x3x3*5' --verify 'ibc7x5x3x3*5' --verify 'ofc7x5x3x3*5' --verify 'ifc7x5x3x3*5' --verify 'ok13e00x6bx4h*14' --verify 'ik13e00x6bx4h*14' --verify 'obr32v66' --verify 'ibr32v66' --verify 'ofr32v66' --verify 'ifr32v66' --verify '//obc32v66' --verify '//ibc32v66' --verify '//ofc32v66' --verify '//ifc32v66' --verify 'obc32v66' --verify 'ibc32v66' --verify 'ofc32v66' --verify 'ifc32v66' --verify 'ok13o01x5o01x3e11v4' --verify 'ik13o01x5o01x3e11v4' --verify '//obr2x4x10x12' --verify '//ofr2x4x10x12' --verify 'obr2x4x10x12' --verify 'ibr2x4x10x12' --verify 'ofr2x4x10x12' --verify 'ifr2x4x10x12' --verify '//obc2x4x10x12' --verify '//ibc2x4x10x12'"
//ofc12x12x12x7*2 4.18289e-16 2.71343e-15 8.16982e-16
//ifc12x12x12x7*2 4.01556e-16 2.51961e-15 8.29293e-16
obc12x12x12x7*2 3.72645e-16 2.51961e-15 8.20215e-16
ibc12x12x12x7*2 3.63196e-16 2.51961e-15 8.82925e-16
ofc12x12x12x7*2 4.36599e-16 2.51961e-15 8.52448e-16
ifc12x12x12x7*2 3.96823e-16 2.51961e-15 8.87401e-16
okd4e01x5e00*16 3.17167e-16 1.41553e-15 3.26195e-16
ikd4e01x5e00*16 3.06871e-16 1.5335e-15 2.27644e-16
obr7x5x3x3*5 3.82966e-16 6.00518e-16 5.19231e-16
ibr7x5x3x3*5 3.13315e-16 6.00518e-16 5.08182e-16
ofr7x5x3x3*5 3.16724e-16 6.00518e-16 7.11816e-16
ifr7x5x3x3*5 3.34191e-16 6.00518e-16 6.90324e-16
//obc7x5x3x3*5 3.51538e-16 7.20622e-16 7.09911e-16
//ibc7x5x3x3*5 3.92619e-16 6.00518e-16 6.65469e-16
//ofc7x5x3x3*5 3.96236e-16 6.00518e-16 8.16838e-16
//ifc7x5x3x3*5 4.2987e-16 6.00518e-16 6.57525e-16
obc7x5x3x3*5 3.82744e-16 6.00518e-16 6.64765e-16
ibc7x5x3x3*5 3.63774e-16 7.20622e-16 7.12481e-16
ofc7x5x3x3*5 3.03384e-16 6.00518e-16 6.8989e-16
ifc7x5x3x3*5 3.4428e-16 6.00518e-16 6.53694e-16
ok13e00x6bx4h*14 3.7602e-16 1.01704e-14 1.90128e-16
ik13e00x6bx4h*14 3.28116e-16 9.15934e-15 1.85867e-16
obr32v66 3.38416e-16 3.18776e-16 2.68797e-16
ibr32v66 2.90857e-16 4.78165e-16 3.13104e-16
ofr32v66 3.33745e-16 3.18776e-16 6.91396e-16
ifr32v66 3.21003e-16 3.18776e-16 6.41181e-16
//obc32v66 3.17911e-16 3.18776e-16 5.90614e-16
//ibc32v66 2.91209e-16 3.9847e-16 8.55281e-16
//ofc32v66 2.73252e-16 3.18776e-16 6.4182e-16
//ifc32v66 3.08233e-16 3.18776e-16 7.03784e-16
obc32v66 3.09682e-16 3.18776e-16 6.34851e-16
ibc32v66 3.21068e-16 3.9847e-16 7.09591e-16
ofc32v66 3.17644e-16 3.18776e-16 7.02125e-16
ifc32v66 2.98709e-16 3.18776e-16 6.14655e-16
ok13o01x5o01x3e11v4 4.26606e-16 2.11918e-15 5.24756e-16
ik13o01x5o01x3e11v4 4.79962e-16 1.86775e-15 4.13593e-16
//obr2x4x10x12 3.17436e-16 1.2613e-15 3.65121e-16
//ofr2x4x10x12 2.81296e-16 8.02643e-16 8.59745e-16
obr2x4x10x12 2.67071e-16 1.2613e-15 4.06006e-16
ibr2x4x10x12 4.05521e-16 1.2613e-15 3.58497e-16
ofr2x4x10x12 2.75909e-16 1.03197e-15 8.33286e-16
ifr2x4x10x12 3.96945e-16 8.02643e-16 7.82161e-16
//obc2x4x10x12 3.25014e-16 8.02643e-16 8.09969e-16
//ibc2x4x10x12 3.55803e-16 8.02643e-16 8.1196e-16
Executing "/usr/lib/fftw/ptest/fftw/bench --verbose=1   --verify 'okd5bx9o10x6e10x3e00*6' --verify 'ikd5bx9o10x6e10x3e00*6' --verify '//obr7x6x10' --verify '//ofr7x6x10' --verify 'obr7x6x10' --verify 'ibr7x6x10' --verify 'ofr7x6x10' --verify 'ifr7x6x10' --verify '//obc7x6x10' --verify '//ibc7x6x10' --verify '//ofc7x6x10' --verify '//ifc7x6x10' --verify 'obc7x6x10' --verify 'ibc7x6x10' --verify 'ofc7x6x10' --verify 'ifc7x6x10' --verify 'ok9o11x2e01x8e01v14' --verify 'ik9o11x2e01x8e01v14' --verify 'obr8x7*2' --verify 'ibr8x7*2' --verify 'ofr8x7*2' --verify 'ifr8x7*2' --verify '//obc8x7*2' --verify '//ibc8x7*2' --verify '//ofc8x7*2' --verify '//ifc8x7*2' --verify 'obc8x7*2' --verify 'ibc8x7*2' --verify 'ofc8x7*2' --verify 'ifc8x7*2' --verify 'ok4o00x3e00x12h' --verify 'ik4o00x3e00x12h' --verify 'obr12x12x12x7*2' --verify 'ibr12x12x12x7*2' --verify 'ofr12x12x12x7*2' --verify 'ifr12x12x12x7*2' --verify '//obc12x12x12x7*2' --verify '//ibc12x12x12x7*2'"
okd5bx9o10x6e10x3e00*6 4.37679e-16 9.84398e-15 2.98392e-16
ikd5bx9o10x6e10x3e00*6 3.27949e-16 8.54872e-15 3.02903e-16
//obr7x6x10 3.36328e-16 6.93419e-16 5.43243e-16
//ofr7x6x10 3.72151e-16 1.04013e-15 7.88059e-16
obr7x6x10 4.44323e-16 6.93419e-16 5.71458e-16
ibr7x6x10 2.93528e-16 6.93419e-16 5.56211e-16
ofr7x6x10 3.42462e-16 8.66773e-16 8.68257e-16
ifr7x6x10 3.27789e-16 8.66773e-16 8.47823e-16
//obc7x6x10 3.44011e-16 8.66773e-16 8.53423e-16
//ibc7x6x10 3.13152e-16 8.66773e-16 7.52516e-16
//ofc7x6x10 3.61282e-16 8.66773e-16 8.6257e-16
//ifc7x6x10 3.05045e-16 6.93419e-16 8.98165e-16
obc7x6x10 3.25894e-16 8.66773e-16 9.41507e-16
ibc7x6x10 3.48704e-16 8.66773e-16 7.83274e-16
ofc7x6x10 3.10992e-16 1.04013e-15 8.23621e-16
ifc7x6x10 3.73328e-16 6.93419e-16 7.63472e-16
ok9o11x2e01x8e01v14 3.9552e-16 4.1979e-15 4.19494e-16
ik9o11x2e01x8e01v14 3.95896e-16 4.89568e-15 4.2288e-16
obr8x7*2 3.48295e-16 5.34095e-16 2.96241e-16
ibr8x7*2 2.78083e-16 3.56064e-16 2.46295e-16
ofr8x7*2 2.30325e-16 4.45079e-16 3.94987e-16
ifr8x7*2 2.2043e-16 3.56064e-16 4.0462e-16
//obc8x7*2 3.30504e-16 3.56064e-16 4.58573e-16
//ibc8x7*2 3.04548e-16 5.34095e-16 3.71145e-16
//ofc8x7*2 2.90886e-16 5.34095e-16 4.10903e-16
//ifc8x7*2 2.68733e-16 3.56064e-16 4.03253e-16
obc8x7*2 3.67175e-16 5.34095e-16 3.04943e-16
ibc8x7*2 4.27524e-16 3.56064e-16 3.66025e-16
ofc8x7*2 2.98667e-16 5.34095e-16 3.46873e-16
ifc8x7*2 3.16543e-16 3.56064e-16 4.70013e-16
ok4o00x3e00x12h 3.67161e-16 3.85228e-15 2.5314e-16
ik4o00x3e00x12h 4.10378e-16 3.85228e-15 2.65566e-16
obr12x12x12x7*2 3.867e-16 9.69082e-16 5.26146e-16
ibr12x12x12x7*2 4.02029e-16 9.69082e-16 5.14684e-16
ofr12x12x12x7*2 4.11336e-16 2.71343e-15 8.83223e-16
ifr12x12x12x7*2 3.62393e-16 2.51961e-15 8.49467e-16
//obc12x12x12x7*2 3.91017e-16 2.51961e-15 8.24369e-16
//ibc12x12x12x7*2 3.9883e-16 2.51961e-15 8.55182e-16
Executing "/usr/lib/fftw/ptest/fftwf/benchf --verbose=1   --verify 'ofcd35*53' --verify 'ifcd35*53' --verify 'ok4o11x5o01x2e10x3e00*5' --verify 'ik4o11x5o01x2e10x3e00*5' --verify 'obrd11*8' --verify 'ibrd11*8' --verify 'ofrd11*8' --verify 'ifrd11*8' --verify '//obcd11*8' --verify '//ibcd11*8' --verify '//ofcd11*8' --verify '//ifcd11*8' --verify 'obcd11*8' --verify 'ibcd11*8' --verify 'ofcd11*8' --verify 'ifcd11*8' --verify 'ok8hx13o11x8e00*2' --verify 'ik8hx13o11x8e00*2' --verify 'obrd10x8x12v3' --verify 'ibrd10x8x12v3' --verify 'ofrd10x8x12v3' --verify 'ifrd10x8x12v3' --verify '//obcd10x8x12v3' --verify '//ibcd10x8x12v3' --verify '//ofcd10x8x12v3' --verify '//ifcd10x8x12v3' --verify 'obcd10x8x12v3' --verify 'ibcd10x8x12v3' --verify 'ofcd10x8x12v3' --verify 'ifcd10x8x12v3' --verify 'okd13hx6o10x18e10x9o11v3' --verify 'ikd13hx6o10x18e10x9o11v3' --verify 'obrd10x6x11*13' --verify 'ibrd10x6x11*13' --verify 'ofrd10x6x11*13' --verify 'ifrd10x6x11*13' --verify '//obcd10x6x11*13' --verify '//ibcd10x6x11*13' --verify '//ofcd10x6x11*13' --verify '//ifcd10x6x11*13' --verify 'obcd10x6x11*13' --verify 'ibcd10x6x11*13' --verify 'ofcd10x6x11*13' --verify 'ifcd10x6x11*13'"
ofcd35*53 1.59225e-07 2.46363e-07 1.70871e-07
ifcd35*53 1.71841e-07 2.46363e-07 1.70354e-07
ok4o11x5o01x2e10x3e00*5 1.82549e-07 9.20701e-07 2.23836e-07
ik4o11x5o01x2e10x3e00*5 1.94202e-07 9.48049e-07 1.95264e-07
obrd11*8 1.68999e-07 2.42615e-07 1.47031e-07
ibrd11*8 2.28434e-07 1.61743e-07 1.54283e-07
ofrd11*8 1.86316e-07 1.61743e-07 2.21215e-07
ifrd11*8 1.42707e-07 1.61743e-07 1.34809e-07
//obcd11*8 2.09249e-07 1.61743e-07 1.84535e-07
//ibcd11*8 1.6061e-07 1.61743e-07 2.00461e-07
//ofcd11*8 1.75626e-07 1.61743e-07 1.87883e-07
//ifcd11*8 1.54764e-07 1.61743e-07 1.98779e-07
obcd11*8 1.58623e-07 1.61743e-07 1.39963e-07
ibcd11*8 1.59715e-07 2.42615e-07 1.20682e-07
ofcd11*8 1.52739e-07 2.42615e-07 1.97228e-07
ifcd11*8 1.49724e-07 1.61743e-07 1.87168e-07
ok8hx13o11x8e00*2 2.10806e-07 6.67299e-06 1.86407e-07
ik8hx13o11x8e00*2 1.90359e-07 5.59815e-06 2.10474e-07
obrd10x8x12v3 2.18999e-07 3.28317e-07 2.04589e-07
ibrd10x8x12v3 1.98434e-07 3.28317e-07 1.85323e-07
ofrd10x8x12v3 2.15598e-07 3.28317e-07 1.82105e-07
ifrd10x8x12v3 1.99316e-07 3.28317e-07 1.84665e-07
//obcd10x8x12v3 2.07399e-07 3.28317e-07 2.17465e-07
//ibcd10x8x12v3 2.06937e-07 3.28317e-07 2.32668e-07
//ofcd10x8x12v3 2.16381e-07 3.28317e-07 1.69702e-07
//ifcd10x8x12v3 2.42539e-07 3.28317e-07 2.37739e-07
obcd10x8x12v3 2.26527e-07 3.28317e-07 2.23227e-07
ibcd10x8x12v3 1.93422e-07 3.28317e-07 2.373e-07
ofcd10x8x12v3 2.00222e-07 3.28317e-07 1.79268e-07
ifcd10x8x12v3 1.92448e-07 3.28317e-07 2.35942e-07
okd13hx6o10x18e10x9o11v3 2.72832e-07 1.06202e-05 2.69085e-07
ikd13hx6o10x18e10x9o11v3 1.84802e-07 1.45193e-05 2.7392e-07
obrd10x6x11*13 1.70376e-07 3.99772e-07 2.09428e-07
ibrd10x6x11*13 1.9595e-07 3.99772e-07 2.04069e-07
ofrd10x6x11*13 1.82687e-07 3.19818e-07 2.30963e-07
ifrd10x6x11*13 1.88789e-07 3.19818e-07 1.96616e-07
//obcd10x6x11*13 2.18695e-07 3.19818e-07 2.12728e-07
//ibcd10x6x11*13 1.97773e-07 3.19818e-07 2.04264e-07
//ofcd10x6x11*13 2.22673e-07 3.19818e-07 2.08604e-07
//ifcd10x6x11*13 2.0933e-07 3.19818e-07 1.97144e-07
obcd10x6x11*13 1.97247e-07 3.19818e-07 2.52264e-07
ibcd10x6x11*13 1.9992e-07 3.99772e-07 2.09626e-07
ofcd10x6x11*13 2.16122e-07 3.99772e-07 2.22895e-07
ifcd10x6x11*13 1.90117e-07 3.99772e-07 2.00802e-07
Executing "/usr/lib/fftw/ptest/fftwf/benchf --verbose=1   --verify 'obc4x8*21' --verify 'ibc4x8*21' --verify 'ofc4x8*21' --verify 'ifc4x8*21' --verify 'ok330e11' --verify 'ik330e11' --verify 'obr9x13x8v13' --verify 'ibr9x13x8v13' --verify 'ofr9x13x8v13' --verify 'ifr9x13x8v13' --verify '//obc9x13x8v13' --verify '//ibc9x13x8v13' --verify '//ofc9x13x8v13' --verify '//ifc9x13x8v13' --verify 'obc9x13x8v13' --verify 'ibc9x13x8v13' --verify 'ofc9x13x8v13' --verify 'ifc9x13x8v13' --verify 'okd8b*13' --verify 'ikd8b*13' --verify 'obr6x11x3v7' --verify 'ibr6x11x3v7' --verify 'ofr6x11x3v7' --verify 'ifr6x11x3v7' --verify '//obc6x11x3v7' --verify '//ibc6x11x3v7' --verify '//ofc6x11x3v7' --verify '//ifc6x11x3v7' --verify 'obc6x11x3v7' --verify 'ibc6x11x3v7' --verify 'ofc6x11x3v7' --verify 'ifc6x11x3v7' --verify 'ok8e00x7o10x11e10x6b*1' --verify 'ik8e00x7o10x11e10x6b*1' --verify 'obrd35*53' --verify 'ibrd35*53' --verify 'ofrd35*53' --verify 'ifrd35*53' --verify '//obcd35*53' --verify '//ibcd35*53' --verify '//ofcd35*53' --verify '//ifcd35*53' --verify 'obcd35*53' --verify 'ibcd35*53'"
obc4x8*21 1.41295e-07 2.64923e-07 1.32149e-07
ibc4x8*21 1.48431e-07 2.64923e-07 1.94049e-07
ofc4x8*21 1.52008e-07 1.76615e-07 1.88262e-07
ifc4x8*21 1.91021e-07 2.64923e-07 1.56962e-07
ok330e11 2.25259e-07 2.14577e-06 1.82286e-07
ik330e11 2.34297e-07 2.26498e-06 2.14262e-07
obr9x13x8v13 1.9526e-07 3.35697e-07 1.9092e-07
ibr9x13x8v13 1.87336e-07 3.35697e-07 1.90045e-07
ofr9x13x8v13 2.10776e-07 2.68557e-07 1.94588e-07
ifr9x13x8v13 2.24428e-07 3.35697e-07 2.22637e-07
//obc9x13x8v13 1.97423e-07 4.02836e-07 2.22566e-07
//ibc9x13x8v13 1.85171e-07 3.35697e-07 2.26895e-07
//ofc9x13x8v13 1.93711e-07 4.02836e-07 2.17586e-07
//ifc9x13x8v13 2.31929e-07 3.35697e-07 2.16739e-07
obc9x13x8v13 2.15014e-07 3.35697e-07 2.2825e-07
ibc9x13x8v13 2.16666e-07 3.35697e-07 2.20495e-07
ofc9x13x8v13 2.36162e-07 3.35697e-07 2.19291e-07
ifc9x13x8v13 2.31014e-07 4.02836e-07 2.21106e-07
okd8b*13 1.91501e-07 2.56758e-07 6.75343e-08
ikd8b*13 1.13731e-07 3.6909e-07 9.90552e-08
obr6x11x3v7 1.67309e-07 3.09827e-07 1.82204e-07
ibr6x11x3v7 1.71952e-07 3.09827e-07 2.20121e-07
ofr6x11x3v7 2.2777e-07 3.09827e-07 1.78316e-07
ifr6x11x3v7 1.82921e-07 2.3237e-07 1.98006e-07
//obc6x11x3v7 1.74256e-07 3.09827e-07 2.01582e-07
//ibc6x11x3v7 1.76584e-07 3.09827e-07 1.88369e-07
//ofc6x11x3v7 1.86533e-07 3.09827e-07 1.83035e-07
//ifc6x11x3v7 2.27982e-07 3.09827e-07 2.14924e-07
obc6x11x3v7 1.71505e-07 3.09827e-07 2.21255e-07
ibc6x11x3v7 1.82709e-07 2.3237e-07 2.01468e-07
ofc6x11x3v7 2.01966e-07 3.09827e-07 2.04122e-07
ifc6x11x3v7 1.82261e-07 3.09827e-07 2.11714e-07
ok8e00x7o10x11e10x6b*1 2.14512e-07 2.40505e-05 1.97494e-07
ik8e00x7o10x11e10x6b*1 1.82646e-07 2.19345e-05 2.1468e-07
obrd35*53 1.65183e-07 3.28484e-07 1.88854e-07
ibrd35*53 1.55481e-07 2.46363e-07 1.83905e-07
ofrd35*53 2.01673e-07 1.64242e-07 1.47046e-07
ifrd35*53 1.67216e-07 1.64242e-07 1.29673e-07
//obcd35*53 2.43108e-07 2.46363e-07 1.71984e-07
//ibcd35*53 1.73326e-07 2.46363e-07 1.71368e-07
//ofcd35*53 1.65653e-07 2.46363e-07 1.68285e-07
//ifcd35*53 1.8926e-07 2.46363e-07 1.54652e-07
obcd35*53 1.74921e-07 2.46363e-07 2.40072e-07
ibcd35*53 2.03006e-07 2.46363e-07 1.64048e-07
Executing "/usr/lib/fftw/ptest/fftwf/benchf --verbose=1   --verify 'ofcd10x8x5x12' --verify 'ifcd10x8x5x12' --verify 'ok7bx11o11x8e10x12e11v1' --verify 'ik7bx11o11x8e10x12e11v1' --verify 'obr4x9v29' --verify 'ibr4x9v29' --verify 'ofr4x9v29' --verify 'ifr4x9v29' --verify '//obc4x9v29' --verify '//ibc4x9v29' --verify '//ofc4x9v29' --verify '//ifc4x9v29' --verify 'obc4x9v29' --verify 'ibc4x9v29' --verify 'ofc4x9v29' --verify 'ifc4x9v29' --verify 'ok13e00x6e10x3bx24e00' --verify 'ik13e00x6e10x3bx24e00' --verify '//obrd2106' --verify '//ibrd2106' --verify '//ofrd2106' --verify '//ifrd2106' --verify 'obrd2106' --verify 'ibrd2106' --verify 'ofrd2106' --verify 'ifrd2106' --verify '//obcd2106' --verify '//ibcd2106' --verify '//ofcd2106' --verify '//ifcd2106' --verify 'obcd2106' --verify 'ibcd2106' --verify 'ofcd2106' --verify 'ifcd2106' --verify 'okd10e01x4o11x8o01x8b*1' --verify 'ikd10e01x4o11x8o01x8b*1' --verify 'obr4x8*21' --verify 'ibr4x8*21' --verify 'ofr4x8*21' --verify 'ifr4x8*21' --verify '//obc4x8*21' --verify '//ibc4x8*21' --verify '//ofc4x8*21' --verify '//ifc4x8*21'"
ofcd10x8x5x12 2.09336e-07 5.50604e-07 2.25542e-07
ifcd10x8x5x12 2.31136e-07 6.60725e-07 2.06633e-07
ok7bx11o11x8e10x12e11v1 2.62551e-07 1.21567e-05 2.80459e-07
ik7bx11o11x8e10x12e11v1 2.36642e-07 1.26956e-05 2.35678e-07
obr4x9v29 1.70563e-07 2.4664e-07 2.23132e-07
ibr4x9v29 1.67679e-07 2.4664e-07 1.41997e-07
ofr4x9v29 1.50099e-07 1.64427e-07 1.2293e-07
ifr4x9v29 1.60739e-07 1.64427e-07 1.26067e-07
//obc4x9v29 1.98512e-07 2.4664e-07 1.76185e-07
//ibc4x9v29 1.75014e-07 2.4664e-07 1.71361e-07
//ofc4x9v29 1.93614e-07 2.4664e-07 1.67491e-07
//ifc4x9v29 1.99366e-07 2.4664e-07 1.75752e-07
obc4x9v29 1.87789e-07 2.4664e-07 1.88042e-07
ibc4x9v29 1.93591e-07 2.4664e-07 1.6602e-07
ofc4x9v29 2.20886e-07 2.4664e-07 1.68503e-07
ifc4x9v29 1.55157e-07 3.28853e-07 1.63136e-07
ok13e00x6e10x3bx24e00 2.5243e-07 4.65512e-05 2.28168e-07
ik13e00x6e10x3bx24e00 1.71444e-07 3.1054e-05 2.43539e-07
//obrd2106 2.34329e-07 4.98749e-07 2.39587e-07
//ibrd2106 2.55234e-07 5.81874e-07 2.51557e-07
//ofrd2106 2.08944e-07 3.32499e-07 1.23405e-07
//ifrd2106 2.21541e-07 4.15624e-07 2.40895e-07
obrd2106 2.69846e-07 4.98749e-07 2.26496e-07
ibrd2106 2.39854e-07 4.98749e-07 2.44575e-07
ofrd2106 2.80684e-07 4.15624e-07 1.91683e-07
ifrd2106 2.41856e-07 3.32499e-07 2.38023e-07
//obcd2106 2.29724e-07 4.15624e-07 2.41834e-07
//ibcd2106 2.08473e-07 4.15624e-07 2.1932e-07
//ofcd2106 2.20498e-07 4.15624e-07 2.52684e-07
//ifcd2106 2.3525e-07 4.15624e-07 2.55749e-07
obcd2106 2.50312e-07 4.15624e-07 2.49502e-07
ibcd2106 2.14657e-07 4.15624e-07 2.74642e-07
ofcd2106 2.4872e-07 4.98749e-07 2.31167e-07
ifcd2106 2.09787e-07 4.15624e-07 2.61074e-07
okd10e01x4o11x8o01x8b*1 2.11996e-07 1.22222e-05 2.20898e-07
ikd10e01x4o11x8o01x8b*1 2.27851e-07 1.11688e-05 2.85243e-07
obr4x8*21 1.44441e-07 2.64923e-07 1.16574e-07
ibr4x8*21 1.45855e-07 2.64923e-07 1.23527e-07
ofr4x8*21 2.04552e-07 1.76615e-07 9.44092e-08
ifr4x8*21 1.96121e-07 1.76615e-07 1.31039e-07
//obc4x8*21 1.71749e-07 1.76615e-07 1.75063e-07
//ibc4x8*21 2.09715e-07 1.76615e-07 1.68344e-07
//ofc4x8*21 2.00868e-07 2.64923e-07 1.38521e-07
//ifc4x8*21 1.53269e-07 2.64923e-07 1.87371e-07
Executing "/usr/lib/fftw/ptest/fftwf/benchf --verbose=1   --verify '//obrd4032' --verify '//ibrd4032' --verify '//ofrd4032' --verify '//ifrd4032' --verify 'obrd4032' --verify 'ibrd4032' --verify 'ofrd4032' --verify 'ifrd4032' --verify '//obcd4032' --verify '//ibcd4032' --verify '//ofcd4032' --verify '//ifcd4032' --verify 'obcd4032' --verify 'ibcd4032' --verify 'ofcd4032' --verify 'ifcd4032' --verify 'okd4500e10' --verify 'ikd4500e10' --verify 'obrd6x11x5v7' --verify 'ibrd6x11x5v7' --verify 'ofrd6x11x5v7' --verify 'ifrd6x11x5v7' --verify '//obcd6x11x5v7' --verify '//ibcd6x11x5v7' --verify '//ofcd6x11x5v7' --verify '//ifcd6x11x5v7' --verify 'obcd6x11x5v7' --verify 'ibcd6x11x5v7' --verify 'ofcd6x11x5v7' --verify 'ifcd6x11x5v7' --verify 'okd2o11x20o01x4hx8o11' --verify 'ikd2o11x20o01x4hx8o11' --verify '//obrd10x8x5x12' --verify '//ofrd10x8x5x12' --verify 'obrd10x8x5x12' --verify 'ibrd10x8x5x12' --verify 'ofrd10x8x5x12' --verify 'ifrd10x8x5x12' --verify '//obcd10x8x5x12' --verify '//ibcd10x8x5x12' --verify '//ofcd10x8x5x12' --verify '//ifcd10x8x5x12' --verify 'obcd10x8x5x12' --verify 'ibcd10x8x5x12'"
//obrd4032 2.36782e-07 6.60835e-07 2.06166e-07
//ibrd4032 2.47075e-07 6.00759e-07 2.15673e-07
//ofrd4032 2.33721e-07 5.40683e-07 2.49303e-07
//ifrd4032 2.21857e-07 5.40683e-07 1.7141e-07
obrd4032 2.183e-07 7.20911e-07 2.15868e-07
ibrd4032 1.9784e-07 6.60835e-07 2.59395e-07
ofrd4032 2.38002e-07 6.00759e-07 2.24379e-07
ifrd4032 2.10462e-07 5.40683e-07 1.97457e-07
//obcd4032 2.21582e-07 6.00759e-07 2.36817e-07
//ibcd4032 2.06069e-07 6.00759e-07 2.25571e-07
//ofcd4032 2.47552e-07 6.00759e-07 2.11955e-07
//ifcd4032 2.15213e-07 5.40683e-07 2.07496e-07
obcd4032 2.39448e-07 5.40683e-07 2.42595e-07
ibcd4032 2.29644e-07 6.00759e-07 2.40372e-07
ofcd4032 2.16917e-07 7.20911e-07 2.21496e-07
ifcd4032 2.14465e-07 4.80607e-07 2.36389e-07
okd4500e10 2.20636e-07 1.12653e-05 2.30773e-07
ikd4500e10 2.70379e-07 1.19209e-05 1.93201e-07
obrd6x11x5v7 2.06566e-07 3.59987e-07 1.70325e-07
ibrd6x11x5v7 2.23208e-07 3.59987e-07 1.61003e-07
ofrd6x11x5v7 2.39322e-07 2.99989e-07 2.14941e-07
ifrd6x11x5v7 2.58345e-07 3.59987e-07 1.97176e-07
//obcd6x11x5v7 1.85678e-07 3.59987e-07 2.02512e-07
//ibcd6x11x5v7 1.6572e-07 4.19984e-07 2.13759e-07
//ofcd6x11x5v7 1.95046e-07 4.79982e-07 2.13412e-07
//ifcd6x11x5v7 2.03063e-07 4.19984e-07 2.00679e-07
obcd6x11x5v7 2.04602e-07 3.59987e-07 2.05893e-07
ibcd6x11x5v7 2.00325e-07 3.59987e-07 2.19608e-07
ofcd6x11x5v7 1.72191e-07 2.99989e-07 2.10154e-07
ifcd6x11x5v7 1.67373e-07 3.59987e-07 2.12758e-07
okd2o11x20o01x4hx8o11 2.43379e-07 3.77164e-06 2.35185e-07
ikd2o11x20o01x4hx8o11 2.17762e-07 4.35689e-06 2.48805e-07
//obrd10x8x5x12 1.8272e-07 6.60725e-07 2.01074e-07
//ofrd10x8x5x12 1.80263e-07 6.60725e-07 1.94786e-07
obrd10x8x5x12 2.58079e-07 5.50604e-07 2.2097e-07
ibrd10x8x5x12 2.15955e-07 6.60725e-07 1.79733e-07
ofrd10x8x5x12 2.201e-07 6.60725e-07 2.17487e-07
ifrd10x8x5x12 2.79225e-07 5.50604e-07 1.99951e-07
//obcd10x8x5x12 2.25628e-07 5.50604e-07 2.0814e-07
//ibcd10x8x5x12 1.92001e-07 5.50604e-07 2.37644e-07
//ofcd10x8x5x12 2.07816e-07 6.60725e-07 2.09881e-07
//ifcd10x8x5x12 2.13071e-07 7.70846e-07 2.13663e-07
obcd10x8x5x12 2.02156e-07 6.60725e-07 2.45253e-07
ibcd10x8x5x12 2.2085e-07 5.50604e-07 2.051e-07
Executing "/usr/lib/fftw/ptest/fftwf/benchf --verbose=1   --verify 'ok5e10x5o10x8o01*14' --verify 'ik5e10x5o10x8o01*14' --verify 'obr5x20x5v6' --verify 'ibr5x20x5v6' --verify 'ofr5x20x5v6' --verify 'ifr5x20x5v6' --verify '//obc5x20x5v6' --verify '//ibc5x20x5v6' --verify '//ofc5x20x5v6' --verify '//ifc5x20x5v6' --verify 'obc5x20x5v6' --verify 'ibc5x20x5v6' --verify 'ofc5x20x5v6' --verify 'ifc5x20x5v6' --verify 'ok28e10*25' --verify 'ik28e10*25' --verify 'obr2x11x9x12v2' --verify 'ibr2x11x9x12v2' --verify 'ofr2x11x9x12v2' --verify 'ifr2x11x9x12v2' --verify '//obc2x11x9x12v2' --verify '//ibc2x11x9x12v2' --verify '//ofc2x11x9x12v2' --verify '//ifc2x11x9x12v2' --verify 'obc2x11x9x12v2' --verify 'ibc2x11x9x12v2' --verify 'ofc2x11x9x12v2' --verify 'ifc2x11x9x12v2' --verify 'okd12bx5o10x6e11' --verify 'ikd12bx5o10x6e11' --verify 'obrd8x13x10*1' --verify 'ibrd8x13x10*1' --verify 'ofrd8x13x10*1' --verify 'ifrd8x13x10*1' --verify '//obcd8x13x10*1' --verify '//ibcd8x13x10*1' --verify '//ofcd8x13x10*1' --verify '//ifcd8x13x10*1' --verify 'obcd8x13x10*1' --verify 'ibcd8x13x10*1' --verify 'ofcd8x13x10*1' --verify 'ifcd8x13x10*1' --verify 'ok4e10x9o00x11e00*4' --verify 'ik4e10x9o00x11e00*4'"
ok5e10x5o10x8o01*14 1.87926e-07 7.81359e-07 1.83402e-07
ik5e10x5o10x8o01*14 2.32708e-07 9.76699e-07 2.55576e-07
obr5x20x5v6 2.07105e-07 2.98547e-07 1.89325e-07
ibr5x20x5v6 1.95665e-07 3.98063e-07 1.99798e-07
ofr5x20x5v6 2.03539e-07 2.98547e-07 1.76905e-07
ifr5x20x5v6 2.11098e-07 3.48305e-07 1.95507e-07
//obc5x20x5v6 2.34418e-07 2.98547e-07 2.50247e-07
//ibc5x20x5v6 1.97022e-07 2.98547e-07 1.94995e-07
//ofc5x20x5v6 1.88605e-07 3.48305e-07 1.92585e-07
//ifc5x20x5v6 2.27389e-07 3.98063e-07 1.85275e-07
obc5x20x5v6 2.43526e-07 3.98063e-07 2.3933e-07
ibc5x20x5v6 2.0144e-07 2.98547e-07 1.73901e-07
ofc5x20x5v6 2.29801e-07 2.98547e-07 1.80601e-07
ifc5x20x5v6 1.9025e-07 2.98547e-07 2.00173e-07
ok28e10*25 1.68825e-07 5.26905e-07 1.61781e-07
ik28e10*25 1.39467e-07 4.4167e-07 1.60168e-07
obr2x11x9x12v2 2.46463e-07 4.69557e-07 2.18106e-07
ibr2x11x9x12v2 2.17605e-07 4.69557e-07 2.16722e-07
ofr2x11x9x12v2 2.27878e-07 4.69557e-07 2.1064e-07
ifr2x11x9x12v2 1.74642e-07 4.69557e-07 2.14312e-07
//obc2x11x9x12v2 2.22312e-07 5.86946e-07 2.37736e-07
//ibc2x11x9x12v2 1.97975e-07 4.69557e-07 2.20014e-07
//ofc2x11x9x12v2 2.47384e-07 4.69557e-07 2.21694e-07
//ifc2x11x9x12v2 2.34474e-07 5.86946e-07 2.80704e-07
obc2x11x9x12v2 2.02418e-07 4.69557e-07 2.20193e-07
ibc2x11x9x12v2 2.19288e-07 5.86946e-07 2.04701e-07
ofc2x11x9x12v2 2.36545e-07 4.69557e-07 2.28045e-07
ifc2x11x9x12v2 2.28543e-07 4.69557e-07 2.13296e-07
okd12bx5o10x6e11 1.76375e-07 3.24642e-06 2.61037e-07
ikd12bx5o10x6e11 2.17908e-07 3.42678e-06 2.18264e-07
obrd8x13x10*1 2.25344e-07 4.73155e-07 1.94903e-07
ibrd8x13x10*1 1.93329e-07 4.73155e-07 2.09727e-07
ofrd8x13x10*1 2.75435e-07 4.73155e-07 2.02824e-07
ifrd8x13x10*1 2.3167e-07 4.73155e-07 2.0834e-07
//obcd8x13x10*1 1.96185e-07 4.73155e-07 2.00548e-07
//ibcd8x13x10*1 2.16927e-07 4.73155e-07 2.40398e-07
//ofcd8x13x10*1 2.15898e-07 4.73155e-07 2.29157e-07
//ifcd8x13x10*1 2.4083e-07 4.73155e-07 2.19424e-07
obcd8x13x10*1 1.69527e-07 4.73155e-07 2.39931e-07
ibcd8x13x10*1 2.15787e-07 4.73155e-07 2.10974e-07
ofcd8x13x10*1 2.28189e-07 4.73155e-07 2.36164e-07
ifcd8x13x10*1 1.89399e-07 4.73155e-07 2.17231e-07
ok4e10x9o00x11e00*4 1.91304e-07 3.01749e-06 2.20181e-07
ik4e10x9o00x11e00*4 1.92946e-07 3.14787e-06 1.97392e-07
Executing "/usr/lib/fftw/ptest/fftwf/benchf --verbose=1   --verify 'ok10e10x4e00x13o00v6' --verify 'ik10e10x4e00x13o00v6' --verify 'obr8x9x6x13v3' --verify 'ibr8x9x6x13v3' --verify 'ofr8x9x6x13v3' --verify 'ifr8x9x6x13v3' --verify '//obc8x9x6x13v3' --verify '//ibc8x9x6x13v3' --verify '//ofc8x9x6x13v3' --verify '//ifc8x9x6x13v3' --verify 'obc8x9x6x13v3' --verify 'ibc8x9x6x13v3' --verify 'ofc8x9x6x13v3' --verify 'ifc8x9x6x13v3' --verify 'okd26e11x24e00*9' --verify 'ikd26e11x24e00*9' --verify 'obrd2x5x7*13' --verify 'ibrd2x5x7*13' --verify 'ofrd2x5x7*13' --verify 'ifrd2x5x7*13' --verify '//obcd2x5x7*13' --verify '//ibcd2x5x7*13' --verify '//ofcd2x5x7*13' --verify '//ifcd2x5x7*13' --verify 'obcd2x5x7*13' --verify 'ibcd2x5x7*13' --verify 'ofcd2x5x7*13' --verify 'ifcd2x5x7*13' --verify 'ok24o10x3e10v6' --verify 'ik24o10x3e10v6' --verify '//obrd9x10x10x3' --verify '//ofrd9x10x10x3' --verify 'obrd9x10x10x3' --verify 'ibrd9x10x10x3' --verify 'ofrd9x10x10x3' --verify 'ifrd9x10x10x3' --verify '//obcd9x10x10x3' --verify '//ibcd9x10x10x3' --verify '//ofcd9x10x10x3' --verify '//ifcd9x10x10x3' --verify 'obcd9x10x10x3' --verify 'ibcd9x10x10x3' --verify 'ofcd9x10x10x3' --verify 'ifcd9x10x10x3'"
ok10e10x4e00x13o00v6 2.10516e-07 3.26832e-06 1.92138e-07
ik10e10x4e00x13o00v6 2.1718e-07 2.36432e-06 1.84836e-07
obr8x9x6x13v3 2.12089e-07 6.10841e-07 2.57476e-07
ibr8x9x6x13v3 2.44674e-07 5.42969e-07 2.62929e-07
ofr8x9x6x13v3 2.09094e-07 5.42969e-07 1.99129e-07
ifr8x9x6x13v3 2.12435e-07 6.10841e-07 1.9394e-07
//obc8x9x6x13v3 1.99789e-07 6.10841e-07 2.49178e-07
//ibc8x9x6x13v3 2.10325e-07 6.10841e-07 2.09405e-07
//ofc8x9x6x13v3 2.13815e-07 5.42969e-07 2.16681e-07
//ifc8x9x6x13v3 1.95433e-07 5.42969e-07 2.20734e-07
obc8x9x6x13v3 2.39023e-07 4.75098e-07 2.19824e-07
ibc8x9x6x13v3 2.25576e-07 6.10841e-07 2.29682e-07
ofc8x9x6x13v3 2.05366e-07 6.10841e-07 2.12088e-07
ifc8x9x6x13v3 2.30317e-07 6.10841e-07 2.55086e-07
okd26e11x24e00*9 2.25095e-07 4.10797e-06 2.20169e-07
ikd26e11x24e00*9 2.24077e-07 3.57791e-06 2.71196e-07
obrd2x5x7*13 1.77034e-07 2.45508e-07 1.57328e-07
ibrd2x5x7*13 2.11424e-07 2.45508e-07 1.86234e-07
ofrd2x5x7*13 1.67095e-07 2.45508e-07 1.70594e-07
ifrd2x5x7*13 1.95206e-07 1.84131e-07 1.8758e-07
//obcd2x5x7*13 1.89243e-07 2.45508e-07 1.90617e-07
//ibcd2x5x7*13 1.76052e-07 2.45508e-07 1.8404e-07
//ofcd2x5x7*13 1.82686e-07 2.45508e-07 1.88543e-07
//ifcd2x5x7*13 1.94998e-07 2.45508e-07 1.81361e-07
obcd2x5x7*13 2.24102e-07 3.06885e-07 1.80385e-07
ibcd2x5x7*13 1.62406e-07 3.06885e-07 2.16027e-07
ofcd2x5x7*13 1.89314e-07 3.06885e-07 1.93501e-07
ifcd2x5x7*13 1.76034e-07 3.06885e-07 2.25325e-07
ok24o10x3e10v6 2.11629e-07 5.5631e-07 1.68117e-07
ik24o10x3e10v6 2.02697e-07 7.99696e-07 1.59009e-07
//obrd9x10x10x3 1.99161e-07 5.87311e-07 2.20295e-07
//ofrd9x10x10x3 2.51471e-07 5.87311e-07 2.09398e-07
obrd9x10x10x3 2.28136e-07 5.87311e-07 2.14083e-07
ibrd9x10x10x3 2.26337e-07 5.13897e-07 2.20884e-07
ofrd9x10x10x3 3.23379e-07 5.87311e-07 2.39751e-07
ifrd9x10x10x3 2.22898e-07 5.13897e-07 2.19476e-07
//obcd9x10x10x3 2.08762e-07 5.87311e-07 2.68616e-07
//ibcd9x10x10x3 1.98383e-07 5.13897e-07 2.21922e-07
//ofcd9x10x10x3 1.90867e-07 5.87311e-07 2.2483e-07
//ifcd9x10x10x3 1.94867e-07 4.40483e-07 2.46215e-07
obcd9x10x10x3 2.10992e-07 4.40483e-07 2.14199e-07
ibcd9x10x10x3 2.27932e-07 4.40483e-07 2.15556e-07
ofcd9x10x10x3 1.99055e-07 5.13897e-07 2.23431e-07
ifcd9x10x10x3 2.32534e-07 5.13897e-07 2.74177e-07
Executing "/usr/lib/fftw/ptest/fftwf/benchf --verbose=1   --verify '//obr16x13x5' --verify '//ofr16x13x5' --verify 'obr16x13x5' --verify 'ibr16x13x5' --verify 'ofr16x13x5' --verify 'ifr16x13x5' --verify '//obc16x13x5' --verify '//ibc16x13x5' --verify '//ofc16x13x5' --verify '//ifc16x13x5' --verify 'obc16x13x5' --verify 'ibc16x13x5' --verify 'ofc16x13x5' --verify 'ifc16x13x5' --verify 'okd3o11x3hx11e11x5e00v5' --verify 'ikd3o11x3hx11e11x5e00v5' --verify '//obr6x10x11x12' --verify '//ofr6x10x11x12' --verify 'obr6x10x11x12' --verify 'ibr6x10x11x12' --verify 'ofr6x10x11x12' --verify 'ifr6x10x11x12' --verify '//obc6x10x11x12' --verify '//ibc6x10x11x12' --verify '//ofc6x10x11x12' --verify '//ifc6x10x11x12' --verify 'obc6x10x11x12' --verify 'ibc6x10x11x12' --verify 'ofc6x10x11x12' --verify 'ifc6x10x11x12' --verify 'okd44o10x7e01' --verify 'ikd44o10x7e01' --verify 'obrd5*24' --verify 'ibrd5*24' --verify 'ofrd5*24' --verify 'ifrd5*24' --verify '//obcd5*24' --verify '//ibcd5*24' --verify '//ofcd5*24' --verify '//ifcd5*24' --verify 'obcd5*24' --verify 'ibcd5*24' --verify 'ofcd5*24' --verify 'ifcd5*24'"
//obr16x13x5 2.15394e-07 4.73155e-07 2.04028e-07
//ofr16x13x5 2.13826e-07 3.54866e-07 2.01093e-07
obr16x13x5 2.16531e-07 4.73155e-07 1.9047e-07
ibr16x13x5 1.86851e-07 4.73155e-07 1.99091e-07
ofr16x13x5 2.07759e-07 4.73155e-07 1.87889e-07
ifr16x13x5 2.05083e-07 4.73155e-07 1.9813e-07
//obc16x13x5 2.65574e-07 4.73155e-07 2.03774e-07
//ibc16x13x5 2.45787e-07 4.73155e-07 2.60866e-07
//ofc16x13x5 2.19085e-07 4.73155e-07 2.14426e-07
//ifc16x13x5 2.16911e-07 4.73155e-07 2.23297e-07
obc16x13x5 2.31349e-07 4.73155e-07 2.41829e-07
ibc16x13x5 2.01502e-07 4.73155e-07 2.05933e-07
ofc16x13x5 2.26381e-07 4.73155e-07 2.37914e-07
ifc16x13x5 2.06181e-07 4.73155e-07 2.09393e-07
okd3o11x3hx11e11x5e00v5 2.26905e-07 3.61446e-06 2.09531e-07
ikd3o11x3hx11e11x5e00v5 1.89555e-07 3.70725e-06 2.32998e-07
//obr6x10x11x12 2.36687e-07 5.14374e-07 2.31943e-07
//ofr6x10x11x12 2.18884e-07 4.28645e-07 2.0504e-07
obr6x10x11x12 1.94721e-07 5.14374e-07 2.38016e-07
ibr6x10x11x12 2.3676e-07 5.14374e-07 2.27295e-07
ofr6x10x11x12 2.33539e-07 4.28645e-07 2.22279e-07
ifr6x10x11x12 2.10638e-07 5.14374e-07 2.00338e-07
//obc6x10x11x12 2.53668e-07 5.14374e-07 2.29059e-07
//ibc6x10x11x12 2.01168e-07 5.14374e-07 2.11217e-07
//ofc6x10x11x12 1.97332e-07 4.28645e-07 2.32248e-07
//ifc6x10x11x12 2.15287e-07 5.14374e-07 2.33103e-07
obc6x10x11x12 2.1045e-07 5.14374e-07 2.26353e-07
ibc6x10x11x12 2.20008e-07 5.14374e-07 2.27507e-07
ofc6x10x11x12 1.99193e-07 6.00103e-07 2.39827e-07
ifc6x10x11x12 2.43093e-07 5.14374e-07 2.31119e-07
okd44o10x7e01 1.78307e-07 3.8147e-06 2.42745e-07
ikd44o10x7e01 1.68895e-07 2.72691e-06 2.48511e-07
obrd5*24 1.68225e-07 1.666e-07 1.24879e-07
ibrd5*24 1.7757e-07 2.22133e-07 1.26519e-07
ofrd5*24 1.71986e-07 1.11067e-07 9.78994e-08
ifrd5*24 1.04465e-07 1.11067e-07 1.05179e-07
//obcd5*24 1.46186e-07 1.11067e-07 1.46051e-07
//ibcd5*24 1.10801e-07 1.666e-07 1.45546e-07
//ofcd5*24 1.6449e-07 1.11067e-07 1.45302e-07
//ifcd5*24 1.45957e-07 1.11067e-07 1.57677e-07
obcd5*24 1.37086e-07 1.11067e-07 1.61205e-07
ibcd5*24 1.70938e-07 1.666e-07 1.49623e-07
ofcd5*24 1.51067e-07 1.666e-07 1.51205e-07
ifcd5*24 1.71959e-07 1.666e-07 1.55506e-07
Executing "/usr/lib/fftw/ptest/fftwf/benchf --verbose=1   --verify 'ok30o10x48e00' --verify 'ik30o10x48e00' --verify 'obrd13x7v16' --verify 'ibrd13x7v16' --verify 'ofrd13x7v16' --verify 'ifrd13x7v16' --verify '//obcd13x7v16' --verify '//ibcd13x7v16' --verify '//ofcd13x7v16' --verify '//ifcd13x7v16' --verify 'obcd13x7v16' --verify 'ibcd13x7v16' --verify 'ofcd13x7v16' --verify 'ifcd13x7v16' --verify 'okd8e01x13e10x2o11x7h*9' --verify 'ikd8e01x13e10x2o11x7h*9' --verify 'obrd6x8x9x10v5' --verify 'ibrd6x8x9x10v5' --verify 'ofrd6x8x9x10v5' --verify 'ifrd6x8x9x10v5' --verify '//obcd6x8x9x10v5' --verify '//ibcd6x8x9x10v5' --verify '//ofcd6x8x9x10v5' --verify '//ifcd6x8x9x10v5' --verify 'obcd6x8x9x10v5' --verify 'ibcd6x8x9x10v5' --verify 'ofcd6x8x9x10v5' --verify 'ifcd6x8x9x10v5' --verify 'ok7o01x5o01v8' --verify 'ik7o01x5o01v8' --verify 'obrd11x7x9v2' --verify 'ibrd11x7x9v2' --verify 'ofrd11x7x9v2' --verify 'ifrd11x7x9v2' --verify '//obcd11x7x9v2' --verify '//ibcd11x7x9v2' --verify '//ofcd11x7x9v2' --verify '//ifcd11x7x9v2' --verify 'obcd11x7x9v2' --verify 'ibcd11x7x9v2' --verify 'ofcd11x7x9v2' --verify 'ifcd11x7x9v2' --verify 'ok2o01x11hx7bx3b*4' --verify 'ik2o01x11hx7bx3b*4'"
ok30o10x48e00 2.27003e-07 1.39475e-05 2.19229e-07
ik30o10x48e00 2.83315e-07 7.62939e-06 2.41785e-07
obrd13x7v16 1.9452e-07 2.12441e-07 1.55568e-07
ibrd13x7v16 1.71931e-07 3.18661e-07 2.16301e-07
ofrd13x7v16 2.24728e-07 2.12441e-07 2.21582e-07
ifrd13x7v16 2.00111e-07 3.18661e-07 2.13911e-07
//obcd13x7v16 1.93606e-07 3.18661e-07 1.9378e-07
//ibcd13x7v16 1.73643e-07 3.18661e-07 2.13387e-07
//ofcd13x7v16 1.86977e-07 3.18661e-07 2.10721e-07
//ifcd13x7v16 2.12153e-07 3.18661e-07 2.06417e-07
obcd13x7v16 1.98689e-07 4.24882e-07 2.02662e-07
ibcd13x7v16 2.17689e-07 3.18661e-07 2.08022e-07
ofcd13x7v16 2.29488e-07 3.18661e-07 2.16515e-07
ifcd13x7v16 1.93634e-07 3.18661e-07 2.13971e-07
okd8e01x13e10x2o11x7h*9 2.11102e-07 4.82971e-06 2.25893e-07
ikd8e01x13e10x2o11x7h*9 2.01611e-07 5.30462e-06 2.30642e-07
obrd6x8x9x10v5 1.99251e-07 6.61642e-07 2.13693e-07
ibrd6x8x9x10v5 1.93663e-07 5.57172e-07 2.09398e-07
ofrd6x8x9x10v5 2.12367e-07 5.57172e-07 2.17142e-07
ifrd6x8x9x10v5 2.16301e-07 6.26819e-07 2.18979e-07
//obcd6x8x9x10v5 2.22224e-07 5.57172e-07 2.20967e-07
//ibcd6x8x9x10v5 2.23281e-07 6.61642e-07 1.96402e-07
//ofcd6x8x9x10v5 2.09365e-07 6.26819e-07 2.06003e-07
//ifcd6x8x9x10v5 2.21606e-07 5.57172e-07 2.02816e-07
obcd6x8x9x10v5 2.37639e-07 6.26819e-07 2.08958e-07
ibcd6x8x9x10v5 2.28569e-07 6.26819e-07 2.0223e-07
ofcd6x8x9x10v5 1.86236e-07 5.57172e-07 2.03368e-07
ifcd6x8x9x10v5 2.27082e-07 5.57172e-07 2.1299e-07
ok7o01x5o01v8 2.0079e-07 4.52623e-07 1.66251e-07
ik7o01x5o01v8 1.7331e-07 4.69387e-07 1.72787e-07
obrd11x7x9v2 1.95247e-07 4.34725e-07 1.99002e-07
ibrd11x7x9v2 1.95562e-07 3.26044e-07 2.17628e-07
ofrd11x7x9v2 2.01399e-07 3.26044e-07 2.12749e-07
ifrd11x7x9v2 2.24201e-07 4.34725e-07 2.14878e-07
//obcd11x7x9v2 2.04969e-07 4.34725e-07 2.71152e-07
//ibcd11x7x9v2 2.07767e-07 4.34725e-07 2.30929e-07
//ofcd11x7x9v2 1.75727e-07 4.34725e-07 2.27887e-07
//ifcd11x7x9v2 2.08135e-07 4.34725e-07 2.00613e-07
obcd11x7x9v2 2.27581e-07 4.34725e-07 2.1683e-07
ibcd11x7x9v2 2.02672e-07 3.26044e-07 2.06015e-07
ofcd11x7x9v2 2.31327e-07 4.34725e-07 2.36401e-07
ifcd11x7x9v2 2.24764e-07 5.43406e-07 2.03899e-07
ok2o01x11hx7bx3b*4 2.75398e-07 6.42739e-06 2.08055e-07
ik2o01x11hx7bx3b*4 2.40556e-07 5.13665e-06 2.02975e-07
Executing "/usr/lib/fftw/ptest/fftwf/benchf --verbose=1   --verify 'ofc90*106' --verify 'ifc90*106' --verify 'ok4050e00' --verify 'ik4050e00' --verify 'obr13v228' --verify 'ibr13v228' --verify 'ofr13v228' --verify 'ifr13v228' --verify '//obc13v228' --verify '//ibc13v228' --verify '//ofc13v228' --verify '//ifc13v228' --verify 'obc13v228' --verify 'ibc13v228' --verify 'ofc13v228' --verify 'ifc13v228' --verify 'ok15o01x10o01x3o11x13e11v1' --verify 'ik15o01x10o01x3o11x13e11v1' --verify 'obr3x10x8x8v3' --verify 'ibr3x10x8x8v3' --verify 'ofr3x10x8x8v3' --verify 'ifr3x10x8x8v3' --verify '//obc3x10x8x8v3' --verify '//ibc3x10x8x8v3' --verify '//ofc3x10x8x8v3' --verify '//ifc3x10x8x8v3' --verify 'obc3x10x8x8v3' --verify 'ibc3x10x8x8v3' --verify 'ofc3x10x8x8v3' --verify 'ifc3x10x8x8v3' --verify 'ok5bv12' --verify 'ik5bv12' --verify 'obrd2x6v26' --verify 'ibrd2x6v26' --verify 'ofrd2x6v26' --verify 'ifrd2x6v26' --verify '//obcd2x6v26' --verify '//ibcd2x6v26' --verify '//ofcd2x6v26' --verify '//ifcd2x6v26' --verify 'obcd2x6v26' --verify 'ibcd2x6v26' --verify 'ofcd2x6v26' --verify 'ifcd2x6v26'"
ofc90*106 1.85102e-07 3.04423e-07 1.80413e-07
ifc90*106 1.81066e-07 3.04423e-07 1.84653e-07
ok4050e00 2.51924e-07 1.52588e-05 2.85014e-07
ik4050e00 2.28423e-07 1.52588e-05 2.55909e-07
obr13v228 1.76731e-07 2.65662e-07 1.91202e-07
ibr13v228 1.83229e-07 2.65662e-07 2.07264e-07
ofr13v228 1.95016e-07 1.99246e-07 1.74189e-07
ifr13v228 1.56769e-07 1.99246e-07 1.93992e-07
//obc13v228 1.74261e-07 1.99246e-07 1.96994e-07
//ibc13v228 1.64151e-07 1.99246e-07 1.62849e-07
//ofc13v228 1.92975e-07 1.99246e-07 1.89307e-07
//ifc13v228 1.74936e-07 1.99246e-07 2.04051e-07
obc13v228 2.08255e-07 2.65662e-07 2.04316e-07
ibc13v228 1.89953e-07 1.99246e-07 1.8087e-07
ofc13v228 1.57327e-07 1.99246e-07 1.71336e-07
ifc13v228 1.86182e-07 2.65662e-07 1.90949e-07
ok15o01x10o01x3o11x13e11v1 2.36143e-07 6.82238e-06 2.63116e-07
ik15o01x10o01x3o11x13e11v1 2.94753e-07 6.63461e-06 2.87142e-07
obr3x10x8x8v3 2.04912e-07 4.06271e-07 1.80548e-07
ibr3x10x8x8v3 1.99445e-07 4.6431e-07 1.81664e-07
ofr3x10x8x8v3 2.11655e-07 3.48233e-07 1.91845e-07
ifr3x10x8x8v3 1.90027e-07 4.6431e-07 1.73978e-07
//obc3x10x8x8v3 2.06416e-07 4.6431e-07 1.8242e-07
//ibc3x10x8x8v3 2.3078e-07 4.6431e-07 1.79336e-07
//ofc3x10x8x8v3 1.94154e-07 4.6431e-07 1.99192e-07
//ifc3x10x8x8v3 1.7575e-07 4.6431e-07 1.97247e-07
obc3x10x8x8v3 2.02217e-07 3.48233e-07 1.93593e-07
ibc3x10x8x8v3 2.25519e-07 4.6431e-07 2.3247e-07
ofc3x10x8x8v3 1.98553e-07 4.6431e-07 1.75644e-07
ifc3x10x8x8v3 1.9743e-07 4.6431e-07 1.74538e-07
ok5bv12 1.49307e-07 2.90573e-07 1.18054e-07
ik5bv12 1.32054e-07 2.58287e-07 1.32041e-07
obrd2x6v26 1.44377e-07 2.14418e-07 1.51425e-07
ibrd2x6v26 1.60555e-07 1.42945e-07 1.29826e-07
ofrd2x6v26 1.67105e-07 1.42945e-07 1.02584e-07
ifrd2x6v26 1.47824e-07 1.42945e-07 1.02359e-07
//obcd2x6v26 2.01851e-07 1.42945e-07 1.35256e-07
//ibcd2x6v26 1.60724e-07 1.42945e-07 1.579e-07
//ofcd2x6v26 1.55329e-07 1.42945e-07 1.80154e-07
//ifcd2x6v26 1.97551e-07 1.42945e-07 1.49414e-07
obcd2x6v26 1.79917e-07 2.85891e-07 1.66926e-07
ibcd2x6v26 1.66213e-07 1.42945e-07 1.49975e-07
ofcd2x6v26 1.42186e-07 2.14418e-07 1.55814e-07
ifcd2x6v26 1.7208e-07 1.42945e-07 1.67576e-07
Executing "/usr/lib/fftw/ptest/fftwf/benchf --verbose=1   --verify 'ok4e01x10e10x5o10x12e11' --verify 'ik4e01x10e10x5o10x12e11' --verify '//obrd12x9x12x10' --verify '//ofrd12x9x12x10' --verify 'obrd12x9x12x10' --verify 'ibrd12x9x12x10' --verify 'ofrd12x9x12x10' --verify 'ifrd12x9x12x10' --verify '//obcd12x9x12x10' --verify '//ibcd12x9x12x10' --verify '//ofcd12x9x12x10' --verify '//ifcd12x9x12x10' --verify 'obcd12x9x12x10' --verify 'ibcd12x9x12x10' --verify 'ofcd12x9x12x10' --verify 'ifcd12x9x12x10' --verify 'okd13o11x72o11' --verify 'ikd13o11x72o11' --verify 'obrd4x3*4' --verify 'ibrd4x3*4' --verify 'ofrd4x3*4' --verify 'ifrd4x3*4' --verify '//obcd4x3*4' --verify '//ibcd4x3*4' --verify '//ofcd4x3*4' --verify '//ifcd4x3*4' --verify 'obcd4x3*4' --verify 'ibcd4x3*4' --verify 'ofcd4x3*4' --verify 'ifcd4x3*4' --verify 'okd6o01x11o10x7o11' --verify 'ikd6o01x11o10x7o11' --verify 'obr90*106' --verify 'ibr90*106' --verify 'ofr90*106' --verify 'ifr90*106' --verify '//obc90*106' --verify '//ibc90*106' --verify '//ofc90*106' --verify '//ifc90*106' --verify 'obc90*106' --verify 'ibc90*106'"
ok4e01x10e10x5o10x12e11 2.5535e-07 8.57162e-06 2.68673e-07
ik4e01x10e10x5o10x12e11 2.19808e-07 6.27192e-06 2.52561e-07
//obrd12x9x12x10 2.14065e-07 9.38244e-07 1.88797e-07
//ofrd12x9x12x10 2.21181e-07 8.71226e-07 2.4208e-07
obrd12x9x12x10 1.96743e-07 8.71226e-07 1.90863e-07
ibrd12x9x12x10 2.34822e-07 8.71226e-07 2.07917e-07
ofrd12x9x12x10 2.08782e-07 1.00526e-06 1.99965e-07
ifrd12x9x12x10 2.26556e-07 1.00526e-06 1.80398e-07
//obcd12x9x12x10 2.33371e-07 9.38244e-07 2.34032e-07
//ibcd12x9x12x10 2.34665e-07 1.00526e-06 2.16174e-07
//ofcd12x9x12x10 2.04157e-07 9.38244e-07 2.30073e-07
//ifcd12x9x12x10 2.07414e-07 1.00526e-06 2.28384e-07
obcd12x9x12x10 2.2148e-07 1.00526e-06 2.37833e-07
ibcd12x9x12x10 1.9018e-07 8.71226e-07 2.36414e-07
ofcd12x9x12x10 2.02436e-07 9.38244e-07 2.30625e-07
ifcd12x9x12x10 2.0902e-07 1.00526e-06 2.2813e-07
okd13o11x72o11 2.33412e-07 5.07596e-06 2.19938e-07
ikd13o11x72o11 2.63142e-07 5.31483e-06 2.56645e-07
obrd4x3*4 1.26342e-07 1.72064e-07 1.13587e-07
ibrd4x3*4 1.76261e-07 1.72064e-07 1.34815e-07
ofrd4x3*4 1.66075e-07 1.72064e-07 1.33249e-07
ifrd4x3*4 1.44493e-07 1.72064e-07 1.49537e-07
//obcd4x3*4 1.79775e-07 1.72064e-07 1.66513e-07
//ibcd4x3*4 1.81012e-07 1.72064e-07 1.4935e-07
//ofcd4x3*4 1.69103e-07 1.72064e-07 1.74618e-07
//ifcd4x3*4 2.02627e-07 1.72064e-07 1.60869e-07
obcd4x3*4 1.7867e-07 1.72064e-07 1.91861e-07
ibcd4x3*4 1.62122e-07 1.72064e-07 2.02097e-07
ofcd4x3*4 1.60755e-07 1.72064e-07 1.36562e-07
ifcd4x3*4 1.82375e-07 1.72064e-07 1.75579e-07
okd6o01x11o10x7o11 2.78026e-07 2.23552e-06 2.30111e-07
ikd6o01x11o10x7o11 2.06087e-07 2.91859e-06 2.47208e-07
obr90*106 2.28839e-07 3.04423e-07 1.96131e-07
ibr90*106 2.2466e-07 3.04423e-07 2.08836e-07
ofr90*106 2.77139e-07 3.04423e-07 1.81474e-07
ifr90*106 2.02065e-07 3.04423e-07 1.52559e-07
//obc90*106 2.22557e-07 3.04423e-07 1.82283e-07
//ibc90*106 2.2324e-07 3.04423e-07 2.07556e-07
//ofc90*106 1.86641e-07 3.04423e-07 1.86077e-07
//ifc90*106 1.99782e-07 3.04423e-07 1.83396e-07
obc90*106 1.90399e-07 3.04423e-07 1.90121e-07
ibc90*106 2.00584e-07 3.04423e-07 1.83667e-07
Executing "/usr/lib/fftw/ptest/fftwl/benchl --verbose=1   --verify 'obr7x21x8' --verify 'ibr7x21x8' --verify 'ofr7x21x8' --verify 'ifr7x21x8' --verify '//obc7x21x8' --verify '//ibc7x21x8' --verify '//ofc7x21x8' --verify '//ifc7x21x8' --verify 'obc7x21x8' --verify 'ibc7x21x8' --verify 'ofc7x21x8' --verify 'ifc7x21x8' --verify 'ok20o10x8o00x5e11*11' --verify 'ik20o10x8o00x5e11*11' --verify '//obrd7x12x3x16' --verify '//ofrd7x12x3x16' --verify 'obrd7x12x3x16' --verify 'ibrd7x12x3x16' --verify 'ofrd7x12x3x16' --verify 'ifrd7x12x3x16' --verify '//obcd7x12x3x16' --verify '//ibcd7x12x3x16' --verify '//ofcd7x12x3x16' --verify '//ifcd7x12x3x16' --verify 'obcd7x12x3x16' --verify 'ibcd7x12x3x16' --verify 'ofcd7x12x3x16' --verify 'ifcd7x12x3x16' --verify 'ok13bx6hx3o01x4e10' --verify 'ik13bx6hx3o01x4e10' --verify '//obr9x5x7x3' --verify '//ofr9x5x7x3' --verify 'obr9x5x7x3' --verify 'ibr9x5x7x3' --verify 'ofr9x5x7x3' --verify 'ifr9x5x7x3' --verify '//obc9x5x7x3' --verify '//ibc9x5x7x3' --verify '//ofc9x5x7x3' --verify '//ifc9x5x7x3' --verify 'obc9x5x7x3' --verify 'ibc9x5x7x3' --verify 'ofc9x5x7x3' --verify 'ifc9x5x7x3'"
obr7x21x8 3.32408e-34 7.18864e-34 4.53814e-34
ibr7x21x8 3.2263e-34 7.18864e-34 4.96127e-34
ofr7x21x8 3.01764e-34 5.39148e-34 8.01655e-34
ifr7x21x8 3.92851e-34 5.39148e-34 8.81277e-34
//obc7x21x8 2.94946e-34 7.18864e-34 7.61934e-34
//ibc7x21x8 3.2589e-34 7.18864e-34 6.81933e-34
//ofc7x21x8 3.22458e-34 7.18864e-34 7.48078e-34
//ifc7x21x8 3.34181e-34 7.18864e-34 8.12994e-34
obc7x21x8 3.13491e-34 7.18864e-34 7.19066e-34
ibc7x21x8 2.95402e-34 5.39148e-34 7.97515e-34
ofc7x21x8 2.92374e-34 5.39148e-34 7.34465e-34
ifc7x21x8 3.13247e-34 5.39148e-34 7.17578e-34
ok20o10x8o00x5e11*11 3.56752e-34 3.25353e-33 5.19415e-34
ik20o10x8o00x5e11*11 2.90421e-34 3.71253e-33 3.91895e-34
//obrd7x12x3x16 3.12222e-34 8.7352e-34 3.92381e-34
//ofrd7x12x3x16 3.79873e-34 5.82346e-34 5.71496e-34
obrd7x12x3x16 4.02339e-34 7.76462e-34 3.59879e-34
ibrd7x12x3x16 3.19719e-34 7.76462e-34 3.84322e-34
ofrd7x12x3x16 3.90388e-34 5.82346e-34 6.69102e-34
ifrd7x12x3x16 3.12529e-34 5.82346e-34 6.20367e-34
//obcd7x12x3x16 3.16987e-34 7.76462e-34 6.63598e-34
//ibcd7x12x3x16 3.3906e-34 7.76462e-34 5.863e-34
//ofcd7x12x3x16 3.07736e-34 7.76462e-34 5.91408e-34
//ifcd7x12x3x16 3.53923e-34 7.76462e-34 5.93134e-34
obcd7x12x3x16 3.56538e-34 7.76462e-34 5.53046e-34
ibcd7x12x3x16 2.75364e-34 8.7352e-34 5.78978e-34
ofcd7x12x3x16 3.3139e-34 7.76462e-34 6.65266e-34
ifcd7x12x3x16 3.79984e-34 7.76462e-34 5.98703e-34
ok13bx6hx3o01x4e10 4.3944e-34 6.16298e-33 3.54298e-34
ik13bx6hx3o01x4e10 3.66024e-34 6.16298e-33 3.67102e-34
//obr9x5x7x3 3.29927e-34 6.01445e-34 3.93405e-34
//ofr9x5x7x3 3.62017e-34 5.01204e-34 6.76768e-34
obr9x5x7x3 3.04431e-34 5.01204e-34 4.58448e-34
ibr9x5x7x3 4.12688e-34 6.01445e-34 4.74237e-34
ofr9x5x7x3 3.46045e-34 5.01204e-34 7.58131e-34
ifr9x5x7x3 3.09668e-34 5.01204e-34 6.5686e-34
//obc9x5x7x3 3.18325e-34 6.01445e-34 6.82134e-34
//ibc9x5x7x3 3.16502e-34 6.01445e-34 7.93897e-34
//ofc9x5x7x3 3.0121e-34 6.01445e-34 7.07205e-34
//ifc9x5x7x3 3.40407e-34 6.01445e-34 6.49613e-34
obc9x5x7x3 3.22125e-34 7.01686e-34 6.76312e-34
ibc9x5x7x3 3.257e-34 6.01445e-34 6.72754e-34
ofc9x5x7x3 3.75557e-34 6.01445e-34 6.70887e-34
ifc9x5x7x3 2.91254e-34 6.01445e-34 7.06218e-34
Executing "/usr/lib/fftw/ptest/fftwl/benchl --verbose=1   --verify '//obc8x4x4' --verify '//ibc8x4x4' --verify '//ofc8x4x4' --verify '//ifc8x4x4' --verify 'obc8x4x4' --verify 'ibc8x4x4' --verify 'ofc8x4x4' --verify 'ifc8x4x4' --verify 'ok5hx2e11x3o11x8bv9' --verify 'ik5hx2e11x3o11x8bv9' --verify '//obrd13x12x20' --verify '//ofrd13x12x20' --verify 'obrd13x12x20' --verify 'ibrd13x12x20' --verify 'ofrd13x12x20' --verify 'ifrd13x12x20' --verify '//obcd13x12x20' --verify '//ibcd13x12x20' --verify '//ofcd13x12x20' --verify '//ifcd13x12x20' --verify 'obcd13x12x20' --verify 'ibcd13x12x20' --verify 'ofcd13x12x20' --verify 'ifcd13x12x20' --verify 'ok11e10x4o00*6' --verify 'ik11e10x4o00*6' --verify '//obr7x14x10' --verify '//ofr7x14x10' --verify 'obr7x14x10' --verify 'ibr7x14x10' --verify 'ofr7x14x10' --verify 'ifr7x14x10' --verify '//obc7x14x10' --verify '//ibc7x14x10' --verify '//ofc7x14x10' --verify '//ifc7x14x10' --verify 'obc7x14x10' --verify 'ibc7x14x10' --verify 'ofc7x14x10' --verify 'ifc7x14x10' --verify 'ok15o11x12bv30' --verify 'ik15o11x12bv30' --verify '//obr7x21x8' --verify '//ofr7x21x8'"
//obc8x4x4 2.6268e-34 1.36184e-34 2.39444e-34
//ibc8x4x4 1.59867e-34 1.36184e-34 2.73184e-34
//ofc8x4x4 2.4566e-34 1.36184e-34 3.14909e-34
//ifc8x4x4 2.00021e-34 1.36184e-34 3.11488e-34
obc8x4x4 1.83472e-34 1.36184e-34 2.757e-34
ibc8x4x4 2.19506e-34 2.72368e-34 2.90877e-34
ofc8x4x4 1.89053e-34 1.36184e-34 2.65468e-34
ifc8x4x4 3.02337e-34 1.36184e-34 2.62817e-34
ok5hx2e11x3o11x8bv9 3.26962e-34 2.32301e-33 3.73003e-34
ik5hx2e11x3o11x8bv9 2.78803e-34 2.99743e-33 3.84259e-34
//obrd13x12x20 3.51756e-34 6.6201e-34 5.02037e-34
//ofrd13x12x20 3.38729e-34 4.4134e-34 7.67801e-34
obrd13x12x20 3.59351e-34 8.8268e-34 4.52553e-34
ibrd13x12x20 3.33119e-34 8.8268e-34 4.83435e-34
ofrd13x12x20 3.49344e-34 4.4134e-34 6.75839e-34
ifrd13x12x20 3.51165e-34 4.4134e-34 7.64572e-34
//obcd13x12x20 4.5035e-34 6.6201e-34 7.1971e-34
//ibcd13x12x20 3.56738e-34 5.51675e-34 7.57056e-34
//ofcd13x12x20 3.59235e-34 6.6201e-34 7.20318e-34
//ifcd13x12x20 3.02789e-34 6.6201e-34 7.30253e-34
obcd13x12x20 3.02735e-34 6.6201e-34 7.9814e-34
ibcd13x12x20 3.49906e-34 6.6201e-34 6.4151e-34
ofcd13x12x20 3.35097e-34 6.6201e-34 6.70906e-34
ifcd13x12x20 3.52918e-34 8.8268e-34 7.51667e-34
ok11e10x4o00*6 2.50107e-34 1.89004e-33 3.29242e-34
ik11e10x4o00*6 3.11114e-34 9.4502e-34 3.12134e-34
//obr7x14x10 4.06187e-34 5.90607e-34 3.71118e-34
//ofr7x14x10 3.03275e-34 5.90607e-34 4.79597e-34
obr7x14x10 3.21184e-34 7.87476e-34 3.4182e-34
ibr7x14x10 3.42349e-34 7.87476e-34 3.49532e-34
ofr7x14x10 4.73901e-34 5.90607e-34 4.38756e-34
ifr7x14x10 3.02242e-34 4.92173e-34 4.3667e-34
//obc7x14x10 3.22092e-34 5.90607e-34 4.66782e-34
//ibc7x14x10 3.23551e-34 5.90607e-34 4.62067e-34
//ofc7x14x10 3.27355e-34 7.87476e-34 5.34638e-34
//ifc7x14x10 3.05895e-34 5.90607e-34 4.58285e-34
obc7x14x10 4.03308e-34 5.90607e-34 4.63575e-34
ibc7x14x10 3.85e-34 5.90607e-34 3.99098e-34
ofc7x14x10 3.05438e-34 5.90607e-34 4.13639e-34
ifc7x14x10 2.75177e-34 5.90607e-34 3.86154e-34
ok15o11x12bv30 3.48403e-34 3.99817e-33 3.56709e-34
ik15o11x12bv30 3.57014e-34 4.85759e-33 4.17901e-34
//obr7x21x8 3.14342e-34 7.18864e-34 4.85455e-34
//ofr7x21x8 2.98772e-34 3.59432e-34 6.99493e-34
Executing "/usr/lib/fftw/ptest/fftwl/benchl --verbose=1   --verify '//ofc6x6x6x6' --verify '//ifc6x6x6x6' --verify 'obc6x6x6x6' --verify 'ibc6x6x6x6' --verify 'ofc6x6x6x6' --verify 'ifc6x6x6x6' --verify 'ok6hx9e11x4e00x11o00*5' --verify 'ik6hx9e11x4e00x11o00*5' --verify 'obr15x4v37' --verify 'ibr15x4v37' --verify 'ofr15x4v37' --verify 'ifr15x4v37' --verify '//obc15x4v37' --verify '//ibc15x4v37' --verify '//ofc15x4v37' --verify '//ifc15x4v37' --verify 'obc15x4v37' --verify 'ibc15x4v37' --verify 'ofc15x4v37' --verify 'ifc15x4v37' --verify 'ok7e00x12e00x6o00x7e10*3' --verify 'ik7e00x12e00x6o00x7e10*3' --verify '//obrd7x9x10' --verify '//ofrd7x9x10' --verify 'obrd7x9x10' --verify 'ibrd7x9x10' --verify 'ofrd7x9x10' --verify 'ifrd7x9x10' --verify '//obcd7x9x10' --verify '//ibcd7x9x10' --verify '//ofcd7x9x10' --verify '//ifcd7x9x10' --verify 'obcd7x9x10' --verify 'ibcd7x9x10' --verify 'ofcd7x9x10' --verify 'ifcd7x9x10' --verify 'okd15o00x5e11x13o01v10' --verify 'ikd15o00x5e11x13o01v10' --verify '//obr8x4x4' --verify '//ofr8x4x4' --verify 'obr8x4x4' --verify 'ibr8x4x4' --verify 'ofr8x4x4' --verify 'ifr8x4x4'"
//ofc6x6x6x6 3.1779e-34 6.84775e-34 5.46909e-34
//ifc6x6x6x6 3.26341e-34 5.13581e-34 5.08088e-34
obc6x6x6x6 2.70744e-34 6.84775e-34 4.84771e-34
ibc6x6x6x6 3.01047e-34 5.13581e-34 4.39277e-34
ofc6x6x6x6 3.20376e-34 6.84775e-34 4.56864e-34
ifc6x6x6x6 3.45728e-34 8.55969e-34 5.20964e-34
ok6hx9e11x4e00x11o00*5 3.65827e-34 1.16577e-32 4.60659e-34
ik6hx9e11x4e00x11o00*5 3.32547e-34 1.14982e-32 4.18002e-34
obr15x4v37 3.20914e-34 4.0857e-34 2.92307e-34
ibr15x4v37 3.66029e-34 4.0857e-34 2.8853e-34
ofr15x4v37 2.33558e-34 3.06428e-34 2.99347e-34
ifr15x4v37 2.27692e-34 2.04285e-34 2.9097e-34
//obc15x4v37 2.64973e-34 3.06428e-34 3.19113e-34
//ibc15x4v37 3.28372e-34 3.06428e-34 3.72497e-34
//ofc15x4v37 3.34615e-34 4.0857e-34 3.6528e-34
//ifc15x4v37 3.10728e-34 3.06428e-34 4.13532e-34
obc15x4v37 2.44233e-34 3.06428e-34 3.14906e-34
ibc15x4v37 2.77215e-34 4.0857e-34 2.99305e-34
ofc15x4v37 2.93953e-34 4.0857e-34 3.0428e-34
ifc15x4v37 2.89757e-34 3.06428e-34 3.70211e-34
ok7e00x12e00x6o00x7e10*3 3.17817e-34 2.62078e-32 3.13296e-34
ik7e00x12e00x6o00x7e10*3 3.51069e-34 2.29153e-32 3.05951e-34
//obrd7x9x10 3.74809e-34 7.36617e-34 4.30313e-34
//ofrd7x9x10 3.07715e-34 4.91078e-34 7.04689e-34
obrd7x9x10 4.48122e-34 7.36617e-34 4.51814e-34
ibrd7x9x10 3.5914e-34 4.91078e-34 4.45733e-34
ofrd7x9x10 2.95699e-34 4.91078e-34 7.6888e-34
ifrd7x9x10 3.20917e-34 4.91078e-34 7.83543e-34
//obcd7x9x10 3.93281e-34 4.91078e-34 7.45403e-34
//ibcd7x9x10 3.59798e-34 4.91078e-34 6.41953e-34
//ofcd7x9x10 3.18955e-34 4.91078e-34 6.58545e-34
//ifcd7x9x10 3.17576e-34 4.91078e-34 6.71141e-34
obcd7x9x10 3.4697e-34 6.13847e-34 7.80615e-34
ibcd7x9x10 3.44298e-34 6.13847e-34 6.4152e-34
ofcd7x9x10 3.64436e-34 4.91078e-34 7.48066e-34
ifcd7x9x10 3.36166e-34 7.36617e-34 6.86064e-34
okd15o00x5e11x13o01v10 4.05811e-34 3.59276e-33 5.41148e-34
ikd15o00x5e11x13o01v10 3.3494e-34 3.03642e-33 4.48261e-34
//obr8x4x4 1.85443e-34 5.44735e-34 2.19992e-34
//ofr8x4x4 1.46008e-34 1.36184e-34 2.6047e-34
obr8x4x4 2.51524e-34 4.08551e-34 2.67662e-34
ibr8x4x4 2.43e-34 4.08551e-34 2.46386e-34
ofr8x4x4 1.42569e-34 1.36184e-34 2.30836e-34
ifr8x4x4 1.49584e-34 1.36184e-34 2.94071e-34
Executing "/usr/lib/fftw/ptest/fftwl/benchl --verbose=1   --verify '//ofc12x11*3' --verify '//ifc12x11*3' --verify 'obc12x11*3' --verify 'ibc12x11*3' --verify 'ofc12x11*3' --verify 'ifc12x11*3' --verify 'ok120e00x36e00' --verify 'ik120e00x36e00' --verify 'obrd13*31' --verify 'ibrd13*31' --verify 'ofrd13*31' --verify 'ifrd13*31' --verify '//obcd13*31' --verify '//ibcd13*31' --verify '//ofcd13*31' --verify '//ifcd13*31' --verify 'obcd13*31' --verify 'ibcd13*31' --verify 'ofcd13*31' --verify 'ifcd13*31' --verify 'ok5o10x4e10x10e10v8' --verify 'ik5o10x4e10x10e10v8' --verify 'obrd4x2x5x8*4' --verify 'ibrd4x2x5x8*4' --verify 'ofrd4x2x5x8*4' --verify 'ifrd4x2x5x8*4' --verify '//obcd4x2x5x8*4' --verify '//ibcd4x2x5x8*4' --verify '//ofcd4x2x5x8*4' --verify '//ifcd4x2x5x8*4' --verify 'obcd4x2x5x8*4' --verify 'ibcd4x2x5x8*4' --verify 'ofcd4x2x5x8*4' --verify 'ifcd4x2x5x8*4' --verify 'okd5e11x13o10x11hv11' --verify 'ikd5e11x13o10x11hv11' --verify '//obr6x6x6x6' --verify '//ofr6x6x6x6' --verify 'obr6x6x6x6' --verify 'ibr6x6x6x6' --verify 'ofr6x6x6x6' --verify 'ifr6x6x6x6' --verify '//obc6x6x6x6' --verify '//ibc6x6x6x6'"
//ofc12x11*3 2.47683e-34 3.57612e-34 4.14117e-34
//ifc12x11*3 2.70646e-34 5.36418e-34 4.79107e-34
obc12x11*3 2.85354e-34 3.57612e-34 4.21678e-34
ibc12x11*3 2.54214e-34 3.57612e-34 4.35911e-34
ofc12x11*3 3.62924e-34 5.36418e-34 4.4444e-34
ifc12x11*3 3.53049e-34 3.57612e-34 4.52193e-34
ok120e00x36e00 3.89669e-34 4.93038e-32 3.58314e-34
ik120e00x36e00 4.38771e-34 2.46519e-32 3.07059e-34
obrd13*31 2.38922e-34 3.30833e-34 3.59347e-34
ibrd13*31 2.65964e-34 3.30833e-34 3.1745e-34
ofrd13*31 2.67902e-34 2.20555e-34 6.39296e-34
ifrd13*31 2.36656e-34 2.20555e-34 7.58548e-34
//obcd13*31 2.86848e-34 2.20555e-34 7.12655e-34
//ibcd13*31 2.80097e-34 2.20555e-34 7.29105e-34
//ofcd13*31 2.47511e-34 3.30833e-34 6.72496e-34
//ifcd13*31 2.50881e-34 2.20555e-34 7.28521e-34
obcd13*31 2.32763e-34 3.30833e-34 6.6199e-34
ibcd13*31 2.4778e-34 2.20555e-34 6.77026e-34
ofcd13*31 2.07205e-34 2.20555e-34 7.55075e-34
ifcd13*31 2.2796e-34 3.30833e-34 6.34127e-34
ok5o10x4e10x10e10v8 3.149e-34 1.625e-33 2.93258e-34
ik5o10x4e10x10e10v8 2.91697e-34 1.95e-33 3.08658e-34
obrd4x2x5x8*4 4.13294e-34 4.30651e-34 3.37118e-34
ibrd4x2x5x8*4 2.89987e-34 4.30651e-34 2.73374e-34
ofrd4x2x5x8*4 2.98059e-34 4.30651e-34 3.99121e-34
ifrd4x2x5x8*4 2.16845e-34 4.30651e-34 3.59833e-34
//obcd4x2x5x8*4 2.68267e-34 4.30651e-34 4.40175e-34
//ibcd4x2x5x8*4 2.85258e-34 4.30651e-34 3.1393e-34
//ofcd4x2x5x8*4 3.09947e-34 5.38314e-34 3.5847e-34
//ifcd4x2x5x8*4 2.96743e-34 4.30651e-34 3.42e-34
obcd4x2x5x8*4 3.04051e-34 4.30651e-34 3.74915e-34
ibcd4x2x5x8*4 3.33315e-34 4.30651e-34 3.57612e-34
ofcd4x2x5x8*4 2.4915e-34 4.30651e-34 3.31829e-34
ifcd4x2x5x8*4 3.22566e-34 4.30651e-34 3.5384e-34
okd5e11x13o10x11hv11 3.59066e-34 4.67985e-33 4.36304e-34
ikd5e11x13o10x11hv11 3.86692e-34 5.37119e-33 3.62557e-34
//obr6x6x6x6 2.94273e-34 6.84775e-34 4.39724e-34
//ofr6x6x6x6 2.37279e-34 1.71194e-34 5.03988e-34
obr6x6x6x6 3.54212e-34 6.84775e-34 3.48903e-34
ibr6x6x6x6 3.26037e-34 6.84775e-34 3.80916e-34
ofr6x6x6x6 2.93327e-34 3.42388e-34 4.81582e-34
ifr6x6x6x6 2.58255e-34 1.71194e-34 4.50202e-34
//obc6x6x6x6 3.17366e-34 6.84775e-34 5.03273e-34
//ibc6x6x6x6 2.70981e-34 6.84775e-34 4.6887e-34
Executing "/usr/lib/fftw/ptest/fftwl/benchl --verbose=1   --verify '//ofcd6x12*22' --verify '//ifcd6x12*22' --verify 'obcd6x12*22' --verify 'ibcd6x12*22' --verify 'ofcd6x12*22' --verify 'ifcd6x12*22' --verify 'okd4e11x6hx7e01*6' --verify 'ikd4e11x6hx7e01*6' --verify '//obr10x3x20x10' --verify '//ofr10x3x20x10' --verify 'obr10x3x20x10' --verify 'ibr10x3x20x10' --verify 'ofr10x3x20x10' --verify 'ifr10x3x20x10' --verify '//obc10x3x20x10' --verify '//ibc10x3x20x10' --verify '//ofc10x3x20x10' --verify '//ifc10x3x20x10' --verify 'obc10x3x20x10' --verify 'ibc10x3x20x10' --verify 'ofc10x3x20x10' --verify 'ifc10x3x20x10' --verify 'ok20e00x13e11x13e01' --verify 'ik20e00x13e11x13e01' --verify 'obr10x5x8x6*4' --verify 'ibr10x5x8x6*4' --verify 'ofr10x5x8x6*4' --verify 'ifr10x5x8x6*4' --verify '//obc10x5x8x6*4' --verify '//ibc10x5x8x6*4' --verify '//ofc10x5x8x6*4' --verify '//ifc10x5x8x6*4' --verify 'obc10x5x8x6*4' --verify 'ibc10x5x8x6*4' --verify 'ofc10x5x8x6*4' --verify 'ifc10x5x8x6*4' --verify 'ok2bx3e11x3bx11e11*1' --verify 'ik2bx3e11x3bx11e11*1' --verify 'obr12x11*3' --verify 'ibr12x11*3' --verify 'ofr12x11*3' --verify 'ifr12x11*3' --verify '//obc12x11*3' --verify '//ibc12x11*3'"
//ofcd6x12*22 2.65242e-34 3.79664e-34 4.09606e-34
//ifcd6x12*22 2.50138e-34 3.79664e-34 5.54663e-34
obcd6x12*22 2.98827e-34 3.79664e-34 4.22769e-34
ibcd6x12*22 2.61263e-34 3.79664e-34 4.27365e-34
ofcd6x12*22 3.17807e-34 3.79664e-34 5.06736e-34
ifcd6x12*22 2.43737e-34 3.79664e-34 5.03385e-34
okd4e11x6hx7e01*6 3.61695e-34 2.86367e-33 3.90899e-34
ikd4e11x6hx7e01*6 3.77019e-34 2.63458e-33 4.67448e-34
//obr10x3x20x10 3.91419e-34 6.36509e-34 4.24407e-34
//ofr10x3x20x10 3.01876e-34 6.36509e-34 4.76905e-34
obr10x3x20x10 3.63652e-34 7.95637e-34 3.51844e-34
ibr10x3x20x10 3.52959e-34 7.95637e-34 4.28348e-34
ofr10x3x20x10 4.40021e-34 6.36509e-34 5.27165e-34
ifr10x3x20x10 3.18544e-34 6.36509e-34 5.82762e-34
//obc10x3x20x10 3.53566e-34 6.36509e-34 4.56613e-34
//ibc10x3x20x10 3.71298e-34 6.36509e-34 4.4267e-34
//ofc10x3x20x10 3.11004e-34 7.95637e-34 4.73979e-34
//ifc10x3x20x10 3.07178e-34 6.36509e-34 5.15068e-34
obc10x3x20x10 3.73152e-34 7.95637e-34 4.59363e-34
ibc10x3x20x10 3.28216e-34 7.95637e-34 5.16672e-34
ofc10x3x20x10 3.32634e-34 6.36509e-34 4.40152e-34
ifc10x3x20x10 3.30944e-34 6.36509e-34 4.70675e-34
ok20e00x13e11x13e01 4.99399e-34 4.26408e-32 4.29326e-34
ik20e00x13e11x13e01 3.7086e-34 3.96502e-32 4.9621e-34
obr10x5x8x6*4 3.48493e-34 6.29006e-34 3.35322e-34
ibr10x5x8x6*4 4.38603e-34 6.29006e-34 3.33423e-34
ofr10x5x8x6*4 3.72438e-34 6.29006e-34 4.55248e-34
ifr10x5x8x6*4 3.13355e-34 4.71755e-34 5.11851e-34
//obc10x5x8x6*4 3.45423e-34 4.71755e-34 4.76655e-34
//ibc10x5x8x6*4 3.24557e-34 6.29006e-34 4.75503e-34
//ofc10x5x8x6*4 3.47876e-34 6.29006e-34 4.88595e-34
//ifc10x5x8x6*4 2.91854e-34 6.29006e-34 5.74083e-34
obc10x5x8x6*4 3.18526e-34 4.71755e-34 4.59705e-34
ibc10x5x8x6*4 3.1307e-34 6.29006e-34 4.66904e-34
ofc10x5x8x6*4 3.4011e-34 6.29006e-34 5.85912e-34
ifc10x5x8x6*4 3.33438e-34 6.29006e-34 4.65706e-34
ok2bx3e11x3bx11e11*1 3.10588e-34 3.19834e-33 3.44505e-34
ik2bx3e11x3bx11e11*1 3.07044e-34 4.0479e-33 4.18534e-34
obr12x11*3 2.78351e-34 3.57612e-34 3.34862e-34
ibr12x11*3 2.75026e-34 3.57612e-34 2.83891e-34
ofr12x11*3 3.69725e-34 3.57612e-34 4.51725e-34
ifr12x11*3 2.67943e-34 3.57612e-34 4.93007e-34
//obc12x11*3 3.16761e-34 3.57612e-34 3.98002e-34
//ibc12x11*3 3.00296e-34 3.57612e-34 4.70474e-34
Executing "/usr/lib/fftw/ptest/fftwl/benchl --verbose=1   --verify '//obc13x27v6' --verify '//ibc13x27v6' --verify '//ofc13x27v6' --verify '//ifc13x27v6' --verify 'obc13x27v6' --verify 'ibc13x27v6' --verify 'ofc13x27v6' --verify 'ifc13x27v6' --verify 'ok7e10x4o11*14' --verify 'ik7e10x4o11*14' --verify 'obr4x4x4x6v5' --verify 'ibr4x4x4x6v5' --verify 'ofr4x4x4x6v5' --verify 'ifr4x4x4x6v5' --verify '//obc4x4x4x6v5' --verify '//ibc4x4x4x6v5' --verify '//ofc4x4x4x6v5' --verify '//ifc4x4x4x6v5' --verify 'obc4x4x4x6v5' --verify 'ibc4x4x4x6v5' --verify 'ofc4x4x4x6v5' --verify 'ifc4x4x4x6v5' --verify 'ok7bx2e11x6o10' --verify 'ik7bx2e11x6o10' --verify 'obrd3x3*11' --verify 'ibrd3x3*11' --verify 'ofrd3x3*11' --verify 'ifrd3x3*11' --verify '//obcd3x3*11' --verify '//ibcd3x3*11' --verify '//ofcd3x3*11' --verify '//ifcd3x3*11' --verify 'obcd3x3*11' --verify 'ibcd3x3*11' --verify 'ofcd3x3*11' --verify 'ifcd3x3*11' --verify 'ok10o11x9e00*37' --verify 'ik10o11x9e00*37' --verify 'obrd6x12*22' --verify 'ibrd6x12*22' --verify 'ofrd6x12*22' --verify 'ifrd6x12*22' --verify '//obcd6x12*22' --verify '//ibcd6x12*22'"
//obc13x27v6 3.38434e-34 5.75672e-34 7.33363e-34
//ibc13x27v6 3.55858e-34 3.83781e-34 6.41084e-34
//ofc13x27v6 3.35255e-34 5.75672e-34 7.66417e-34
//ifc13x27v6 3.12894e-34 3.83781e-34 6.844e-34
obc13x27v6 3.43306e-34 5.75672e-34 8.07808e-34
ibc13x27v6 3.29103e-34 3.83781e-34 7.57719e-34
ofc13x27v6 3.55696e-34 3.83781e-34 6.8592e-34
ifc13x27v6 3.77957e-34 3.83781e-34 7.01255e-34
ok7e10x4o11*14 2.74961e-34 6.31177e-34 3.3464e-34
ik7e10x4o11*14 3.33859e-34 6.31177e-34 2.96573e-34
obr4x4x4x6v5 1.71123e-34 1.88702e-34 2.3764e-34
ibr4x4x4x6v5 2.04511e-34 1.88702e-34 2.48576e-34
ofr4x4x4x6v5 2.313e-34 3.77404e-34 4.4514e-34
ifr4x4x4x6v5 2.76494e-34 3.77404e-34 4.35064e-34
//obc4x4x4x6v5 2.935e-34 3.77404e-34 4.39775e-34
//ibc4x4x4x6v5 2.74821e-34 3.77404e-34 4.5339e-34
//ofc4x4x4x6v5 2.77486e-34 3.77404e-34 4.36584e-34
//ifc4x4x4x6v5 2.975e-34 5.66105e-34 4.69678e-34
obc4x4x4x6v5 2.62501e-34 3.77404e-34 4.25694e-34
ibc4x4x4x6v5 3.07434e-34 3.77404e-34 4.36226e-34
ofc4x4x4x6v5 3.03262e-34 3.77404e-34 4.68132e-34
ifc4x4x4x6v5 2.59262e-34 3.77404e-34 4.37182e-34
ok7bx2e11x6o10 2.81908e-34 1.40711e-33 3.43819e-34
ik7bx2e11x6o10 3.59392e-34 1.28985e-33 2.93194e-34
obrd3x3*11 2.83484e-34 2.80135e-34 3.10433e-34
ibrd3x3*11 2.25655e-34 2.80135e-34 2.47215e-34
ofrd3x3*11 1.99757e-34 3.50169e-35 2.71771e-34
ifrd3x3*11 1.43954e-34 3.50169e-35 2.54483e-34
//obcd3x3*11 3.53184e-34 2.80135e-34 3.31314e-34
//ibcd3x3*11 2.89267e-34 1.40068e-34 3.27871e-34
//ofcd3x3*11 2.75101e-34 2.80135e-34 2.7579e-34
//ifcd3x3*11 2.75978e-34 2.80135e-34 3.69446e-34
obcd3x3*11 2.34493e-34 2.10101e-34 2.87679e-34
ibcd3x3*11 2.10457e-34 1.40068e-34 3.09827e-34
ofcd3x3*11 1.86925e-34 2.80135e-34 3.22443e-34
ifcd3x3*11 2.37015e-34 2.10101e-34 2.97626e-34
ok10o11x9e00*37 3.42056e-34 1.9841e-33 3.16619e-34
ik10o11x9e00*37 2.93795e-34 2.38092e-33 3.37786e-34
obrd6x12*22 2.88958e-34 3.79664e-34 2.74197e-34
ibrd6x12*22 2.45593e-34 3.79664e-34 3.34962e-34
ofrd6x12*22 2.03567e-34 2.84748e-34 4.09133e-34
ifrd6x12*22 2.12901e-34 1.89832e-34 4.46536e-34
//obcd6x12*22 2.50287e-34 3.79664e-34 3.9154e-34
//ibcd6x12*22 3.25207e-34 3.79664e-34 4.09991e-34
Executing "/usr/lib/fftw/ptest/fftwl/benchl --verbose=1   --verify '//obc66x12' --verify '//ibc66x12' --verify '//ofc66x12' --verify '//ifc66x12' --verify 'obc66x12' --verify 'ibc66x12' --verify 'ofc66x12' --verify 'ifc66x12' --verify 'ok10e00x8e11*20' --verify 'ik10e00x8e11*20' --verify '//obrd5x13x15x6' --verify '//ofrd5x13x15x6' --verify 'obrd5x13x15x6' --verify 'ibrd5x13x15x6' --verify 'ofrd5x13x15x6' --verify 'ifrd5x13x15x6' --verify '//obcd5x13x15x6' --verify '//ibcd5x13x15x6' --verify '//ofcd5x13x15x6' --verify '//ifcd5x13x15x6' --verify 'obcd5x13x15x6' --verify 'ibcd5x13x15x6' --verify 'ofcd5x13x15x6' --verify 'ifcd5x13x15x6' --verify 'ok7o11x10bx14o01' --verify 'ik7o11x10bx14o01' --verify 'obr9*51' --verify 'ibr9*51' --verify 'ofr9*51' --verify 'ifr9*51' --verify '//obc9*51' --verify '//ibc9*51' --verify '//ofc9*51' --verify '//ifc9*51' --verify 'obc9*51' --verify 'ibc9*51' --verify 'ofc9*51' --verify 'ifc9*51' --verify 'ok5hx10e11x2h*14' --verify 'ik5hx10e11x2h*14' --verify 'obr13x27v6' --verify 'ibr13x27v6' --verify 'ofr13x27v6' --verify 'ifr13x27v6'"
//obc66x12 3.31389e-34 5.4748e-34 7.01817e-34
//ibc66x12 3.33555e-34 5.4748e-34 6.29839e-34
//ofc66x12 3.21553e-34 6.56975e-34 6.94063e-34
//ifc66x12 3.7856e-34 4.37984e-34 6.91366e-34
obc66x12 4.70641e-34 5.4748e-34 6.91275e-34
ibc66x12 3.59067e-34 5.4748e-34 7.27682e-34
ofc66x12 2.83883e-34 5.4748e-34 6.73923e-34
ifc66x12 4.51935e-34 5.4748e-34 7.67384e-34
ok10e00x8e11*20 3.31969e-34 1.62561e-33 4.88075e-34
ik10e00x8e11*20 2.86001e-34 1.49861e-33 3.63363e-34
//obrd5x13x15x6 3.27991e-34 8.05773e-34 5.02557e-34
//ofrd5x13x15x6 3.56544e-34 6.44618e-34 7.34707e-34
obrd5x13x15x6 3.19595e-34 8.05773e-34 4.26356e-34
ibrd5x13x15x6 3.64481e-34 8.05773e-34 4.72896e-34
ofrd5x13x15x6 3.78114e-34 6.44618e-34 7.62939e-34
ifrd5x13x15x6 3.41977e-34 6.44618e-34 7.71773e-34
//obcd5x13x15x6 3.92366e-34 8.05773e-34 7.57521e-34
//ibcd5x13x15x6 3.49036e-34 6.44618e-34 7.41727e-34
//ofcd5x13x15x6 4.01225e-34 8.05773e-34 7.29058e-34
//ifcd5x13x15x6 4.2209e-34 6.44618e-34 7.63152e-34
obcd5x13x15x6 3.42017e-34 6.44618e-34 8.5284e-34
ibcd5x13x15x6 3.56581e-34 6.44618e-34 7.01908e-34
ofcd5x13x15x6 3.7164e-34 8.05773e-34 7.07255e-34
ifcd5x13x15x6 3.62443e-34 8.05773e-34 7.63124e-34
ok7o11x10bx14o01 3.33415e-34 1.11172e-32 3.91602e-34
ik7o11x10bx14o01 4.66935e-34 1.02395e-32 3.57207e-34
obr9*51 2.9775e-34 2.61826e-34 2.55846e-34
ibr9*51 2.61986e-34 2.61826e-34 3.34143e-34
ofr9*51 1.89469e-34 2.61826e-34 6.89624e-34
ifr9*51 2.15091e-34 1.30913e-34 5.97929e-34
//obc9*51 2.26802e-34 2.61826e-34 6.79846e-34
//ibc9*51 2.98727e-34 2.61826e-34 6.40627e-34
//ofc9*51 2.69978e-34 2.61826e-34 6.88711e-34
//ifc9*51 2.6591e-34 2.61826e-34 7.079e-34
obc9*51 2.93923e-34 2.61826e-34 7.16858e-34
ibc9*51 2.71111e-34 2.61826e-34 6.78837e-34
ofc9*51 2.33631e-34 2.61826e-34 7.03078e-34
ifc9*51 2.89928e-34 2.61826e-34 6.7468e-34
ok5hx10e11x2h*14 3.50848e-34 1.50066e-33 3.10843e-34
ik5hx10e11x2h*14 3.17024e-34 1.45215e-33 3.91954e-34
obr13x27v6 3.35269e-34 3.83781e-34 4.775e-34
ibr13x27v6 3.5636e-34 5.75672e-34 5.23971e-34
ofr13x27v6 3.80838e-34 5.75672e-34 9.12722e-34
ifr13x27v6 3.03141e-34 5.75672e-34 7.68995e-34
Executing "/usr/lib/fftw/ptest/fftwl/benchl --verbose=1   --verify '//obcd12x9x4' --verify '//ibcd12x9x4' --verify '//ofcd12x9x4' --verify '//ifcd12x9x4' --verify 'obcd12x9x4' --verify 'ibcd12x9x4' --verify 'ofcd12x9x4' --verify 'ifcd12x9x4' --verify 'okd5o00x2o11*8' --verify 'ikd5o00x2o11*8' --verify 'obr10x7x8*1' --verify 'ibr10x7x8*1' --verify 'ofr10x7x8*1' --verify 'ifr10x7x8*1' --verify '//obc10x7x8*1' --verify '//ibc10x7x8*1' --verify '//ofc10x7x8*1' --verify '//ifc10x7x8*1' --verify 'obc10x7x8*1' --verify 'ibc10x7x8*1' --verify 'ofc10x7x8*1' --verify 'ifc10x7x8*1' --verify 'ok8e10x36e01x6o11' --verify 'ik8e10x36e01x6o11' --verify 'obr10x6x12x8v1' --verify 'ibr10x6x12x8v1' --verify 'ofr10x6x12x8v1' --verify 'ifr10x6x12x8v1' --verify '//obc10x6x12x8v1' --verify '//ibc10x6x12x8v1' --verify '//ofc10x6x12x8v1' --verify '//ifc10x6x12x8v1' --verify 'obc10x6x12x8v1' --verify 'ibc10x6x12x8v1' --verify 'ofc10x6x12x8v1' --verify 'ifc10x6x12x8v1' --verify 'ok40o11x144o01' --verify 'ik40o11x144o01' --verify '//obr66x12' --verify '//ofr66x12' --verify 'obr66x12' --verify 'ibr66x12' --verify 'ofr66x12' --verify 'ifr66x12'"
//obcd12x9x4 2.68336e-34 4.44774e-34 7.68147e-34
//ibcd12x9x4 2.95143e-34 5.93033e-34 5.91269e-34
//ofcd12x9x4 2.97925e-34 5.93033e-34 6.69686e-34
//ifcd12x9x4 2.98459e-34 4.44774e-34 6.66292e-34
obcd12x9x4 3.02629e-34 5.93033e-34 6.27016e-34
ibcd12x9x4 3.28965e-34 4.44774e-34 6.44724e-34
ofcd12x9x4 2.84463e-34 4.44774e-34 6.59567e-34
ifcd12x9x4 2.99168e-34 4.44774e-34 6.54811e-34
okd5o00x2o11*8 2.64751e-34 3.51778e-34 3.44274e-34
ikd5o00x2o11*8 2.19776e-34 3.51778e-34 2.11536e-34
obr10x7x8*1 2.98237e-34 5.20867e-34 3.83543e-34
ibr10x7x8*1 3.4262e-34 5.20867e-34 3.17128e-34
ofr10x7x8*1 2.47253e-34 3.9065e-34 4.71355e-34
ifr10x7x8*1 2.73645e-34 5.20867e-34 3.83518e-34
//obc10x7x8*1 3.94138e-34 5.20867e-34 3.57672e-34
//ibc10x7x8*1 3.41106e-34 5.20867e-34 4.22084e-34
//ofc10x7x8*1 3.11707e-34 5.20867e-34 4.13857e-34
//ifc10x7x8*1 3.04808e-34 5.20867e-34 4.15172e-34
obc10x7x8*1 4.19261e-34 5.20867e-34 4.32244e-34
ibc10x7x8*1 2.74274e-34 5.20867e-34 4.4135e-34
ofc10x7x8*1 3.67499e-34 5.20867e-34 5.09616e-34
ifc10x7x8*1 2.61558e-34 5.20867e-34 4.09155e-34
ok8e10x36e01x6o11 3.51413e-34 1.30151e-32 4.34044e-34
ik8e10x36e01x6o11 3.01049e-34 1.26266e-32 3.58903e-34
obr10x6x12x8v1 3.33438e-34 8.12043e-34 4.21584e-34
ibr10x6x12x8v1 4.2456e-34 6.49635e-34 3.82956e-34
ofr10x6x12x8v1 3.44102e-34 6.49635e-34 5.37062e-34
ifr10x6x12x8v1 3.20968e-34 6.49635e-34 4.93544e-34
//obc10x6x12x8v1 3.8276e-34 6.49635e-34 4.79904e-34
//ibc10x6x12x8v1 3.97626e-34 6.49635e-34 4.94357e-34
//ofc10x6x12x8v1 3.05975e-34 6.49635e-34 4.97934e-34
//ifc10x6x12x8v1 3.7943e-34 6.49635e-34 4.61953e-34
obc10x6x12x8v1 3.02238e-34 6.49635e-34 5.5279e-34
ibc10x6x12x8v1 3.3065e-34 6.49635e-34 4.76348e-34
ofc10x6x12x8v1 3.59823e-34 8.12043e-34 5.08382e-34
ifc10x6x12x8v1 3.11624e-34 8.12043e-34 4.42401e-34
ok40o11x144o01 4.04174e-34 2.05163e-32 5.02202e-34
ik40o11x144o01 3.7289e-34 1.88789e-32 4.58673e-34
//obr66x12 3.4982e-34 6.56975e-34 5.27027e-34
//ofr66x12 3.46034e-34 4.37984e-34 7.9696e-34
obr66x12 3.42453e-34 6.56975e-34 4.56421e-34
ibr66x12 2.65824e-34 6.56975e-34 4.63546e-34
ofr66x12 3.60875e-34 4.37984e-34 7.15663e-34
ifr66x12 2.97713e-34 4.37984e-34 7.37529e-34
Executing "/usr/lib/fftw/ptest/fftwl/benchl --verbose=1   --verify '//obcd10560' --verify '//ibcd10560' --verify '//ofcd10560' --verify '//ifcd10560' --verify 'obcd10560' --verify 'ibcd10560' --verify 'ofcd10560' --verify 'ifcd10560' --verify 'ok13bx8o10*27' --verify 'ik13bx8o10*27' --verify 'obrd13x8*28' --verify 'ibrd13x8*28' --verify 'ofrd13x8*28' --verify 'ifrd13x8*28' --verify '//obcd13x8*28' --verify '//ibcd13x8*28' --verify '//ofcd13x8*28' --verify '//ifcd13x8*28' --verify 'obcd13x8*28' --verify 'ibcd13x8*28' --verify 'ofcd13x8*28' --verify 'ifcd13x8*28' --verify 'ok60o10x54o00' --verify 'ik60o10x54o00' --verify 'obr6x5*27' --verify 'ibr6x5*27' --verify 'ofr6x5*27' --verify 'ifr6x5*27' --verify '//obc6x5*27' --verify '//ibc6x5*27' --verify '//ofc6x5*27' --verify '//ifc6x5*27' --verify 'obc6x5*27' --verify 'ibc6x5*27' --verify 'ofc6x5*27' --verify 'ifc6x5*27' --verify 'okd25b*134' --verify 'ikd25b*134' --verify '//obrd12x9x4' --verify '//ofrd12x9x4' --verify 'obrd12x9x4' --verify 'ibrd12x9x4' --verify 'ofrd12x9x4' --verify 'ifrd12x9x4'"
//obcd10560 3.62614e-34 7.19681e-34 4.50011e-34
//ibcd10560 3.75403e-34 7.19681e-34 5.06528e-34
//ofcd10560 4.0265e-34 7.19681e-34 4.32452e-34
//ifcd10560 4.09348e-34 7.19681e-34 4.51744e-34
obcd10560 3.58155e-34 7.19681e-34 4.90327e-34
ibcd10560 3.74221e-34 7.19681e-34 4.10627e-34
ofcd10560 3.60411e-34 7.19681e-34 4.2528e-34
ifcd10560 3.91388e-34 7.19681e-34 4.0683e-34
ok13bx8o10*27 3.09906e-34 3.19562e-33 3.09159e-34
ik13bx8o10*27 2.74406e-34 1.59781e-33 2.9327e-34
obrd13x8*28 2.76126e-34 4.69435e-34 4.80126e-34
ibrd13x8*28 2.49374e-34 3.12956e-34 4.52602e-34
ofrd13x8*28 2.77649e-34 3.12956e-34 6.90766e-34
ifrd13x8*28 2.74483e-34 3.12956e-34 7.63555e-34
//obcd13x8*28 3.03054e-34 3.12956e-34 6.83578e-34
//ibcd13x8*28 3.5151e-34 3.12956e-34 6.76446e-34
//ofcd13x8*28 2.52485e-34 3.12956e-34 7.05313e-34
//ifcd13x8*28 2.77092e-34 3.12956e-34 6.69506e-34
obcd13x8*28 2.67015e-34 3.12956e-34 7.10904e-34
ibcd13x8*28 3.59857e-34 3.12956e-34 7.88378e-34
ofcd13x8*28 2.91121e-34 3.12956e-34 7.88063e-34
ifcd13x8*28 3.10046e-34 3.91195e-34 7.72675e-34
ok60o10x54o00 3.41816e-34 1.32943e-32 4.01049e-34
ik60o10x54o00 3.62997e-34 1.2331e-32 4.5688e-34
obr6x5*27 3.22487e-34 2.91719e-34 3.35906e-34
ibr6x5*27 3.27506e-34 2.91719e-34 2.90712e-34
ofr6x5*27 2.33476e-34 2.91719e-34 4.01102e-34
ifr6x5*27 3.23854e-34 2.91719e-34 4.19788e-34
//obc6x5*27 2.16112e-34 2.91719e-34 3.907e-34
//ibc6x5*27 2.90051e-34 2.91719e-34 4.58512e-34
//ofc6x5*27 2.39292e-34 2.91719e-34 4.81538e-34
//ifc6x5*27 2.637e-34 2.91719e-34 4.28667e-34
obc6x5*27 2.71689e-34 2.91719e-34 4.38475e-34
ibc6x5*27 3.28507e-34 2.91719e-34 4.04674e-34
ofc6x5*27 2.47382e-34 2.91719e-34 5.03104e-34
ifc6x5*27 2.8159e-34 2.91719e-34 4.96361e-34
okd25b*134 2.88847e-34 1.55224e-33 2.66124e-34
ikd25b*134 2.85032e-34 1.55224e-33 2.61822e-34
//obrd12x9x4 2.89828e-34 5.93033e-34 3.67691e-34
//ofrd12x9x4 2.89899e-34 2.96516e-34 7.60065e-34
obrd12x9x4 2.97568e-34 5.93033e-34 3.75245e-34
ibrd12x9x4 3.45481e-34 5.93033e-34 4.21418e-34
ofrd12x9x4 2.77816e-34 2.96516e-34 7.19361e-34
ifrd12x9x4 2.49229e-34 4.44774e-34 7.5008e-34
Executing "/usr/lib/fftw/ptest/fftwl/benchl --verbose=1   --verify '//ofc5x13x9x10' --verify '//ifc5x13x9x10' --verify 'obc5x13x9x10' --verify 'ibc5x13x9x10' --verify 'ofc5x13x9x10' --verify 'ifc5x13x9x10' --verify 'okd10e11*195' --verify 'ikd10e11*195' --verify 'obr20v47' --verify 'ibr20v47' --verify 'ofr20v47' --verify 'ifr20v47' --verify '//obc20v47' --verify '//ibc20v47' --verify '//ofc20v47' --verify '//ifc20v47' --verify 'obc20v47' --verify 'ibc20v47' --verify 'ofc20v47' --verify 'ifc20v47' --verify 'ok5544h' --verify 'ik5544h' --verify 'obr7x4x5*4' --verify 'ibr7x4x5*4' --verify 'ofr7x4x5*4' --verify 'ifr7x4x5*4' --verify '//obc7x4x5*4' --verify '//ibc7x4x5*4' --verify '//ofc7x4x5*4' --verify '//ifc7x4x5*4' --verify 'obc7x4x5*4' --verify 'ibc7x4x5*4' --verify 'ofc7x4x5*4' --verify 'ifc7x4x5*4' --verify 'ok7hx9e00*15' --verify 'ik7hx9e00*15' --verify '//obrd10560' --verify '//ibrd10560' --verify '//ofrd10560' --verify '//ifrd10560' --verify 'obrd10560' --verify 'ibrd10560' --verify 'ofrd10560' --verify 'ifrd10560'"
//ofc5x13x9x10 3.52342e-34 8.05773e-34 6.77784e-34
//ifc5x13x9x10 3.93018e-34 8.05773e-34 7.57556e-34
obc5x13x9x10 4.18576e-34 6.44618e-34 7.29326e-34
ibc5x13x9x10 3.78035e-34 6.44618e-34 7.72194e-34
ofc5x13x9x10 3.77096e-34 8.05773e-34 7.65019e-34
ifc5x13x9x10 3.33454e-34 6.44618e-34 7.96993e-34
okd10e11*195 2.93646e-34 6.79627e-34 3.53779e-34
ikd10e11*195 2.74294e-34 4.85448e-34 3.84542e-34
obr20v47 2.16236e-34 3.51851e-34 2.78911e-34
ibr20v47 2.84354e-34 3.51851e-34 2.29023e-34
ofr20v47 2.21397e-34 1.75926e-34 3.92656e-34
ifr20v47 1.75135e-34 1.75926e-34 4.64889e-34
//obc20v47 2.87173e-34 1.75926e-34 4.11304e-34
//ibc20v47 2.24356e-34 1.75926e-34 4.73131e-34
//ofc20v47 3.6068e-34 1.75926e-34 3.98918e-34
//ifc20v47 2.5188e-34 1.75926e-34 3.71279e-34
obc20v47 2.35434e-34 1.75926e-34 4.24112e-34
ibc20v47 2.06894e-34 3.51851e-34 3.95186e-34
ofc20v47 2.66934e-34 1.75926e-34 4.26087e-34
ifc20v47 2.76206e-34 1.75926e-34 4.52914e-34
ok5544h 4.11838e-34 2.46519e-32 3.54451e-34
ik5544h 3.52012e-34 2.46519e-32 3.95925e-34
obr7x4x5*4 2.89698e-34 3.25542e-34 3.03595e-34
ibr7x4x5*4 2.83463e-34 4.88312e-34 3.47077e-34
ofr7x4x5*4 3.37689e-34 3.25542e-34 3.01838e-34
ifr7x4x5*4 3.0084e-34 3.25542e-34 3.37636e-34
//obc7x4x5*4 2.32749e-34 4.88312e-34 3.07272e-34
//ibc7x4x5*4 2.58344e-34 3.25542e-34 3.73169e-34
//ofc7x4x5*4 3.25137e-34 3.25542e-34 3.06777e-34
//ifc7x4x5*4 3.35034e-34 4.88312e-34 3.06694e-34
obc7x4x5*4 3.56976e-34 3.25542e-34 3.31398e-34
ibc7x4x5*4 2.85742e-34 3.25542e-34 4.25568e-34
ofc7x4x5*4 2.87554e-34 3.25542e-34 3.40394e-34
ifc7x4x5*4 3.06429e-34 3.25542e-34 3.74687e-34
ok7hx9e00*15 2.71488e-34 1.64346e-33 3.5297e-34
ik7hx9e00*15 2.33792e-34 1.64346e-33 1.83271e-34
//obrd10560 4.61857e-34 9.59574e-34 3.88706e-34
//ibrd10560 4.06088e-34 9.59574e-34 3.64355e-34
//ofrd10560 3.61265e-34 7.19681e-34 4.70767e-34
//ifrd10560 3.62832e-34 7.19681e-34 4.27057e-34
obrd10560 3.8811e-34 9.59574e-34 3.59013e-34
ibrd10560 3.47517e-34 7.19681e-34 3.21035e-34
ofrd10560 3.48914e-34 7.19681e-34 4.31945e-34
ifrd10560 3.25479e-34 7.19681e-34 4.23543e-34
Executing "/usr/lib/fftw/ptest/fftwl/benchl --verbose=1   --verify 'okd4bx8e11x9bx9o10' --verify 'ikd4bx8e11x9bx9o10' --verify '//obr5x13x9x10' --verify '//ofr5x13x9x10' --verify 'obr5x13x9x10' --verify 'ibr5x13x9x10' --verify 'ofr5x13x9x10' --verify 'ifr5x13x9x10' --verify '//obc5x13x9x10' --verify '//ibc5x13x9x10'"
okd4bx8e11x9bx9o10 4.46896e-34 2.00298e-32 4.19999e-34
ikd4bx8e11x9bx9o10 3.65176e-34 1.72237e-32 3.79772e-34
//obr5x13x9x10 4.03365e-34 8.05773e-34 5.47935e-34
//ofr5x13x9x10 3.28352e-34 6.44618e-34 8.38093e-34
obr5x13x9x10 3.06654e-34 6.44618e-34 4.91708e-34
ibr5x13x9x10 3.88897e-34 8.05773e-34 4.46562e-34
ofr5x13x9x10 4.03433e-34 6.44618e-34 8.53452e-34
ifr5x13x9x10 4.28435e-34 6.44618e-34 8.67615e-34
//obc5x13x9x10 3.50136e-34 9.66927e-34 7.1675e-34
//ibc5x13x9x10 3.46222e-34 6.44618e-34 7.87043e-34
fftw  test result:PASSED
fftwf test result:PASSED
fftwl test result:PASSED
DURATION: 1370
END: /usr/lib/fftw/ptest
2021-07-09T19:18
2021-07-09T19:18
BEGIN: /usr/lib/gnuradio/ptest
Test project /usr/lib/gnuradio/ptest
        Start   1: qa_flowgraph
  1/204 Test   #1: qa_flowgraph .........................   Passed    
        Start   2: qa_hier_block2
  2/204 Test   #2: qa_hier_block2 .......................   Passed    
        Start   3: qa_prefs
  3/204 Test   #3: qa_prefs .............................   Passed    
        Start   4: qa_random
  4/204 Test   #4: qa_random ............................   Passed    
        Start   5: qa_tag_utils
  5/204 Test   #5: qa_tag_utils .........................   Passed    
        Start   6: qa_uncaught_exception
  6/204 Test   #6: qa_uncaught_exception ................   Passed    
        Start   7: qa_pmt
  7/204 Test   #7: qa_pmt ...............................   Passed    
        Start   8: qa_pmt_to_python
  8/204 Test   #8: qa_pmt_to_python .....................   Passed    
        Start   9: qa_add_mult_div_sub
  9/204 Test   #9: qa_add_mult_div_sub ..................   Passed    
        Start  10: qa_add_mult_v
 10/204 Test  #10: qa_add_mult_v ........................   Passed    
        Start  11: qa_affinity
 11/204 Test  #11: qa_affinity ..........................   Passed    
        Start  12: qa_argmax
 12/204 Test  #12: qa_argmax ............................   Passed    
        Start  13: qa_block_behavior
 13/204 Test  #13: qa_block_behavior ....................   Passed    
        Start  14: qa_block_gateway
 14/204 Test  #14: qa_block_gateway .....................   Passed    
        Start  15: qa_boolean_operators
 15/204 Test  #15: qa_boolean_operators .................   Passed    
        Start  16: qa_burst_tagger
 16/204 Test  #16: qa_burst_tagger ......................   Passed    
        Start  17: qa_conjugate
 17/204 Test  #17: qa_conjugate .........................   Passed    
        Start  18: qa_copy
 18/204 Test  #18: qa_copy ..............................   Passed    
        Start  19: qa_delay
 19/204 Test  #19: qa_delay .............................   Passed    
        Start  20: qa_endian_swap
 20/204 Test  #20: qa_endian_swap .......................   Passed    
        Start  21: qa_exponentiate_const_cci
 21/204 Test  #21: qa_exponentiate_const_cci ............   Passed    
        Start  22: qa_file_descriptor_source_sink
 22/204 Test  #22: qa_file_descriptor_source_sink .......   Passed    
        Start  23: qa_file_metadata
 23/204 Test  #23: qa_file_metadata .....................***Failed    
        Start  24: qa_file_sink
 24/204 Test  #24: qa_file_sink .........................   Passed    
        Start  25: qa_file_source
 25/204 Test  #25: qa_file_source .......................   Passed    
        Start  26: qa_head
 26/204 Test  #26: qa_head ..............................   Passed    
        Start  27: qa_hier_block2
 27/204 Test  #27: qa_hier_block2 .......................   Passed    
        Start  28: qa_hier_block2_message_connections
 28/204 Test  #28: qa_hier_block2_message_connections ...   Passed    
        Start  29: qa_integrate
 29/204 Test  #29: qa_integrate .........................   Passed    
        Start  30: qa_interleave
 30/204 Test  #30: qa_interleave ........................   Passed    
        Start  31: qa_keep_m_in_n
 31/204 Test  #31: qa_keep_m_in_n .......................   Passed    
        Start  32: qa_keep_one_in_n
 32/204 Test  #32: qa_keep_one_in_n .....................   Passed    
        Start  33: qa_logger
 33/204 Test  #33: qa_logger ............................   Passed    
        Start  34: qa_max
 34/204 Test  #34: qa_max ...............................   Passed    
        Start  35: qa_message
 35/204 Test  #35: qa_message ...........................   Passed    
        Start  36: qa_min
 36/204 Test  #36: qa_min ...............................   Passed    
        Start  37: qa_moving_average
 37/204 Test  #37: qa_moving_average ....................   Passed    
        Start  38: qa_multiply_conjugate
 38/204 Test  #38: qa_multiply_conjugate ................   Passed    
        Start  39: qa_multiply_matrix_xx
 39/204 Test  #39: qa_multiply_matrix_xx ................   Passed    
        Start  40: qa_mute
 40/204 Test  #40: qa_mute ..............................   Passed    
        Start  41: qa_nlog10
 41/204 Test  #41: qa_nlog10 ............................***Failed    
        Start  42: qa_null_sink_source
 42/204 Test  #42: qa_null_sink_source ..................   Passed    
        Start  43: qa_pack_k_bits
 43/204 Test  #43: qa_pack_k_bits .......................   Passed    
        Start  44: qa_packed_to_unpacked
 44/204 Test  #44: qa_packed_to_unpacked ................   Passed    
        Start  45: qa_patterned_interleaver
 45/204 Test  #45: qa_patterned_interleaver .............   Passed    
        Start  46: qa_pdu
 46/204 Test  #46: qa_pdu ...............................   Passed    
        Start  47: qa_peak_detector
 47/204 Test  #47: qa_peak_detector .....................   Passed    
        Start  48: qa_peak_detector2
 48/204 Test  #48: qa_peak_detector2 ....................   Passed    
        Start  49: qa_pipe_fittings
 49/204 Test  #49: qa_pipe_fittings .....................   Passed    
        Start  50: qa_plateau_detector_fb
 50/204 Test  #50: qa_plateau_detector_fb ...............   Passed    
        Start  51: qa_probe_signal
 51/204 Test  #51: qa_probe_signal ......................   Passed    
        Start  52: qa_python_message_passing
 52/204 Test  #52: qa_python_message_passing ............   Passed    
        Start  53: qa_regenerate
 53/204 Test  #53: qa_regenerate ........................   Passed    
        Start  54: qa_repack_bits_bb
 54/204 Test  #54: qa_repack_bits_bb ....................   Passed    
        Start  55: qa_repeat
 55/204 Test  #55: qa_repeat ............................   Passed    
        Start  56: qa_rms
 56/204 Test  #56: qa_rms ...............................   Passed    
        Start  57: qa_sample_and_hold
 57/204 Test  #57: qa_sample_and_hold ...................   Passed    
        Start  58: qa_selector
 58/204 Test  #58: qa_selector ..........................   Passed    
        Start  59: qa_skiphead
 59/204 Test  #59: qa_skiphead ..........................   Passed    
        Start  60: qa_socket_pdu
 60/204 Test  #60: qa_socket_pdu ........................   Passed    
        Start  61: qa_stream_demux
 61/204 Test  #61: qa_stream_demux ......................   Passed    
        Start  62: qa_stream_mux
 62/204 Test  #62: qa_stream_mux ........................   Passed    
        Start  63: qa_stream_to_tagged_stream
 63/204 Test  #63: qa_stream_to_tagged_stream ...........   Passed    
        Start  64: qa_stretch
 64/204 Test  #64: qa_stretch ...........................   Passed    
        Start  65: qa_tag_debug
 65/204 Test  #65: qa_tag_debug .........................   Passed    
        Start  66: qa_tag_file_sink
 66/204 Test  #66: qa_tag_file_sink .....................   Passed    
        Start  67: qa_tag_gate
 67/204 Test  #67: qa_tag_gate ..........................   Passed    
        Start  68: qa_tag_share
 68/204 Test  #68: qa_tag_share .........................   Passed    
        Start  69: qa_tagged_stream_mux
 69/204 Test  #69: qa_tagged_stream_mux .................   Passed    
        Start  70: qa_tags_strobe
 70/204 Test  #70: qa_tags_strobe .......................   Passed    
        Start  71: qa_tcp_server_sink
 71/204 Test  #71: qa_tcp_server_sink ...................   Passed    
        Start  72: qa_threshold
 72/204 Test  #72: qa_threshold .........................   Passed    
        Start  73: qa_throttle
 73/204 Test  #73: qa_throttle ..........................   Passed    
        Start  74: qa_transcendental
 74/204 Test  #74: qa_transcendental ....................   Passed    
        Start  75: qa_tsb_vector_sink_X
 75/204 Test  #75: qa_tsb_vector_sink_X .................   Passed    
        Start  76: qa_type_conversions
 76/204 Test  #76: qa_type_conversions ..................***Failed    
        Start  77: qa_udp_source_sink
 77/204 Test  #77: qa_udp_source_sink ...................   Passed    
        Start  78: qa_unpack_k_bits
 78/204 Test  #78: qa_unpack_k_bits .....................   Passed    
        Start  79: qa_vco
 79/204 Test  #79: qa_vco ...............................   Passed    
        Start  80: qa_vector_insert
 80/204 Test  #80: qa_vector_insert .....................   Passed    
        Start  81: qa_vector_map
 81/204 Test  #81: qa_vector_map ........................   Passed    
        Start  82: qa_vector_sink_source
 82/204 Test  #82: qa_vector_sink_source ................   Passed    
        Start  83: qa_wavfile
 83/204 Test  #83: qa_wavfile ...........................***Failed    
        Start  84: test_rs
Could not find executable gr_fec_rstest
Looked in the following places:
gr_fec_rstest
gr_fec_rstest
Release/gr_fec_rstest
Release/gr_fec_rstest
Debug/gr_fec_rstest
Debug/gr_fec_rstest
MinSizeRel/gr_fec_rstest
MinSizeRel/gr_fec_rstest
RelWithDebInfo/gr_fec_rstest
RelWithDebInfo/gr_fec_rstest
Deployment/gr_fec_rstest
Deployment/gr_fec_rstest
Development/gr_fec_rstest
Development/gr_fec_rstest
Unable to find executable: gr_fec_rstest
 84/204 Test  #84: test_rs ..............................***Not Run   
        Start  85: qa_ber_bf
 85/204 Test  #85: qa_ber_bf ............................   Passed    
        Start  86: qa_depuncture
 86/204 Test  #86: qa_depuncture ........................   Passed    
        Start  87: qa_ecc_ccsds_27
 87/204 Test  #87: qa_ecc_ccsds_27 ......................   Passed    
        Start  88: qa_fecapi_cc
 88/204 Test  #88: qa_fecapi_cc .........................***Failed    
        Start  89: qa_fecapi_cc_buffer_overflow
 89/204 Test  #89: qa_fecapi_cc_buffer_overflow .........   Passed   
        Start  90: qa_fecapi_dummy
 90/204 Test  #90: qa_fecapi_dummy ......................***Failed    
        Start  91: qa_fecapi_ldpc
 91/204 Test  #91: qa_fecapi_ldpc .......................***Failed    
        Start  92: qa_fecapi_repetition
 92/204 Test  #92: qa_fecapi_repetition .................***Failed    
        Start  93: qa_polar_decoder_sc
 93/204 Test  #93: qa_polar_decoder_sc ..................   Passed    
        Start  94: qa_polar_decoder_sc_list
 94/204 Test  #94: qa_polar_decoder_sc_list .............   Passed    
        Start  95: qa_polar_decoder_sc_systematic
 95/204 Test  #95: qa_polar_decoder_sc_systematic .......   Passed    
        Start  96: qa_polar_encoder
 96/204 Test  #96: qa_polar_encoder .....................   Passed    
        Start  97: qa_polar_encoder_systematic
 97/204 Test  #97: qa_polar_encoder_systematic ..........   Passed    
        Start  98: qa_puncture
 98/204 Test  #98: qa_puncture ..........................   Passed   
        Start  99: qa_fft
 99/204 Test  #99: qa_fft ...............................   Passed    
        Start 100: qa_goertzel
100/204 Test #100: qa_goertzel ..........................   Passed    
        Start 101: qa_window
101/204 Test #101: qa_window ............................   Passed    
        Start 102: qa_dc_blocker
102/204 Test #102: qa_dc_blocker ........................   Passed    
        Start 103: qa_fft_filter
103/204 Test #103: qa_fft_filter ........................   Passed   
        Start 104: qa_file_taps_loader
104/204 Test #104: qa_file_taps_loader ..................***Failed    
        Start 105: qa_filter_delay_fc
105/204 Test #105: qa_filter_delay_fc ...................   Passed    
        Start 106: qa_filterbank
106/204 Test #106: qa_filterbank ........................   Passed    
        Start 107: qa_fir_filter
107/204 Test #107: qa_fir_filter ........................   Passed    
        Start 108: qa_firdes
108/204 Test #108: qa_firdes ............................   Passed    
        Start 109: qa_fractional_interpolator
109/204 Test #109: qa_fractional_interpolator ...........   Passed    
        Start 110: qa_fractional_resampler
110/204 Test #110: qa_fractional_resampler ..............   Passed    
        Start 111: qa_freq_xlating_fft_filter
111/204 Test #111: qa_freq_xlating_fft_filter ...........   Passed    
        Start 112: qa_freq_xlating_fir_filter
112/204 Test #112: qa_freq_xlating_fir_filter ...........   Passed    
        Start 113: qa_hilbert
113/204 Test #113: qa_hilbert ...........................   Passed    
        Start 114: qa_iir_filter
114/204 Test #114: qa_iir_filter ........................   Passed    
        Start 115: qa_interp_fir_filter
115/204 Test #115: qa_interp_fir_filter .................   Passed    
        Start 116: qa_pfb_arb_resampler
116/204 Test #116: qa_pfb_arb_resampler .................   Passed    
        Start 117: qa_pfb_channelizer
117/204 Test #117: qa_pfb_channelizer ...................   Passed    
        Start 118: qa_pfb_decimator
118/204 Test #118: qa_pfb_decimator .....................   Passed    
        Start 119: qa_pfb_interpolator
119/204 Test #119: qa_pfb_interpolator ..................   Passed    
        Start 120: qa_pfb_synthesizer
120/204 Test #120: qa_pfb_synthesizer ...................   Passed    
        Start 121: qa_pm_remez
121/204 Test #121: qa_pm_remez ..........................   Passed    
        Start 122: qa_rational_resampler
122/204 Test #122: qa_rational_resampler ................   Passed    
        Start 123: qa_single_pole_iir
123/204 Test #123: qa_single_pole_iir ...................   Passed    
        Start 124: qa_agc
124/204 Test #124: qa_agc ...............................   Passed    
        Start 125: qa_cpfsk
125/204 Test #125: qa_cpfsk .............................   Passed    
        Start 126: qa_ctcss_squelch
126/204 Test #126: qa_ctcss_squelch .....................   Passed    
        Start 127: qa_dpll
127/204 Test #127: qa_dpll ..............................   Passed    
        Start 128: qa_fastnoise
128/204 Test #128: qa_fastnoise .........................   Passed   
        Start 129: qa_fm_emph
129/204 Test #129: qa_fm_emph ...........................   Passed    
        Start 130: qa_fmdet
130/204 Test #130: qa_fmdet .............................   Passed    
        Start 131: qa_frequency_modulator
131/204 Test #131: qa_frequency_modulator ...............   Passed    
        Start 132: qa_noise
132/204 Test #132: qa_noise .............................   Passed    
        Start 133: qa_phase_modulator
133/204 Test #133: qa_phase_modulator ...................   Passed    
        Start 134: qa_pll_carriertracking
134/204 Test #134: qa_pll_carriertracking ...............   Passed    
        Start 135: qa_pll_freqdet
135/204 Test #135: qa_pll_freqdet .......................   Passed    
        Start 136: qa_pll_refout
136/204 Test #136: qa_pll_refout ........................   Passed    
        Start 137: qa_probe_avg_mag_sqrd
137/204 Test #137: qa_probe_avg_mag_sqrd ................   Passed    
        Start 138: qa_pwr_squelch
138/204 Test #138: qa_pwr_squelch .......................   Passed    
        Start 139: qa_quadrature_demod
139/204 Test #139: qa_quadrature_demod ..................   Passed    
        Start 140: qa_rail_ff
140/204 Test #140: qa_rail_ff ...........................   Passed    
        Start 141: qa_random_uniform_source
141/204 Test #141: qa_random_uniform_source .............   Passed    
        Start 142: qa_sig_source
142/204 Test #142: qa_sig_source ........................   Passed    
        Start 143: qa_simple_squelch
143/204 Test #143: qa_simple_squelch ....................   Passed    
        Start 144: qa_binary_slicer_fb
144/204 Test #144: qa_binary_slicer_fb ..................   Passed    
        Start 145: qa_burst_shaper
145/204 Test #145: qa_burst_shaper ......................   Passed    
        Start 146: qa_chunks_to_symbols
146/204 Test #146: qa_chunks_to_symbols .................   Passed    
        Start 147: qa_clock_recovery_mm
147/204 Test #147: qa_clock_recovery_mm .................   Passed    
        Start 148: qa_cma_equalizer
148/204 Test #148: qa_cma_equalizer .....................   Passed    
        Start 149: qa_constellation
149/204 Test #149: qa_constellation .....................   Passed   
        Start 150: qa_constellation_decoder_cb
150/204 Test #150: qa_constellation_decoder_cb ..........   Passed    
        Start 151: qa_constellation_encoder_bc
151/204 Test #151: qa_constellation_encoder_bc ..........   Passed    
        Start 152: qa_constellation_receiver
152/204 Test #152: qa_constellation_receiver ............   Passed   
        Start 153: qa_constellation_soft_decoder_cf
153/204 Test #153: qa_constellation_soft_decoder_cf .....   Passed   
        Start 154: qa_correlate_access_code
154/204 Test #154: qa_correlate_access_code .............   Passed    
        Start 155: qa_correlate_access_code_XX_ts
155/204 Test #155: qa_correlate_access_code_XX_ts .......   Passed    
        Start 156: qa_correlate_access_code_tag
156/204 Test #156: qa_correlate_access_code_tag .........   Passed    
        Start 157: qa_costas_loop_cc
157/204 Test #157: qa_costas_loop_cc ....................   Passed    
        Start 158: qa_cpm
158/204 Test #158: qa_cpm ...............................   Passed    
        Start 159: qa_crc32
159/204 Test #159: qa_crc32 .............................   Passed    
        Start 160: qa_crc32_bb
160/204 Test #160: qa_crc32_bb ..........................   Passed    
        Start 161: qa_decision_feedback_equalizer
161/204 Test #161: qa_decision_feedback_equalizer .......   Passed    
        Start 162: qa_diff_encoder
162/204 Test #162: qa_diff_encoder ......................   Passed    
        Start 163: qa_diff_phasor_cc
163/204 Test #163: qa_diff_phasor_cc ....................   Passed    
        Start 164: qa_digital
164/204 Test #164: qa_digital ...........................   Passed    
        Start 165: qa_fll_band_edge
165/204 Test #165: qa_fll_band_edge .....................   Passed    
        Start 166: qa_framer_sink
166/204 Test #166: qa_framer_sink .......................   Passed    
        Start 167: qa_glfsr_source
167/204 Test #167: qa_glfsr_source ......................   Passed    
        Start 168: qa_hdlc_framer
168/204 Test #168: qa_hdlc_framer .......................   Passed    
        Start 169: qa_header_payload_demux
169/204 Test #169: qa_header_payload_demux ..............   Passed    
        Start 170: qa_lfsr
170/204 Test #170: qa_lfsr ..............................   Passed    
        Start 171: qa_linear_equalizer
171/204 Test #171: qa_linear_equalizer ..................   Passed    
        Start 172: qa_lms_equalizer
172/204 Test #172: qa_lms_equalizer .....................   Passed    
        Start 173: qa_map
173/204 Test #173: qa_map ...............................   Passed    
        Start 174: qa_meas_evm_cc
174/204 Test #174: qa_meas_evm_cc .......................   Passed    
        Start 175: qa_mpsk_snr_est
175/204 Test #175: qa_mpsk_snr_est ......................   Passed    
        Start 176: qa_ofdm_carrier_allocator_cvc
176/204 Test #176: qa_ofdm_carrier_allocator_cvc ........   Passed    
        Start 177: qa_ofdm_chanest_vcvc
177/204 Test #177: qa_ofdm_chanest_vcvc .................   Passed    
        Start 178: qa_ofdm_cyclic_prefixer
178/204 Test #178: qa_ofdm_cyclic_prefixer ..............   Passed    
        Start 179: qa_ofdm_frame_equalizer_vcvc
179/204 Test #179: qa_ofdm_frame_equalizer_vcvc .........   Passed    
        Start 180: qa_ofdm_serializer_vcc
180/204 Test #180: qa_ofdm_serializer_vcc ...............   Passed    
        Start 181: qa_ofdm_sync_sc_cfb
181/204 Test #181: qa_ofdm_sync_sc_cfb ..................   Passed    
        Start 182: qa_ofdm_txrx
182/204 Test #182: qa_ofdm_txrx .........................   Passed    
        Start 183: qa_packet_format
183/204 Test #183: qa_packet_format .....................   Passed    
        Start 184: qa_packet_headergenerator_bb
184/204 Test #184: qa_packet_headergenerator_bb .........   Passed    
        Start 185: qa_packet_headerparser_b
185/204 Test #185: qa_packet_headerparser_b .............   Passed    
        Start 186: qa_pfb_clock_sync
186/204 Test #186: qa_pfb_clock_sync ....................   Passed    
        Start 187: qa_pn_correlator_cc
187/204 Test #187: qa_pn_correlator_cc ..................   Passed    
        Start 188: qa_probe_density
188/204 Test #188: qa_probe_density .....................   Passed    
        Start 189: qa_scrambler
189/204 Test #189: qa_scrambler .........................   Passed    
        Start 190: qa_simple_correlator
190/204 Test #190: qa_simple_correlator .................   Passed    
        Start 191: qa_simple_framer
191/204 Test #191: qa_simple_framer .....................   Passed    
        Start 192: qa_channel_model
192/204 Test #192: qa_channel_model .....................   Passed    
        Start 193: qa_fading_model
193/204 Test #193: qa_fading_model ......................   Passed    
        Start 194: qa_trellis
194/204 Test #194: qa_trellis ...........................   Passed    
        Start 195: test_modtool
195/204 Test #195: test_modtool .........................***Failed    
        Start 196: qa_classify
196/204 Test #196: qa_classify ..........................   Passed    
        Start 197: qa_zeromq_pub
197/204 Test #197: qa_zeromq_pub ........................   Passed    
        Start 198: qa_zeromq_pubsub
198/204 Test #198: qa_zeromq_pubsub .....................   Passed    
        Start 199: qa_zeromq_pull_msg_source
199/204 Test #199: qa_zeromq_pull_msg_source ............   Passed    
        Start 200: qa_zeromq_pushpull
200/204 Test #200: qa_zeromq_pushpull ...................   Passed    
        Start 201: qa_zeromq_req_msg_source
201/204 Test #201: qa_zeromq_req_msg_source .............   Passed    
        Start 202: qa_zeromq_reqrep
202/204 Test #202: qa_zeromq_reqrep .....................   Passed    
        Start 203: qa_zeromq_sub
203/204 Test #203: qa_zeromq_sub ........................   Passed    
        Start 204: qa_zeromq_sub_msg_source
204/204 Test #204: qa_zeromq_sub_msg_source .............   Passed    

95% tests passed, 11 tests failed out of 204

Total Test time (real) = 

The following tests FAILED:
	 23 - qa_file_metadata (Failed)
	 41 - qa_nlog10 (Failed)
	 76 - qa_type_conversions (Failed)
	 83 - qa_wavfile (Failed)
	 84 - test_rs (Not Run)
	 88 - qa_fecapi_cc (Failed)
	 90 - qa_fecapi_dummy (Failed)
	 91 - qa_fecapi_ldpc (Failed)
	 92 - qa_fecapi_repetition (Failed)
	104 - qa_file_taps_loader (Failed)
	195 - test_modtool (Failed)
Errors while running CTest
Output from these tests are in: /usr/lib/gnuradio/ptest/Testing/Temporary/LastTest.log
Use "--rerun-failed --output-on-failure" to re-run the failed cases verbosely.

ERROR: Exit status is 8
DURATION: 792
END: /usr/lib/gnuradio/ptest
2021-07-09T19:32
2021-07-09T19:32
BEGIN: /usr/lib/volk/ptest
Test project /usr/lib/volk/ptest
        Start   1: qa_volk_16i_32fc_dot_prod_32fc
  1/134 Test   #1: qa_volk_16i_32fc_dot_prod_32fc .......................   Passed    
        Start   2: qa_volk_16i_branch_4_state_8
  2/134 Test   #2: qa_volk_16i_branch_4_state_8 .........................   Passed    
        Start   3: qa_volk_16i_convert_8i
  3/134 Test   #3: qa_volk_16i_convert_8i ...............................   Passed    
        Start   4: qa_volk_16i_max_star_16i
  4/134 Test   #4: qa_volk_16i_max_star_16i .............................   Passed    
        Start   5: qa_volk_16i_max_star_horizontal_16i
  5/134 Test   #5: qa_volk_16i_max_star_horizontal_16i ..................   Passed    
        Start   6: qa_volk_16i_permute_and_scalar_add
  6/134 Test   #6: qa_volk_16i_permute_and_scalar_add ...................   Passed    
        Start   7: qa_volk_16i_s32f_convert_32f
  7/134 Test   #7: qa_volk_16i_s32f_convert_32f .........................   Passed    
        Start   8: qa_volk_16i_x4_quad_max_star_16i
  8/134 Test   #8: qa_volk_16i_x4_quad_max_star_16i .....................   Passed    
        Start   9: qa_volk_16i_x5_add_quad_16i_x4
  9/134 Test   #9: qa_volk_16i_x5_add_quad_16i_x4 .......................   Passed    
        Start  10: qa_volk_16ic_convert_32fc
 10/134 Test  #10: qa_volk_16ic_convert_32fc ............................   Passed    
        Start  11: qa_volk_16ic_deinterleave_16i_x2
 11/134 Test  #11: qa_volk_16ic_deinterleave_16i_x2 .....................   Passed    
        Start  12: qa_volk_16ic_deinterleave_real_16i
 12/134 Test  #12: qa_volk_16ic_deinterleave_real_16i ...................   Passed    
        Start  13: qa_volk_16ic_deinterleave_real_8i
 13/134 Test  #13: qa_volk_16ic_deinterleave_real_8i ....................   Passed    
        Start  14: qa_volk_16ic_magnitude_16i
 14/134 Test  #14: qa_volk_16ic_magnitude_16i ...........................   Passed    
        Start  15: qa_volk_16ic_s32f_deinterleave_32f_x2
 15/134 Test  #15: qa_volk_16ic_s32f_deinterleave_32f_x2 ................   Passed    
        Start  16: qa_volk_16ic_s32f_deinterleave_real_32f
 16/134 Test  #16: qa_volk_16ic_s32f_deinterleave_real_32f ..............   Passed    
        Start  17: qa_volk_16ic_s32f_magnitude_32f
 17/134 Test  #17: qa_volk_16ic_s32f_magnitude_32f ......................   Passed    
        Start  18: qa_volk_16ic_x2_dot_prod_16ic
 18/134 Test  #18: qa_volk_16ic_x2_dot_prod_16ic ........................   Passed    
        Start  19: qa_volk_16ic_x2_multiply_16ic
 19/134 Test  #19: qa_volk_16ic_x2_multiply_16ic ........................   Passed    
        Start  20: qa_volk_16u_byteswap
 20/134 Test  #20: qa_volk_16u_byteswap .................................   Passed    
        Start  21: qa_volk_16u_byteswappuppet_16u
 21/134 Test  #21: qa_volk_16u_byteswappuppet_16u .......................   Passed    
        Start  22: qa_volk_32f_64f_add_64f
 22/134 Test  #22: qa_volk_32f_64f_add_64f ..............................   Passed    
        Start  23: qa_volk_32f_64f_multiply_64f
 23/134 Test  #23: qa_volk_32f_64f_multiply_64f .........................   Passed    
        Start  24: qa_volk_32f_8u_polarbutterfly_32f
 24/134 Test  #24: qa_volk_32f_8u_polarbutterfly_32f ....................   Passed    
        Start  25: qa_volk_32f_8u_polarbutterflypuppet_32f
 25/134 Test  #25: qa_volk_32f_8u_polarbutterflypuppet_32f ..............   Passed    
        Start  26: qa_volk_32f_accumulator_s32f
 26/134 Test  #26: qa_volk_32f_accumulator_s32f .........................   Passed    
        Start  27: qa_volk_32f_acos_32f
 27/134 Test  #27: qa_volk_32f_acos_32f .................................   Passed    
        Start  28: qa_volk_32f_asin_32f
 28/134 Test  #28: qa_volk_32f_asin_32f .................................   Passed    
        Start  29: qa_volk_32f_atan_32f
 29/134 Test  #29: qa_volk_32f_atan_32f .................................   Passed    
        Start  30: qa_volk_32f_binary_slicer_32i
 30/134 Test  #30: qa_volk_32f_binary_slicer_32i ........................   Passed    
        Start  31: qa_volk_32f_binary_slicer_8i
 31/134 Test  #31: qa_volk_32f_binary_slicer_8i .........................   Passed    
        Start  32: qa_volk_32f_convert_64f
 32/134 Test  #32: qa_volk_32f_convert_64f ..............................   Passed    
        Start  33: qa_volk_32f_cos_32f
 33/134 Test  #33: qa_volk_32f_cos_32f ..................................   Passed    
        Start  34: qa_volk_32f_exp_32f
 34/134 Test  #34: qa_volk_32f_exp_32f ..................................   Passed    
        Start  35: qa_volk_32f_expfast_32f
 35/134 Test  #35: qa_volk_32f_expfast_32f ..............................   Passed    
        Start  36: qa_volk_32f_index_max_16u
 36/134 Test  #36: qa_volk_32f_index_max_16u ............................   Passed    
        Start  37: qa_volk_32f_index_max_32u
 37/134 Test  #37: qa_volk_32f_index_max_32u ............................   Passed    
        Start  38: qa_volk_32f_invsqrt_32f
 38/134 Test  #38: qa_volk_32f_invsqrt_32f ..............................   Passed    
        Start  39: qa_volk_32f_log2_32f
 39/134 Test  #39: qa_volk_32f_log2_32f .................................   Passed    
        Start  40: qa_volk_32f_null_32f
 40/134 Test  #40: qa_volk_32f_null_32f .................................   Passed    
        Start  41: qa_volk_32f_s32f_32f_fm_detect_32f
 41/134 Test  #41: qa_volk_32f_s32f_32f_fm_detect_32f ...................   Passed    
        Start  42: qa_volk_32f_s32f_add_32f
 42/134 Test  #42: qa_volk_32f_s32f_add_32f .............................   Passed    
        Start  43: qa_volk_32f_s32f_calc_spectral_noise_floor_32f
 43/134 Test  #43: qa_volk_32f_s32f_calc_spectral_noise_floor_32f .......   Passed    
        Start  44: qa_volk_32f_s32f_convert_16i
 44/134 Test  #44: qa_volk_32f_s32f_convert_16i .........................   Passed    
        Start  45: qa_volk_32f_s32f_convert_32i
 45/134 Test  #45: qa_volk_32f_s32f_convert_32i .........................   Passed    
        Start  46: qa_volk_32f_s32f_convert_8i
 46/134 Test  #46: qa_volk_32f_s32f_convert_8i ..........................   Passed    
        Start  47: qa_volk_32f_s32f_mod_rangepuppet_32f
 47/134 Test  #47: qa_volk_32f_s32f_mod_rangepuppet_32f .................   Passed    
        Start  48: qa_volk_32f_s32f_multiply_32f
 48/134 Test  #48: qa_volk_32f_s32f_multiply_32f ........................   Passed    
        Start  49: qa_volk_32f_s32f_normalize
 49/134 Test  #49: qa_volk_32f_s32f_normalize ...........................   Passed    
        Start  50: qa_volk_32f_s32f_power_32f
 50/134 Test  #50: qa_volk_32f_s32f_power_32f ...........................   Passed    
        Start  51: qa_volk_32f_s32f_s32f_mod_range_32f
 51/134 Test  #51: qa_volk_32f_s32f_s32f_mod_range_32f ..................   Passed    
        Start  52: qa_volk_32f_s32f_stddev_32f
 52/134 Test  #52: qa_volk_32f_s32f_stddev_32f ..........................   Passed    
        Start  53: qa_volk_32f_sin_32f
 53/134 Test  #53: qa_volk_32f_sin_32f ..................................   Passed    
        Start  54: qa_volk_32f_sqrt_32f
 54/134 Test  #54: qa_volk_32f_sqrt_32f .................................   Passed    
        Start  55: qa_volk_32f_stddev_and_mean_32f_x2
 55/134 Test  #55: qa_volk_32f_stddev_and_mean_32f_x2 ...................   Passed    
        Start  56: qa_volk_32f_tan_32f
 56/134 Test  #56: qa_volk_32f_tan_32f ..................................   Passed    
        Start  57: qa_volk_32f_tanh_32f
 57/134 Test  #57: qa_volk_32f_tanh_32f .................................   Passed    
        Start  58: qa_volk_32f_x2_add_32f
 58/134 Test  #58: qa_volk_32f_x2_add_32f ...............................   Passed    
        Start  59: qa_volk_32f_x2_divide_32f
 59/134 Test  #59: qa_volk_32f_x2_divide_32f ............................   Passed    
        Start  60: qa_volk_32f_x2_dot_prod_16i
 60/134 Test  #60: qa_volk_32f_x2_dot_prod_16i ..........................   Passed    
        Start  61: qa_volk_32f_x2_dot_prod_32f
 61/134 Test  #61: qa_volk_32f_x2_dot_prod_32f ..........................   Passed    
        Start  62: qa_volk_32f_x2_fm_detectpuppet_32f
 62/134 Test  #62: qa_volk_32f_x2_fm_detectpuppet_32f ...................   Passed    
        Start  63: qa_volk_32f_x2_interleave_32fc
 63/134 Test  #63: qa_volk_32f_x2_interleave_32fc .......................   Passed    
        Start  64: qa_volk_32f_x2_max_32f
 64/134 Test  #64: qa_volk_32f_x2_max_32f ...............................   Passed    
        Start  65: qa_volk_32f_x2_min_32f
 65/134 Test  #65: qa_volk_32f_x2_min_32f ...............................   Passed    
        Start  66: qa_volk_32f_x2_multiply_32f
 66/134 Test  #66: qa_volk_32f_x2_multiply_32f ..........................   Passed    
        Start  67: qa_volk_32f_x2_pow_32f
 67/134 Test  #67: qa_volk_32f_x2_pow_32f ...............................   Passed    
        Start  68: qa_volk_32f_x2_s32f_interleave_16ic
 68/134 Test  #68: qa_volk_32f_x2_s32f_interleave_16ic ..................   Passed    
        Start  69: qa_volk_32f_x2_subtract_32f
 69/134 Test  #69: qa_volk_32f_x2_subtract_32f ..........................   Passed    
        Start  70: qa_volk_32f_x3_sum_of_poly_32f
 70/134 Test  #70: qa_volk_32f_x3_sum_of_poly_32f .......................   Passed    
        Start  71: qa_volk_32fc_32f_add_32fc
 71/134 Test  #71: qa_volk_32fc_32f_add_32fc ............................   Passed    
        Start  72: qa_volk_32fc_32f_dot_prod_32fc
 72/134 Test  #72: qa_volk_32fc_32f_dot_prod_32fc .......................   Passed    
        Start  73: qa_volk_32fc_32f_multiply_32fc
 73/134 Test  #73: qa_volk_32fc_32f_multiply_32fc .......................   Passed    
        Start  74: qa_volk_32fc_conjugate_32fc
 74/134 Test  #74: qa_volk_32fc_conjugate_32fc ..........................   Passed    
        Start  75: qa_volk_32fc_convert_16ic
 75/134 Test  #75: qa_volk_32fc_convert_16ic ............................   Passed    
        Start  76: qa_volk_32fc_deinterleave_32f_x2
 76/134 Test  #76: qa_volk_32fc_deinterleave_32f_x2 .....................   Passed    
        Start  77: qa_volk_32fc_deinterleave_64f_x2
 77/134 Test  #77: qa_volk_32fc_deinterleave_64f_x2 .....................   Passed    
        Start  78: qa_volk_32fc_deinterleave_imag_32f
 78/134 Test  #78: qa_volk_32fc_deinterleave_imag_32f ...................   Passed    
        Start  79: qa_volk_32fc_deinterleave_real_32f
 79/134 Test  #79: qa_volk_32fc_deinterleave_real_32f ...................   Passed    
        Start  80: qa_volk_32fc_deinterleave_real_64f
 80/134 Test  #80: qa_volk_32fc_deinterleave_real_64f ...................   Passed    
        Start  81: qa_volk_32fc_index_max_16u
 81/134 Test  #81: qa_volk_32fc_index_max_16u ...........................   Passed    
        Start  82: qa_volk_32fc_index_max_32u
 82/134 Test  #82: qa_volk_32fc_index_max_32u ...........................   Passed    
        Start  83: qa_volk_32fc_magnitude_32f
 83/134 Test  #83: qa_volk_32fc_magnitude_32f ...........................   Passed    
        Start  84: qa_volk_32fc_magnitude_squared_32f
 84/134 Test  #84: qa_volk_32fc_magnitude_squared_32f ...................   Passed    
        Start  85: qa_volk_32fc_s32f_atan2_32f
 85/134 Test  #85: qa_volk_32fc_s32f_atan2_32f ..........................   Passed    
        Start  86: qa_volk_32fc_s32f_deinterleave_real_16i
 86/134 Test  #86: qa_volk_32fc_s32f_deinterleave_real_16i ..............   Passed    
        Start  87: qa_volk_32fc_s32f_magnitude_16i
 87/134 Test  #87: qa_volk_32fc_s32f_magnitude_16i ......................   Passed    
        Start  88: qa_volk_32fc_s32f_power_32fc
 88/134 Test  #88: qa_volk_32fc_s32f_power_32fc .........................   Passed    
        Start  89: qa_volk_32fc_s32f_power_spectral_densitypuppet_32f
 89/134 Test  #89: qa_volk_32fc_s32f_power_spectral_densitypuppet_32f ...   Passed    
        Start  90: qa_volk_32fc_s32f_power_spectrum_32f
 90/134 Test  #90: qa_volk_32fc_s32f_power_spectrum_32f .................   Passed    
        Start  91: qa_volk_32fc_s32f_x2_power_spectral_density_32f
 91/134 Test  #91: qa_volk_32fc_s32f_x2_power_spectral_density_32f ......   Passed    
        Start  92: qa_volk_32fc_s32fc_multiply_32fc
 92/134 Test  #92: qa_volk_32fc_s32fc_multiply_32fc .....................   Passed    
        Start  93: qa_volk_32fc_s32fc_rotatorpuppet_32fc
 93/134 Test  #93: qa_volk_32fc_s32fc_rotatorpuppet_32fc ................   Passed    
        Start  94: qa_volk_32fc_s32fc_x2_rotator_32fc
 94/134 Test  #94: qa_volk_32fc_s32fc_x2_rotator_32fc ...................   Passed    
        Start  95: qa_volk_32fc_x2_add_32fc
 95/134 Test  #95: qa_volk_32fc_x2_add_32fc .............................   Passed    
        Start  96: qa_volk_32fc_x2_conjugate_dot_prod_32fc
 96/134 Test  #96: qa_volk_32fc_x2_conjugate_dot_prod_32fc ..............   Passed    
        Start  97: qa_volk_32fc_x2_divide_32fc
 97/134 Test  #97: qa_volk_32fc_x2_divide_32fc ..........................   Passed    
        Start  98: qa_volk_32fc_x2_dot_prod_32fc
 98/134 Test  #98: qa_volk_32fc_x2_dot_prod_32fc ........................   Passed    
        Start  99: qa_volk_32fc_x2_multiply_32fc
 99/134 Test  #99: qa_volk_32fc_x2_multiply_32fc ........................   Passed    
        Start 100: qa_volk_32fc_x2_multiply_conjugate_32fc
100/134 Test #100: qa_volk_32fc_x2_multiply_conjugate_32fc ..............   Passed    
        Start 101: qa_volk_32fc_x2_s32f_square_dist_scalar_mult_32f
101/134 Test #101: qa_volk_32fc_x2_s32f_square_dist_scalar_mult_32f .....   Passed    
        Start 102: qa_volk_32fc_x2_s32fc_multiply_conjugate_add_32fc
102/134 Test #102: qa_volk_32fc_x2_s32fc_multiply_conjugate_add_32fc ....   Passed    
        Start 103: qa_volk_32fc_x2_square_dist_32f
103/134 Test #103: qa_volk_32fc_x2_square_dist_32f ......................   Passed    
        Start 104: qa_volk_32i_s32f_convert_32f
104/134 Test #104: qa_volk_32i_s32f_convert_32f .........................   Passed    
        Start 105: qa_volk_32i_x2_and_32i
105/134 Test #105: qa_volk_32i_x2_and_32i ...............................   Passed    
        Start 106: qa_volk_32i_x2_or_32i
106/134 Test #106: qa_volk_32i_x2_or_32i ................................   Passed    
        Start 107: qa_volk_32u_byteswap
107/134 Test #107: qa_volk_32u_byteswap .................................   Passed    
        Start 108: qa_volk_32u_byteswappuppet_32u
108/134 Test #108: qa_volk_32u_byteswappuppet_32u .......................   Passed    
        Start 109: qa_volk_32u_popcnt
109/134 Test #109: qa_volk_32u_popcnt ...................................   Passed    
        Start 110: qa_volk_32u_popcntpuppet_32u
110/134 Test #110: qa_volk_32u_popcntpuppet_32u .........................   Passed    
        Start 111: qa_volk_32u_reverse_32u
111/134 Test #111: qa_volk_32u_reverse_32u ..............................   Passed    
        Start 112: qa_volk_64f_convert_32f
112/134 Test #112: qa_volk_64f_convert_32f ..............................   Passed    
        Start 113: qa_volk_64f_x2_add_64f
113/134 Test #113: qa_volk_64f_x2_add_64f ...............................   Passed    
        Start 114: qa_volk_64f_x2_max_64f
114/134 Test #114: qa_volk_64f_x2_max_64f ...............................   Passed    
        Start 115: qa_volk_64f_x2_min_64f
115/134 Test #115: qa_volk_64f_x2_min_64f ...............................   Passed    
        Start 116: qa_volk_64f_x2_multiply_64f
116/134 Test #116: qa_volk_64f_x2_multiply_64f ..........................   Passed    
        Start 117: qa_volk_64u_byteswap
117/134 Test #117: qa_volk_64u_byteswap .................................   Passed    
        Start 118: qa_volk_64u_byteswappuppet_64u
118/134 Test #118: qa_volk_64u_byteswappuppet_64u .......................   Passed    
        Start 119: qa_volk_64u_popcnt
119/134 Test #119: qa_volk_64u_popcnt ...................................   Passed    
        Start 120: qa_volk_64u_popcntpuppet_64u
120/134 Test #120: qa_volk_64u_popcntpuppet_64u .........................   Passed    
        Start 121: qa_volk_8i_convert_16i
121/134 Test #121: qa_volk_8i_convert_16i ...............................   Passed    
        Start 122: qa_volk_8i_s32f_convert_32f
122/134 Test #122: qa_volk_8i_s32f_convert_32f ..........................   Passed    
        Start 123: qa_volk_8ic_deinterleave_16i_x2
123/134 Test #123: qa_volk_8ic_deinterleave_16i_x2 ......................   Passed    
        Start 124: qa_volk_8ic_deinterleave_real_16i
124/134 Test #124: qa_volk_8ic_deinterleave_real_16i ....................   Passed    
        Start 125: qa_volk_8ic_deinterleave_real_8i
125/134 Test #125: qa_volk_8ic_deinterleave_real_8i .....................   Passed    
        Start 126: qa_volk_8ic_s32f_deinterleave_32f_x2
126/134 Test #126: qa_volk_8ic_s32f_deinterleave_32f_x2 .................   Passed    
        Start 127: qa_volk_8ic_s32f_deinterleave_real_32f
127/134 Test #127: qa_volk_8ic_s32f_deinterleave_real_32f ...............   Passed    
        Start 128: qa_volk_8ic_x2_multiply_conjugate_16ic
128/134 Test #128: qa_volk_8ic_x2_multiply_conjugate_16ic ...............   Passed    
        Start 129: qa_volk_8ic_x2_s32f_multiply_conjugate_32fc
129/134 Test #129: qa_volk_8ic_x2_s32f_multiply_conjugate_32fc ..........   Passed    
        Start 130: qa_volk_8u_conv_k7_r2puppet_8u
130/134 Test #130: qa_volk_8u_conv_k7_r2puppet_8u .......................   Passed    
        Start 131: qa_volk_8u_x2_encodeframepolar_8u
131/134 Test #131: qa_volk_8u_x2_encodeframepolar_8u ....................   Passed    
        Start 132: qa_volk_8u_x3_encodepolar_8u_x2
132/134 Test #132: qa_volk_8u_x3_encodepolar_8u_x2 ......................   Passed    
        Start 133: qa_volk_8u_x3_encodepolarpuppet_8u
133/134 Test #133: qa_volk_8u_x3_encodepolarpuppet_8u ...................   Passed    
        Start 134: qa_volk_8u_x4_conv_k7_r2_8u
134/134 Test #134: qa_volk_8u_x4_conv_k7_r2_8u ..........................   Passed    

100% tests passed, 0 tests failed out of 134

Total Test time (real) =  
DURATION: 15
END: /usr/lib/volk/ptest
2021-07-09T19:32
STOP: ptest-runner
