START: ptest-runner
2021-07-09T23:52
BEGIN: /usr/lib/fftw/ptest
Executing "/usr/lib/fftw/ptest/fftw/bench --verbose=1   --verify 'ok3e11x12e11x12o10*15' --verify 'ik3e11x12e11x12o10*15' --verify 'obrd24x3*16' --verify 'ibrd24x3*16' --verify 'ofrd24x3*16' --verify 'ifrd24x3*16' --verify '//obcd24x3*16' --verify '//ibcd24x3*16' --verify '//ofcd24x3*16' --verify '//ifcd24x3*16' --verify 'obcd24x3*16' --verify 'ibcd24x3*16' --verify 'ofcd24x3*16' --verify 'ifcd24x3*16' --verify 'okd9o11x15o01x11e11' --verify 'ikd9o11x15o01x11e11' --verify '//obrd10x11x8' --verify '//ofrd10x11x8' --verify 'obrd10x11x8' --verify 'ibrd10x11x8' --verify 'ofrd10x11x8' --verify 'ifrd10x11x8' --verify '//obcd10x11x8' --verify '//ibcd10x11x8' --verify '//ofcd10x11x8' --verify '//ifcd10x11x8' --verify 'obcd10x11x8' --verify 'ibcd10x11x8' --verify 'ofcd10x11x8' --verify 'ifcd10x11x8' --verify 'ok7722o11' --verify 'ik7722o11' --verify 'obrd40v48' --verify 'ibrd40v48' --verify 'ofrd40v48' --verify 'ifrd40v48' --verify '//obcd40v48' --verify '//ibcd40v48' --verify '//ofcd40v48' --verify '//ifcd40v48' --verify 'obcd40v48' --verify 'ibcd40v48' --verify 'ofcd40v48' --verify 'ifcd40v48'"
ok3e11x12e11x12o10*15 4.25325e-16 3.8088e-15 5.07882e-16
ik3e11x12e11x12o10*15 5.08703e-16 3.30198e-15 4.78729e-16
obrd24x3*16 3.05656e-16 5.56074e-16 5.51166e-16
ibrd24x3*16 2.97664e-16 4.4486e-16 5.36296e-16
ofrd24x3*16 3.3095e-16 3.33645e-16 7.41908e-16
ifrd24x3*16 3.40621e-16 3.33645e-16 8.07869e-16
//obcd24x3*16 3.1634e-16 5.56074e-16 7.70154e-16
//ibcd24x3*16 4.09395e-16 4.4486e-16 8.54278e-16
//ofcd24x3*16 3.60002e-16 4.4486e-16 8.48491e-16
//ifcd24x3*16 3.70782e-16 5.56074e-16 7.74777e-16
obcd24x3*16 4.08802e-16 4.4486e-16 8.35388e-16
ibcd24x3*16 3.68598e-16 4.4486e-16 8.03651e-16
ofcd24x3*16 3.72529e-16 4.4486e-16 8.65584e-16
ifcd24x3*16 3.29101e-16 5.56074e-16 8.4012e-16
okd9o11x15o01x11e11 4.34187e-16 1.05586e-14 4.77183e-16
ikd9o11x15o01x11e11 4.47002e-16 8.91404e-15 6.0642e-16
//obrd10x11x8 4.03541e-16 9.58096e-16 3.65507e-16
//ofrd10x11x8 3.68245e-16 1.07786e-15 6.73813e-16
obrd10x11x8 3.21817e-16 9.58096e-16 4.72686e-16
ibrd10x11x8 3.83724e-16 9.58096e-16 3.93777e-16
ofrd10x11x8 4.16202e-16 9.58096e-16 5.80952e-16
ifrd10x11x8 3.41531e-16 1.07786e-15 5.67628e-16
//obcd10x11x8 3.81244e-16 1.07786e-15 5.58979e-16
//ibcd10x11x8 4.34198e-16 1.07786e-15 5.30649e-16
//ofcd10x11x8 3.4274e-16 1.07786e-15 5.49766e-16
//ifcd10x11x8 3.83729e-16 1.07786e-15 5.31836e-16
obcd10x11x8 4.31871e-16 1.07786e-15 5.14331e-16
ibcd10x11x8 3.4767e-16 1.07786e-15 5.66544e-16
ofcd10x11x8 3.77903e-16 1.43714e-15 4.86512e-16
ifcd10x11x8 4.30633e-16 1.07786e-15 4.98869e-16
ok7722o11 4.91849e-16 3.61933e-14 4.68008e-16
ik7722o11 5.37133e-16 2.54241e-14 4.89326e-16
obrd40v48 3.10499e-16 2.86718e-16 4.28241e-16
ibrd40v48 3.72292e-16 4.30077e-16 3.82696e-16
ofrd40v48 3.0785e-16 2.86718e-16 2.92895e-16
ifrd40v48 2.62688e-16 2.86718e-16 3.52478e-16
//obcd40v48 3.01261e-16 2.86718e-16 4.23066e-16
//ibcd40v48 4.10401e-16 3.58398e-16 2.85213e-16
//ofcd40v48 3.30556e-16 2.86718e-16 3.79606e-16
//ifcd40v48 3.31797e-16 4.30077e-16 3.79241e-16
obcd40v48 3.82748e-16 4.30077e-16 3.61546e-16
ibcd40v48 3.6203e-16 2.86718e-16 3.29164e-16
ofcd40v48 3.25178e-16 4.30077e-16 4.04652e-16
ifcd40v48 3.62086e-16 2.86718e-16 3.88192e-16
Executing "/usr/lib/fftw/ptest/fftw/bench --verbose=1   --verify 'ok10hx7b*2' --verify 'ik10hx7b*2' --verify 'obr6x10x9v15' --verify 'ibr6x10x9v15' --verify 'ofr6x10x9v15' --verify 'ifr6x10x9v15' --verify '//obc6x10x9v15' --verify '//ibc6x10x9v15' --verify '//ofc6x10x9v15' --verify '//ifc6x10x9v15' --verify 'obc6x10x9v15' --verify 'ibc6x10x9v15' --verify 'ofc6x10x9v15' --verify 'ifc6x10x9v15' --verify 'ok9bx8e10x18e00x10o10' --verify 'ik9bx8e10x18e00x10o10' --verify 'obr11x6v13' --verify 'ibr11x6v13' --verify 'ofr11x6v13' --verify 'ifr11x6v13' --verify '//obc11x6v13' --verify '//ibc11x6v13' --verify '//ofc11x6v13' --verify '//ifc11x6v13' --verify 'obc11x6v13' --verify 'ibc11x6v13' --verify 'ofc11x6v13' --verify 'ifc11x6v13' --verify 'ok63e10*2' --verify 'ik63e10*2' --verify '//obr40x18' --verify '//ofr40x18' --verify 'obr40x18' --verify 'ibr40x18' --verify 'ofr40x18' --verify 'ifr40x18' --verify '//obc40x18' --verify '//ibc40x18' --verify '//ofc40x18' --verify '//ifc40x18' --verify 'obc40x18' --verify 'ibc40x18' --verify 'ofc40x18' --verify 'ifc40x18'"
ok10hx7b*2 4.39945e-16 3.4972e-15 2.75793e-16
ik10hx7b*2 3.64072e-16 3.58047e-15 3.53432e-16
obr6x10x9v15 4.09052e-16 8.15384e-16 6.26524e-16
ibr6x10x9v15 4.37524e-16 8.15384e-16 5.24262e-16
ofr6x10x9v15 4.02118e-16 8.15384e-16 8.54522e-16
ifr6x10x9v15 3.42465e-16 6.52307e-16 8.37089e-16
//obc6x10x9v15 4.06671e-16 6.52307e-16 8.17713e-16
//ibc6x10x9v15 3.82528e-16 6.52307e-16 7.98848e-16
//ofc6x10x9v15 4.10892e-16 6.52307e-16 8.34449e-16
//ifc6x10x9v15 4.12379e-16 6.52307e-16 8.3302e-16
obc6x10x9v15 4.4877e-16 6.52307e-16 8.81842e-16
ibc6x10x9v15 4.72992e-16 6.52307e-16 7.88455e-16
ofc6x10x9v15 3.66173e-16 6.52307e-16 7.92003e-16
ifc6x10x9v15 4.15272e-16 6.52307e-16 8.2879e-16
ok9bx8e10x18e00x10o10 4.72884e-16 9.50351e-14 3.45566e-16
ik9bx8e10x18e00x10o10 5.17651e-16 7.74936e-14 4.685e-16
obr11x6v13 3.52226e-16 5.88685e-16 3.44187e-16
ibr11x6v13 4.07205e-16 5.88685e-16 3.31396e-16
ofr11x6v13 3.20665e-16 4.70948e-16 8.01731e-16
ifr11x6v13 3.61944e-16 3.53211e-16 8.81588e-16
//obc11x6v13 2.88177e-16 5.88685e-16 9.71155e-16
//ibc11x6v13 3.16749e-16 4.70948e-16 9.27848e-16
//ofc11x6v13 3.50482e-16 4.70948e-16 8.78653e-16
//ifc11x6v13 3.7718e-16 3.53211e-16 8.91375e-16
obc11x6v13 4.07499e-16 4.70948e-16 9.37751e-16
ibc11x6v13 3.51369e-16 5.88685e-16 8.72168e-16
ofc11x6v13 3.60296e-16 4.70948e-16 8.07716e-16
ifc11x6v13 3.50839e-16 5.88685e-16 8.25905e-16
ok63e10*2 4.07306e-16 1.33227e-15 5.088e-16
ik63e10*2 4.08755e-16 1.7486e-15 3.67725e-16
//obr40x18 5.20267e-16 6.62009e-16 4.5765e-16
//ofr40x18 3.97917e-16 6.62009e-16 8.67907e-16
obr40x18 3.78469e-16 6.62009e-16 4.67447e-16
ibr40x18 3.89469e-16 5.29607e-16 4.2915e-16
ofr40x18 3.45564e-16 7.94411e-16 7.84659e-16
ifr40x18 3.37987e-16 5.29607e-16 1.00075e-15
//obc40x18 3.83157e-16 6.62009e-16 7.85654e-16
//ibc40x18 3.91415e-16 5.29607e-16 7.73291e-16
//ofc40x18 3.92225e-16 5.29607e-16 7.5877e-16
//ifc40x18 3.72872e-16 5.29607e-16 8.65199e-16
obc40x18 3.45106e-16 5.29607e-16 7.23877e-16
ibc40x18 3.94862e-16 6.62009e-16 8.10533e-16
ofc40x18 4.12413e-16 5.29607e-16 7.99022e-16
ifc40x18 4.12979e-16 6.62009e-16 7.52317e-16
Executing "/usr/lib/fftw/ptest/fftw/bench --verbose=1   --verify 'ofcd8x11x21x11' --verify 'ifcd8x11x21x11' --verify 'ok6e01x9bx6hx6o01' --verify 'ik6e01x9bx6hx6o01' --verify 'obr4x5x7x3v2' --verify 'ibr4x5x7x3v2' --verify 'ofr4x5x7x3v2' --verify 'ifr4x5x7x3v2' --verify '//obc4x5x7x3v2' --verify '//ibc4x5x7x3v2' --verify '//ofc4x5x7x3v2' --verify '//ifc4x5x7x3v2' --verify 'obc4x5x7x3v2' --verify 'ibc4x5x7x3v2' --verify 'ofc4x5x7x3v2' --verify 'ifc4x5x7x3v2' --verify 'okd8e10x16o11*4' --verify 'ikd8e10x16o11*4' --verify 'obr5v26' --verify 'ibr5v26' --verify 'ofr5v26' --verify 'ifr5v26' --verify '//obc5v26' --verify '//ibc5v26' --verify '//ofc5v26' --verify '//ifc5v26' --verify 'obc5v26' --verify 'ibc5v26' --verify 'ofc5v26' --verify 'ifc5v26' --verify 'ok100o01x49e01' --verify 'ik100o01x49e01' --verify 'obr22*28' --verify 'ibr22*28' --verify 'ofr22*28' --verify 'ifr22*28' --verify '//obc22*28' --verify '//ibc22*28' --verify '//ofc22*28' --verify '//ifc22*28' --verify 'obc22*28' --verify 'ibc22*28' --verify 'ofc22*28' --verify 'ifc22*28'"
ofcd8x11x21x11 4.41191e-16 2.19278e-15 6.09478e-16
ifcd8x11x21x11 4.55474e-16 1.99344e-15 6.49106e-16
ok6e01x9bx6hx6o01 4.35745e-16 2.35624e-14 5.51731e-16
ik6e01x9bx6hx6o01 4.47653e-16 2.34475e-14 5.49699e-16
obr4x5x7x3v2 3.67772e-16 7.80096e-16 3.9576e-16
ibr4x5x7x3v2 2.93651e-16 7.80096e-16 3.94372e-16
ofr4x5x7x3v2 3.50759e-16 7.80096e-16 7.14946e-16
ifr4x5x7x3v2 3.70687e-16 6.5008e-16 7.72745e-16
//obc4x5x7x3v2 3.52704e-16 6.5008e-16 6.87919e-16
//ibc4x5x7x3v2 3.37074e-16 5.20064e-16 6.91564e-16
//ofc4x5x7x3v2 3.63989e-16 6.5008e-16 6.1086e-16
//ifc4x5x7x3v2 3.50902e-16 6.5008e-16 6.78423e-16
obc4x5x7x3v2 2.96735e-16 6.5008e-16 6.57858e-16
ibc4x5x7x3v2 3.73123e-16 6.5008e-16 6.58647e-16
ofc4x5x7x3v2 3.25517e-16 7.80096e-16 5.83115e-16
ifc4x5x7x3v2 4.16866e-16 5.20064e-16 6.86971e-16
okd8e10x16o11*4 3.44315e-16 2.08418e-15 3.91489e-16
ikd8e10x16o11*4 3.6182e-16 1.47629e-15 3.76148e-16
obr5v26 3.41925e-16 3.09362e-16 3.38269e-16
ibr5v26 3.24165e-16 3.09362e-16 2.21094e-16
ofr5v26 2.49676e-16 2.06241e-16 3.65302e-16
ifr5v26 3.33759e-16 2.06241e-16 2.90516e-16
//obc5v26 2.89351e-16 3.09362e-16 3.72368e-16
//ibc5v26 3.10723e-16 3.09362e-16 3.4605e-16
//ofc5v26 3.90279e-16 4.12483e-16 3.3504e-16
//ifc5v26 2.2439e-16 2.06241e-16 3.61753e-16
obc5v26 3.54623e-16 3.09362e-16 3.30702e-16
ibc5v26 3.04295e-16 3.09362e-16 3.7265e-16
ofc5v26 2.61467e-16 3.09362e-16 3.85011e-16
ifc5v26 3.07693e-16 3.09362e-16 2.79855e-16
ok100o01x49e01 4.7313e-16 4.85644e-14 4.69276e-16
ik100o01x49e01 5.1711e-16 5.12986e-14 5.19211e-16
obr22*28 3.35862e-16 3.92246e-16 2.92503e-16
ibr22*28 3.50084e-16 4.90308e-16 3.29189e-16
ofr22*28 2.79944e-16 3.92246e-16 4.60963e-16
ifr22*28 3.10167e-16 3.92246e-16 4.38487e-16
//obc22*28 3.13575e-16 3.92246e-16 3.98671e-16
//ibc22*28 4.0908e-16 3.92246e-16 4.82009e-16
//ofc22*28 3.09364e-16 3.92246e-16 4.26934e-16
//ifc22*28 3.80843e-16 3.92246e-16 4.73328e-16
obc22*28 4.38493e-16 3.92246e-16 5.18811e-16
ibc22*28 3.27219e-16 3.92246e-16 4.3141e-16
ofc22*28 3.60843e-16 3.92246e-16 5.67077e-16
ifc22*28 3.68861e-16 4.90308e-16 4.9945e-16
Executing "/usr/lib/fftw/ptest/fftw/bench --verbose=1   --verify 'ok9o01x12e00x5e00x2o10*5' --verify 'ik9o01x12e00x5e00x2o10*5' --verify '//obr16x6x12x4' --verify '//ofr16x6x12x4' --verify 'obr16x6x12x4' --verify 'ibr16x6x12x4' --verify 'ofr16x6x12x4' --verify 'ifr16x6x12x4' --verify '//obc16x6x12x4' --verify '//ibc16x6x12x4' --verify '//ofc16x6x12x4' --verify '//ifc16x6x12x4' --verify 'obc16x6x12x4' --verify 'ibc16x6x12x4' --verify 'ofc16x6x12x4' --verify 'ifc16x6x12x4' --verify 'ok5hx7o10x9o10x10e01*5' --verify 'ik5hx7o10x9o10x10e01*5' --verify 'obr18x6x10*12' --verify 'ibr18x6x10*12' --verify 'ofr18x6x10*12' --verify 'ifr18x6x10*12' --verify '//obc18x6x10*12' --verify '//ibc18x6x10*12' --verify '//ofc18x6x10*12' --verify '//ifc18x6x10*12' --verify 'obc18x6x10*12' --verify 'ibc18x6x10*12' --verify 'ofc18x6x10*12' --verify 'ifc18x6x10*12' --verify 'okd13o11v136' --verify 'ikd13o11v136' --verify '//obrd8x11x21x11' --verify '//ofrd8x11x21x11' --verify 'obrd8x11x21x11' --verify 'ibrd8x11x21x11' --verify 'ofrd8x11x21x11' --verify 'ifrd8x11x21x11' --verify '//obcd8x11x21x11' --verify '//ibcd8x11x21x11' --verify '//ofcd8x11x21x11' --verify '//ifcd8x11x21x11' --verify 'obcd8x11x21x11' --verify 'ibcd8x11x21x11'"
ok9o01x12e00x5e00x2o10*5 4.1164e-16 2.27818e-14 3.56224e-16
ik9o01x12e00x5e00x2o10*5 3.87175e-16 1.98508e-14 4.28583e-16
//obr16x6x12x4 3.46596e-16 2.93084e-15 5.81361e-16
//ofr16x6x12x4 4.05201e-16 2.72149e-15 8.72183e-16
obr16x6x12x4 3.23215e-16 2.93084e-15 4.6711e-16
ibr16x6x12x4 3.93548e-16 2.93084e-15 4.60666e-16
ofr16x6x12x4 3.8598e-16 2.93084e-15 8.81146e-16
ifr16x6x12x4 3.52144e-16 2.72149e-15 8.9924e-16
//obc16x6x12x4 3.59587e-16 2.72149e-15 9.42497e-16
//ibc16x6x12x4 3.43026e-16 2.72149e-15 8.67015e-16
//ofc16x6x12x4 3.70155e-16 2.72149e-15 8.92501e-16
//ifc16x6x12x4 3.63877e-16 2.93084e-15 8.62243e-16
obc16x6x12x4 4.42906e-16 2.93084e-15 8.77545e-16
ibc16x6x12x4 4.36229e-16 2.93084e-15 8.63169e-16
ofc16x6x12x4 3.61151e-16 2.93084e-15 8.01379e-16
ifc16x6x12x4 3.67918e-16 2.93084e-15 8.68776e-16
ok5hx7o10x9o10x10e01*5 4.04404e-16 2.27152e-14 4.41858e-16
ik5hx7o10x9o10x10e01*5 3.97415e-16 1.46549e-14 4.02868e-16
obr18x6x10*12 3.86419e-16 1.05403e-15 5.51679e-16
ibr18x6x10*12 3.96624e-16 9.36915e-16 5.91755e-16
ofr18x6x10*12 4.43295e-16 9.36915e-16 8.13752e-16
ifr18x6x10*12 4.19127e-16 9.36915e-16 8.5463e-16
//obc18x6x10*12 3.93472e-16 9.51555e-16 9.49616e-16
//ibc18x6x10*12 4.27214e-16 9.36915e-16 8.70432e-16
//ofc18x6x10*12 3.85818e-16 1.01011e-15 1.01794e-15
//ifc18x6x10*12 3.94178e-16 9.36915e-16 1.02271e-15
obc18x6x10*12 5.11243e-16 1.01011e-15 9.21447e-16
ibc18x6x10*12 4.30362e-16 9.36915e-16 8.74242e-16
ofc18x6x10*12 3.78887e-16 9.36915e-16 8.64087e-16
ifc18x6x10*12 4.60998e-16 9.36915e-16 8.58291e-16
okd13o11v136 3.9904e-16 7.84301e-16 4.23335e-16
ikd13o11v136 3.04944e-16 8.26318e-16 3.98555e-16
//obrd8x11x21x11 4.50289e-16 1.99344e-15 5.25583e-16
//ofrd8x11x21x11 4.05891e-16 1.99344e-15 6.10784e-16
obrd8x11x21x11 4.5528e-16 1.99344e-15 4.85303e-16
ibrd8x11x21x11 4.60212e-16 1.99344e-15 4.82877e-16
ofrd8x11x21x11 4.19054e-16 1.99344e-15 5.73579e-16
ifrd8x11x21x11 4.51155e-16 2.19278e-15 6.81581e-16
//obcd8x11x21x11 4.235e-16 1.99344e-15 5.30162e-16
//ibcd8x11x21x11 4.2048e-16 1.99344e-15 5.37392e-16
//ofcd8x11x21x11 4.88988e-16 1.99344e-15 6.02827e-16
//ifcd8x11x21x11 4.12125e-16 1.99344e-15 5.73603e-16
obcd8x11x21x11 4.74464e-16 1.99344e-15 5.94765e-16
ibcd8x11x21x11 3.96705e-16 1.99344e-15 5.74243e-16
Executing "/usr/lib/fftw/ptest/fftw/bench --verbose=1   --verify 'ok3e01x9e00x10e10' --verify 'ik3e01x9e00x10e10' --verify 'obr72*75' --verify 'ibr72*75' --verify 'ofr72*75' --verify 'ifr72*75' --verify '//obc72*75' --verify '//ibc72*75' --verify '//ofc72*75' --verify '//ifc72*75' --verify 'obc72*75' --verify 'ibc72*75' --verify 'ofc72*75' --verify 'ifc72*75' --verify 'ok4e10x14hx9o11v3' --verify 'ik4e10x14hx9o11v3' --verify '//obr10x48' --verify '//ofr10x48' --verify 'obr10x48' --verify 'ibr10x48' --verify 'ofr10x48' --verify 'ifr10x48' --verify '//obc10x48' --verify '//ibc10x48' --verify '//ofc10x48' --verify '//ifc10x48' --verify 'obc10x48' --verify 'ibc10x48' --verify 'ofc10x48' --verify 'ifc10x48' --verify 'ok4e01x8o00x9h' --verify 'ik4e01x8o00x9h' --verify 'obrd40v111' --verify 'ibrd40v111' --verify 'ofrd40v111' --verify 'ifrd40v111' --verify '//obcd40v111' --verify '//ibcd40v111' --verify '//ofcd40v111' --verify '//ifcd40v111' --verify 'obcd40v111' --verify 'ibcd40v111' --verify 'ofcd40v111' --verify 'ifcd40v111'"
ok3e01x9e00x10e10 3.42598e-16 9.82547e-15 4.67948e-16
ik3e01x9e00x10e10 4.38741e-16 5.66214e-15 3.60471e-16
obr72*75 3.01551e-16 5.30342e-16 3.6399e-16
ibr72*75 3.67926e-16 5.30342e-16 4.36285e-16
ofr72*75 4.09052e-16 4.24274e-16 6.50664e-16
ifr72*75 3.45355e-16 4.24274e-16 6.67791e-16
//obc72*75 3.91879e-16 5.30342e-16 7.81303e-16
//ibc72*75 3.62354e-16 5.30342e-16 7.24408e-16
//ofc72*75 2.89564e-16 5.30342e-16 7.37992e-16
//ifc72*75 3.48844e-16 5.30342e-16 7.61408e-16
obc72*75 3.57383e-16 5.30342e-16 6.11508e-16
ibc72*75 3.72196e-16 4.24274e-16 6.92745e-16
ofc72*75 3.00853e-16 4.24274e-16 8.30545e-16
ifc72*75 3.46451e-16 5.30342e-16 6.74735e-16
ok4e10x14hx9o11v3 3.39378e-16 4.16067e-15 3.7364e-16
ik4e10x14hx9o11v3 4.10109e-16 4.23496e-15 4.30317e-16
//obr10x48 3.04215e-16 1.29727e-15 4.08709e-16
//ofr10x48 3.3338e-16 1.29727e-15 1.03291e-15
obr10x48 3.94226e-16 1.62158e-15 4.97455e-16
ibr10x48 3.43164e-16 1.29727e-15 4.26083e-16
ofr10x48 3.19091e-16 1.29727e-15 9.32806e-16
ifr10x48 3.32367e-16 1.29727e-15 1.06715e-15
//obc10x48 3.47377e-16 1.29727e-15 1.11804e-15
//ibc10x48 3.87524e-16 1.29727e-15 1.02871e-15
//ofc10x48 4.31744e-16 1.29727e-15 1.02496e-15
//ifc10x48 3.14795e-16 1.13511e-15 8.90913e-16
obc10x48 4.57069e-16 1.29727e-15 9.59528e-16
ibc10x48 4.67656e-16 1.29727e-15 9.37993e-16
ofc10x48 5.22911e-16 1.29727e-15 1.0589e-15
ifc10x48 3.39062e-16 1.29727e-15 9.17074e-16
ok4e01x8o00x9h 3.52023e-16 6.595e-15 4.19184e-16
ik4e01x8o00x9h 3.94429e-16 4.84761e-15 4.07048e-16
obrd40v111 3.22481e-16 4.25096e-16 4.07201e-16
ibrd40v111 2.89946e-16 4.25096e-16 3.93667e-16
ofrd40v111 2.72698e-16 4.25096e-16 3.56491e-16
ifrd40v111 3.04966e-16 2.83397e-16 3.27545e-16
//obcd40v111 3.95403e-16 4.25096e-16 3.3175e-16
//ibcd40v111 3.7625e-16 2.83397e-16 4.01437e-16
//ofcd40v111 3.39398e-16 4.25096e-16 3.72844e-16
//ifcd40v111 3.75907e-16 2.83397e-16 3.68095e-16
obcd40v111 4.01576e-16 4.25096e-16 3.37322e-16
ibcd40v111 4.84939e-16 4.25096e-16 4.28885e-16
ofcd40v111 3.50662e-16 4.25096e-16 3.91007e-16
ifcd40v111 3.23864e-16 4.25096e-16 3.42749e-16
Executing "/usr/lib/fftw/ptest/fftw/bench --verbose=1   --verify 'okd39o01v56' --verify 'ikd39o01v56' --verify 'obr11x7x4x9v3' --verify 'ibr11x7x4x9v3' --verify 'ofr11x7x4x9v3' --verify 'ifr11x7x4x9v3' --verify '//obc11x7x4x9v3' --verify '//ibc11x7x4x9v3' --verify '//ofc11x7x4x9v3' --verify '//ifc11x7x4x9v3' --verify 'obc11x7x4x9v3' --verify 'ibc11x7x4x9v3' --verify 'ofc11x7x4x9v3' --verify 'ifc11x7x4x9v3' --verify 'ok11e00*189' --verify 'ik11e00*189' --verify 'obrd12x3*19' --verify 'ibrd12x3*19' --verify 'ofrd12x3*19' --verify 'ifrd12x3*19' --verify '//obcd12x3*19' --verify '//ibcd12x3*19' --verify '//ofcd12x3*19' --verify '//ifcd12x3*19' --verify 'obcd12x3*19' --verify 'ibcd12x3*19' --verify 'ofcd12x3*19' --verify 'ifcd12x3*19' --verify 'ok13e11x6o00x8o11x7o00' --verify 'ik13e11x6o00x8o11x7o00' --verify '//obr6x6x9x16' --verify '//ofr6x6x9x16' --verify 'obr6x6x9x16' --verify 'ibr6x6x9x16' --verify 'ofr6x6x9x16' --verify 'ifr6x6x9x16' --verify '//obc6x6x9x16' --verify '//ibc6x6x9x16' --verify '//ofc6x6x9x16' --verify '//ifc6x6x9x16' --verify 'obc6x6x9x16' --verify 'ibc6x6x9x16' --verify 'ofc6x6x9x16' --verify 'ifc6x6x9x16'"
okd39o01v56 4.06238e-16 1.58207e-15 3.69587e-16
ikd39o01v56 4.52121e-16 1.24305e-15 4.44301e-16
obr11x7x4x9v3 3.82432e-16 8.9971e-16 4.15466e-16
ibr11x7x4x9v3 4.24306e-16 8.9971e-16 4.01641e-16
ofr11x7x4x9v3 3.96483e-16 8.9971e-16 6.19872e-16
ifr11x7x4x9v3 3.89155e-16 8.9971e-16 7.48569e-16
//obc11x7x4x9v3 4.05796e-16 8.9971e-16 6.61471e-16
//ibc11x7x4x9v3 4.14908e-16 8.9971e-16 5.91051e-16
//ofc11x7x4x9v3 3.79406e-16 8.9971e-16 6.68612e-16
//ifc11x7x4x9v3 5.44151e-16 8.9971e-16 5.93062e-16
obc11x7x4x9v3 4.53527e-16 8.9971e-16 6.27101e-16
ibc11x7x4x9v3 4.71855e-16 8.9971e-16 6.08833e-16
ofc11x7x4x9v3 4.15772e-16 7.19768e-16 6.02518e-16
ifc11x7x4x9v3 4.94731e-16 8.9971e-16 5.96199e-16
ok11e00*189 2.13415e-16 1.00449e-15 1.80103e-16
ik11e00*189 2.23848e-16 7.25463e-16 2.00094e-16
obrd12x3*19 3.7201e-16 4.67462e-16 4.92689e-16
ibrd12x3*19 3.27308e-16 4.67462e-16 4.26511e-16
ofrd12x3*19 2.93762e-16 4.67462e-16 7.71378e-16
ifrd12x3*19 2.55554e-16 4.67462e-16 7.82768e-16
//obcd12x3*19 3.08835e-16 4.67462e-16 7.5803e-16
//ibcd12x3*19 3.72282e-16 4.67462e-16 7.89806e-16
//ofcd12x3*19 4.54351e-16 3.11642e-16 7.25205e-16
//ifcd12x3*19 3.9261e-16 4.67462e-16 8.36562e-16
obcd12x3*19 2.93074e-16 4.67462e-16 7.27469e-16
ibcd12x3*19 3.33201e-16 4.67462e-16 7.97121e-16
ofcd12x3*19 3.07104e-16 4.67462e-16 8.35924e-16
ifcd12x3*19 3.53258e-16 3.89552e-16 7.46571e-16
ok13e11x6o00x8o11x7o00 4.69022e-16 1.23432e-14 4.58185e-16
ik13e11x6o00x8o11x7o00 4.69678e-16 1.37565e-14 4.35661e-16
//obr6x6x9x16 4.06874e-16 3.35534e-15 6.60351e-16
//ofr6x6x9x16 4.39619e-16 3.55271e-15 8.92012e-16
obr6x6x9x16 3.88675e-16 3.15797e-15 5.60743e-16
ibr6x6x9x16 4.47375e-16 3.35534e-15 5.71677e-16
ofr6x6x9x16 4.21691e-16 3.35534e-15 8.71603e-16
ifr6x6x9x16 3.51968e-16 3.55271e-15 8.64781e-16
//obc6x6x9x16 4.23697e-16 3.55271e-15 8.33147e-16
//ibc6x6x9x16 3.82269e-16 3.35534e-15 9.17873e-16
//ofc6x6x9x16 4.60813e-16 3.55271e-15 8.88108e-16
//ifc6x6x9x16 3.87604e-16 3.55271e-15 8.70004e-16
obc6x6x9x16 4.27127e-16 3.55271e-15 8.49879e-16
ibc6x6x9x16 4.3661e-16 3.55271e-15 8.51283e-16
ofc6x6x9x16 4.04894e-16 3.35534e-15 7.97488e-16
ifc6x6x9x16 4.1616e-16 3.35534e-15 9.55927e-16
Executing "/usr/lib/fftw/ptest/fftw/bench --verbose=1   --verify 'ofcd20x6x12x8' --verify 'ifcd20x6x12x8' --verify 'okd10e11x12o11x7o01v10' --verify 'ikd10e11x12o11x7o01v10' --verify 'obr32*115' --verify 'ibr32*115' --verify 'ofr32*115' --verify 'ifr32*115' --verify '//obc32*115' --verify '//ibc32*115' --verify '//ofc32*115' --verify '//ifc32*115' --verify 'obc32*115' --verify 'ibc32*115' --verify 'ofc32*115' --verify 'ifc32*115' --verify 'okd117e00*36' --verify 'ikd117e00*36' --verify 'obr13x4x8x3*3' --verify 'ibr13x4x8x3*3' --verify 'ofr13x4x8x3*3' --verify 'ifr13x4x8x3*3' --verify '//obc13x4x8x3*3' --verify '//ibc13x4x8x3*3' --verify '//ofc13x4x8x3*3' --verify '//ifc13x4x8x3*3' --verify 'obc13x4x8x3*3' --verify 'ibc13x4x8x3*3' --verify 'ofc13x4x8x3*3' --verify 'ifc13x4x8x3*3' --verify 'okd9504e00' --verify 'ikd9504e00' --verify 'obrd10x5x12x3*2' --verify 'ibrd10x5x12x3*2' --verify 'ofrd10x5x12x3*2' --verify 'ifrd10x5x12x3*2' --verify '//obcd10x5x12x3*2' --verify '//ibcd10x5x12x3*2' --verify '//ofcd10x5x12x3*2' --verify '//ifcd10x5x12x3*2' --verify 'obcd10x5x12x3*2' --verify 'ibcd10x5x12x3*2' --verify 'ofcd10x5x12x3*2' --verify 'ifcd10x5x12x3*2'"
ofcd20x6x12x8 3.70809e-16 3.17764e-15 1.02631e-15
ifcd20x6x12x8 4.48517e-16 3.17764e-15 8.43087e-16
okd10e11x12o11x7o01v10 5.39875e-16 3.06913e-15 5.772e-16
ikd10e11x12o11x7o01v10 5.31164e-16 3.45948e-15 4.60746e-16
obr32*115 3.69174e-16 4.75124e-16 3.26649e-16
ibr32*115 3.38109e-16 4.75124e-16 3.07807e-16
ofr32*115 2.922e-16 3.16749e-16 6.77668e-16
ifr32*115 2.95392e-16 3.16749e-16 6.03052e-16
//obc32*115 3.13978e-16 3.16749e-16 6.71374e-16
//ibc32*115 3.21287e-16 3.16749e-16 6.82253e-16
//ofc32*115 3.672e-16 3.16749e-16 6.47963e-16
//ifc32*115 3.91238e-16 3.16749e-16 6.66576e-16
obc32*115 3.88832e-16 3.16749e-16 7.0697e-16
ibc32*115 3.50784e-16 3.56343e-16 6.53775e-16
ofc32*115 2.93402e-16 3.16749e-16 7.04849e-16
ifc32*115 3.60976e-16 3.16749e-16 6.78384e-16
okd117e00*36 3.55057e-16 3.36613e-15 3.554e-16
ikd117e00*36 3.43661e-16 3.30908e-15 3.56573e-16
obr13x4x8x3*3 4.04504e-16 7.37487e-16 5.36278e-16
ibr13x4x8x3*3 3.42046e-16 8.04531e-16 4.75028e-16
ofr13x4x8x3*3 3.97361e-16 8.04531e-16 7.86895e-16
ifr13x4x8x3*3 4.13451e-16 8.04531e-16 8.32449e-16
//obc13x4x8x3*3 3.90752e-16 9.3862e-16 9.03873e-16
//ibc13x4x8x3*3 4.03032e-16 8.04531e-16 8.36614e-16
//ofc13x4x8x3*3 4.56488e-16 8.04531e-16 8.61759e-16
//ifc13x4x8x3*3 4.21883e-16 9.3862e-16 7.33819e-16
obc13x4x8x3*3 3.66321e-16 9.3862e-16 8.15059e-16
ibc13x4x8x3*3 4.63922e-16 9.3862e-16 8.37404e-16
ofc13x4x8x3*3 3.81028e-16 8.04531e-16 7.73695e-16
ifc13x4x8x3*3 4.22642e-16 9.3862e-16 7.57791e-16
okd9504e00 4.75295e-16 5.68434e-14 4.43165e-16
ikd9504e00 4.31874e-16 5.68434e-14 4.3127e-16
obrd10x5x12x3*2 4.76225e-16 1.13047e-15 4.89802e-16
ibrd10x5x12x3*2 3.37626e-16 1.13047e-15 4.54174e-16
ofrd10x5x12x3*2 4.15981e-16 1.13047e-15 9.48224e-16
ifrd10x5x12x3*2 3.55732e-16 1.13047e-15 9.36549e-16
//obcd10x5x12x3*2 3.72775e-16 1.13047e-15 8.81455e-16
//ibcd10x5x12x3*2 4.25492e-16 1.13047e-15 8.95894e-16
//ofcd10x5x12x3*2 3.70308e-16 1.13047e-15 9.24759e-16
//ifcd10x5x12x3*2 4.08044e-16 1.13047e-15 8.16713e-16
obcd10x5x12x3*2 4.30601e-16 1.13047e-15 8.81972e-16
ibcd10x5x12x3*2 3.75364e-16 1.13047e-15 8.12277e-16
ofcd10x5x12x3*2 4.08968e-16 1.13047e-15 8.32871e-16
ifcd10x5x12x3*2 4.74011e-16 1.13047e-15 7.85984e-16
Executing "/usr/lib/fftw/ptest/fftw/bench --verbose=1   --verify 'obr63v82' --verify 'ibr63v82' --verify 'ofr63v82' --verify 'ifr63v82' --verify '//obc63v82' --verify '//ibc63v82' --verify '//ofc63v82' --verify '//ifc63v82' --verify 'obc63v82' --verify 'ibc63v82' --verify 'ofc63v82' --verify 'ifc63v82' --verify 'ok3bx13bx7o10x6e00' --verify 'ik3bx13bx7o10x6e00' --verify '//obrd132' --verify '//ibrd132' --verify '//ofrd132' --verify '//ifrd132' --verify 'obrd132' --verify 'ibrd132' --verify 'ofrd132' --verify 'ifrd132' --verify '//obcd132' --verify '//ibcd132' --verify '//ofcd132' --verify '//ifcd132' --verify 'obcd132' --verify 'ibcd132' --verify 'ofcd132' --verify 'ifcd132' --verify 'okd4o11x4o01x8e01x11e01' --verify 'ikd4o11x4o01x8e01x11e01' --verify '//obrd20x6x12x8' --verify '//ofrd20x6x12x8' --verify 'obrd20x6x12x8' --verify 'ibrd20x6x12x8' --verify 'ofrd20x6x12x8' --verify 'ifrd20x6x12x8' --verify '//obcd20x6x12x8' --verify '//ibcd20x6x12x8' --verify '//ofcd20x6x12x8' --verify '//ifcd20x6x12x8' --verify 'obcd20x6x12x8' --verify 'ibcd20x6x12x8'"
obr63v82 3.98059e-16 5.66323e-16 4.43795e-16
ibr63v82 4.16288e-16 4.53058e-16 3.74689e-16
ofr63v82 3.7761e-16 4.53058e-16 5.82498e-16
ifr63v82 4.51716e-16 4.53058e-16 5.21501e-16
//obc63v82 4.37e-16 4.53058e-16 6.80216e-16
//ibc63v82 3.45803e-16 4.53058e-16 5.61761e-16
//ofc63v82 4.34704e-16 5.66323e-16 5.041e-16
//ifc63v82 3.99401e-16 4.53058e-16 6.15027e-16
obc63v82 3.77869e-16 4.53058e-16 6.07807e-16
ibc63v82 4.7468e-16 4.53058e-16 6.55023e-16
ofc63v82 3.96309e-16 5.66323e-16 5.02641e-16
ifc63v82 3.74934e-16 5.66323e-16 6.42412e-16
ok3bx13bx7o10x6e00 3.77764e-16 2.84217e-14 3.18464e-16
ik3bx13bx7o10x6e00 4.74211e-16 4.00791e-14 3.74003e-16
//obrd132 4.80566e-16 6.18448e-16 4.66971e-16
//ibrd132 2.71065e-16 6.18448e-16 4.38186e-16
//ofrd132 3.5882e-16 4.63836e-16 7.6752e-16
//ifrd132 3.90709e-16 7.7306e-16 7.53343e-16
obrd132 4.29878e-16 6.18448e-16 4.19265e-16
ibrd132 4.12047e-16 6.18448e-16 5.199e-16
ofrd132 3.42567e-16 4.63836e-16 7.5196e-16
ifrd132 3.32772e-16 6.18448e-16 7.66731e-16
//obcd132 3.9873e-16 4.63836e-16 7.08681e-16
//ibcd132 3.38838e-16 6.18448e-16 6.75636e-16
//ofcd132 3.05194e-16 4.63836e-16 7.71652e-16
//ifcd132 3.43385e-16 6.18448e-16 7.98933e-16
obcd132 3.55716e-16 6.18448e-16 7.42217e-16
ibcd132 3.40974e-16 6.18448e-16 7.24512e-16
ofcd132 4.17026e-16 6.18448e-16 6.49225e-16
ifcd132 3.72765e-16 6.18448e-16 7.49831e-16
okd4o11x4o01x8e01x11e01 5.66724e-16 1.37227e-14 5.26852e-16
ikd4o11x4o01x8e01x11e01 4.62831e-16 2.07065e-14 5.33252e-16
//obrd20x6x12x8 3.71268e-16 3.04524e-15 4.7094e-16
//ofrd20x6x12x8 4.2424e-16 3.17764e-15 8.81319e-16
obrd20x6x12x8 3.88617e-16 2.78044e-15 5.60921e-16
ibrd20x6x12x8 4.71033e-16 3.04524e-15 5.82174e-16
ofrd20x6x12x8 3.80323e-16 3.17764e-15 8.55949e-16
ifrd20x6x12x8 3.85876e-16 3.17764e-15 9.07392e-16
//obcd20x6x12x8 4.02848e-16 3.17764e-15 8.77911e-16
//ibcd20x6x12x8 4.16275e-16 3.17764e-15 8.35524e-16
//ofcd20x6x12x8 4.18559e-16 3.17764e-15 8.1669e-16
//ifcd20x6x12x8 4.19266e-16 3.17764e-15 8.38783e-16
obcd20x6x12x8 3.83504e-16 3.17764e-15 8.4415e-16
ibcd20x6x12x8 4.20722e-16 3.17764e-15 9.34695e-16
Executing "/usr/lib/fftw/ptest/fftw/bench --verbose=1   --verify 'ok4bx2hx7o00x3e10v1' --verify 'ik4bx2hx7o00x3e10v1' --verify 'obrd12*202' --verify 'ibrd12*202' --verify 'ofrd12*202' --verify 'ifrd12*202' --verify '//obcd12*202' --verify '//ibcd12*202' --verify '//ofcd12*202' --verify '//ifcd12*202' --verify 'obcd12*202' --verify 'ibcd12*202' --verify 'ofcd12*202' --verify 'ifcd12*202' --verify 'okd13o11x12h' --verify 'ikd13o11x12h' --verify 'obrd6v213' --verify 'ibrd6v213' --verify 'ofrd6v213' --verify 'ifrd6v213' --verify '//obcd6v213' --verify '//ibcd6v213' --verify '//ofcd6v213' --verify '//ifcd6v213' --verify 'obcd6v213' --verify 'ibcd6v213' --verify 'ofcd6v213' --verify 'ifcd6v213' --verify 'okd5o11x12e00*17' --verify 'ikd5o11x12e00*17' --verify 'obrd60*104' --verify 'ibrd60*104' --verify 'ofrd60*104' --verify 'ifrd60*104' --verify '//obcd60*104' --verify '//ibcd60*104' --verify '//ofcd60*104' --verify '//ifcd60*104' --verify 'obcd60*104' --verify 'ibcd60*104' --verify 'ofcd60*104' --verify 'ifcd60*104' --verify 'ok9o11x11o01x21o01' --verify 'ik9o11x11o01x21o01'"
ok4bx2hx7o00x3e10v1 2.71877e-16 2.94209e-15 3.81378e-16
ik4bx2hx7o00x3e10v1 2.53205e-16 2.44249e-15 2.74201e-16
obrd12*202 4.36296e-16 3.86496e-16 3.62318e-16
ibrd12*202 2.92368e-16 3.86496e-16 3.12663e-16
ofrd12*202 2.5127e-16 3.86496e-16 6.69956e-16
ifrd12*202 2.83804e-16 2.57664e-16 6.50742e-16
//obcd12*202 3.38932e-16 3.86496e-16 8.1023e-16
//ibcd12*202 3.70592e-16 3.86496e-16 7.69509e-16
//ofcd12*202 3.58709e-16 3.86496e-16 7.95816e-16
//ifcd12*202 4.20533e-16 3.86496e-16 8.21289e-16
obcd12*202 3.72378e-16 3.86496e-16 7.85968e-16
ibcd12*202 3.41011e-16 3.86496e-16 7.7529e-16
ofcd12*202 2.97756e-16 3.86496e-16 9.35948e-16
ifcd12*202 2.76378e-16 3.86496e-16 7.84014e-16
okd13o11x12h 3.71699e-16 4.78268e-15 4.04961e-16
ikd13o11x12h 4.96543e-16 3.78166e-15 3.50201e-16
obrd6v213 3.0691e-16 3.643e-16 3.3572e-16
ibrd6v213 2.35224e-16 2.73225e-16 2.97248e-16
ofrd6v213 2.15292e-16 1.8215e-16 6.34794e-16
ifrd6v213 2.56372e-16 1.8215e-16 6.52926e-16
//obcd6v213 2.90453e-16 3.643e-16 8.18953e-16
//ibcd6v213 3.2191e-16 1.8215e-16 7.67562e-16
//ofcd6v213 2.94768e-16 1.8215e-16 8.3782e-16
//ifcd6v213 2.65286e-16 2.27687e-16 8.3833e-16
obcd6v213 3.12979e-16 1.8215e-16 7.84023e-16
ibcd6v213 2.94256e-16 3.643e-16 9.12388e-16
ofcd6v213 3.72591e-16 1.8215e-16 7.70931e-16
ifcd6v213 2.65534e-16 1.8215e-16 8.76801e-16
okd5o11x12e00*17 3.99906e-16 2.14233e-15 3.98825e-16
ikd5o11x12e00*17 3.98957e-16 2.09026e-15 3.01671e-16
obrd60*104 3.82237e-16 4.63063e-16 3.83258e-16
ibrd60*104 3.5117e-16 4.63063e-16 4.40458e-16
ofrd60*104 3.01285e-16 4.63063e-16 8.65706e-16
ifrd60*104 3.33687e-16 4.05181e-16 7.80746e-16
//obcd60*104 3.09053e-16 4.63063e-16 8.18368e-16
//ibcd60*104 3.43977e-16 5.78829e-16 8.7162e-16
//ofcd60*104 3.34184e-16 4.63063e-16 9.66066e-16
//ifcd60*104 3.86197e-16 5.78829e-16 8.94042e-16
obcd60*104 3.68952e-16 5.78829e-16 7.97908e-16
ibcd60*104 3.41729e-16 5.78829e-16 8.1542e-16
ofcd60*104 3.46493e-16 4.63063e-16 8.84887e-16
ifcd60*104 3.34441e-16 4.63063e-16 9.30345e-16
ok9o11x11o01x21o01 5.6735e-16 1.13118e-14 4.4715e-16
ik9o11x11o01x21o01 4.70765e-16 9.64011e-15 4.9703e-16
Executing "/usr/lib/fftw/ptest/fftw/bench --verbose=1   --verify 'okd13e01x11hx13e00x6e01' --verify 'ikd13e01x11hx13e00x6e01' --verify '//obr7x7x9x13' --verify '//ofr7x7x9x13' --verify 'obr7x7x9x13' --verify 'ibr7x7x9x13' --verify 'ofr7x7x9x13' --verify 'ifr7x7x9x13' --verify '//obc7x7x9x13' --verify '//ibc7x7x9x13' --verify '//ofc7x7x9x13' --verify '//ifc7x7x9x13' --verify 'obc7x7x9x13' --verify 'ibc7x7x9x13' --verify 'ofc7x7x9x13' --verify 'ifc7x7x9x13' --verify 'ok780o00' --verify 'ik780o00' --verify 'obr44v92' --verify 'ibr44v92' --verify 'ofr44v92' --verify 'ifr44v92' --verify '//obc44v92' --verify '//ibc44v92' --verify '//ofc44v92' --verify '//ifc44v92' --verify 'obc44v92' --verify 'ibc44v92' --verify 'ofc44v92' --verify 'ifc44v92' --verify 'ok10o10*199' --verify 'ik10o10*199' --verify 'obrd4x12x4v8' --verify 'ibrd4x12x4v8' --verify 'ofrd4x12x4v8' --verify 'ifrd4x12x4v8' --verify '//obcd4x12x4v8' --verify '//ibcd4x12x4v8' --verify '//ofcd4x12x4v8' --verify '//ifcd4x12x4v8' --verify 'obcd4x12x4v8' --verify 'ibcd4x12x4v8' --verify 'ofcd4x12x4v8' --verify 'ifcd4x12x4v8'"
okd13e01x11hx13e00x6e01 5.08599e-16 1.13687e-13 5.82262e-16
ikd13e01x11hx13e00x6e01 5.21217e-16 1.13687e-13 5.35017e-16
//obr7x7x9x13 4.72889e-16 2.81527e-15 5.50919e-16
//ofr7x7x9x13 4.15199e-16 2.25222e-15 8.44028e-16
obr7x7x9x13 4.28592e-16 2.62759e-15 5.00395e-16
ibr7x7x9x13 4.32707e-16 3.00296e-15 5.30967e-16
ofr7x7x9x13 4.22395e-16 2.25222e-15 8.31485e-16
ifr7x7x9x13 5.31629e-16 1.87685e-15 8.4969e-16
//obc7x7x9x13 5.95816e-16 1.87685e-15 8.43626e-16
//ibc7x7x9x13 4.63305e-16 2.25222e-15 8.48886e-16
//ofc7x7x9x13 4.6795e-16 1.87685e-15 8.80032e-16
//ifc7x7x9x13 4.19927e-16 1.87685e-15 8.19404e-16
obc7x7x9x13 4.15661e-16 1.87685e-15 8.16662e-16
ibc7x7x9x13 4.57013e-16 1.87685e-15 8.986e-16
ofc7x7x9x13 4.66402e-16 1.87685e-15 1.03619e-15
ifc7x7x9x13 5.73952e-16 1.87685e-15 8.54479e-16
ok780o00 4.57826e-16 1.07692e-14 3.58338e-16
ik780o00 3.62581e-16 9.99203e-15 4.0105e-16
obr44v92 3.15179e-16 5.41413e-16 3.64867e-16
ibr44v92 3.5049e-16 4.0606e-16 3.67956e-16
ofr44v92 3.53982e-16 4.0606e-16 5.19753e-16
ifr44v92 3.46314e-16 5.41413e-16 5.30374e-16
//obc44v92 4.4674e-16 4.0606e-16 4.90951e-16
//ibc44v92 4.23819e-16 4.0606e-16 5.64195e-16
//ofc44v92 3.93933e-16 5.41413e-16 6.34788e-16
//ifc44v92 3.70575e-16 4.0606e-16 5.03947e-16
obc44v92 3.15362e-16 4.0606e-16 5.0078e-16
ibc44v92 4.67299e-16 4.0606e-16 6.19239e-16
ofc44v92 3.82055e-16 5.41413e-16 5.50484e-16
ifc44v92 3.54942e-16 4.0606e-16 5.26497e-16
ok10o10*199 3.00513e-16 5.57901e-16 3.06801e-16
ik10o10*199 3.19133e-16 6.69481e-16 2.1003e-16
obrd4x12x4v8 2.97221e-16 4.32667e-16 4.72613e-16
ibrd4x12x4v8 3.01491e-16 4.68722e-16 4.48521e-16
ofrd4x12x4v8 2.95996e-16 3.96611e-16 8.51058e-16
ifrd4x12x4v8 2.61584e-16 3.96611e-16 7.79914e-16
//obcd4x12x4v8 3.06351e-16 4.32667e-16 7.63073e-16
//ibcd4x12x4v8 3.39753e-16 4.32667e-16 8.23365e-16
//ofcd4x12x4v8 3.47065e-16 4.32667e-16 9.09331e-16
//ifcd4x12x4v8 3.47199e-16 4.32667e-16 8.62296e-16
obcd4x12x4v8 3.29852e-16 4.68722e-16 8.51113e-16
ibcd4x12x4v8 3.39984e-16 4.32667e-16 7.45799e-16
ofcd4x12x4v8 2.9421e-16 4.32667e-16 8.46533e-16
ifcd4x12x4v8 4.07814e-16 4.32667e-16 8.61348e-16
Executing "/usr/lib/fftw/ptest/fftwf/benchf --verbose=1   --verify 'ok3240o11' --verify 'ik3240o11' --verify '//obrd4x9x9' --verify '//ofrd4x9x9' --verify 'obrd4x9x9' --verify 'ibrd4x9x9' --verify 'ofrd4x9x9' --verify 'ifrd4x9x9' --verify '//obcd4x9x9' --verify '//ibcd4x9x9' --verify '//ofcd4x9x9' --verify '//ifcd4x9x9' --verify 'obcd4x9x9' --verify 'ibcd4x9x9' --verify 'ofcd4x9x9' --verify 'ifcd4x9x9' --verify 'ok12e00x12e01x6hx5e00v7' --verify 'ik12e00x12e01x6hx5e00v7' --verify 'obrd12x9*22' --verify 'ibrd12x9*22' --verify 'ofrd12x9*22' --verify 'ifrd12x9*22' --verify '//obcd12x9*22' --verify '//ibcd12x9*22' --verify '//ofcd12x9*22' --verify '//ifcd12x9*22' --verify 'obcd12x9*22' --verify 'ibcd12x9*22' --verify 'ofcd12x9*22' --verify 'ifcd12x9*22' --verify 'ok12h*168' --verify 'ik12h*168' --verify 'obr3x12*10' --verify 'ibr3x12*10' --verify 'ofr3x12*10' --verify 'ifr3x12*10' --verify '//obc3x12*10' --verify '//ibc3x12*10' --verify '//ofc3x12*10' --verify '//ifc3x12*10' --verify 'obc3x12*10' --verify 'ibc3x12*10' --verify 'ofc3x12*10' --verify 'ifc3x12*10'"
ok3240o11 2.39046e-07 8.40425e-06 2.3674e-07
ik3240o11 2.36941e-07 1.09076e-05 4.23707e-07
//obrd4x9x9 2.4819e-07 4.23855e-07 2.28881e-07
//ofrd4x9x9 2.1608e-07 3.17891e-07 1.89567e-07
obrd4x9x9 2.02032e-07 4.23855e-07 2.04086e-07
ibrd4x9x9 2.36681e-07 4.23855e-07 2.1516e-07
ofrd4x9x9 1.93765e-07 3.17891e-07 2.40724e-07
ifrd4x9x9 1.83565e-07 3.17891e-07 1.92753e-07
//obcd4x9x9 2.21153e-07 3.17891e-07 1.92681e-07
//ibcd4x9x9 2.29744e-07 4.23855e-07 2.44746e-07
//ofcd4x9x9 2.10746e-07 4.23855e-07 1.96972e-07
//ifcd4x9x9 1.85248e-07 4.23855e-07 2.11271e-07
obcd4x9x9 2.27823e-07 3.17891e-07 2.24612e-07
ibcd4x9x9 2.31928e-07 3.17891e-07 2.41257e-07
ofcd4x9x9 2.54726e-07 4.23855e-07 2.18251e-07
ifcd4x9x9 1.98922e-07 4.23855e-07 2.02715e-07
ok12e00x12e01x6hx5e00v7 2.3163e-07 3.48772e-05 2.1646e-07
ik12e00x12e01x6hx5e00v7 2.05282e-07 1.74386e-05 2.27138e-07
obrd12x9*22 2.32756e-07 2.87816e-07 1.99499e-07
ibrd12x9*22 2.04838e-07 2.87816e-07 2.36019e-07
ofrd12x9*22 1.62207e-07 1.91877e-07 1.94376e-07
ifrd12x9*22 1.73769e-07 1.91877e-07 1.8948e-07
//obcd12x9*22 1.95693e-07 2.87816e-07 1.87741e-07
//ibcd12x9*22 2.52626e-07 2.87816e-07 1.87388e-07
//ofcd12x9*22 1.92958e-07 2.87816e-07 1.98222e-07
//ifcd12x9*22 1.90621e-07 2.87816e-07 1.91572e-07
obcd12x9*22 1.91272e-07 2.87816e-07 1.90544e-07
ibcd12x9*22 1.82234e-07 2.87816e-07 1.87807e-07
ofcd12x9*22 2.09557e-07 2.87816e-07 1.8837e-07
ifcd12x9*22 2.01376e-07 2.87816e-07 1.91402e-07
ok12h*168 1.60745e-07 4.19716e-07 1.78665e-07
ik12h*168 1.78083e-07 4.19716e-07 1.74099e-07
obr3x12*10 1.96828e-07 3.49681e-07 1.39056e-07
ibr3x12*10 1.76033e-07 2.1855e-07 1.82362e-07
ofr3x12*10 1.73404e-07 1.7484e-07 1.48245e-07
ifr3x12*10 1.52032e-07 1.7484e-07 1.41027e-07
//obc3x12*10 2.74376e-07 2.6226e-07 1.77163e-07
//ibc3x12*10 2.7028e-07 2.6226e-07 1.8692e-07
//ofc3x12*10 1.91886e-07 1.7484e-07 1.80995e-07
//ifc3x12*10 1.8921e-07 1.7484e-07 1.80642e-07
obc3x12*10 2.03565e-07 1.7484e-07 1.95996e-07
ibc3x12*10 1.73164e-07 2.6226e-07 1.87122e-07
ofc3x12*10 1.73116e-07 1.7484e-07 1.87449e-07
ifc3x12*10 1.80516e-07 1.7484e-07 1.89837e-07
Executing "/usr/lib/fftw/ptest/fftwf/benchf --verbose=1   --verify 'obr9152' --verify 'ibr9152' --verify 'ofr9152' --verify 'ifr9152' --verify '//obc9152' --verify '//ibc9152' --verify '//ofc9152' --verify '//ifc9152' --verify 'obc9152' --verify 'ibc9152' --verify 'ofc9152' --verify 'ifc9152' --verify 'ok15e00x10b*20' --verify 'ik15e00x10b*20' --verify '//obr11088' --verify '//ibr11088' --verify '//ofr11088' --verify '//ifr11088' --verify 'obr11088' --verify 'ibr11088' --verify 'ofr11088' --verify 'ifr11088' --verify '//obc11088' --verify '//ibc11088' --verify '//ofc11088' --verify '//ifc11088' --verify 'obc11088' --verify 'ibc11088' --verify 'ofc11088' --verify 'ifc11088' --verify 'ok4e11x6e00x5e11x8e10*4' --verify 'ik4e11x6e00x5e11x8e10*4' --verify 'obrd32*197' --verify 'ibrd32*197' --verify 'ofrd32*197' --verify 'ifrd32*197' --verify '//obcd32*197' --verify '//ibcd32*197' --verify '//ofcd32*197' --verify '//ifcd32*197' --verify 'obcd32*197' --verify 'ibcd32*197' --verify 'ofcd32*197' --verify 'ifcd32*197'"
obr9152 2.5132e-07 1.03675e-06 2.77346e-07
ibr9152 2.78152e-07 9.57003e-07 2.52308e-07
ofr9152 2.63205e-07 1.03675e-06 1.55191e-07
ifr9152 2.65173e-07 9.57003e-07 1.5999e-07
//obc9152 2.52421e-07 8.77253e-07 2.52341e-07
//ibc9152 2.47565e-07 1.03675e-06 2.82115e-07
//ofc9152 2.70306e-07 8.77253e-07 2.88889e-07
//ifc9152 2.49256e-07 9.57003e-07 2.24633e-07
obc9152 2.3996e-07 9.57003e-07 2.31791e-07
ibc9152 2.60821e-07 8.77253e-07 2.85936e-07
ofc9152 2.47735e-07 8.77253e-07 2.45681e-07
ifc9152 2.52737e-07 1.03675e-06 2.2694e-07
ok15e00x10b*20 1.90754e-07 3.05101e-06 1.66829e-07
ik15e00x10b*20 2.1752e-07 3.62992e-06 1.86911e-07
//obr11088 2.36201e-07 1.30418e-06 1.96988e-07
//ibr11088 3.02926e-07 1.44909e-06 2.15945e-07
//ofr11088 2.24477e-07 1.30418e-06 1.82282e-07
//ifr11088 2.43378e-07 1.44909e-06 1.96538e-07
obr11088 2.44087e-07 1.37663e-06 2.27554e-07
ibr11088 2.35554e-07 1.44909e-06 2.65405e-07
ofr11088 2.14433e-07 1.30418e-06 1.91327e-07
ifr11088 2.50119e-07 1.30418e-06 1.87168e-07
//obc11088 2.58511e-07 1.30418e-06 2.56639e-07
//ibc11088 2.4782e-07 1.37663e-06 2.59277e-07
//ofc11088 2.15561e-07 1.30418e-06 2.51845e-07
//ifc11088 2.52863e-07 1.44909e-06 2.61309e-07
obc11088 2.23255e-07 1.30418e-06 2.56252e-07
ibc11088 2.26697e-07 1.30418e-06 2.49102e-07
ofc11088 2.46075e-07 1.44909e-06 2.6488e-07
ifc11088 2.34153e-07 1.44909e-06 2.45491e-07
ok4e11x6e00x5e11x8e10*4 2.5082e-07 5.38387e-06 2.6728e-07
ik4e11x6e00x5e11x8e10*4 1.99347e-07 4.33594e-06 2.31756e-07
obrd32*197 2.28364e-07 2.54165e-07 1.30955e-07
ibrd32*197 1.98281e-07 3.38886e-07 1.74641e-07
ofrd32*197 1.62254e-07 1.69443e-07 1.47606e-07
ifrd32*197 1.45758e-07 2.54165e-07 1.04362e-07
//obcd32*197 1.86098e-07 2.54165e-07 1.62691e-07
//ibcd32*197 1.93625e-07 2.54165e-07 1.61702e-07
//ofcd32*197 2.14176e-07 2.54165e-07 1.93062e-07
//ifcd32*197 2.17647e-07 2.54165e-07 1.60982e-07
obcd32*197 1.81696e-07 2.54165e-07 1.625e-07
ibcd32*197 1.97451e-07 2.54165e-07 2.29296e-07
ofcd32*197 2.0034e-07 2.54165e-07 1.60976e-07
ifcd32*197 1.75929e-07 2.54165e-07 1.59069e-07
Executing "/usr/lib/fftw/ptest/fftwf/benchf --verbose=1   --verify 'obc13x6x8x15' --verify 'ibc13x6x8x15' --verify 'ofc13x6x8x15' --verify 'ifc13x6x8x15' --verify 'ok24e11x22o01*21' --verify 'ik24e11x22o01*21' --verify '//obr6240' --verify '//ibr6240' --verify '//ofr6240' --verify '//ifr6240' --verify 'obr6240' --verify 'ibr6240' --verify 'ofr6240' --verify 'ifr6240' --verify '//obc6240' --verify '//ibc6240' --verify '//ofc6240' --verify '//ifc6240' --verify 'obc6240' --verify 'ibc6240' --verify 'ofc6240' --verify 'ifc6240' --verify 'ok33o10*113' --verify 'ik33o10*113' --verify '//obrd10x16x5x13' --verify '//ofrd10x16x5x13' --verify 'obrd10x16x5x13' --verify 'ibrd10x16x5x13' --verify 'ofrd10x16x5x13' --verify 'ifrd10x16x5x13' --verify '//obcd10x16x5x13' --verify '//ibcd10x16x5x13' --verify '//ofcd10x16x5x13' --verify '//ifcd10x16x5x13' --verify 'obcd10x16x5x13' --verify 'ibcd10x16x5x13' --verify 'ofcd10x16x5x13' --verify 'ifcd10x16x5x13' --verify 'okd10e00x13e01x6e00' --verify 'ikd10e00x13e01x6e00' --verify '//obr9152' --verify '//ibr9152' --verify '//ofr9152' --verify '//ifr9152'"
obc13x6x8x15 2.97845e-07 7.09733e-07 2.82524e-07
ibc13x6x8x15 2.1761e-07 7.09733e-07 2.64761e-07
ofc13x6x8x15 2.30984e-07 7.09733e-07 2.63396e-07
ifc13x6x8x15 2.62191e-07 8.67452e-07 2.44287e-07
ok24e11x22o01*21 3.50663e-07 2.46434e-06 3.22776e-07
ik24e11x22o01*21 2.56605e-07 2.12962e-06 2.42471e-07
//obr6240 2.39339e-07 6.76076e-07 2.31178e-07
//ibr6240 3.10241e-07 5.79494e-07 2.81969e-07
//ofr6240 2.47587e-07 4.82912e-07 1.84242e-07
//ifr6240 2.92671e-07 5.79494e-07 1.93133e-07
obr6240 2.33924e-07 6.76076e-07 2.36759e-07
ibr6240 3.05884e-07 5.79494e-07 2.47071e-07
ofr6240 2.2874e-07 4.82912e-07 2.02816e-07
ifr6240 2.73325e-07 4.82912e-07 2.05459e-07
//obc6240 2.50537e-07 5.79494e-07 2.54901e-07
//ibc6240 2.58547e-07 6.76076e-07 2.63971e-07
//ofc6240 2.78208e-07 5.79494e-07 3.01674e-07
//ifc6240 2.46135e-07 6.76076e-07 2.59736e-07
obc6240 2.60499e-07 4.82912e-07 2.79681e-07
ibc6240 2.63386e-07 5.79494e-07 2.49499e-07
ofc6240 2.70281e-07 6.76076e-07 2.53812e-07
ifc6240 2.62851e-07 6.76076e-07 2.64002e-07
ok33o10*113 2.15631e-07 7.81718e-07 2.00792e-07
ik33o10*113 2.32695e-07 7.81718e-07 1.80375e-07
//obrd10x16x5x13 2.30439e-07 7.48124e-07 2.1646e-07
//ofrd10x16x5x13 2.46571e-07 5.98499e-07 2.49878e-07
obrd10x16x5x13 2.34941e-07 7.48124e-07 2.7484e-07
ibrd10x16x5x13 2.46147e-07 6.73312e-07 2.3223e-07
ofrd10x16x5x13 2.60752e-07 6.73312e-07 2.31797e-07
ifrd10x16x5x13 2.37197e-07 6.73312e-07 2.45469e-07
//obcd10x16x5x13 2.56576e-07 6.73312e-07 2.66582e-07
//ibcd10x16x5x13 2.76931e-07 5.98499e-07 2.53707e-07
//ofcd10x16x5x13 2.26581e-07 7.48124e-07 2.75235e-07
//ifcd10x16x5x13 2.50957e-07 7.48124e-07 2.67618e-07
obcd10x16x5x13 3.30344e-07 5.98499e-07 2.47356e-07
ibcd10x16x5x13 2.46862e-07 8.22937e-07 2.71386e-07
ofcd10x16x5x13 2.69552e-07 5.98499e-07 2.78344e-07
ifcd10x16x5x13 2.4683e-07 7.48124e-07 2.33205e-07
okd10e00x13e01x6e00 2.34628e-07 7.62939e-06 2.25907e-07
ikd10e00x13e01x6e00 2.26309e-07 1.52588e-05 2.5339e-07
//obr9152 2.65581e-07 1.03675e-06 2.84673e-07
//ibr9152 2.43202e-07 1.03675e-06 2.36153e-07
//ofr9152 2.27948e-07 9.57003e-07 2.03112e-07
//ifr9152 2.37261e-07 8.77253e-07 1.94677e-07
Executing "/usr/lib/fftw/ptest/fftwf/benchf --verbose=1   --verify '//obrd9720' --verify '//ibrd9720' --verify '//ofrd9720' --verify '//ifrd9720' --verify 'obrd9720' --verify 'ibrd9720' --verify 'ofrd9720' --verify 'ifrd9720' --verify '//obcd9720' --verify '//ibcd9720' --verify '//ofcd9720' --verify '//ifcd9720' --verify 'obcd9720' --verify 'ibcd9720' --verify 'ofcd9720' --verify 'ifcd9720' --verify 'ok8bx4o01v11' --verify 'ik8bx4o01v11' --verify '//obr9x10x14' --verify '//ofr9x10x14' --verify 'obr9x10x14' --verify 'ibr9x10x14' --verify 'ofr9x10x14' --verify 'ifr9x10x14' --verify '//obc9x10x14' --verify '//ibc9x10x14' --verify '//ofc9x10x14' --verify '//ifc9x10x14' --verify 'obc9x10x14' --verify 'ibc9x10x14' --verify 'ofc9x10x14' --verify 'ifc9x10x14' --verify 'ok30o10v192' --verify 'ik30o10v192' --verify '//obr13x6x8x15' --verify '//ofr13x6x8x15' --verify 'obr13x6x8x15' --verify 'ibr13x6x8x15' --verify 'ofr13x6x8x15' --verify 'ifr13x6x8x15' --verify '//obc13x6x8x15' --verify '//ibc13x6x8x15' --verify '//ofc13x6x8x15' --verify '//ifc13x6x8x15'"
//obrd9720 2.49271e-07 1.39293e-06 2.39324e-07
//ibrd9720 2.64961e-07 1.47032e-06 2.37048e-07
//ofrd9720 2.49571e-07 1.31555e-06 1.9829e-07
//ifrd9720 2.7108e-07 1.31555e-06 1.89703e-07
obrd9720 2.61473e-07 1.39293e-06 2.55742e-07
ibrd9720 2.46567e-07 1.5477e-06 2.34641e-07
ofrd9720 2.62956e-07 1.5477e-06 1.49696e-07
ifrd9720 2.43346e-07 1.47032e-06 1.90569e-07
//obcd9720 2.44861e-07 1.39293e-06 2.68925e-07
//ibcd9720 2.51081e-07 1.47032e-06 2.66056e-07
//ofcd9720 2.59221e-07 1.5477e-06 2.78226e-07
//ifcd9720 2.56501e-07 1.47032e-06 2.40641e-07
obcd9720 2.65463e-07 1.39293e-06 2.43983e-07
ibcd9720 2.63215e-07 1.39293e-06 2.86788e-07
ofcd9720 2.65439e-07 1.5477e-06 2.61606e-07
ifcd9720 2.62053e-07 1.5477e-06 2.43959e-07
ok8bx4o01v11 1.48712e-07 5.27855e-07 1.55045e-07
ik8bx4o01v11 1.41406e-07 5.63045e-07 1.56691e-07
//obr9x10x14 2.26617e-07 9.67202e-07 2.2218e-07
//ofr9x10x14 2.2874e-07 5.37335e-07 2.611e-07
obr9x10x14 2.24868e-07 5.37335e-07 2.27063e-07
ibr9x10x14 2.76894e-07 5.37335e-07 2.39805e-07
ofr9x10x14 2.03628e-07 7.52268e-07 2.46047e-07
ifr9x10x14 1.99945e-07 7.52268e-07 2.25983e-07
//obc9x10x14 2.30156e-07 6.44802e-07 2.38966e-07
//ibc9x10x14 2.08529e-07 5.37335e-07 2.22251e-07
//ofc9x10x14 2.56516e-07 6.44802e-07 2.79492e-07
//ifc9x10x14 2.7197e-07 5.37335e-07 2.23476e-07
obc9x10x14 2.54184e-07 5.37335e-07 2.2754e-07
ibc9x10x14 2.21234e-07 5.37335e-07 2.15962e-07
ofc9x10x14 2.27963e-07 5.37335e-07 2.32871e-07
ifc9x10x14 1.80594e-07 6.44802e-07 2.14744e-07
ok30o10v192 1.86241e-07 5.99151e-07 1.80903e-07
ik30o10v192 1.91252e-07 8.38811e-07 1.7425e-07
//obr13x6x8x15 2.16842e-07 7.88592e-07 2.92427e-07
//ofr13x6x8x15 2.288e-07 5.52014e-07 2.09459e-07
obr13x6x8x15 2.27209e-07 7.09733e-07 2.15941e-07
ibr13x6x8x15 2.32084e-07 7.09733e-07 2.43265e-07
ofr13x6x8x15 2.58386e-07 7.09733e-07 2.20594e-07
ifr13x6x8x15 2.18676e-07 7.88592e-07 2.22602e-07
//obc13x6x8x15 2.27261e-07 7.09733e-07 2.30642e-07
//ibc13x6x8x15 2.55849e-07 6.30874e-07 2.72716e-07
//ofc13x6x8x15 2.79221e-07 7.09733e-07 2.14611e-07
//ifc13x6x8x15 2.5492e-07 7.09733e-07 2.37888e-07
Executing "/usr/lib/fftw/ptest/fftwf/benchf --verbose=1   --verify 'okd75o11*113' --verify 'ikd75o11*113' --verify 'obr13x13v33' --verify 'ibr13x13v33' --verify 'ofr13x13v33' --verify 'ifr13x13v33' --verify '//obc13x13v33' --verify '//ibc13x13v33' --verify '//ofc13x13v33' --verify '//ifc13x13v33' --verify 'obc13x13v33' --verify 'ibc13x13v33' --verify 'ofc13x13v33' --verify 'ifc13x13v33' --verify 'ok8e11x6e10x4o01' --verify 'ik8e11x6e10x4o01' --verify 'obr10x3x6v2' --verify 'ibr10x3x6v2' --verify 'ofr10x3x6v2' --verify 'ifr10x3x6v2' --verify '//obc10x3x6v2' --verify '//ibc10x3x6v2' --verify '//ofc10x3x6v2' --verify '//ifc10x3x6v2' --verify 'obc10x3x6v2' --verify 'ibc10x3x6v2' --verify 'ofc10x3x6v2' --verify 'ifc10x3x6v2' --verify 'okd12o10*4' --verify 'ikd12o10*4' --verify 'obr3x12x15*13' --verify 'ibr3x12x15*13' --verify 'ofr3x12x15*13' --verify 'ifr3x12x15*13' --verify '//obc3x12x15*13' --verify '//ibc3x12x15*13' --verify '//ofc3x12x15*13' --verify '//ifc3x12x15*13' --verify 'obc3x12x15*13' --verify 'ibc3x12x15*13' --verify 'ofc3x12x15*13' --verify 'ifc3x12x15*13' --verify 'ok10o01x7o00x10o00x7hv2' --verify 'ik10o01x7o00x10o00x7hv2'"
okd75o11*113 2.36768e-07 1.32298e-06 2.17207e-07
ikd75o11*113 2.10383e-07 1.17264e-06 2.23832e-07
obr13x13v33 2.16502e-07 3.0233e-07 2.20344e-07
ibr13x13v33 2.39891e-07 3.0233e-07 2.04495e-07
ofr13x13v33 2.6691e-07 2.26748e-07 2.30572e-07
ifr13x13v33 2.04072e-07 2.26748e-07 2.17501e-07
//obc13x13v33 2.11383e-07 3.0233e-07 2.05016e-07
//ibc13x13v33 2.37225e-07 3.0233e-07 2.38714e-07
//ofc13x13v33 2.43139e-07 3.0233e-07 2.03509e-07
//ifc13x13v33 2.25157e-07 3.0233e-07 2.22607e-07
obc13x13v33 2.15331e-07 3.0233e-07 2.64069e-07
ibc13x13v33 2.31606e-07 3.0233e-07 2.10743e-07
ofc13x13v33 1.94447e-07 3.0233e-07 2.14079e-07
ifc13x13v33 2.14648e-07 3.0233e-07 2.15284e-07
ok8e11x6e10x4o01 1.92445e-07 9.72417e-07 2.43701e-07
ik8e11x6e10x4o01 2.2132e-07 1.55587e-06 2.72546e-07
obr10x3x6v2 2.19455e-07 3.73184e-07 2.3187e-07
ibr10x3x6v2 1.82376e-07 3.73184e-07 1.95903e-07
ofr10x3x6v2 1.84071e-07 2.13248e-07 2.16827e-07
ifr10x3x6v2 1.93389e-07 3.19872e-07 2.0452e-07
//obc10x3x6v2 2.25204e-07 3.19872e-07 2.03438e-07
//ibc10x3x6v2 1.94232e-07 3.19872e-07 1.86496e-07
//ofc10x3x6v2 2.22705e-07 3.19872e-07 2.1072e-07
//ifc10x3x6v2 1.8408e-07 3.19872e-07 1.74432e-07
obc10x3x6v2 2.1515e-07 3.19872e-07 1.7167e-07
ibc10x3x6v2 2.11891e-07 3.19872e-07 1.76721e-07
ofc10x3x6v2 2.45707e-07 3.19872e-07 1.78479e-07
ifc10x3x6v2 2.1685e-07 3.19872e-07 2.05874e-07
okd12o10*4 1.56647e-07 3.72529e-07 1.62738e-07
ikd12o10*4 1.49105e-07 2.98023e-07 1.8539e-07
obr3x12x15*13 1.78011e-07 3.53572e-07 1.9592e-07
ibr3x12x15*13 1.96721e-07 3.53572e-07 2.27251e-07
ofr3x12x15*13 1.9425e-07 2.65179e-07 2.12087e-07
ifr3x12x15*13 2.05242e-07 2.65179e-07 2.05471e-07
//obc3x12x15*13 2.00786e-07 3.53572e-07 2.07733e-07
//ibc3x12x15*13 2.47232e-07 3.53572e-07 2.10356e-07
//ofc3x12x15*13 2.09928e-07 2.65179e-07 2.31984e-07
//ifc3x12x15*13 2.01125e-07 3.53572e-07 2.20553e-07
obc3x12x15*13 2.23015e-07 3.53572e-07 2.13865e-07
ibc3x12x15*13 2.16925e-07 3.53572e-07 2.16612e-07
ofc3x12x15*13 2.5113e-07 2.65179e-07 2.22407e-07
ifc3x12x15*13 2.18739e-07 2.65179e-07 2.30103e-07
ok10o01x7o00x10o00x7hv2 2.55014e-07 1.12258e-05 2.21891e-07
ik10o01x7o00x10o00x7hv2 2.52048e-07 8.11639e-06 3.17406e-07
Executing "/usr/lib/fftw/ptest/fftwf/benchf --verbose=1   --verify 'okd30b*82' --verify 'ikd30b*82' --verify 'obr7v90' --verify 'ibr7v90' --verify 'ofr7v90' --verify 'ifr7v90' --verify '//obc7v90' --verify '//ibc7v90' --verify '//ofc7v90' --verify '//ifc7v90' --verify 'obc7v90' --verify 'ibc7v90' --verify 'ofc7v90' --verify 'ifc7v90' --verify 'okd8o01x9bx6o11x12o11*1' --verify 'ikd8o01x9bx6o11x12o11*1' --verify 'obrd9x18*31' --verify 'ibrd9x18*31' --verify 'ofrd9x18*31' --verify 'ifrd9x18*31' --verify '//obcd9x18*31' --verify '//ibcd9x18*31' --verify '//ofcd9x18*31' --verify '//ifcd9x18*31' --verify 'obcd9x18*31' --verify 'ibcd9x18*31' --verify 'ofcd9x18*31' --verify 'ifcd9x18*31' --verify 'okd12e01v92' --verify 'ikd12e01v92' --verify '//obrd56x72' --verify '//ofrd56x72' --verify 'obrd56x72' --verify 'ibrd56x72' --verify 'ofrd56x72' --verify 'ifrd56x72' --verify '//obcd56x72' --verify '//ibcd56x72' --verify '//ofcd56x72' --verify '//ifcd56x72' --verify 'obcd56x72' --verify 'ibcd56x72' --verify 'ofcd56x72' --verify 'ifcd56x72'"
okd30b*82 1.8334e-07 7.8431e-07 1.89385e-07
ikd30b*82 1.79136e-07 8.52183e-07 1.50388e-07
obr7v90 1.75562e-07 2.27788e-07 1.54216e-07
ibr7v90 1.80228e-07 2.27788e-07 1.46342e-07
ofr7v90 1.97035e-07 1.8223e-07 1.43067e-07
ifr7v90 1.81037e-07 1.8223e-07 1.37977e-07
//obc7v90 1.76834e-07 1.8223e-07 1.2532e-07
//ibc7v90 1.55786e-07 1.8223e-07 1.74784e-07
//ofc7v90 1.95576e-07 1.8223e-07 1.78888e-07
//ifc7v90 1.53489e-07 1.8223e-07 1.91876e-07
obc7v90 1.73826e-07 1.8223e-07 1.94849e-07
ibc7v90 1.57953e-07 1.8223e-07 1.29705e-07
ofc7v90 1.72029e-07 1.8223e-07 1.83472e-07
ifc7v90 1.57857e-07 1.8223e-07 2.06835e-07
okd8o01x9bx6o11x12o11*1 2.52261e-07 1.29642e-05 2.56305e-07
ikd8o01x9bx6o11x12o11*1 2.7899e-07 1.19785e-05 2.47455e-07
obrd9x18*31 2.0187e-07 3.09379e-07 2.70748e-07
ibrd9x18*31 2.59516e-07 3.09379e-07 2.1989e-07
ofrd9x18*31 2.49466e-07 2.32034e-07 2.09909e-07
ifrd9x18*31 1.98196e-07 2.32034e-07 2.05125e-07
//obcd9x18*31 2.2708e-07 2.32034e-07 2.18343e-07
//ibcd9x18*31 2.53013e-07 3.09379e-07 2.15678e-07
//ofcd9x18*31 2.31115e-07 3.09379e-07 2.26251e-07
//ifcd9x18*31 2.45151e-07 3.86724e-07 2.20125e-07
obcd9x18*31 2.37856e-07 3.09379e-07 2.14985e-07
ibcd9x18*31 2.06604e-07 3.09379e-07 2.12079e-07
ofcd9x18*31 2.1983e-07 3.09379e-07 2.38262e-07
ifcd9x18*31 2.01209e-07 2.32034e-07 2.20423e-07
okd12e01v92 2.02773e-07 4.8202e-07 1.78084e-07
ikd12e01v92 2.09396e-07 5.12146e-07 2.18367e-07
//obrd56x72 2.42641e-07 6.00759e-07 2.20971e-07
//ofrd56x72 2.16783e-07 6.00759e-07 1.99723e-07
obrd56x72 2.12309e-07 4.80607e-07 1.98089e-07
ibrd56x72 1.88199e-07 7.20911e-07 1.94783e-07
ofrd56x72 2.09333e-07 6.00759e-07 1.80581e-07
ifrd56x72 2.2826e-07 6.00759e-07 1.72259e-07
//obcd56x72 2.32097e-07 6.00759e-07 2.59405e-07
//ibcd56x72 2.54844e-07 6.00759e-07 2.27367e-07
//ofcd56x72 2.83214e-07 5.40683e-07 2.36508e-07
//ifcd56x72 2.14727e-07 4.80607e-07 2.35367e-07
obcd56x72 2.15635e-07 6.00759e-07 2.30848e-07
ibcd56x72 2.07337e-07 7.20911e-07 2.41391e-07
ofcd56x72 2.34562e-07 6.00759e-07 2.34931e-07
ifcd56x72 2.60614e-07 5.40683e-07 2.27308e-07
Executing "/usr/lib/fftw/ptest/fftwf/benchf --verbose=1   --verify 'ofc13x8x4x5' --verify 'ifc13x8x4x5' --verify 'ok110e01x28o01' --verify 'ik110e01x28o01' --verify 'obrd3v7' --verify 'ibrd3v7' --verify 'ofrd3v7' --verify 'ifrd3v7' --verify '//obcd3v7' --verify '//ibcd3v7' --verify '//ofcd3v7' --verify '//ifcd3v7' --verify 'obcd3v7' --verify 'ibcd3v7' --verify 'ofcd3v7' --verify 'ifcd3v7' --verify 'ok32e11x24e01x16o00' --verify 'ik32e11x24e01x16o00' --verify 'obr11*184' --verify 'ibr11*184' --verify 'ofr11*184' --verify 'ifr11*184' --verify '//obc11*184' --verify '//ibc11*184' --verify '//ofc11*184' --verify '//ifc11*184' --verify 'obc11*184' --verify 'ibc11*184' --verify 'ofc11*184' --verify 'ifc11*184' --verify 'ok12e01x5e10x6o10x8e11*1' --verify 'ik12e01x5e10x6o10x8e11*1' --verify 'obrd8*33' --verify 'ibrd8*33' --verify 'ofrd8*33' --verify 'ifrd8*33' --verify '//obcd8*33' --verify '//ibcd8*33' --verify '//ofcd8*33' --verify '//ifcd8*33' --verify 'obcd8*33' --verify 'ibcd8*33' --verify 'ofcd8*33' --verify 'ifcd8*33'"
ofc13x8x4x5 2.34162e-07 5.85499e-07 2.49374e-07
ifc13x8x4x5 2.05591e-07 5.85499e-07 2.50153e-07
ok110e01x28o01 2.44621e-07 1.05666e-05 2.43918e-07
ik110e01x28o01 2.33888e-07 1.22382e-05 2.45352e-07
obrd3v7 1.02005e-07 1.57315e-07 1.07221e-07
ibrd3v7 2.14541e-07 1.57315e-07 9.87238e-08
ofrd3v7 1.18882e-07 8.849e-08 7.86632e-08
ifrd3v7 1.62006e-07 1.57315e-07 1.19799e-07
//obcd3v7 1.24613e-07 1.17987e-07 1.22681e-07
//ibcd3v7 1.85353e-07 1.57315e-07 1.34222e-07
//ofcd3v7 1.75124e-07 1.57315e-07 1.20761e-07
//ifcd3v7 1.42727e-07 1.57315e-07 1.05729e-07
obcd3v7 1.23035e-07 1.57315e-07 1.18622e-07
ibcd3v7 1.41385e-07 1.57315e-07 1.09858e-07
ofcd3v7 1.27822e-07 7.86577e-08 1.64471e-07
ifcd3v7 1.28636e-07 8.849e-08 1.19986e-07
ok32e11x24e01x16o00 3.03021e-07 2.85618e-05 2.93231e-07
ik32e11x24e01x16o00 2.53125e-07 2.90558e-05 2.81107e-07
obr11*184 1.56644e-07 2.1683e-07 2.13333e-07
ibr11*184 1.83363e-07 2.89106e-07 1.58737e-07
ofr11*184 1.37814e-07 2.1683e-07 1.57524e-07
ifr11*184 1.58869e-07 2.89106e-07 1.00932e-07
//obc11*184 2.09257e-07 2.1683e-07 2.25712e-07
//ibc11*184 1.80197e-07 2.89106e-07 1.56041e-07
//ofc11*184 1.88742e-07 2.1683e-07 1.54399e-07
//ifc11*184 2.14926e-07 2.1683e-07 1.94366e-07
obc11*184 1.79457e-07 2.1683e-07 1.48515e-07
ibc11*184 1.85119e-07 2.1683e-07 1.50473e-07
ofc11*184 1.84473e-07 2.1683e-07 1.49697e-07
ifc11*184 1.83363e-07 2.89106e-07 1.49568e-07
ok12e01x5e10x6o10x8e11*1 2.29737e-07 9.10374e-06 3.34593e-07
ik12e01x5e10x6o10x8e11*1 2.671e-07 7.48663e-06 2.69448e-07
obrd8*33 1.80339e-07 1.73696e-07 8.57186e-08
ibrd8*33 1.26483e-07 1.73696e-07 8.71858e-08
ofrd8*33 1.42889e-07 1.30272e-07 7.60394e-08
ifrd8*33 1.88128e-07 1.73696e-07 6.95017e-08
//obcd8*33 1.65348e-07 1.73696e-07 1.06484e-07
//ibcd8*33 1.61191e-07 1.73696e-07 1.15643e-07
//ofcd8*33 1.87812e-07 1.73696e-07 1.38787e-07
//ifcd8*33 1.95224e-07 1.73696e-07 1.72238e-07
obcd8*33 1.59577e-07 1.73696e-07 1.30626e-07
ibcd8*33 1.98191e-07 1.73696e-07 1.13458e-07
ofcd8*33 1.60287e-07 1.73696e-07 1.0372e-07
ifcd8*33 1.67968e-07 1.73696e-07 1.09439e-07
Executing "/usr/lib/fftw/ptest/fftwf/benchf --verbose=1   --verify 'ofcd12x9x5*13' --verify 'ifcd12x9x5*13' --verify 'ok5o11x9e01*26' --verify 'ik5o11x9e01*26' --verify 'obr3*13' --verify 'ibr3*13' --verify 'ofr3*13' --verify 'ifr3*13' --verify '//obc3*13' --verify '//ibc3*13' --verify '//ofc3*13' --verify '//ifc3*13' --verify 'obc3*13' --verify 'ibc3*13' --verify 'ofc3*13' --verify 'ifc3*13' --verify 'ok6o00x5o00*13' --verify 'ik6o00x5o00*13' --verify 'obr7x10x11x2v9' --verify 'ibr7x10x11x2v9' --verify 'ofr7x10x11x2v9' --verify 'ifr7x10x11x2v9' --verify '//obc7x10x11x2v9' --verify '//ibc7x10x11x2v9' --verify '//ofc7x10x11x2v9' --verify '//ifc7x10x11x2v9' --verify 'obc7x10x11x2v9' --verify 'ibc7x10x11x2v9' --verify 'ofc7x10x11x2v9' --verify 'ifc7x10x11x2v9' --verify 'ok121hx13h' --verify 'ik121hx13h' --verify '//obr13x8x4x5' --verify '//ofr13x8x4x5' --verify 'obr13x8x4x5' --verify 'ibr13x8x4x5' --verify 'ofr13x8x4x5' --verify 'ifr13x8x4x5' --verify '//obc13x8x4x5' --verify '//ibc13x8x4x5' --verify '//ofc13x8x4x5' --verify '//ifc13x8x4x5' --verify 'obc13x8x4x5' --verify 'ibc13x8x4x5'"
ofcd12x9x5*13 2.25694e-07 3.53572e-07 2.19814e-07
ifcd12x9x5*13 1.93269e-07 2.65179e-07 2.26219e-07
ok5o11x9e01*26 2.2229e-07 1.0027e-06 1.99428e-07
ik5o11x9e01*26 2.87946e-07 1.05753e-06 2.13568e-07
obr3*13 1.01186e-07 1.4824e-07 1.08148e-07
ibr3*13 1.32368e-07 1.4824e-07 1.00415e-07
ofr3*13 1.29285e-07 1.1118e-07 9.93493e-08
ifr3*13 1.29122e-07 1.4824e-07 1.14026e-07
//obc3*13 1.28054e-07 1.4824e-07 1.14246e-07
//ibc3*13 1.29215e-07 1.4824e-07 1.16851e-07
//ofc3*13 1.67293e-07 1.4824e-07 1.13824e-07
//ifc3*13 1.36783e-07 1.4824e-07 1.18054e-07
obc3*13 1.47276e-07 1.4824e-07 1.12555e-07
ibc3*13 1.53507e-07 1.4824e-07 1.09055e-07
ofc3*13 1.91814e-07 1.4824e-07 1.97529e-07
ifc3*13 1.59892e-07 1.4824e-07 1.18959e-07
ok6o00x5o00*13 1.91973e-07 5.92563e-07 2.19816e-07
ik6o00x5o00*13 1.74115e-07 4.19732e-07 2.00236e-07
obr7x10x11x2v9 2.71619e-07 4.32033e-07 2.4637e-07
ibr7x10x11x2v9 2.09756e-07 4.32033e-07 1.97169e-07
ofr7x10x11x2v9 2.0226e-07 4.32033e-07 1.87665e-07
ifr7x10x11x2v9 2.18409e-07 4.32033e-07 1.90737e-07
//obc7x10x11x2v9 1.94655e-07 4.32033e-07 1.96913e-07
//ibc7x10x11x2v9 2.17744e-07 4.32033e-07 2.01943e-07
//ofc7x10x11x2v9 1.97937e-07 4.32033e-07 2.49715e-07
//ifc7x10x11x2v9 2.07065e-07 4.32033e-07 2.37503e-07
obc7x10x11x2v9 2.10892e-07 4.32033e-07 2.32581e-07
ibc7x10x11x2v9 1.96584e-07 4.32033e-07 2.42096e-07
ofc7x10x11x2v9 2.46323e-07 4.32033e-07 2.42889e-07
ifc7x10x11x2v9 2.49105e-07 4.32033e-07 2.01372e-07
ok121hx13h 2.46877e-07 7.62939e-06 2.26082e-07
ik121hx13h 2.19553e-07 7.62939e-06 2.49007e-07
//obr13x8x4x5 2.32002e-07 6.69142e-07 2.32495e-07
//ofr13x8x4x5 2.28459e-07 7.52785e-07 2.27114e-07
obr13x8x4x5 2.18744e-07 6.69142e-07 2.46766e-07
ibr13x8x4x5 2.07951e-07 6.69142e-07 2.11566e-07
ofr13x8x4x5 1.96806e-07 5.01857e-07 1.97637e-07
ifr13x8x4x5 2.00879e-07 6.69142e-07 2.10469e-07
//obc13x8x4x5 2.17747e-07 5.01857e-07 2.58762e-07
//ibc13x8x4x5 2.33079e-07 5.85499e-07 2.45489e-07
//ofc13x8x4x5 2.48415e-07 5.01857e-07 2.39636e-07
//ifc13x8x4x5 2.36535e-07 5.85499e-07 2.1999e-07
obc13x8x4x5 2.29456e-07 5.85499e-07 2.03626e-07
ibc13x8x4x5 2.10329e-07 5.85499e-07 2.45856e-07
Executing "/usr/lib/fftw/ptest/fftwf/benchf --verbose=1   --verify 'obc18x5x8v16' --verify 'ibc18x5x8v16' --verify 'ofc18x5x8v16' --verify 'ifc18x5x8v16' --verify 'ok12o01x10e01x6e01v4' --verify 'ik12o01x10e01x6e01v4' --verify 'obr6x14x13*13' --verify 'ibr6x14x13*13' --verify 'ofr6x14x13*13' --verify 'ifr6x14x13*13' --verify '//obc6x14x13*13' --verify '//ibc6x14x13*13' --verify '//ofc6x14x13*13' --verify '//ifc6x14x13*13' --verify 'obc6x14x13*13' --verify 'ibc6x14x13*13' --verify 'ofc6x14x13*13' --verify 'ifc6x14x13*13' --verify 'ok6hx12e10x9o10x4o01' --verify 'ik6hx12e10x9o10x4o01' --verify 'obr39v92' --verify 'ibr39v92' --verify 'ofr39v92' --verify 'ifr39v92' --verify '//obc39v92' --verify '//ibc39v92' --verify '//ofc39v92' --verify '//ifc39v92' --verify 'obc39v92' --verify 'ibc39v92' --verify 'ofc39v92' --verify 'ifc39v92' --verify 'okd2o11x6e10x7h*6' --verify 'ikd2o11x6e10x7h*6' --verify 'obrd12x9x5*13' --verify 'ibrd12x9x5*13' --verify 'ofrd12x9x5*13' --verify 'ifrd12x9x5*13' --verify '//obcd12x9x5*13' --verify '//ibcd12x9x5*13' --verify '//ofcd12x9x5*13' --verify '//ifcd12x9x5*13' --verify 'obcd12x9x5*13' --verify 'ibcd12x9x5*13'"
obc18x5x8v16 2.39929e-07 3.77627e-07 2.43579e-07
ibc18x5x8v16 2.45339e-07 3.02101e-07 2.21723e-07
ofc18x5x8v16 2.17241e-07 3.02101e-07 2.44154e-07
ifc18x5x8v16 2.02494e-07 3.02101e-07 2.10593e-07
ok12o01x10e01x6e01v4 2.86374e-07 6.08705e-06 2.43843e-07
ik12o01x10e01x6e01v4 2.73137e-07 6.40408e-06 2.24589e-07
obr6x14x13*13 2.31395e-07 3.72954e-07 2.1806e-07
ibr6x14x13*13 2.79791e-07 3.72954e-07 2.2971e-07
ofr6x14x13*13 2.2255e-07 2.64175e-07 2.10211e-07
ifr6x14x13*13 2.24667e-07 3.10795e-07 2.14014e-07
//obc6x14x13*13 2.33295e-07 3.10795e-07 2.11688e-07
//ibc6x14x13*13 2.13561e-07 3.72954e-07 2.12678e-07
//ofc6x14x13*13 2.18134e-07 3.72954e-07 2.10084e-07
//ifc6x14x13*13 2.34022e-07 3.72954e-07 2.16411e-07
obc6x14x13*13 2.09739e-07 3.10795e-07 2.06034e-07
ibc6x14x13*13 2.3351e-07 3.10795e-07 2.18175e-07
ofc6x14x13*13 2.18852e-07 3.72954e-07 2.09611e-07
ifc6x14x13*13 2.3063e-07 3.10795e-07 2.84437e-07
ok6hx12e10x9o10x4o01 2.46254e-07 6.06447e-06 2.47535e-07
ik6hx12e10x9o10x4o01 1.75847e-07 8.58058e-06 2.65547e-07
obr39v92 1.98037e-07 2.31555e-07 2.06444e-07
ibr39v92 2.05733e-07 2.31555e-07 1.99209e-07
ofr39v92 1.86913e-07 2.31555e-07 1.5486e-07
ifr39v92 2.36134e-07 2.31555e-07 1.8965e-07
//obc39v92 2.0627e-07 3.0874e-07 1.90716e-07
//ibc39v92 2.01479e-07 2.31555e-07 2.08505e-07
//ofc39v92 2.66865e-07 2.31555e-07 2.01658e-07
//ifc39v92 2.08673e-07 2.31555e-07 2.23468e-07
obc39v92 1.83727e-07 2.31555e-07 2.04044e-07
ibc39v92 2.14334e-07 3.0874e-07 2.34688e-07
ofc39v92 2.34915e-07 2.31555e-07 2.34136e-07
ifc39v92 2.12409e-07 2.31555e-07 2.53098e-07
okd2o11x6e10x7h*6 2.0132e-07 8.09133e-07 2.27211e-07
ikd2o11x6e10x7h*6 2.06651e-07 6.77414e-07 2.50036e-07
obrd12x9x5*13 3.208e-07 4.41965e-07 2.20166e-07
ibrd12x9x5*13 2.08624e-07 3.53572e-07 2.33692e-07
ofrd12x9x5*13 2.07165e-07 3.53572e-07 2.16269e-07
ifrd12x9x5*13 1.92464e-07 2.65179e-07 1.85177e-07
//obcd12x9x5*13 2.05232e-07 3.53572e-07 2.23397e-07
//ibcd12x9x5*13 1.94202e-07 3.53572e-07 2.39993e-07
//ofcd12x9x5*13 2.22838e-07 3.53572e-07 2.35278e-07
//ifcd12x9x5*13 2.05527e-07 3.53572e-07 2.25638e-07
obcd12x9x5*13 2.65911e-07 3.53572e-07 2.2479e-07
ibcd12x9x5*13 2.11322e-07 3.53572e-07 2.38806e-07
Executing "/usr/lib/fftw/ptest/fftwf/benchf --verbose=1   --verify '//ofc4x9x2x6*10' --verify '//ifc4x9x2x6*10' --verify 'obc4x9x2x6*10' --verify 'ibc4x9x2x6*10' --verify 'ofc4x9x2x6*10' --verify 'ifc4x9x2x6*10' --verify 'okd5hx2bx10e11' --verify 'ikd5hx2bx10e11' --verify 'obr12x30*1' --verify 'ibr12x30*1' --verify 'ofr12x30*1' --verify 'ifr12x30*1' --verify '//obc12x30*1' --verify '//ibc12x30*1' --verify '//ofc12x30*1' --verify '//ifc12x30*1' --verify 'obc12x30*1' --verify 'ibc12x30*1' --verify 'ofc12x30*1' --verify 'ifc12x30*1' --verify 'ok10e10x20e11v11' --verify 'ik10e10x20e11v11' --verify 'obrd6x4v10' --verify 'ibrd6x4v10' --verify 'ofrd6x4v10' --verify 'ifrd6x4v10' --verify '//obcd6x4v10' --verify '//ibcd6x4v10' --verify '//ofcd6x4v10' --verify '//ifcd6x4v10' --verify 'obcd6x4v10' --verify 'ibcd6x4v10' --verify 'ofcd6x4v10' --verify 'ifcd6x4v10' --verify 'ok13e10x10o00x7e00x12h*1' --verify 'ik13e10x10o00x7e00x12h*1' --verify 'obr18x5x8v16' --verify 'ibr18x5x8v16' --verify 'ofr18x5x8v16' --verify 'ifr18x5x8v16' --verify '//obc18x5x8v16' --verify '//ibc18x5x8v16' --verify '//ofc18x5x8v16' --verify '//ifc18x5x8v16'"
//ofc4x9x2x6*10 2.04328e-07 3.02832e-07 1.79962e-07
//ifc4x9x2x6*10 2.12536e-07 4.03776e-07 1.75914e-07
obc4x9x2x6*10 2.31493e-07 3.02832e-07 1.92309e-07
ibc4x9x2x6*10 2.07134e-07 3.02832e-07 1.88457e-07
ofc4x9x2x6*10 1.85775e-07 3.02832e-07 1.81241e-07
ifc4x9x2x6*10 2.08872e-07 3.02832e-07 1.84158e-07
okd5hx2bx10e11 2.77655e-07 1.55451e-06 2.34231e-07
ikd5hx2bx10e11 1.65325e-07 1.0762e-06 2.35926e-07
obr12x30*1 1.96097e-07 4.02104e-07 1.93014e-07
ibr12x30*1 2.39823e-07 5.02631e-07 1.98983e-07
ofr12x30*1 2.24938e-07 3.01578e-07 1.76827e-07
ifr12x30*1 2.06199e-07 3.01578e-07 2.05265e-07
//obc12x30*1 1.87345e-07 4.02104e-07 1.89527e-07
//ibc12x30*1 1.97865e-07 3.01578e-07 2.02236e-07
//ofc12x30*1 1.92897e-07 3.01578e-07 1.96525e-07
//ifc12x30*1 2.12074e-07 3.01578e-07 2.20956e-07
obc12x30*1 2.08673e-07 3.01578e-07 2.18134e-07
ibc12x30*1 1.93004e-07 3.01578e-07 2.14431e-07
ofc12x30*1 2.09014e-07 3.01578e-07 2.18757e-07
ifc12x30*1 1.90958e-07 5.02631e-07 1.95489e-07
ok10e10x20e11v11 2.25792e-07 1.20386e-06 2.15612e-07
ik10e10x20e11v11 2.3788e-07 1.2364e-06 2.18154e-07
obrd6x4v10 1.64721e-07 2.14135e-07 1.40708e-07
ibrd6x4v10 1.63167e-07 2.14135e-07 1.02119e-07
ofrd6x4v10 2.05389e-07 2.14135e-07 1.12691e-07
ifrd6x4v10 1.55522e-07 2.14135e-07 1.17156e-07
//obcd6x4v10 1.61792e-07 2.14135e-07 1.35927e-07
//ibcd6x4v10 2.07494e-07 2.67668e-07 1.24185e-07
//ofcd6x4v10 1.80073e-07 2.14135e-07 1.19441e-07
//ifcd6x4v10 2.13587e-07 2.14135e-07 2.18149e-07
obcd6x4v10 2.24225e-07 2.14135e-07 1.34565e-07
ibcd6x4v10 1.53451e-07 3.21202e-07 1.13877e-07
ofcd6x4v10 2.00241e-07 2.14135e-07 1.29782e-07
ifcd6x4v10 1.77708e-07 2.14135e-07 1.47519e-07
ok13e10x10o00x7e00x12h*1 2.34085e-07 3.0711e-05 2.72618e-07
ik13e10x10o00x7e00x12h*1 2.44902e-07 2.98679e-05 2.47943e-07
obr18x5x8v16 1.99865e-07 3.02101e-07 2.00277e-07
ibr18x5x8v16 2.0095e-07 3.77627e-07 2.2407e-07
ofr18x5x8v16 2.10345e-07 3.02101e-07 1.83447e-07
ifr18x5x8v16 2.07433e-07 2.45457e-07 2.04264e-07
//obc18x5x8v16 2.48236e-07 3.02101e-07 1.92469e-07
//ibc18x5x8v16 2.30031e-07 3.02101e-07 2.53435e-07
//ofc18x5x8v16 2.01391e-07 3.02101e-07 2.49488e-07
//ifc18x5x8v16 2.56718e-07 3.02101e-07 1.97571e-07
Executing "/usr/lib/fftw/ptest/fftwf/benchf --verbose=1   --verify 'ok3e00x11e10x10e00x2hv7' --verify 'ik3e00x11e10x10e00x2hv7' --verify 'obr4x9x2x6*10' --verify 'ibr4x9x2x6*10' --verify 'ofr4x9x2x6*10' --verify 'ifr4x9x2x6*10' --verify '//obc4x9x2x6*10' --verify '//ibc4x9x2x6*10'"
ok3e00x11e10x10e00x2hv7 2.18338e-07 7.32711e-06 1.94416e-07
ik3e00x11e10x10e00x2hv7 1.94902e-07 5.93492e-06 1.86954e-07
obr4x9x2x6*10 2.19285e-07 4.03776e-07 1.83834e-07
ibr4x9x2x6*10 2.01327e-07 3.02832e-07 2.10757e-07
ofr4x9x2x6*10 2.09902e-07 3.02832e-07 1.95251e-07
ifr4x9x2x6*10 2.00262e-07 3.02832e-07 1.63714e-07
//obc4x9x2x6*10 1.86906e-07 3.02832e-07 1.82274e-07
//ibc4x9x2x6*10 2.06206e-07 4.03776e-07 2.31825e-07
Executing "/usr/lib/fftw/ptest/fftwl/benchl --verbose=1   --verify 'ofc3x11x13x4' --verify 'ifc3x11x13x4' --verify 'okd9o11x10b*16' --verify 'ikd9o11x10b*16' --verify 'obr7x3*10' --verify 'ibr7x3*10' --verify 'ofr7x3*10' --verify 'ifr7x3*10' --verify '//obc7x3*10' --verify '//ibc7x3*10' --verify '//ofc7x3*10' --verify '//ifc7x3*10' --verify 'obc7x3*10' --verify 'ibc7x3*10' --verify 'ofc7x3*10' --verify 'ifc7x3*10' --verify 'okd9o10x12o10x4e01v11' --verify 'ikd9o10x12o10x4e01v11' --verify 'obr12x20x9*12' --verify 'ibr12x20x9*12' --verify 'ofr12x20x9*12' --verify 'ifr12x20x9*12' --verify '//obc12x20x9*12' --verify '//ibc12x20x9*12' --verify '//ofc12x20x9*12' --verify '//ifc12x20x9*12' --verify 'obc12x20x9*12' --verify 'ibc12x20x9*12' --verify 'ofc12x20x9*12' --verify 'ifc12x20x9*12' --verify 'ok10o01v155' --verify 'ik10o01v155' --verify 'obr52*164' --verify 'ibr52*164' --verify 'ofr52*164' --verify 'ifr52*164' --verify '//obc52*164' --verify '//ibc52*164' --verify '//ofc52*164' --verify '//ifc52*164' --verify 'obc52*164' --verify 'ibc52*164' --verify 'ofc52*164' --verify 'ifc52*164'"
ofc3x11x13x4 1.84901e-19 3.35013e-19 3.37171e-19
ifc3x11x13x4 1.84704e-19 3.35013e-19 2.82925e-19
okd9o11x10b*16 2.03262e-19 1.35873e-18 2.0506e-19
ikd9o11x10b*16 1.74934e-19 1.908e-18 2.02209e-19
obr7x3*10 1.59889e-19 2.08201e-19 1.83324e-19
ibr7x3*10 1.41577e-19 2.08201e-19 1.60047e-19
ofr7x3*10 1.52022e-19 1.04101e-19 3.13124e-19
ifr7x3*10 1.75242e-19 1.04101e-19 2.79193e-19
//obc7x3*10 1.47727e-19 1.04101e-19 2.618e-19
//ibc7x3*10 1.6114e-19 1.56151e-19 2.61504e-19
//ofc7x3*10 1.6298e-19 2.08201e-19 3.26744e-19
//ifc7x3*10 1.51701e-19 1.56151e-19 2.86131e-19
obc7x3*10 1.31671e-19 2.08201e-19 2.63234e-19
ibc7x3*10 1.77254e-19 2.08201e-19 2.59194e-19
ofc7x3*10 1.6533e-19 1.56151e-19 3.12044e-19
ifc7x3*10 1.59443e-19 2.08201e-19 2.74007e-19
okd9o10x12o10x4e01v11 1.81888e-19 1.89243e-18 2.06731e-19
ikd9o10x12o10x4e01v11 1.94756e-19 1.84068e-18 2.10278e-19
obr12x20x9*12 2.2142e-19 3.23486e-19 2.43694e-19
ibr12x20x9*12 2.42518e-19 3.23486e-19 2.33766e-19
ofr12x20x9*12 1.96239e-19 3.23486e-19 3.73627e-19
ifr12x20x9*12 2.65933e-19 3.23486e-19 3.99405e-19
//obc12x20x9*12 2.21307e-19 3.23486e-19 4.00577e-19
//ibc12x20x9*12 1.97119e-19 3.23486e-19 3.60026e-19
//ofc12x20x9*12 2.0672e-19 3.23486e-19 3.77722e-19
//ifc12x20x9*12 1.95882e-19 3.23486e-19 3.53046e-19
obc12x20x9*12 2.26273e-19 3.23486e-19 4.22671e-19
ibc12x20x9*12 1.95051e-19 3.23486e-19 3.63991e-19
ofc12x20x9*12 1.85241e-19 4.04357e-19 3.82273e-19
ifc12x20x9*12 1.6867e-19 3.23486e-19 3.76033e-19
ok10o01v155 1.73244e-19 3.3144e-19 1.48719e-19
ik10o01v155 1.57545e-19 2.762e-19 1.55562e-19
obr52*164 1.67502e-19 2.4203e-19 1.8439e-19
ibr52*164 1.74461e-19 2.4203e-19 1.73212e-19
ofr52*164 1.85506e-19 1.81522e-19 2.27229e-19
ifr52*164 1.93813e-19 2.4203e-19 2.30704e-19
//obc52*164 1.95465e-19 2.4203e-19 2.72563e-19
//ibc52*164 1.79434e-19 2.4203e-19 2.81136e-19
//ofc52*164 1.84564e-19 2.4203e-19 3.09025e-19
//ifc52*164 2.40559e-19 2.4203e-19 2.72205e-19
obc52*164 1.68903e-19 2.4203e-19 2.67887e-19
ibc52*164 1.95225e-19 2.4203e-19 2.68623e-19
ofc52*164 1.89146e-19 2.4203e-19 2.56756e-19
ifc52*164 1.85998e-19 2.4203e-19 3.82467e-19
Executing "/usr/lib/fftw/ptest/fftwl/benchl --verbose=1   --verify 'ofcd800' --verify 'ifcd800' --verify 'ok7o01x6o01x8hv11' --verify 'ik7o01x6o01x8hv11' --verify 'obr4x16x8*4' --verify 'ibr4x16x8*4' --verify 'ofr4x16x8*4' --verify 'ifr4x16x8*4' --verify '//obc4x16x8*4' --verify '//ibc4x16x8*4' --verify '//ofc4x16x8*4' --verify '//ifc4x16x8*4' --verify 'obc4x16x8*4' --verify 'ibc4x16x8*4' --verify 'ofc4x16x8*4' --verify 'ifc4x16x8*4' --verify 'okd12o11x18e00x4e00x5e10' --verify 'ikd12o11x18e00x4e00x5e10' --verify 'obr11x4x3v8' --verify 'ibr11x4x3v8' --verify 'ofr11x4x3v8' --verify 'ifr11x4x3v8' --verify '//obc11x4x3v8' --verify '//ibc11x4x3v8' --verify '//ofc11x4x3v8' --verify '//ifc11x4x3v8' --verify 'obc11x4x3v8' --verify 'ibc11x4x3v8' --verify 'ofc11x4x3v8' --verify 'ifc11x4x3v8' --verify 'ok9e10x5o11x12e00v2' --verify 'ik9e10x5o11x12e00v2' --verify '//obr3x11x13x4' --verify '//ofr3x11x13x4' --verify 'obr3x11x13x4' --verify 'ibr3x11x13x4' --verify 'ofr3x11x13x4' --verify 'ifr3x11x13x4' --verify '//obc3x11x13x4' --verify '//ibc3x11x13x4' --verify '//ofc3x11x13x4' --verify '//ifc3x11x13x4' --verify 'obc3x11x13x4' --verify 'ibc3x11x13x4'"
ofcd800 1.95201e-19 2.45327e-19 3.15023e-19
ifcd800 1.98633e-19 3.6799e-19 3.88509e-19
ok7o01x6o01x8hv11 2.40067e-19 1.46939e-18 2.10888e-19
ik7o01x6o01x8hv11 2.17846e-19 1.53061e-18 2.24207e-19
obr4x16x8*4 1.4407e-19 1.91662e-19 1.82218e-19
ibr4x16x8*4 1.94358e-19 1.91662e-19 2.11095e-19
ofr4x16x8*4 1.47446e-19 2.87493e-19 2.50134e-19
ifr4x16x8*4 1.84967e-19 1.91662e-19 2.88215e-19
//obc4x16x8*4 1.86542e-19 2.87493e-19 2.78199e-19
//ibc4x16x8*4 1.75355e-19 1.91662e-19 2.25967e-19
//ofc4x16x8*4 1.64321e-19 2.87493e-19 2.96425e-19
//ifc4x16x8*4 1.80569e-19 1.91662e-19 2.26452e-19
obc4x16x8*4 1.45571e-19 1.91662e-19 2.4257e-19
ibc4x16x8*4 1.70712e-19 2.87493e-19 2.31622e-19
ofc4x16x8*4 1.58052e-19 2.87493e-19 3.12006e-19
ifc4x16x8*4 1.53159e-19 1.91662e-19 2.20859e-19
okd12o11x18e00x4e00x5e10 2.1852e-19 2.60767e-17 2.84769e-19
ikd12o11x18e00x4e00x5e10 2.49845e-19 2.10243e-17 1.77308e-19
obr11x4x3v8 1.61655e-19 2.54793e-19 2.21031e-19
ibr11x4x3v8 1.51454e-19 2.54793e-19 2.1429e-19
ofr11x4x3v8 2.0466e-19 1.69862e-19 2.76256e-19
ifr11x4x3v8 1.63803e-19 1.69862e-19 2.55292e-19
//obc11x4x3v8 1.83909e-19 1.69862e-19 2.7935e-19
//ibc11x4x3v8 1.94871e-19 2.54793e-19 2.66066e-19
//ofc11x4x3v8 1.86154e-19 2.54793e-19 2.9866e-19
//ifc11x4x3v8 1.9046e-19 1.69862e-19 2.97174e-19
obc11x4x3v8 1.72307e-19 1.69862e-19 2.86732e-19
ibc11x4x3v8 1.45832e-19 2.54793e-19 2.72757e-19
ofc11x4x3v8 1.56095e-19 1.69862e-19 2.5952e-19
ifc11x4x3v8 1.67909e-19 2.54793e-19 2.78203e-19
ok9e10x5o11x12e00v2 1.80179e-19 3.45781e-18 2.11108e-19
ik9e10x5o11x12e00v2 1.96938e-19 3.37548e-18 1.8222e-19
//obr3x11x13x4 1.97541e-19 3.35013e-19 2.31715e-19
//ofr3x11x13x4 1.99548e-19 3.35013e-19 2.84154e-19
obr3x11x13x4 1.84243e-19 3.35013e-19 2.15152e-19
ibr3x11x13x4 1.75492e-19 3.35013e-19 2.41974e-19
ofr3x11x13x4 1.9768e-19 3.35013e-19 3.70935e-19
ifr3x11x13x4 2.29136e-19 3.35013e-19 3.41899e-19
//obc3x11x13x4 1.91943e-19 4.18766e-19 3.01404e-19
//ibc3x11x13x4 1.81809e-19 4.18766e-19 2.65731e-19
//ofc3x11x13x4 2.01382e-19 3.35013e-19 2.92049e-19
//ifc3x11x13x4 2.02848e-19 5.86273e-19 3.13837e-19
obc3x11x13x4 2.0016e-19 3.35013e-19 3.08405e-19
ibc3x11x13x4 1.86757e-19 3.35013e-19 3.05418e-19
Executing "/usr/lib/fftw/ptest/fftwl/benchl --verbose=1   --verify 'okd9hx6o10x11e01x3o10*8' --verify 'ikd9hx6o10x11e01x3o10*8' --verify 'obrd99*76' --verify 'ibrd99*76' --verify 'ofrd99*76' --verify 'ifrd99*76' --verify '//obcd99*76' --verify '//ibcd99*76' --verify '//ofcd99*76' --verify '//ifcd99*76' --verify 'obcd99*76' --verify 'ibcd99*76' --verify 'ofcd99*76' --verify 'ifcd99*76' --verify 'okd13e00x7o00x9e10x10b' --verify 'ikd13e00x7o00x9e10x10b' --verify 'obrd130v17' --verify 'ibrd130v17' --verify 'ofrd130v17' --verify 'ifrd130v17' --verify '//obcd130v17' --verify '//ibcd130v17' --verify '//ofcd130v17' --verify '//ifcd130v17' --verify 'obcd130v17' --verify 'ibcd130v17' --verify 'ofcd130v17' --verify 'ifcd130v17' --verify 'ok10bx9hx30o10' --verify 'ik10bx9hx30o10' --verify '//obrd800' --verify '//ibrd800' --verify '//ofrd800' --verify '//ifrd800' --verify 'obrd800' --verify 'ibrd800' --verify 'ofrd800' --verify 'ifrd800' --verify '//obcd800' --verify '//ibcd800' --verify '//ofcd800' --verify '//ifcd800' --verify 'obcd800' --verify 'ibcd800'"
okd9hx6o10x11e01x3o10*8 2.4837e-19 5.5955e-18 2.19518e-19
ikd9hx6o10x11e01x3o10*8 2.19726e-19 5.5955e-18 1.94421e-19
obrd99*76 1.62616e-19 3.53281e-19 2.19254e-19
ibrd99*76 1.8471e-19 2.6496e-19 1.67404e-19
ofrd99*76 1.99599e-19 2.6496e-19 2.43736e-19
ifrd99*76 1.85366e-19 1.7664e-19 2.53242e-19
//obcd99*76 2.40713e-19 2.6496e-19 2.77075e-19
//ibcd99*76 2.55975e-19 2.6496e-19 2.77496e-19
//ofcd99*76 2.19601e-19 2.6496e-19 2.52119e-19
//ifcd99*76 2.10037e-19 2.6496e-19 2.70833e-19
obcd99*76 1.93327e-19 2.6496e-19 2.42859e-19
ibcd99*76 2.41148e-19 2.6496e-19 2.45809e-19
ofcd99*76 1.86452e-19 2.6496e-19 2.61519e-19
ifcd99*76 2.02501e-19 2.6496e-19 2.76185e-19
okd13e00x7o00x9e10x10b 1.70636e-19 2.05998e-17 1.79664e-19
ikd13e00x7o00x9e10x10b 1.9166e-19 2.42184e-17 1.77505e-19
obrd130v17 1.95347e-19 2.41643e-19 2.10601e-19
ibrd130v17 2.01215e-19 2.41643e-19 2.21884e-19
ofrd130v17 1.7491e-19 2.41643e-19 3.7647e-19
ifrd130v17 1.92195e-19 2.41643e-19 3.06786e-19
//obcd130v17 2.21627e-19 2.41643e-19 3.18356e-19
//ibcd130v17 2.05882e-19 2.41643e-19 3.27718e-19
//ofcd130v17 2.01096e-19 2.41643e-19 2.97279e-19
//ifcd130v17 2.15121e-19 2.41643e-19 2.70927e-19
obcd130v17 2.34516e-19 3.2219e-19 2.83154e-19
ibcd130v17 1.61704e-19 2.41643e-19 3.46538e-19
ofcd130v17 1.89834e-19 3.2219e-19 2.79573e-19
ifcd130v17 2.02395e-19 2.41643e-19 3.53468e-19
ok10bx9hx30o10 1.96461e-19 1.2902e-17 1.85246e-19
ik10bx9hx30o10 2.12194e-19 9.86624e-18 2.22488e-19
//obrd800 1.95618e-19 3.6799e-19 2.35054e-19
//ibrd800 2.87854e-19 3.6799e-19 2.03951e-19
//ofrd800 1.87034e-19 2.45327e-19 3.09726e-19
//ifrd800 1.77655e-19 2.45327e-19 3.7028e-19
obrd800 1.78717e-19 3.06659e-19 2.0552e-19
ibrd800 2.00868e-19 3.6799e-19 1.98045e-19
ofrd800 1.88427e-19 2.45327e-19 3.47293e-19
ifrd800 2.14434e-19 2.45327e-19 3.27159e-19
//obcd800 1.90797e-19 3.06659e-19 3.03203e-19
//ibcd800 1.84863e-19 3.06659e-19 3.18625e-19
//ofcd800 1.95226e-19 3.6799e-19 3.64865e-19
//ifcd800 1.78854e-19 2.45327e-19 3.36409e-19
obcd800 1.86674e-19 3.06659e-19 3.08851e-19
ibcd800 1.97194e-19 3.06659e-19 3.58551e-19
Executing "/usr/lib/fftw/ptest/fftwl/benchl --verbose=1   --verify 'ok12e00x12o11x9e00*14' --verify 'ik12e00x12o11x9e00*14' --verify 'obr4x10x6x4v2' --verify 'ibr4x10x6x4v2' --verify 'ofr4x10x6x4v2' --verify 'ifr4x10x6x4v2' --verify '//obc4x10x6x4v2' --verify '//ibc4x10x6x4v2' --verify '//ofc4x10x6x4v2' --verify '//ifc4x10x6x4v2' --verify 'obc4x10x6x4v2' --verify 'ibc4x10x6x4v2' --verify 'ofc4x10x6x4v2' --verify 'ifc4x10x6x4v2' --verify 'ok12e01x7e00x15o00v13' --verify 'ik12e01x7e00x15o00v13' --verify '//obr10x12x10' --verify '//ofr10x12x10' --verify 'obr10x12x10' --verify 'ibr10x12x10' --verify 'ofr10x12x10' --verify 'ifr10x12x10' --verify '//obc10x12x10' --verify '//ibc10x12x10' --verify '//ofc10x12x10' --verify '//ifc10x12x10' --verify 'obc10x12x10' --verify 'ibc10x12x10' --verify 'ofc10x12x10' --verify 'ifc10x12x10' --verify 'okd3850b' --verify 'ikd3850b' --verify 'obrd12x8v35' --verify 'ibrd12x8v35' --verify 'ofrd12x8v35' --verify 'ifrd12x8v35' --verify '//obcd12x8v35' --verify '//ibcd12x8v35' --verify '//ofcd12x8v35' --verify '//ifcd12x8v35' --verify 'obcd12x8v35' --verify 'ibcd12x8v35' --verify 'ofcd12x8v35' --verify 'ifcd12x8v35'"
ok12e00x12o11x9e00*14 1.70493e-19 1.02735e-17 1.70124e-19
ik12e00x12o11x9e00*14 2.09716e-19 1.13103e-17 2.02687e-19
obr4x10x6x4v2 1.68703e-19 3.35928e-19 1.80013e-19
ibr4x10x6x4v2 1.57015e-19 3.35928e-19 1.79755e-19
ofr4x10x6x4v2 1.69118e-19 1.67964e-19 3.26547e-19
ifr4x10x6x4v2 1.67577e-19 1.67964e-19 2.95037e-19
//obc4x10x6x4v2 1.766e-19 2.51946e-19 3.12866e-19
//ibc4x10x6x4v2 2.24398e-19 2.51946e-19 2.83665e-19
//ofc4x10x6x4v2 1.54263e-19 2.51946e-19 3.01556e-19
//ifc4x10x6x4v2 1.62981e-19 2.51946e-19 3.40638e-19
obc4x10x6x4v2 1.94307e-19 2.51946e-19 3.11113e-19
ibc4x10x6x4v2 1.81625e-19 2.51946e-19 2.73572e-19
ofc4x10x6x4v2 1.72437e-19 3.35928e-19 3.45722e-19
ifc4x10x6x4v2 1.85587e-19 2.51946e-19 3.70147e-19
ok12e01x7e00x15o00v13 2.1081e-19 8.49431e-18 2.00029e-19
ik12e01x7e00x15o00v13 1.98062e-19 9.6765e-18 1.93079e-19
//obr10x12x10 2.36694e-19 4.00617e-19 2.11096e-19
//ofr10x12x10 2.1806e-19 3.00463e-19 3.11513e-19
obr10x12x10 2.2421e-19 4.00617e-19 2.1725e-19
ibr10x12x10 1.8336e-19 4.00617e-19 2.15847e-19
ofr10x12x10 1.85962e-19 3.00463e-19 3.29922e-19
ifr10x12x10 1.67171e-19 3.00463e-19 3.37424e-19
//obc10x12x10 2.00552e-19 3.00463e-19 3.41261e-19
//ibc10x12x10 1.98165e-19 4.00617e-19 3.94962e-19
//ofc10x12x10 2.09332e-19 3.00463e-19 3.09095e-19
//ifc10x12x10 1.95829e-19 4.00617e-19 3.4634e-19
obc10x12x10 1.87568e-19 4.00617e-19 3.19824e-19
ibc10x12x10 1.63675e-19 4.00617e-19 3.15119e-19
ofc10x12x10 1.90372e-19 4.00617e-19 3.46541e-19
ifc10x12x10 1.90127e-19 5.00772e-19 3.33153e-19
okd3850b 2.75879e-19 1.38778e-17 2.69085e-19
ikd3850b 2.23783e-19 1.38778e-17 2.62613e-19
obrd12x8v35 1.37551e-19 2.27635e-19 1.94442e-19
ibrd12x8v35 1.58066e-19 1.82108e-19 1.84825e-19
ofrd12x8v35 1.8215e-19 1.82108e-19 2.31904e-19
ifrd12x8v35 1.30594e-19 1.82108e-19 2.20394e-19
//obcd12x8v35 1.6019e-19 1.82108e-19 2.51201e-19
//ibcd12x8v35 1.491e-19 1.82108e-19 2.56082e-19
//ofcd12x8v35 1.57622e-19 1.82108e-19 2.5023e-19
//ifcd12x8v35 1.81908e-19 1.82108e-19 2.39089e-19
obcd12x8v35 1.58787e-19 1.82108e-19 2.44986e-19
ibcd12x8v35 1.81374e-19 1.82108e-19 2.49905e-19
ofcd12x8v35 1.59645e-19 1.82108e-19 2.46431e-19
ifcd12x8v35 1.64357e-19 1.82108e-19 2.64565e-19
Executing "/usr/lib/fftw/ptest/fftwl/benchl --verbose=1   --verify 'obr5x9x8x8*8' --verify 'ibr5x9x8x8*8' --verify 'ofr5x9x8x8*8' --verify 'ifr5x9x8x8*8' --verify '//obc5x9x8x8*8' --verify '//ibc5x9x8x8*8' --verify '//ofc5x9x8x8*8' --verify '//ifc5x9x8x8*8' --verify 'obc5x9x8x8*8' --verify 'ibc5x9x8x8*8' --verify 'ofc5x9x8x8*8' --verify 'ifc5x9x8x8*8' --verify 'ok4bx4e00x4o01*8' --verify 'ik4bx4e00x4o01*8' --verify 'obr7x7x8x6v7' --verify 'ibr7x7x8x6v7' --verify 'ofr7x7x8x6v7' --verify 'ifr7x7x8x6v7' --verify '//obc7x7x8x6v7' --verify '//ibc7x7x8x6v7' --verify '//ofc7x7x8x6v7' --verify '//ifc7x7x8x6v7' --verify 'obc7x7x8x6v7' --verify 'ibc7x7x8x6v7' --verify 'ofc7x7x8x6v7' --verify 'ifc7x7x8x6v7' --verify 'okd11e00x6h*17' --verify 'ikd11e00x6h*17' --verify '//obr896' --verify '//ibr896' --verify '//ofr896' --verify '//ifr896' --verify 'obr896' --verify 'ibr896' --verify 'ofr896' --verify 'ifr896' --verify '//obc896' --verify '//ibc896' --verify '//ofc896' --verify '//ifc896' --verify 'obc896' --verify 'ibc896' --verify 'ofc896' --verify 'ifc896'"
obr5x9x8x8*8 2.06964e-19 2.90922e-19 2.70781e-19
ibr5x9x8x8*8 1.98283e-19 2.90922e-19 2.91714e-19
ofr5x9x8x8*8 1.7423e-19 2.90922e-19 4.21298e-19
ifr5x9x8x8*8 2.01982e-19 2.90922e-19 3.83089e-19
//obc5x9x8x8*8 1.85626e-19 2.90922e-19 4.25819e-19
//ibc5x9x8x8*8 2.28547e-19 2.90922e-19 3.72256e-19
//ofc5x9x8x8*8 1.86338e-19 2.90922e-19 3.91701e-19
//ifc5x9x8x8*8 2.02369e-19 2.90922e-19 3.6475e-19
obc5x9x8x8*8 2.17361e-19 2.90922e-19 3.9395e-19
ibc5x9x8x8*8 2.07119e-19 2.90922e-19 3.84717e-19
ofc5x9x8x8*8 1.95024e-19 2.90922e-19 3.6822e-19
ifc5x9x8x8*8 2.09153e-19 2.90922e-19 4.2024e-19
ok4bx4e00x4o01*8 2.05987e-19 8.91151e-19 2.04004e-19
ik4bx4e00x4o01*8 1.57877e-19 8.58145e-19 1.33825e-19
obr7x7x8x6v7 1.91025e-19 3.27034e-19 2.71687e-19
ibr7x7x8x6v7 1.89672e-19 3.27034e-19 2.26477e-19
ofr7x7x8x6v7 1.74185e-19 2.45276e-19 3.11943e-19
ifr7x7x8x6v7 2.08265e-19 2.45276e-19 3.14842e-19
//obc7x7x8x6v7 1.9722e-19 3.27034e-19 3.08462e-19
//ibc7x7x8x6v7 1.91531e-19 3.27034e-19 2.99854e-19
//ofc7x7x8x6v7 2.18398e-19 3.27034e-19 3.8662e-19
//ifc7x7x8x6v7 2.05306e-19 3.27034e-19 2.87161e-19
obc7x7x8x6v7 2.56641e-19 3.27034e-19 2.94848e-19
ibc7x7x8x6v7 2.08497e-19 3.27034e-19 3.09961e-19
ofc7x7x8x6v7 2.07696e-19 3.27034e-19 3.01568e-19
ifc7x7x8x6v7 2.29339e-19 3.27034e-19 2.83463e-19
okd11e00x6h*17 1.75985e-19 9.18383e-19 1.58054e-19
ikd11e00x6h*17 1.25222e-19 9.18383e-19 1.33843e-19
//obr896 1.88974e-19 3.47718e-19 1.71901e-19
//ibr896 1.83046e-19 4.63624e-19 2.02652e-19
//ofr896 1.79629e-19 2.89765e-19 4.47739e-19
//ifr896 1.79826e-19 2.31812e-19 4.28128e-19
obr896 1.91582e-19 4.63624e-19 1.98455e-19
ibr896 1.92455e-19 3.47718e-19 1.75868e-19
ofr896 1.75598e-19 3.47718e-19 3.61054e-19
ifr896 1.76232e-19 2.89765e-19 3.70081e-19
//obc896 2.03031e-19 3.47718e-19 3.59827e-19
//ibc896 1.9877e-19 3.47718e-19 3.60795e-19
//ofc896 1.84116e-19 3.47718e-19 3.69093e-19
//ifc896 1.80932e-19 3.47718e-19 3.6163e-19
obc896 1.82516e-19 3.47718e-19 3.20253e-19
ibc896 1.89317e-19 3.47718e-19 3.7142e-19
ofc896 2.47015e-19 2.89765e-19 3.10973e-19
ifc896 1.89983e-19 2.89765e-19 3.5278e-19
Executing "/usr/lib/fftw/ptest/fftwl/benchl --verbose=1   --verify 'ofr4x5x12' --verify 'ifr4x5x12' --verify '//obc4x5x12' --verify '//ibc4x5x12' --verify '//ofc4x5x12' --verify '//ifc4x5x12' --verify 'obc4x5x12' --verify 'ibc4x5x12' --verify 'ofc4x5x12' --verify 'ifc4x5x12' --verify 'ok6o00x10o11x8b*8' --verify 'ik6o00x10o11x8b*8' --verify '//obr1280' --verify '//ibr1280' --verify '//ofr1280' --verify '//ifr1280' --verify 'obr1280' --verify 'ibr1280' --verify 'ofr1280' --verify 'ifr1280' --verify '//obc1280' --verify '//ibc1280' --verify '//ofc1280' --verify '//ifc1280' --verify 'obc1280' --verify 'ibc1280' --verify 'ofc1280' --verify 'ifc1280' --verify 'ok4e11x12o00x15e10x8e10' --verify 'ik4e11x12o00x15e10x8e10' --verify 'obr7x3x5*4' --verify 'ibr7x3x5*4' --verify 'ofr7x3x5*4' --verify 'ifr7x3x5*4' --verify '//obc7x3x5*4' --verify '//ibc7x3x5*4' --verify '//ofc7x3x5*4' --verify '//ifc7x3x5*4' --verify 'obc7x3x5*4' --verify 'ibc7x3x5*4' --verify 'ofc7x3x5*4' --verify 'ifc7x3x5*4' --verify 'ok11o00x5hx5o00x3e11*1' --verify 'ik11o00x5hx5o00x3e11*1'"
ofr4x5x12 1.78925e-19 2.23952e-19 2.49512e-19
ifr4x5x12 1.79114e-19 2.23952e-19 2.54395e-19
//obc4x5x12 1.53174e-19 2.23952e-19 2.76032e-19
//ibc4x5x12 2.38293e-19 2.23952e-19 2.47329e-19
//ofc4x5x12 1.6972e-19 2.7994e-19 2.31984e-19
//ifc4x5x12 1.60273e-19 2.7994e-19 2.37052e-19
obc4x5x12 2.0763e-19 2.23952e-19 2.2898e-19
ibc4x5x12 1.64501e-19 3.35928e-19 2.40864e-19
ofc4x5x12 1.69912e-19 2.23952e-19 2.52208e-19
ifc4x5x12 1.98014e-19 3.35928e-19 2.44058e-19
ok6o00x10o11x8b*8 2.03216e-19 2.63542e-18 2.36197e-19
ik6o00x10o11x8b*8 2.03603e-19 2.67464e-18 1.99521e-19
//obr1280 1.92541e-19 4.8487e-19 1.74189e-19
//ibr1280 2.06905e-19 3.87896e-19 1.84571e-19
//ofr1280 1.81844e-19 1.93948e-19 2.7395e-19
//ifr1280 1.92049e-19 2.90922e-19 2.89858e-19
obr1280 1.92689e-19 3.87896e-19 1.81843e-19
ibr1280 1.68489e-19 3.87896e-19 2.13503e-19
ofr1280 1.6632e-19 2.90922e-19 2.87759e-19
ifr1280 1.95213e-19 2.90922e-19 3.02313e-19
//obc1280 2.15666e-19 2.90922e-19 2.73723e-19
//ibc1280 1.90366e-19 3.87896e-19 3.39355e-19
//ofc1280 1.78892e-19 3.87896e-19 3.10808e-19
//ifc1280 2.2961e-19 2.90922e-19 3.08725e-19
obc1280 1.90581e-19 2.90922e-19 3.02204e-19
ibc1280 2.12055e-19 3.87896e-19 2.69582e-19
ofc1280 1.84481e-19 3.87896e-19 3.2244e-19
ifc1280 1.95163e-19 3.87896e-19 3.12788e-19
ok4e11x12o00x15e10x8e10 2.00339e-19 7.07112e-18 2.36229e-19
ik4e11x12o00x15e10x8e10 2.00251e-19 8.29604e-18 2.64646e-19
obr7x3x5*4 1.56468e-19 2.11615e-19 1.9985e-19
ibr7x3x5*4 1.58159e-19 2.11615e-19 2.13408e-19
ofr7x3x5*4 1.77004e-19 2.11615e-19 3.22276e-19
ifr7x3x5*4 1.57897e-19 2.11615e-19 2.81786e-19
//obc7x3x5*4 1.68283e-19 2.11615e-19 2.90373e-19
//ibc7x3x5*4 1.74912e-19 2.11615e-19 2.75026e-19
//ofc7x3x5*4 1.69252e-19 2.11615e-19 2.84645e-19
//ifc7x3x5*4 1.79017e-19 2.11615e-19 2.98815e-19
obc7x3x5*4 1.59745e-19 2.11615e-19 2.60819e-19
ibc7x3x5*4 2.14149e-19 2.11615e-19 2.78516e-19
ofc7x3x5*4 1.71423e-19 2.11615e-19 2.91503e-19
ifc7x3x5*4 1.5353e-19 2.11615e-19 3.01132e-19
ok11o00x5hx5o00x3e11*1 2.2599e-19 2.41326e-18 2.10212e-19
ik11o00x5hx5o00x3e11*1 1.68252e-19 2.75701e-18 1.88134e-19
Executing "/usr/lib/fftw/ptest/fftwl/benchl --verbose=1   --verify 'obc6x2x9x3' --verify 'ibc6x2x9x3' --verify 'ofc6x2x9x3' --verify 'ifc6x2x9x3' --verify 'ok3e11x6e01x5h' --verify 'ik3e11x6e01x5h' --verify '//obr2592' --verify '//ibr2592' --verify '//ofr2592' --verify '//ifr2592' --verify 'obr2592' --verify 'ibr2592' --verify 'ofr2592' --verify 'ifr2592' --verify '//obc2592' --verify '//ibc2592' --verify '//ofc2592' --verify '//ifc2592' --verify 'obc2592' --verify 'ibc2592' --verify 'ofc2592' --verify 'ifc2592' --verify 'ok78e01x6e10' --verify 'ik78e01x6e10' --verify '//obrd20x5' --verify '//ofrd20x5' --verify 'obrd20x5' --verify 'ibrd20x5' --verify 'ofrd20x5' --verify 'ifrd20x5' --verify '//obcd20x5' --verify '//ibcd20x5' --verify '//ofcd20x5' --verify '//ifcd20x5' --verify 'obcd20x5' --verify 'ibcd20x5' --verify 'ofcd20x5' --verify 'ifcd20x5' --verify 'ok3h*180' --verify 'ik3h*180' --verify '//obr4x5x12' --verify '//ofr4x5x12' --verify 'obr4x5x12' --verify 'ibr4x5x12'"
obc6x2x9x3 2.0193e-19 3.85494e-19 4.04481e-19
ibc6x2x9x3 2.2857e-19 2.89121e-19 3.56022e-19
ofc6x2x9x3 2.01638e-19 2.89121e-19 3.7365e-19
ifc6x2x9x3 1.88831e-19 2.89121e-19 4.31824e-19
ok3e11x6e01x5h 1.87767e-19 2.02041e-18 2.04221e-19
ik3e11x6e01x5h 2.73406e-19 1.45918e-18 1.9109e-19
//obr2592 1.88679e-19 4.08878e-19 1.95601e-19
//ibr2592 1.97027e-19 5.45171e-19 1.99321e-19
//ofr2592 1.70692e-19 2.72585e-19 2.62095e-19
//ifr2592 2.0126e-19 2.72585e-19 2.38292e-19
obr2592 2.00618e-19 4.08878e-19 2.72175e-19
ibr2592 1.9822e-19 4.08878e-19 1.8814e-19
ofr2592 1.80336e-19 2.72585e-19 2.32907e-19
ifr2592 2.2544e-19 2.72585e-19 2.83286e-19
//obc2592 2.04872e-19 4.08878e-19 2.37841e-19
//ibc2592 2.43299e-19 2.72585e-19 2.60872e-19
//ofc2592 2.00192e-19 4.08878e-19 2.81659e-19
//ifc2592 2.06837e-19 2.72585e-19 2.27357e-19
obc2592 1.99995e-19 2.72585e-19 2.76829e-19
ibc2592 1.78752e-19 3.40732e-19 2.49874e-19
ofc2592 2.11004e-19 2.72585e-19 2.42724e-19
ifc2592 2.21459e-19 5.45171e-19 2.32355e-19
ok78e01x6e10 2.13575e-19 4.87891e-18 2.55079e-19
ik78e01x6e10 2.19114e-19 3.46945e-18 1.72157e-19
//obrd20x5 1.58774e-19 1.73472e-19 2.13351e-19
//ofrd20x5 1.48607e-19 1.73472e-19 3.02278e-19
obrd20x5 1.7778e-19 3.46945e-19 1.93123e-19
ibrd20x5 1.75219e-19 3.46945e-19 2.02812e-19
ofrd20x5 1.90218e-19 1.73472e-19 2.71444e-19
ifrd20x5 1.89838e-19 2.60209e-19 3.2817e-19
//obcd20x5 1.39117e-19 3.46945e-19 2.65481e-19
//ibcd20x5 1.35968e-19 2.60209e-19 2.40013e-19
//ofcd20x5 1.46609e-19 1.73472e-19 2.19305e-19
//ifcd20x5 1.88109e-19 2.60209e-19 3.04965e-19
obcd20x5 1.80935e-19 1.73472e-19 2.23277e-19
ibcd20x5 1.92055e-19 2.60209e-19 2.92199e-19
ofcd20x5 1.54081e-19 2.60209e-19 2.25131e-19
ifcd20x5 1.80024e-19 2.60209e-19 3.09727e-19
ok3h*180 1.31717e-19 1.09023e-19 0
ik3h*180 1.44434e-19 1.09023e-19 0
//obr4x5x12 1.72946e-19 3.35928e-19 1.79526e-19
//ofr4x5x12 1.82677e-19 2.23952e-19 2.71442e-19
obr4x5x12 1.82431e-19 3.35928e-19 2.08264e-19
ibr4x5x12 1.75626e-19 3.35928e-19 1.5965e-19
Executing "/usr/lib/fftw/ptest/fftwl/benchl --verbose=1   --verify 'obc9x5x7x13' --verify 'ibc9x5x7x13' --verify 'ofc9x5x7x13' --verify 'ifc9x5x7x13' --verify 'okd3o01x9hx9e10x2o10v4' --verify 'ikd3o01x9hx9e10x2o10v4' --verify 'obr7x9x5x6v2' --verify 'ibr7x9x5x6v2' --verify 'ofr7x9x5x6v2' --verify 'ifr7x9x5x6v2' --verify '//obc7x9x5x6v2' --verify '//ibc7x9x5x6v2' --verify '//ofc7x9x5x6v2' --verify '//ifc7x9x5x6v2' --verify 'obc7x9x5x6v2' --verify 'ibc7x9x5x6v2' --verify 'ofc7x9x5x6v2' --verify 'ifc7x9x5x6v2' --verify 'okd84o10*28' --verify 'ikd84o10*28' --verify 'obr12x5x10*12' --verify 'ibr12x5x10*12' --verify 'ofr12x5x10*12' --verify 'ifr12x5x10*12' --verify '//obc12x5x10*12' --verify '//ibc12x5x10*12' --verify '//ofc12x5x10*12' --verify '//ifc12x5x10*12' --verify 'obc12x5x10*12' --verify 'ibc12x5x10*12' --verify 'ofc12x5x10*12' --verify 'ifc12x5x10*12' --verify 'okd5o11x14hv1' --verify 'ikd5o11x14hv1' --verify '//obr6x2x9x3' --verify '//ofr6x2x9x3' --verify 'obr6x2x9x3' --verify 'ibr6x2x9x3' --verify 'ofr6x2x9x3' --verify 'ifr6x2x9x3' --verify '//obc6x2x9x3' --verify '//ibc6x2x9x3' --verify '//ofc6x2x9x3' --verify '//ifc6x2x9x3'"
obc9x5x7x13 2.01646e-19 4.33734e-19 3.85489e-19
ibc9x5x7x13 2.30459e-19 3.79517e-19 3.60081e-19
ofc9x5x7x13 1.95411e-19 4.33734e-19 3.64932e-19
ifc9x5x7x13 2.80103e-19 4.33734e-19 3.69347e-19
okd3o01x9hx9e10x2o10v4 2.10608e-19 2.94767e-18 2.04456e-19
ikd3o01x9hx9e10x2o10v4 1.66315e-19 2.1684e-18 2.12549e-19
obr7x9x5x6v2 2.57536e-19 2.99268e-19 2.62744e-19
ibr7x9x5x6v2 2.23956e-19 3.59122e-19 2.87896e-19
ofr7x9x5x6v2 1.73511e-19 2.39415e-19 4.40894e-19
ifr7x9x5x6v2 2.00502e-19 2.39415e-19 4.30461e-19
//obc7x9x5x6v2 2.09404e-19 2.99268e-19 3.50214e-19
//ibc7x9x5x6v2 2.0391e-19 2.99268e-19 3.98296e-19
//ofc7x9x5x6v2 2.0404e-19 3.59122e-19 3.72678e-19
//ifc7x9x5x6v2 2.08051e-19 2.99268e-19 3.77539e-19
obc7x9x5x6v2 2.0448e-19 2.99268e-19 3.70014e-19
ibc7x9x5x6v2 1.79723e-19 3.59122e-19 3.89866e-19
ofc7x9x5x6v2 2.17901e-19 2.99268e-19 4.22424e-19
ifc7x9x5x6v2 1.84426e-19 2.99268e-19 3.68494e-19
okd84o10*28 2.02504e-19 9.54485e-19 2.11889e-19
ikd84o10*28 2.17661e-19 7.86047e-19 1.87485e-19
obr12x5x10*12 1.89465e-19 3.06886e-19 2.03349e-19
ibr12x5x10*12 1.96133e-19 3.06886e-19 1.95847e-19
ofr12x5x10*12 1.8487e-19 2.30164e-19 3.37926e-19
ifr12x5x10*12 1.6217e-19 2.30164e-19 3.16741e-19
//obc12x5x10*12 1.73422e-19 3.06886e-19 3.07604e-19
//ibc12x5x10*12 1.76484e-19 2.30164e-19 3.46802e-19
//ofc12x5x10*12 2.11847e-19 3.06886e-19 3.60951e-19
//ifc12x5x10*12 1.89183e-19 2.30164e-19 3.10027e-19
obc12x5x10*12 1.8446e-19 3.06886e-19 3.53138e-19
ibc12x5x10*12 1.76889e-19 3.06886e-19 3.0101e-19
ofc12x5x10*12 1.84722e-19 3.06886e-19 3.16376e-19
ifc12x5x10*12 1.75342e-19 2.30164e-19 3.41116e-19
okd5o11x14hv1 1.70263e-19 1.31726e-18 2.3777e-19
ikd5o11x14hv1 1.87531e-19 1.75635e-18 1.96533e-19
//obr6x2x9x3 1.65186e-19 3.85494e-19 2.60023e-19
//ofr6x2x9x3 1.83351e-19 1.92747e-19 3.43887e-19
obr6x2x9x3 1.82413e-19 2.89121e-19 2.34377e-19
ibr6x2x9x3 1.88218e-19 2.89121e-19 2.54078e-19
ofr6x2x9x3 2.13039e-19 1.92747e-19 3.81997e-19
ifr6x2x9x3 1.77968e-19 1.92747e-19 3.44965e-19
//obc6x2x9x3 1.82732e-19 1.92747e-19 4.09892e-19
//ibc6x2x9x3 1.96341e-19 3.85494e-19 3.79887e-19
//ofc6x2x9x3 1.64976e-19 3.85494e-19 3.85061e-19
//ifc6x2x9x3 1.98431e-19 2.89121e-19 3.89571e-19
Executing "/usr/lib/fftw/ptest/fftwl/benchl --verbose=1   --verify 'ok11e11x9e00v5' --verify 'ik11e11x9e00v5' --verify '//obr5x8x16' --verify '//ofr5x8x16' --verify 'obr5x8x16' --verify 'ibr5x8x16' --verify 'ofr5x8x16' --verify 'ifr5x8x16' --verify '//obc5x8x16' --verify '//ibc5x8x16' --verify '//ofc5x8x16' --verify '//ifc5x8x16' --verify 'obc5x8x16' --verify 'ibc5x8x16' --verify 'ofc5x8x16' --verify 'ifc5x8x16' --verify 'okd2bx12o11x6o00x7o00*7' --verify 'ikd2bx12o11x6o00x7o00*7' --verify '//obrd132x24' --verify '//ofrd132x24' --verify 'obrd132x24' --verify 'ibrd132x24' --verify 'ofrd132x24' --verify 'ifrd132x24' --verify '//obcd132x24' --verify '//ibcd132x24' --verify '//ofcd132x24' --verify '//ifcd132x24' --verify 'obcd132x24' --verify 'ibcd132x24' --verify 'ofcd132x24' --verify 'ifcd132x24' --verify 'ok12e01x12o01x8bv2' --verify 'ik12e01x12o01x8bv2' --verify '//obr9x5x7x13' --verify '//ofr9x5x7x13' --verify 'obr9x5x7x13' --verify 'ibr9x5x7x13' --verify 'ofr9x5x7x13' --verify 'ifr9x5x7x13' --verify '//obc9x5x7x13' --verify '//ibc9x5x7x13' --verify '//ofc9x5x7x13' --verify '//ifc9x5x7x13'"
ok11e11x9e00v5 1.84581e-19 1.66307e-18 1.49292e-19
ik11e11x9e00v5 1.67059e-19 1.33698e-18 1.52838e-19
//obr5x8x16 1.42605e-19 4.11426e-19 2.07162e-19
//ofr5x8x16 1.90753e-19 2.05713e-19 2.95812e-19
obr5x8x16 1.84185e-19 3.42855e-19 1.96371e-19
ibr5x8x16 2.0258e-19 2.74284e-19 1.74361e-19
ofr5x8x16 1.68097e-19 2.74284e-19 2.76027e-19
ifr5x8x16 1.91552e-19 2.05713e-19 2.89722e-19
//obc5x8x16 1.80723e-19 4.11426e-19 2.76784e-19
//ibc5x8x16 1.89556e-19 2.74284e-19 2.4046e-19
//ofc5x8x16 1.92922e-19 2.74284e-19 3.06857e-19
//ifc5x8x16 2.2011e-19 2.74284e-19 2.9974e-19
obc5x8x16 1.9888e-19 2.74284e-19 2.38792e-19
ibc5x8x16 1.82475e-19 3.42855e-19 2.46228e-19
ofc5x8x16 1.79229e-19 2.74284e-19 2.34749e-19
ifc5x8x16 1.76991e-19 2.74284e-19 3.08925e-19
okd2bx12o11x6o00x7o00*7 2.0627e-19 2.30059e-18 2.34373e-19
ikd2bx12o11x6o00x7o00*7 2.10925e-19 1.97421e-18 2.40213e-19
//obrd132x24 2.20768e-19 4.93126e-19 2.30945e-19
//ofrd132x24 1.88041e-19 2.46563e-19 2.90173e-19
obrd132x24 1.85198e-19 4.93126e-19 2.25998e-19
ibrd132x24 2.23847e-19 4.93126e-19 2.07163e-19
ofrd132x24 2.07951e-19 3.08204e-19 3.41562e-19
ifrd132x24 2.68574e-19 2.46563e-19 3.00295e-19
//obcd132x24 1.88754e-19 4.93126e-19 2.7615e-19
//ibcd132x24 1.91022e-19 3.69844e-19 3.28524e-19
//ofcd132x24 1.99641e-19 3.69844e-19 2.79117e-19
//ifcd132x24 1.92597e-19 3.69844e-19 3.46816e-19
obcd132x24 2.20125e-19 3.69844e-19 2.92477e-19
ibcd132x24 2.1493e-19 3.69844e-19 3.0321e-19
ofcd132x24 1.90079e-19 3.69844e-19 2.97954e-19
ifcd132x24 2.78723e-19 3.69844e-19 3.0546e-19
ok12e01x12o01x8bv2 2.22611e-19 7.50454e-18 2.61614e-19
ik12e01x12o01x8bv2 1.93145e-19 7.50454e-18 2.14855e-19
//obr9x5x7x13 2.06238e-19 4.33734e-19 2.96693e-19
//ofr9x5x7x13 2.22512e-19 4.33734e-19 3.89596e-19
obr9x5x7x13 2.14991e-19 4.87951e-19 2.90931e-19
ibr9x5x7x13 2.19424e-19 5.42167e-19 2.81233e-19
ofr9x5x7x13 2.24665e-19 3.79517e-19 3.51399e-19
ifr9x5x7x13 2.47506e-19 4.33734e-19 3.7989e-19
//obc9x5x7x13 2.13824e-19 4.87951e-19 3.71529e-19
//ibc9x5x7x13 2.08594e-19 4.33734e-19 4.1844e-19
//ofc9x5x7x13 1.94436e-19 4.87951e-19 4.11675e-19
//ifc9x5x7x13 1.96486e-19 4.33734e-19 3.42305e-19
Executing "/usr/lib/fftw/ptest/fftwl/benchl --verbose=1   --verify 'ofcd4x10x13*1' --verify 'ifcd4x10x13*1' --verify 'ok72h*115' --verify 'ik72h*115' --verify 'obr11x12x11*12' --verify 'ibr11x12x11*12' --verify 'ofr11x12x11*12' --verify 'ifr11x12x11*12' --verify '//obc11x12x11*12' --verify '//ibc11x12x11*12' --verify '//ofc11x12x11*12' --verify '//ifc11x12x11*12' --verify 'obc11x12x11*12' --verify 'ibc11x12x11*12' --verify 'ofc11x12x11*12' --verify 'ifc11x12x11*12' --verify 'okd12hx6hx6e00x7b' --verify 'ikd12hx6hx6e00x7b' --verify 'obr8x6x8x9v5' --verify 'ibr8x6x8x9v5' --verify 'ofr8x6x8x9v5' --verify 'ifr8x6x8x9v5' --verify '//obc8x6x8x9v5' --verify '//ibc8x6x8x9v5' --verify '//ofc8x6x8x9v5' --verify '//ifc8x6x8x9v5' --verify 'obc8x6x8x9v5' --verify 'ibc8x6x8x9v5' --verify 'ofc8x6x8x9v5' --verify 'ifc8x6x8x9v5' --verify 'ok9e01x2e10*15' --verify 'ik9e01x2e10*15' --verify 'obrd13x5x8x5v4' --verify 'ibrd13x5x8x5v4' --verify 'ofrd13x5x8x5v4' --verify 'ifrd13x5x8x5v4' --verify '//obcd13x5x8x5v4' --verify '//ibcd13x5x8x5v4' --verify '//ofcd13x5x8x5v4' --verify '//ifcd13x5x8x5v4' --verify 'obcd13x5x8x5v4' --verify 'ibcd13x5x8x5v4' --verify 'ofcd13x5x8x5v4' --verify 'ifcd13x5x8x5v4'"
ofcd4x10x13*1 1.99065e-19 3.04291e-19 3.30633e-19
ifcd4x10x13*1 1.72299e-19 3.04291e-19 3.10724e-19
ok72h*115 1.68737e-19 8.74904e-19 1.55568e-19
ik72h*115 1.70478e-19 8.74904e-19 1.79831e-19
obr11x12x11*12 2.6337e-19 3.94547e-19 2.25413e-19
ibr11x12x11*12 2.13575e-19 4.93184e-19 2.3558e-19
ofr11x12x11*12 2.03184e-19 2.9591e-19 3.33837e-19
ifr11x12x11*12 2.32651e-19 2.9591e-19 3.40355e-19
//obc11x12x11*12 2.35139e-19 3.94547e-19 3.28435e-19
//ibc11x12x11*12 2.09359e-19 3.94547e-19 3.09923e-19
//ofc11x12x11*12 2.04805e-19 3.94547e-19 2.90823e-19
//ifc11x12x11*12 2.05051e-19 3.94547e-19 2.9233e-19
obc11x12x11*12 2.06876e-19 3.94547e-19 3.22404e-19
ibc11x12x11*12 2.24407e-19 3.94547e-19 3.85269e-19
ofc11x12x11*12 1.90285e-19 3.94547e-19 3.13065e-19
ifc11x12x11*12 1.93425e-19 3.94547e-19 2.95151e-19
okd12hx6hx6e00x7b 1.73514e-19 1.38778e-17 2.17339e-19
ikd12hx6hx6e00x7b 1.92813e-19 1.38778e-17 1.9227e-19
obr8x6x8x9v5 2.40853e-19 2.83279e-19 2.20257e-19
ibr8x6x8x9v5 1.80074e-19 3.54099e-19 2.40836e-19
ofr8x6x8x9v5 1.75253e-19 2.83279e-19 3.95557e-19
ifr8x6x8x9v5 1.75141e-19 2.83279e-19 3.9988e-19
//obc8x6x8x9v5 1.97726e-19 2.83279e-19 3.92767e-19
//ibc8x6x8x9v5 1.99437e-19 2.83279e-19 3.6797e-19
//ofc8x6x8x9v5 1.95762e-19 2.83279e-19 4.20764e-19
//ifc8x6x8x9v5 1.90151e-19 2.83279e-19 3.73269e-19
obc8x6x8x9v5 1.87946e-19 2.83279e-19 3.80133e-19
ibc8x6x8x9v5 1.96488e-19 2.83279e-19 4.40314e-19
ofc8x6x8x9v5 1.86929e-19 2.83279e-19 4.24404e-19
ifc8x6x8x9v5 2.13019e-19 2.83279e-19 3.96497e-19
ok9e01x2e10*15 1.71838e-19 4.62593e-19 2.16135e-19
ik9e01x2e10*15 1.77097e-19 4.62593e-19 1.66308e-19
obrd13x5x8x5v4 2.11106e-19 3.40207e-19 2.03709e-19
ibrd13x5x8x5v4 2.1314e-19 3.40207e-19 2.26639e-19
ofrd13x5x8x5v4 1.873e-19 3.40207e-19 3.22998e-19
ifrd13x5x8x5v4 2.27703e-19 3.40207e-19 2.81654e-19
//obcd13x5x8x5v4 1.99341e-19 3.40207e-19 3.07035e-19
//ibcd13x5x8x5v4 1.85471e-19 3.40207e-19 2.8999e-19
//ofcd13x5x8x5v4 1.81591e-19 3.40207e-19 2.95751e-19
//ifcd13x5x8x5v4 2.48004e-19 3.40207e-19 3.0411e-19
obcd13x5x8x5v4 2.15485e-19 3.40207e-19 3.13842e-19
ibcd13x5x8x5v4 2.22035e-19 3.40207e-19 2.93651e-19
ofcd13x5x8x5v4 2.40814e-19 3.40207e-19 3.06406e-19
ifcd13x5x8x5v4 2.35587e-19 3.40207e-19 3.16094e-19
Executing "/usr/lib/fftw/ptest/fftwl/benchl --verbose=1   --verify 'ok12e10x20o01v21' --verify 'ik12e10x20o01v21' --verify 'obrd4x10x13*1' --verify 'ibrd4x10x13*1' --verify 'ofrd4x10x13*1' --verify 'ifrd4x10x13*1' --verify '//obcd4x10x13*1' --verify '//ibcd4x10x13*1' --verify '//ofcd4x10x13*1' --verify '//ifcd4x10x13*1' --verify 'obcd4x10x13*1' --verify 'ibcd4x10x13*1'"
ok12e10x20o01v21 1.82466e-19 1.31024e-18 1.82533e-19
ik12e10x20o01v21 1.81119e-19 1.23904e-18 1.76077e-19
obrd4x10x13*1 1.49711e-19 3.04291e-19 2.27598e-19
ibrd4x10x13*1 2.64749e-19 3.04291e-19 2.04287e-19
ofrd4x10x13*1 1.8513e-19 3.04291e-19 3.3983e-19
ifrd4x10x13*1 1.71778e-19 2.28218e-19 3.94221e-19
//obcd4x10x13*1 1.7327e-19 3.04291e-19 3.74527e-19
//ibcd4x10x13*1 2.01904e-19 3.04291e-19 2.93572e-19
//ofcd4x10x13*1 1.71856e-19 3.04291e-19 2.83133e-19
//ifcd4x10x13*1 2.22811e-19 3.04291e-19 2.81955e-19
obcd4x10x13*1 1.88503e-19 3.04291e-19 3.35245e-19
ibcd4x10x13*1 1.75812e-19 3.04291e-19 2.88942e-19
fftw  test result:PASSED
fftwf test result:PASSED
fftwl test result:PASSED
DURATION: 1778
END: /usr/lib/fftw/ptest
2021-07-10T00:22
2021-07-10T00:22
BEGIN: /usr/lib/gnuradio/ptest
Test project /usr/lib/gnuradio/ptest
        Start   1: qa_flowgraph
  1/204 Test   #1: qa_flowgraph .........................   Passed    
        Start   2: qa_hier_block2
  2/204 Test   #2: qa_hier_block2 .......................   Passed    
        Start   3: qa_prefs
  3/204 Test   #3: qa_prefs .............................   Passed    
        Start   4: qa_random
  4/204 Test   #4: qa_random ............................   Passed    
        Start   5: qa_tag_utils
  5/204 Test   #5: qa_tag_utils .........................   Passed    
        Start   6: qa_uncaught_exception
  6/204 Test   #6: qa_uncaught_exception ................   Passed    
        Start   7: qa_pmt
  7/204 Test   #7: qa_pmt ...............................   Passed    
        Start   8: qa_pmt_to_python
  8/204 Test   #8: qa_pmt_to_python .....................   Passed    
        Start   9: qa_add_mult_div_sub
  9/204 Test   #9: qa_add_mult_div_sub ..................   Passed    
        Start  10: qa_add_mult_v
 10/204 Test  #10: qa_add_mult_v ........................   Passed    
        Start  11: qa_affinity
 11/204 Test  #11: qa_affinity ..........................   Passed    
        Start  12: qa_argmax
 12/204 Test  #12: qa_argmax ............................   Passed    
        Start  13: qa_block_behavior
 13/204 Test  #13: qa_block_behavior ....................   Passed    
        Start  14: qa_block_gateway
 14/204 Test  #14: qa_block_gateway .....................   Passed    
        Start  15: qa_boolean_operators
 15/204 Test  #15: qa_boolean_operators .................   Passed    
        Start  16: qa_burst_tagger
 16/204 Test  #16: qa_burst_tagger ......................   Passed    
        Start  17: qa_conjugate
 17/204 Test  #17: qa_conjugate .........................   Passed    
        Start  18: qa_copy
 18/204 Test  #18: qa_copy ..............................   Passed    
        Start  19: qa_delay
 19/204 Test  #19: qa_delay .............................   Passed    
        Start  20: qa_endian_swap
 20/204 Test  #20: qa_endian_swap .......................   Passed    
        Start  21: qa_exponentiate_const_cci
 21/204 Test  #21: qa_exponentiate_const_cci ............   Passed    
        Start  22: qa_file_descriptor_source_sink
 22/204 Test  #22: qa_file_descriptor_source_sink .......   Passed    
        Start  23: qa_file_metadata
 23/204 Test  #23: qa_file_metadata .....................***Failed    
        Start  24: qa_file_sink
 24/204 Test  #24: qa_file_sink .........................   Passed    
        Start  25: qa_file_source
 25/204 Test  #25: qa_file_source .......................   Passed    
        Start  26: qa_head
 26/204 Test  #26: qa_head ..............................   Passed    
        Start  27: qa_hier_block2
 27/204 Test  #27: qa_hier_block2 .......................   Passed    
        Start  28: qa_hier_block2_message_connections
 28/204 Test  #28: qa_hier_block2_message_connections ...   Passed    
        Start  29: qa_integrate
 29/204 Test  #29: qa_integrate .........................   Passed    
        Start  30: qa_interleave
 30/204 Test  #30: qa_interleave ........................   Passed    
        Start  31: qa_keep_m_in_n
 31/204 Test  #31: qa_keep_m_in_n .......................   Passed    
        Start  32: qa_keep_one_in_n
 32/204 Test  #32: qa_keep_one_in_n .....................   Passed    
        Start  33: qa_logger
 33/204 Test  #33: qa_logger ............................   Passed    
        Start  34: qa_max
 34/204 Test  #34: qa_max ...............................   Passed    
        Start  35: qa_message
 35/204 Test  #35: qa_message ...........................   Passed    
        Start  36: qa_min
 36/204 Test  #36: qa_min ...............................   Passed    
        Start  37: qa_moving_average
 37/204 Test  #37: qa_moving_average ....................   Passed    
        Start  38: qa_multiply_conjugate
 38/204 Test  #38: qa_multiply_conjugate ................   Passed    
        Start  39: qa_multiply_matrix_xx
 39/204 Test  #39: qa_multiply_matrix_xx ................   Passed    
        Start  40: qa_mute
 40/204 Test  #40: qa_mute ..............................   Passed    
        Start  41: qa_nlog10
 41/204 Test  #41: qa_nlog10 ............................***Failed    
        Start  42: qa_null_sink_source
 42/204 Test  #42: qa_null_sink_source ..................   Passed    
        Start  43: qa_pack_k_bits
 43/204 Test  #43: qa_pack_k_bits .......................   Passed    
        Start  44: qa_packed_to_unpacked
 44/204 Test  #44: qa_packed_to_unpacked ................   Passed    
        Start  45: qa_patterned_interleaver
 45/204 Test  #45: qa_patterned_interleaver .............   Passed    
        Start  46: qa_pdu
 46/204 Test  #46: qa_pdu ...............................   Passed    
        Start  47: qa_peak_detector
 47/204 Test  #47: qa_peak_detector .....................   Passed    
        Start  48: qa_peak_detector2
 48/204 Test  #48: qa_peak_detector2 ....................   Passed    
        Start  49: qa_pipe_fittings
 49/204 Test  #49: qa_pipe_fittings .....................   Passed    
        Start  50: qa_plateau_detector_fb
 50/204 Test  #50: qa_plateau_detector_fb ...............   Passed    
        Start  51: qa_probe_signal
 51/204 Test  #51: qa_probe_signal ......................   Passed    
        Start  52: qa_python_message_passing
 52/204 Test  #52: qa_python_message_passing ............   Passed    
        Start  53: qa_regenerate
 53/204 Test  #53: qa_regenerate ........................   Passed    
        Start  54: qa_repack_bits_bb
 54/204 Test  #54: qa_repack_bits_bb ....................   Passed    
        Start  55: qa_repeat
 55/204 Test  #55: qa_repeat ............................   Passed    
        Start  56: qa_rms
 56/204 Test  #56: qa_rms ...............................   Passed    
        Start  57: qa_sample_and_hold
 57/204 Test  #57: qa_sample_and_hold ...................   Passed    
        Start  58: qa_selector
 58/204 Test  #58: qa_selector ..........................   Passed    
        Start  59: qa_skiphead
 59/204 Test  #59: qa_skiphead ..........................   Passed    
        Start  60: qa_socket_pdu
 60/204 Test  #60: qa_socket_pdu ........................   Passed    
        Start  61: qa_stream_demux
 61/204 Test  #61: qa_stream_demux ......................   Passed    
        Start  62: qa_stream_mux
 62/204 Test  #62: qa_stream_mux ........................   Passed    
        Start  63: qa_stream_to_tagged_stream
 63/204 Test  #63: qa_stream_to_tagged_stream ...........   Passed    
        Start  64: qa_stretch
 64/204 Test  #64: qa_stretch ...........................   Passed    
        Start  65: qa_tag_debug
 65/204 Test  #65: qa_tag_debug .........................   Passed    
        Start  66: qa_tag_file_sink
 66/204 Test  #66: qa_tag_file_sink .....................   Passed    
        Start  67: qa_tag_gate
 67/204 Test  #67: qa_tag_gate ..........................   Passed    
        Start  68: qa_tag_share
 68/204 Test  #68: qa_tag_share .........................   Passed    
        Start  69: qa_tagged_stream_mux
 69/204 Test  #69: qa_tagged_stream_mux .................   Passed    
        Start  70: qa_tags_strobe
 70/204 Test  #70: qa_tags_strobe .......................   Passed    
        Start  71: qa_tcp_server_sink
 71/204 Test  #71: qa_tcp_server_sink ...................   Passed    
        Start  72: qa_threshold
 72/204 Test  #72: qa_threshold .........................   Passed    
        Start  73: qa_throttle
 73/204 Test  #73: qa_throttle ..........................   Passed    
        Start  74: qa_transcendental
 74/204 Test  #74: qa_transcendental ....................   Passed    
        Start  75: qa_tsb_vector_sink_X
 75/204 Test  #75: qa_tsb_vector_sink_X .................   Passed    
        Start  76: qa_type_conversions
 76/204 Test  #76: qa_type_conversions ..................   Passed    
        Start  77: qa_udp_source_sink
 77/204 Test  #77: qa_udp_source_sink ...................   Passed    
        Start  78: qa_unpack_k_bits
 78/204 Test  #78: qa_unpack_k_bits .....................   Passed    
        Start  79: qa_vco
 79/204 Test  #79: qa_vco ...............................   Passed    
        Start  80: qa_vector_insert
 80/204 Test  #80: qa_vector_insert .....................   Passed    
        Start  81: qa_vector_map
 81/204 Test  #81: qa_vector_map ........................   Passed    
        Start  82: qa_vector_sink_source
 82/204 Test  #82: qa_vector_sink_source ................   Passed    
        Start  83: qa_wavfile
 83/204 Test  #83: qa_wavfile ...........................***Failed    
        Start  84: test_rs
Could not find executable gr_fec_rstest
Looked in the following places:
gr_fec_rstest
gr_fec_rstest
Release/gr_fec_rstest
Release/gr_fec_rstest
Debug/gr_fec_rstest
Debug/gr_fec_rstest
MinSizeRel/gr_fec_rstest
MinSizeRel/gr_fec_rstest
RelWithDebInfo/gr_fec_rstest
RelWithDebInfo/gr_fec_rstest
Deployment/gr_fec_rstest
Deployment/gr_fec_rstest
Development/gr_fec_rstest
Development/gr_fec_rstest
Unable to find executable: gr_fec_rstest
 84/204 Test  #84: test_rs ..............................***Not Run   
        Start  85: qa_ber_bf
 85/204 Test  #85: qa_ber_bf ............................   Passed    
        Start  86: qa_depuncture
 86/204 Test  #86: qa_depuncture ........................   Passed    
        Start  87: qa_ecc_ccsds_27
 87/204 Test  #87: qa_ecc_ccsds_27 ......................   Passed    
        Start  88: qa_fecapi_cc
 88/204 Test  #88: qa_fecapi_cc .........................***Failed    
        Start  89: qa_fecapi_cc_buffer_overflow
 89/204 Test  #89: qa_fecapi_cc_buffer_overflow .........   Passed   
        Start  90: qa_fecapi_dummy
 90/204 Test  #90: qa_fecapi_dummy ......................***Failed    
        Start  91: qa_fecapi_ldpc
 91/204 Test  #91: qa_fecapi_ldpc .......................***Failed    
        Start  92: qa_fecapi_repetition
 92/204 Test  #92: qa_fecapi_repetition .................***Failed    
        Start  93: qa_polar_decoder_sc

ERROR: Exit status is 9
DURATION: 591
TIMEOUT: /usr/lib/gnuradio/ptest
END: /usr/lib/gnuradio/ptest
2021-07-10T00:32
2021-07-10T00:32
BEGIN: /usr/lib/volk/ptest
Test project /usr/lib/volk/ptest
        Start   1: qa_volk_16i_32fc_dot_prod_32fc
  1/134 Test   #1: qa_volk_16i_32fc_dot_prod_32fc .......................   Passed    
        Start   2: qa_volk_16i_branch_4_state_8
  2/134 Test   #2: qa_volk_16i_branch_4_state_8 .........................   Passed    
        Start   3: qa_volk_16i_convert_8i
  3/134 Test   #3: qa_volk_16i_convert_8i ...............................   Passed    
        Start   4: qa_volk_16i_max_star_16i
  4/134 Test   #4: qa_volk_16i_max_star_16i .............................   Passed    
        Start   5: qa_volk_16i_max_star_horizontal_16i
  5/134 Test   #5: qa_volk_16i_max_star_horizontal_16i ..................   Passed    
        Start   6: qa_volk_16i_permute_and_scalar_add
  6/134 Test   #6: qa_volk_16i_permute_and_scalar_add ...................   Passed    
        Start   7: qa_volk_16i_s32f_convert_32f
  7/134 Test   #7: qa_volk_16i_s32f_convert_32f .........................   Passed    
        Start   8: qa_volk_16i_x4_quad_max_star_16i
  8/134 Test   #8: qa_volk_16i_x4_quad_max_star_16i .....................   Passed    
        Start   9: qa_volk_16i_x5_add_quad_16i_x4
  9/134 Test   #9: qa_volk_16i_x5_add_quad_16i_x4 .......................   Passed    
        Start  10: qa_volk_16ic_convert_32fc
 10/134 Test  #10: qa_volk_16ic_convert_32fc ............................   Passed    
        Start  11: qa_volk_16ic_deinterleave_16i_x2
 11/134 Test  #11: qa_volk_16ic_deinterleave_16i_x2 .....................   Passed    
        Start  12: qa_volk_16ic_deinterleave_real_16i
 12/134 Test  #12: qa_volk_16ic_deinterleave_real_16i ...................   Passed    
        Start  13: qa_volk_16ic_deinterleave_real_8i
 13/134 Test  #13: qa_volk_16ic_deinterleave_real_8i ....................   Passed    
        Start  14: qa_volk_16ic_magnitude_16i
 14/134 Test  #14: qa_volk_16ic_magnitude_16i ...........................   Passed    
        Start  15: qa_volk_16ic_s32f_deinterleave_32f_x2
 15/134 Test  #15: qa_volk_16ic_s32f_deinterleave_32f_x2 ................   Passed    
        Start  16: qa_volk_16ic_s32f_deinterleave_real_32f
 16/134 Test  #16: qa_volk_16ic_s32f_deinterleave_real_32f ..............   Passed    
        Start  17: qa_volk_16ic_s32f_magnitude_32f
 17/134 Test  #17: qa_volk_16ic_s32f_magnitude_32f ......................   Passed    
        Start  18: qa_volk_16ic_x2_dot_prod_16ic
 18/134 Test  #18: qa_volk_16ic_x2_dot_prod_16ic ........................   Passed    
        Start  19: qa_volk_16ic_x2_multiply_16ic
 19/134 Test  #19: qa_volk_16ic_x2_multiply_16ic ........................   Passed    
        Start  20: qa_volk_16u_byteswap
 20/134 Test  #20: qa_volk_16u_byteswap .................................   Passed    
        Start  21: qa_volk_16u_byteswappuppet_16u
 21/134 Test  #21: qa_volk_16u_byteswappuppet_16u .......................   Passed    
        Start  22: qa_volk_32f_64f_add_64f
 22/134 Test  #22: qa_volk_32f_64f_add_64f ..............................   Passed    
        Start  23: qa_volk_32f_64f_multiply_64f
 23/134 Test  #23: qa_volk_32f_64f_multiply_64f .........................   Passed    
        Start  24: qa_volk_32f_8u_polarbutterfly_32f
 24/134 Test  #24: qa_volk_32f_8u_polarbutterfly_32f ....................   Passed    
        Start  25: qa_volk_32f_8u_polarbutterflypuppet_32f
 25/134 Test  #25: qa_volk_32f_8u_polarbutterflypuppet_32f ..............   Passed    
        Start  26: qa_volk_32f_accumulator_s32f
 26/134 Test  #26: qa_volk_32f_accumulator_s32f .........................   Passed    
        Start  27: qa_volk_32f_acos_32f
 27/134 Test  #27: qa_volk_32f_acos_32f .................................   Passed    
        Start  28: qa_volk_32f_asin_32f
 28/134 Test  #28: qa_volk_32f_asin_32f .................................   Passed    
        Start  29: qa_volk_32f_atan_32f
 29/134 Test  #29: qa_volk_32f_atan_32f .................................   Passed    
        Start  30: qa_volk_32f_binary_slicer_32i
 30/134 Test  #30: qa_volk_32f_binary_slicer_32i ........................   Passed    
        Start  31: qa_volk_32f_binary_slicer_8i
 31/134 Test  #31: qa_volk_32f_binary_slicer_8i .........................   Passed    
        Start  32: qa_volk_32f_convert_64f
 32/134 Test  #32: qa_volk_32f_convert_64f ..............................   Passed    
        Start  33: qa_volk_32f_cos_32f
 33/134 Test  #33: qa_volk_32f_cos_32f ..................................   Passed    
        Start  34: qa_volk_32f_exp_32f
 34/134 Test  #34: qa_volk_32f_exp_32f ..................................   Passed    
        Start  35: qa_volk_32f_expfast_32f
 35/134 Test  #35: qa_volk_32f_expfast_32f ..............................   Passed    
        Start  36: qa_volk_32f_index_max_16u
 36/134 Test  #36: qa_volk_32f_index_max_16u ............................   Passed    
        Start  37: qa_volk_32f_index_max_32u
 37/134 Test  #37: qa_volk_32f_index_max_32u ............................   Passed    
        Start  38: qa_volk_32f_invsqrt_32f
 38/134 Test  #38: qa_volk_32f_invsqrt_32f ..............................   Passed    
        Start  39: qa_volk_32f_log2_32f
 39/134 Test  #39: qa_volk_32f_log2_32f .................................   Passed    
        Start  40: qa_volk_32f_null_32f
 40/134 Test  #40: qa_volk_32f_null_32f .................................   Passed    
        Start  41: qa_volk_32f_s32f_32f_fm_detect_32f
 41/134 Test  #41: qa_volk_32f_s32f_32f_fm_detect_32f ...................   Passed    
        Start  42: qa_volk_32f_s32f_add_32f
 42/134 Test  #42: qa_volk_32f_s32f_add_32f .............................   Passed    
        Start  43: qa_volk_32f_s32f_calc_spectral_noise_floor_32f
 43/134 Test  #43: qa_volk_32f_s32f_calc_spectral_noise_floor_32f .......   Passed    
        Start  44: qa_volk_32f_s32f_convert_16i
 44/134 Test  #44: qa_volk_32f_s32f_convert_16i .........................   Passed    
        Start  45: qa_volk_32f_s32f_convert_32i
 45/134 Test  #45: qa_volk_32f_s32f_convert_32i .........................   Passed    
        Start  46: qa_volk_32f_s32f_convert_8i
 46/134 Test  #46: qa_volk_32f_s32f_convert_8i ..........................   Passed    
        Start  47: qa_volk_32f_s32f_mod_rangepuppet_32f
 47/134 Test  #47: qa_volk_32f_s32f_mod_rangepuppet_32f .................   Passed    
        Start  48: qa_volk_32f_s32f_multiply_32f
 48/134 Test  #48: qa_volk_32f_s32f_multiply_32f ........................   Passed    
        Start  49: qa_volk_32f_s32f_normalize
 49/134 Test  #49: qa_volk_32f_s32f_normalize ...........................   Passed    
        Start  50: qa_volk_32f_s32f_power_32f
 50/134 Test  #50: qa_volk_32f_s32f_power_32f ...........................   Passed    
        Start  51: qa_volk_32f_s32f_s32f_mod_range_32f
 51/134 Test  #51: qa_volk_32f_s32f_s32f_mod_range_32f ..................   Passed    
        Start  52: qa_volk_32f_s32f_stddev_32f
 52/134 Test  #52: qa_volk_32f_s32f_stddev_32f ..........................   Passed    
        Start  53: qa_volk_32f_sin_32f
 53/134 Test  #53: qa_volk_32f_sin_32f ..................................   Passed    
        Start  54: qa_volk_32f_sqrt_32f
 54/134 Test  #54: qa_volk_32f_sqrt_32f .................................   Passed    
        Start  55: qa_volk_32f_stddev_and_mean_32f_x2
 55/134 Test  #55: qa_volk_32f_stddev_and_mean_32f_x2 ...................   Passed    
        Start  56: qa_volk_32f_tan_32f
 56/134 Test  #56: qa_volk_32f_tan_32f ..................................   Passed    
        Start  57: qa_volk_32f_tanh_32f
 57/134 Test  #57: qa_volk_32f_tanh_32f .................................   Passed    
        Start  58: qa_volk_32f_x2_add_32f
 58/134 Test  #58: qa_volk_32f_x2_add_32f ...............................   Passed    
        Start  59: qa_volk_32f_x2_divide_32f
 59/134 Test  #59: qa_volk_32f_x2_divide_32f ............................   Passed    
        Start  60: qa_volk_32f_x2_dot_prod_16i
 60/134 Test  #60: qa_volk_32f_x2_dot_prod_16i ..........................   Passed    
        Start  61: qa_volk_32f_x2_dot_prod_32f
 61/134 Test  #61: qa_volk_32f_x2_dot_prod_32f ..........................   Passed    
        Start  62: qa_volk_32f_x2_fm_detectpuppet_32f
 62/134 Test  #62: qa_volk_32f_x2_fm_detectpuppet_32f ...................   Passed    
        Start  63: qa_volk_32f_x2_interleave_32fc
 63/134 Test  #63: qa_volk_32f_x2_interleave_32fc .......................   Passed    
        Start  64: qa_volk_32f_x2_max_32f
 64/134 Test  #64: qa_volk_32f_x2_max_32f ...............................   Passed    
        Start  65: qa_volk_32f_x2_min_32f
 65/134 Test  #65: qa_volk_32f_x2_min_32f ...............................   Passed    
        Start  66: qa_volk_32f_x2_multiply_32f
 66/134 Test  #66: qa_volk_32f_x2_multiply_32f ..........................   Passed    
        Start  67: qa_volk_32f_x2_pow_32f
 67/134 Test  #67: qa_volk_32f_x2_pow_32f ...............................   Passed    
        Start  68: qa_volk_32f_x2_s32f_interleave_16ic
 68/134 Test  #68: qa_volk_32f_x2_s32f_interleave_16ic ..................   Passed    
        Start  69: qa_volk_32f_x2_subtract_32f
 69/134 Test  #69: qa_volk_32f_x2_subtract_32f ..........................   Passed    
        Start  70: qa_volk_32f_x3_sum_of_poly_32f
 70/134 Test  #70: qa_volk_32f_x3_sum_of_poly_32f .......................   Passed    
        Start  71: qa_volk_32fc_32f_add_32fc
 71/134 Test  #71: qa_volk_32fc_32f_add_32fc ............................   Passed    
        Start  72: qa_volk_32fc_32f_dot_prod_32fc
 72/134 Test  #72: qa_volk_32fc_32f_dot_prod_32fc .......................   Passed    
        Start  73: qa_volk_32fc_32f_multiply_32fc
 73/134 Test  #73: qa_volk_32fc_32f_multiply_32fc .......................   Passed    
        Start  74: qa_volk_32fc_conjugate_32fc
 74/134 Test  #74: qa_volk_32fc_conjugate_32fc ..........................   Passed    
        Start  75: qa_volk_32fc_convert_16ic
 75/134 Test  #75: qa_volk_32fc_convert_16ic ............................   Passed    
        Start  76: qa_volk_32fc_deinterleave_32f_x2
 76/134 Test  #76: qa_volk_32fc_deinterleave_32f_x2 .....................   Passed    
        Start  77: qa_volk_32fc_deinterleave_64f_x2
 77/134 Test  #77: qa_volk_32fc_deinterleave_64f_x2 .....................   Passed    
        Start  78: qa_volk_32fc_deinterleave_imag_32f
 78/134 Test  #78: qa_volk_32fc_deinterleave_imag_32f ...................   Passed    
        Start  79: qa_volk_32fc_deinterleave_real_32f
 79/134 Test  #79: qa_volk_32fc_deinterleave_real_32f ...................   Passed    
        Start  80: qa_volk_32fc_deinterleave_real_64f
 80/134 Test  #80: qa_volk_32fc_deinterleave_real_64f ...................   Passed    
        Start  81: qa_volk_32fc_index_max_16u
 81/134 Test  #81: qa_volk_32fc_index_max_16u ...........................   Passed    
        Start  82: qa_volk_32fc_index_max_32u
 82/134 Test  #82: qa_volk_32fc_index_max_32u ...........................   Passed    
        Start  83: qa_volk_32fc_magnitude_32f
 83/134 Test  #83: qa_volk_32fc_magnitude_32f ...........................   Passed    
        Start  84: qa_volk_32fc_magnitude_squared_32f
 84/134 Test  #84: qa_volk_32fc_magnitude_squared_32f ...................   Passed    
        Start  85: qa_volk_32fc_s32f_atan2_32f
 85/134 Test  #85: qa_volk_32fc_s32f_atan2_32f ..........................   Passed    
        Start  86: qa_volk_32fc_s32f_deinterleave_real_16i
 86/134 Test  #86: qa_volk_32fc_s32f_deinterleave_real_16i ..............   Passed    
        Start  87: qa_volk_32fc_s32f_magnitude_16i
 87/134 Test  #87: qa_volk_32fc_s32f_magnitude_16i ......................   Passed    
        Start  88: qa_volk_32fc_s32f_power_32fc
 88/134 Test  #88: qa_volk_32fc_s32f_power_32fc .........................   Passed    
        Start  89: qa_volk_32fc_s32f_power_spectral_densitypuppet_32f
 89/134 Test  #89: qa_volk_32fc_s32f_power_spectral_densitypuppet_32f ...   Passed    
        Start  90: qa_volk_32fc_s32f_power_spectrum_32f
 90/134 Test  #90: qa_volk_32fc_s32f_power_spectrum_32f .................   Passed    
        Start  91: qa_volk_32fc_s32f_x2_power_spectral_density_32f
 91/134 Test  #91: qa_volk_32fc_s32f_x2_power_spectral_density_32f ......   Passed    
        Start  92: qa_volk_32fc_s32fc_multiply_32fc
 92/134 Test  #92: qa_volk_32fc_s32fc_multiply_32fc .....................   Passed    
        Start  93: qa_volk_32fc_s32fc_rotatorpuppet_32fc
 93/134 Test  #93: qa_volk_32fc_s32fc_rotatorpuppet_32fc ................   Passed    
        Start  94: qa_volk_32fc_s32fc_x2_rotator_32fc
 94/134 Test  #94: qa_volk_32fc_s32fc_x2_rotator_32fc ...................   Passed    
        Start  95: qa_volk_32fc_x2_add_32fc
 95/134 Test  #95: qa_volk_32fc_x2_add_32fc .............................   Passed    
        Start  96: qa_volk_32fc_x2_conjugate_dot_prod_32fc
 96/134 Test  #96: qa_volk_32fc_x2_conjugate_dot_prod_32fc ..............   Passed    
        Start  97: qa_volk_32fc_x2_divide_32fc
 97/134 Test  #97: qa_volk_32fc_x2_divide_32fc ..........................   Passed    
        Start  98: qa_volk_32fc_x2_dot_prod_32fc
 98/134 Test  #98: qa_volk_32fc_x2_dot_prod_32fc ........................   Passed    
        Start  99: qa_volk_32fc_x2_multiply_32fc
 99/134 Test  #99: qa_volk_32fc_x2_multiply_32fc ........................   Passed    
        Start 100: qa_volk_32fc_x2_multiply_conjugate_32fc
100/134 Test #100: qa_volk_32fc_x2_multiply_conjugate_32fc ..............   Passed    
        Start 101: qa_volk_32fc_x2_s32f_square_dist_scalar_mult_32f
101/134 Test #101: qa_volk_32fc_x2_s32f_square_dist_scalar_mult_32f .....   Passed    
        Start 102: qa_volk_32fc_x2_s32fc_multiply_conjugate_add_32fc
102/134 Test #102: qa_volk_32fc_x2_s32fc_multiply_conjugate_add_32fc ....   Passed    
        Start 103: qa_volk_32fc_x2_square_dist_32f
103/134 Test #103: qa_volk_32fc_x2_square_dist_32f ......................   Passed    
        Start 104: qa_volk_32i_s32f_convert_32f
104/134 Test #104: qa_volk_32i_s32f_convert_32f .........................   Passed    
        Start 105: qa_volk_32i_x2_and_32i
105/134 Test #105: qa_volk_32i_x2_and_32i ...............................   Passed    
        Start 106: qa_volk_32i_x2_or_32i
106/134 Test #106: qa_volk_32i_x2_or_32i ................................   Passed    
        Start 107: qa_volk_32u_byteswap
107/134 Test #107: qa_volk_32u_byteswap .................................   Passed    
        Start 108: qa_volk_32u_byteswappuppet_32u
108/134 Test #108: qa_volk_32u_byteswappuppet_32u .......................   Passed    
        Start 109: qa_volk_32u_popcnt
109/134 Test #109: qa_volk_32u_popcnt ...................................   Passed    
        Start 110: qa_volk_32u_popcntpuppet_32u
110/134 Test #110: qa_volk_32u_popcntpuppet_32u .........................   Passed    
        Start 111: qa_volk_32u_reverse_32u
111/134 Test #111: qa_volk_32u_reverse_32u ..............................   Passed    
        Start 112: qa_volk_64f_convert_32f
112/134 Test #112: qa_volk_64f_convert_32f ..............................   Passed    
        Start 113: qa_volk_64f_x2_add_64f
113/134 Test #113: qa_volk_64f_x2_add_64f ...............................   Passed    
        Start 114: qa_volk_64f_x2_max_64f
114/134 Test #114: qa_volk_64f_x2_max_64f ...............................   Passed    
        Start 115: qa_volk_64f_x2_min_64f
115/134 Test #115: qa_volk_64f_x2_min_64f ...............................   Passed    
        Start 116: qa_volk_64f_x2_multiply_64f
116/134 Test #116: qa_volk_64f_x2_multiply_64f ..........................   Passed    
        Start 117: qa_volk_64u_byteswap
117/134 Test #117: qa_volk_64u_byteswap .................................   Passed    
        Start 118: qa_volk_64u_byteswappuppet_64u
118/134 Test #118: qa_volk_64u_byteswappuppet_64u .......................   Passed    
        Start 119: qa_volk_64u_popcnt
119/134 Test #119: qa_volk_64u_popcnt ...................................   Passed    
        Start 120: qa_volk_64u_popcntpuppet_64u
120/134 Test #120: qa_volk_64u_popcntpuppet_64u .........................   Passed    
        Start 121: qa_volk_8i_convert_16i
121/134 Test #121: qa_volk_8i_convert_16i ...............................   Passed    
        Start 122: qa_volk_8i_s32f_convert_32f
122/134 Test #122: qa_volk_8i_s32f_convert_32f ..........................   Passed    
        Start 123: qa_volk_8ic_deinterleave_16i_x2
123/134 Test #123: qa_volk_8ic_deinterleave_16i_x2 ......................   Passed    
        Start 124: qa_volk_8ic_deinterleave_real_16i
124/134 Test #124: qa_volk_8ic_deinterleave_real_16i ....................   Passed    
        Start 125: qa_volk_8ic_deinterleave_real_8i
125/134 Test #125: qa_volk_8ic_deinterleave_real_8i .....................   Passed    
        Start 126: qa_volk_8ic_s32f_deinterleave_32f_x2
126/134 Test #126: qa_volk_8ic_s32f_deinterleave_32f_x2 .................   Passed    
        Start 127: qa_volk_8ic_s32f_deinterleave_real_32f
127/134 Test #127: qa_volk_8ic_s32f_deinterleave_real_32f ...............   Passed    
        Start 128: qa_volk_8ic_x2_multiply_conjugate_16ic
128/134 Test #128: qa_volk_8ic_x2_multiply_conjugate_16ic ...............   Passed    
        Start 129: qa_volk_8ic_x2_s32f_multiply_conjugate_32fc
129/134 Test #129: qa_volk_8ic_x2_s32f_multiply_conjugate_32fc ..........   Passed    
        Start 130: qa_volk_8u_conv_k7_r2puppet_8u
130/134 Test #130: qa_volk_8u_conv_k7_r2puppet_8u .......................   Passed    
        Start 131: qa_volk_8u_x2_encodeframepolar_8u
131/134 Test #131: qa_volk_8u_x2_encodeframepolar_8u ....................   Passed    
        Start 132: qa_volk_8u_x3_encodepolar_8u_x2
132/134 Test #132: qa_volk_8u_x3_encodepolar_8u_x2 ......................   Passed    
        Start 133: qa_volk_8u_x3_encodepolarpuppet_8u
133/134 Test #133: qa_volk_8u_x3_encodepolarpuppet_8u ...................   Passed    
        Start 134: qa_volk_8u_x4_conv_k7_r2_8u
134/134 Test #134: qa_volk_8u_x4_conv_k7_r2_8u ..........................   Passed    

100% tests passed, 0 tests failed out of 134

Total Test time (real) =  
DURATION: 26
END: /usr/lib/volk/ptest
2021-07-10T00:32
STOP: ptest-runner
