START: ptest-runner
2021-07-09T20:04
BEGIN: /usr/lib/fftw/ptest
Executing "/usr/lib/fftw/ptest/fftw/bench --verbose=1   --verify 'obr10x3*1' --verify 'ibr10x3*1' --verify 'ofr10x3*1' --verify 'ifr10x3*1' --verify '//obc10x3*1' --verify '//ibc10x3*1' --verify '//ofc10x3*1' --verify '//ifc10x3*1' --verify 'obc10x3*1' --verify 'ibc10x3*1' --verify 'ofc10x3*1' --verify 'ifc10x3*1' --verify 'ok11o11x12e10*26' --verify 'ik11o11x12e10*26' --verify '//obr78x5' --verify '//ofr78x5' --verify 'obr78x5' --verify 'ibr78x5' --verify 'ofr78x5' --verify 'ifr78x5' --verify '//obc78x5' --verify '//ibc78x5' --verify '//ofc78x5' --verify '//ifc78x5' --verify 'obc78x5' --verify 'ibc78x5' --verify 'ofc78x5' --verify 'ifc78x5' --verify 'ok8e01x5o00x3o00' --verify 'ik8e01x5o00x3o00' --verify '//obr8x9x7' --verify '//ofr8x9x7' --verify 'obr8x9x7' --verify 'ibr8x9x7' --verify 'ofr8x9x7' --verify 'ifr8x9x7' --verify '//obc8x9x7' --verify '//ibc8x9x7' --verify '//ofc8x9x7' --verify '//ifc8x9x7' --verify 'obc8x9x7' --verify 'ibc8x9x7' --verify 'ofc8x9x7' --verify 'ifc8x9x7'"
obr10x3*1 3.74007e-16 4.86475e-16 3.8319e-16
ibr10x3*1 2.60145e-16 4.86475e-16 5.23348e-16
ofr10x3*1 3.67452e-16 4.86475e-16 8.66956e-16
ifr10x3*1 3.1328e-16 3.24317e-16 6.25849e-16
//obc10x3*1 3.94871e-16 3.24317e-16 6.11566e-16
//ibc10x3*1 3.18871e-16 4.86475e-16 7.56969e-16
//ofc10x3*1 4.25283e-16 4.86475e-16 7.06812e-16
//ifc10x3*1 3.69909e-16 3.24317e-16 5.94367e-16
obc10x3*1 2.62873e-16 3.24317e-16 5.70646e-16
ibc10x3*1 3.35739e-16 3.24317e-16 8.76484e-16
ofc10x3*1 2.95374e-16 4.86475e-16 6.07343e-16
ifc10x3*1 3.10207e-16 3.24317e-16 6.12832e-16
ok11o11x12e10*26 4.10765e-16 1.96498e-15 4.31956e-16
ik11o11x12e10*26 4.32432e-16 2.17448e-15 3.10664e-16
//obr78x5 4.34232e-16 8.99493e-16 5.37925e-16
//ofr78x5 4.45074e-16 5.39696e-16 9.64506e-16
obr78x5 3.92421e-16 7.19595e-16 5.5811e-16
ibr78x5 4.3826e-16 7.19595e-16 6.14948e-16
ofr78x5 4.55092e-16 5.39696e-16 8.47367e-16
ifr78x5 3.6743e-16 5.39696e-16 7.69434e-16
//obc78x5 4.52013e-16 5.39696e-16 9.55117e-16
//ibc78x5 3.89758e-16 7.19595e-16 7.41317e-16
//ofc78x5 3.94038e-16 7.19595e-16 9.18043e-16
//ifc78x5 4.00874e-16 7.19595e-16 1.00716e-15
obc78x5 4.14327e-16 8.99493e-16 7.39472e-16
ibc78x5 4.63828e-16 5.39696e-16 8.21853e-16
ofc78x5 4.07878e-16 5.39696e-16 7.4776e-16
ifc78x5 4.80962e-16 7.19595e-16 7.6173e-16
ok8e01x5o00x3o00 3.75995e-16 2.88658e-15 4.45295e-16
ik8e01x5o00x3o00 4.39941e-16 2.88658e-15 4.1592e-16
//obr8x9x7 4.12182e-16 7.91252e-16 4.39533e-16
//ofr8x9x7 3.00525e-16 7.91252e-16 5.8031e-16
obr8x9x7 3.82044e-16 6.33002e-16 6.51708e-16
ibr8x9x7 3.49827e-16 6.33002e-16 4.57561e-16
ofr8x9x7 3.54574e-16 7.91252e-16 7.89949e-16
ifr8x9x7 3.39876e-16 7.91252e-16 6.8044e-16
//obc8x9x7 3.72308e-16 7.91252e-16 5.55856e-16
//ibc8x9x7 3.74683e-16 7.91252e-16 6.06952e-16
//ofc8x9x7 3.80953e-16 6.33002e-16 5.74914e-16
//ifc8x9x7 3.68105e-16 7.91252e-16 6.0432e-16
obc8x9x7 4.15578e-16 7.91252e-16 5.64201e-16
ibc8x9x7 3.46919e-16 7.91252e-16 6.16345e-16
ofc8x9x7 3.59754e-16 7.91252e-16 5.8878e-16
ifc8x9x7 4.3501e-16 7.91252e-16 6.72442e-16
Executing "/usr/lib/fftw/ptest/fftw/bench --verbose=1   --verify 'obrd77v109' --verify 'ibrd77v109' --verify 'ofrd77v109' --verify 'ifrd77v109' --verify '//obcd77v109' --verify '//ibcd77v109' --verify '//ofcd77v109' --verify '//ifcd77v109' --verify 'obcd77v109' --verify 'ibcd77v109' --verify 'ofcd77v109' --verify 'ifcd77v109' --verify 'ok120o10v106' --verify 'ik120o10v106' --verify 'obr16x10x5x12*3' --verify 'ibr16x10x5x12*3' --verify 'ofr16x10x5x12*3' --verify 'ifr16x10x5x12*3' --verify '//obc16x10x5x12*3' --verify '//ibc16x10x5x12*3' --verify '//ofc16x10x5x12*3' --verify '//ifc16x10x5x12*3' --verify 'obc16x10x5x12*3' --verify 'ibc16x10x5x12*3' --verify 'ofc16x10x5x12*3' --verify 'ifc16x10x5x12*3' --verify 'ok3o01x11hx7bx8o01*2' --verify 'ik3o01x11hx7bx8o01*2' --verify '//obr12x9x11' --verify '//ofr12x9x11' --verify 'obr12x9x11' --verify 'ibr12x9x11' --verify 'ofr12x9x11' --verify 'ifr12x9x11' --verify '//obc12x9x11' --verify '//ibc12x9x11' --verify '//ofc12x9x11' --verify '//ifc12x9x11' --verify 'obc12x9x11' --verify 'ibc12x9x11' --verify 'ofc12x9x11' --verify 'ifc12x9x11' --verify 'okd20e11x96h' --verify 'ikd20e11x96h'"
obrd77v109 4.37347e-16 7.15021e-16 4.00551e-16
ibrd77v109 3.88861e-16 6.12876e-16 5.08891e-16
ofrd77v109 3.33602e-16 5.1073e-16 8.53135e-16
ifrd77v109 3.22889e-16 4.08584e-16 8.2699e-16
//obcd77v109 3.52436e-16 6.12876e-16 8.60843e-16
//ibcd77v109 3.65105e-16 6.12876e-16 7.42621e-16
//ofcd77v109 3.65716e-16 6.12876e-16 7.45617e-16
//ifcd77v109 4.28856e-16 6.12876e-16 8.18237e-16
obcd77v109 3.46898e-16 6.12876e-16 7.34262e-16
ibcd77v109 3.59829e-16 6.12876e-16 7.76721e-16
ofcd77v109 3.8572e-16 5.1073e-16 8.03093e-16
ifcd77v109 4.03074e-16 6.12876e-16 7.91005e-16
ok120o10v106 5.3311e-16 2.91381e-15 3.80259e-16
ik120o10v106 4.0547e-16 2.68967e-15 4.0349e-16
obr16x10x5x12*3 4.75378e-16 2.75574e-15 4.48072e-16
ibr16x10x5x12*3 4.06147e-16 2.75574e-15 4.57806e-16
ofr16x10x5x12*3 4.379e-16 2.56235e-15 8.52884e-16
ifr16x10x5x12*3 4.14514e-16 2.6107e-15 8.4295e-16
//obc16x10x5x12*3 3.73514e-16 2.56235e-15 9.0326e-16
//ibc16x10x5x12*3 4.45104e-16 2.56235e-15 9.0656e-16
//ofc16x10x5x12*3 4.24384e-16 2.56235e-15 8.22571e-16
//ifc16x10x5x12*3 4.21246e-16 2.65905e-15 8.67563e-16
obc16x10x5x12*3 3.92878e-16 2.6107e-15 8.52378e-16
ibc16x10x5x12*3 3.73798e-16 2.6107e-15 8.72775e-16
ofc16x10x5x12*3 3.88936e-16 2.46566e-15 9.0647e-16
ifc16x10x5x12*3 3.71249e-16 2.56235e-15 8.34104e-16
ok3o01x11hx7bx8o01*2 4.80056e-16 1.35837e-14 6.17906e-16
ik3o01x11hx7bx8o01*2 5.05179e-16 1.76163e-14 6.16315e-16
//obr12x9x11 3.52844e-16 8.24597e-16 5.4871e-16
//ofr12x9x11 3.33089e-16 6.18448e-16 8.14431e-16
obr12x9x11 3.7719e-16 8.24597e-16 5.67388e-16
ibr12x9x11 4.10765e-16 8.24597e-16 6.52254e-16
ofr12x9x11 3.49543e-16 8.24597e-16 8.46848e-16
ifr12x9x11 3.65896e-16 6.18448e-16 8.77521e-16
//obc12x9x11 4.49395e-16 8.24597e-16 6.6912e-16
//ibc12x9x11 3.66944e-16 8.24597e-16 7.28442e-16
//ofc12x9x11 3.93288e-16 8.24597e-16 8.17998e-16
//ifc12x9x11 3.9461e-16 8.24597e-16 8.54035e-16
obc12x9x11 3.62062e-16 8.24597e-16 8.69351e-16
ibc12x9x11 4.28205e-16 8.24597e-16 7.68133e-16
ofc12x9x11 3.61661e-16 8.24597e-16 7.97882e-16
ifc12x9x11 3.95842e-16 8.24597e-16 7.86179e-16
okd20e11x96h 4.55849e-16 1.24441e-14 5.22062e-16
ikd20e11x96h 5.0333e-16 1.42218e-14 4.49401e-16
Executing "/usr/lib/fftw/ptest/fftw/bench --verbose=1   --verify 'obrd12x12x2x8' --verify 'ibrd12x12x2x8' --verify 'ofrd12x12x2x8' --verify 'ifrd12x12x2x8' --verify '//obcd12x12x2x8' --verify '//ibcd12x12x2x8' --verify '//ofcd12x12x2x8' --verify '//ifcd12x12x2x8' --verify 'obcd12x12x2x8' --verify 'ibcd12x12x2x8' --verify 'ofcd12x12x2x8' --verify 'ifcd12x12x2x8' --verify 'ok4hx12o11x5o01x10o01v2' --verify 'ik4hx12o11x5o01x10o01v2' --verify 'obr9x4*10' --verify 'ibr9x4*10' --verify 'ofr9x4*10' --verify 'ifr9x4*10' --verify '//obc9x4*10' --verify '//ibc9x4*10' --verify '//ofc9x4*10' --verify '//ifc9x4*10' --verify 'obc9x4*10' --verify 'ibc9x4*10' --verify 'ofc9x4*10' --verify 'ifc9x4*10' --verify 'ok16e10x25e01v29' --verify 'ik16e10x25e01v29' --verify '//obr9x6x4x8' --verify '//ofr9x6x4x8' --verify 'obr9x6x4x8' --verify 'ibr9x6x4x8' --verify 'ofr9x6x4x8' --verify 'ifr9x6x4x8' --verify '//obc9x6x4x8' --verify '//ibc9x6x4x8' --verify '//ofc9x6x4x8' --verify '//ifc9x6x4x8' --verify 'obc9x6x4x8' --verify 'ibc9x6x4x8' --verify 'ofc9x6x4x8' --verify 'ifc9x6x4x8' --verify 'ok3o00x10o00x5e11x6o01*6' --verify 'ik3o00x10o00x5e11x6o01*6'"
obrd12x12x2x8 3.92799e-16 8.88178e-16 4.74806e-16
ibrd12x12x2x8 3.53298e-16 5.92119e-16 4.97352e-16
ofrd12x12x2x8 3.75426e-16 1.77636e-15 8.91614e-16
ifrd12x12x2x8 3.70792e-16 1.77636e-15 9.90292e-16
//obcd12x12x2x8 3.62706e-16 1.77636e-15 8.32011e-16
//ibcd12x12x2x8 3.83226e-16 1.77636e-15 7.5694e-16
//ofcd12x12x2x8 4.5372e-16 1.77636e-15 8.81857e-16
//ifcd12x12x2x8 3.48369e-16 1.77636e-15 8.48061e-16
obcd12x12x2x8 4.32439e-16 1.77636e-15 8.5608e-16
ibcd12x12x2x8 3.7762e-16 1.77636e-15 8.79068e-16
ofcd12x12x2x8 3.92063e-16 1.77636e-15 1.01475e-15
ifcd12x12x2x8 3.58949e-16 1.77636e-15 8.73319e-16
ok4hx12o11x5o01x10o01v2 4.83467e-16 5.15362e-15 4.86867e-16
ik4hx12o11x5o01x10o01v2 4.68388e-16 6.75884e-15 4.98624e-16
obr9x4*10 3.54634e-16 4.07082e-16 4.11866e-16
ibr9x4*10 3.59969e-16 3.25665e-16 4.75975e-16
ofr9x4*10 2.60024e-16 3.25665e-16 4.84828e-16
ifr9x4*10 2.60564e-16 3.25665e-16 5.45186e-16
//obc9x4*10 3.17737e-16 3.25665e-16 4.9876e-16
//ibc9x4*10 4.35806e-16 3.25665e-16 5.62374e-16
//ofc9x4*10 4.47275e-16 3.25665e-16 4.76462e-16
//ifc9x4*10 3.7205e-16 3.25665e-16 5.5372e-16
obc9x4*10 2.82323e-16 3.25665e-16 5.00771e-16
ibc9x4*10 3.30218e-16 3.25665e-16 5.40484e-16
ofc9x4*10 3.6508e-16 3.25665e-16 6.04399e-16
ifc9x4*10 3.40357e-16 3.25665e-16 5.32171e-16
ok16e10x25e01v29 4.03382e-16 7.29302e-15 4.64784e-16
ik16e10x25e01v29 3.82326e-16 6.20194e-15 3.9295e-16
//obr9x6x4x8 4.25707e-16 8.5465e-16 5.53223e-16
//ofr9x6x4x8 4.20431e-16 8.5465e-16 1.00565e-15
obr9x6x4x8 3.81952e-16 6.8372e-16 4.87341e-16
ibr9x6x4x8 3.07079e-16 6.8372e-16 5.26476e-16
ofr9x6x4x8 3.4732e-16 8.5465e-16 9.03842e-16
ifr9x6x4x8 3.46139e-16 8.5465e-16 8.43589e-16
//obc9x6x4x8 3.94621e-16 8.5465e-16 9.09302e-16
//ibc9x6x4x8 4.19212e-16 8.5465e-16 8.43681e-16
//ofc9x6x4x8 3.51629e-16 8.5465e-16 8.76618e-16
//ifc9x6x4x8 3.17065e-16 8.5465e-16 8.88091e-16
obc9x6x4x8 3.97518e-16 8.5465e-16 7.93342e-16
ibc9x6x4x8 3.67146e-16 8.5465e-16 9.02388e-16
ofc9x6x4x8 4.6113e-16 8.5465e-16 9.77131e-16
ifc9x6x4x8 3.80815e-16 8.5465e-16 8.98991e-16
ok3o00x10o00x5e11x6o01*6 4.37638e-16 2.50322e-15 4.33552e-16
ik3o00x10o00x5e11x6o01*6 4.65222e-16 3.39478e-15 4.57665e-16
Executing "/usr/lib/fftw/ptest/fftw/bench --verbose=1   --verify 'obrd56x40' --verify 'ibrd56x40' --verify 'ofrd56x40' --verify 'ifrd56x40' --verify '//obcd56x40' --verify '//ibcd56x40' --verify '//ofcd56x40' --verify '//ifcd56x40' --verify 'obcd56x40' --verify 'ibcd56x40' --verify 'ofcd56x40' --verify 'ifcd56x40' --verify 'okd1352b' --verify 'ikd1352b' --verify 'obrd56v76' --verify 'ibrd56v76' --verify 'ofrd56v76' --verify 'ifrd56v76' --verify '//obcd56v76' --verify '//ibcd56v76' --verify '//ofcd56v76' --verify '//ifcd56v76' --verify 'obcd56v76' --verify 'ibcd56v76' --verify 'ofcd56v76' --verify 'ifcd56v76' --verify 'ok108o00*49' --verify 'ik108o00*49' --verify 'obr13x7x6x9v3' --verify 'ibr13x7x6x9v3' --verify 'ofr13x7x6x9v3' --verify 'ifr13x7x6x9v3' --verify '//obc13x7x6x9v3' --verify '//ibc13x7x6x9v3' --verify '//ofc13x7x6x9v3' --verify '//ifc13x7x6x9v3' --verify 'obc13x7x6x9v3' --verify 'ibc13x7x6x9v3' --verify 'ofc13x7x6x9v3' --verify 'ifc13x7x6x9v3' --verify 'okd4e11x6o10x11o10x9e01*1' --verify 'ikd4e11x6o10x11o10x9e01*1' --verify '//obrd12x12x2x8' --verify '//ofrd12x12x2x8'"
obrd56x40 3.34443e-16 1.5013e-15 4.27273e-16
ibrd56x40 3.53384e-16 1.35117e-15 4.62342e-16
ofrd56x40 3.8924e-16 9.00777e-16 4.46819e-16
ifrd56x40 3.62375e-16 7.50648e-16 4.30907e-16
//obcd56x40 4.03983e-16 9.00777e-16 4.65493e-16
//ibcd56x40 3.75783e-16 9.00777e-16 4.65343e-16
//ofcd56x40 3.90398e-16 1.20104e-15 4.30148e-16
//ifcd56x40 3.51674e-16 9.00777e-16 4.31619e-16
obcd56x40 4.26612e-16 9.00777e-16 4.59506e-16
ibcd56x40 3.91928e-16 9.00777e-16 4.64492e-16
ofcd56x40 3.46341e-16 9.00777e-16 4.70773e-16
ifcd56x40 4.57357e-16 9.00777e-16 4.3326e-16
okd1352b 4.68311e-16 1.42109e-14 4.45845e-16
ikd1352b 5.46122e-16 1.42109e-14 4.41659e-16
obrd56v76 3.39369e-16 4.80998e-16 3.38862e-16
ibrd56v76 4.3271e-16 4.80998e-16 3.4299e-16
ofrd56v76 3.59536e-16 4.80998e-16 3.94262e-16
ifrd56v76 3.14168e-16 3.60749e-16 3.47113e-16
//obcd56v76 3.4628e-16 3.60749e-16 3.57242e-16
//ibcd56v76 3.56091e-16 4.80998e-16 4.03527e-16
//ofcd56v76 3.62463e-16 4.80998e-16 3.76152e-16
//ifcd56v76 3.66244e-16 4.80998e-16 4.29558e-16
obcd56v76 3.31029e-16 4.80998e-16 4.32778e-16
ibcd56v76 3.84679e-16 4.80998e-16 3.86201e-16
ofcd56v76 3.69137e-16 4.80998e-16 3.71156e-16
ifcd56v76 4.07551e-16 4.80998e-16 4.05673e-16
ok108o00*49 8.17027e-16 3.51229e-15 6.77531e-16
ik108o00*49 8.0845e-16 2.8325e-15 5.48946e-16
obr13x7x6x9v3 4.57595e-16 8.10891e-16 5.8239e-16
ibr13x7x6x9v3 4.12001e-16 8.10891e-16 5.78111e-16
ofr13x7x6x9v3 4.95573e-16 8.10891e-16 8.85772e-16
ifr13x7x6x9v3 4.30726e-16 8.10891e-16 9.62958e-16
//obc13x7x6x9v3 5.22985e-16 8.10891e-16 9.25101e-16
//ibc13x7x6x9v3 4.27901e-16 8.10891e-16 9.00064e-16
//ofc13x7x6x9v3 4.3981e-16 8.10891e-16 8.52434e-16
//ifc13x7x6x9v3 5.11213e-16 8.10891e-16 9.30958e-16
obc13x7x6x9v3 4.38944e-16 8.10891e-16 9.76385e-16
ibc13x7x6x9v3 4.02141e-16 8.10891e-16 8.39531e-16
ofc13x7x6x9v3 4.01371e-16 8.10891e-16 8.75004e-16
ifc13x7x6x9v3 3.9612e-16 8.10891e-16 8.39406e-16
okd4e11x6o10x11o10x9e01*1 4.29735e-16 1.84512e-14 4.99342e-16
ikd4e11x6o10x11o10x9e01*1 5.49666e-16 1.75456e-14 5.07974e-16
//obrd12x12x2x8 3.69073e-16 7.40149e-16 5.20363e-16
//ofrd12x12x2x8 3.67153e-16 1.77636e-15 9.53275e-16
Executing "/usr/lib/fftw/ptest/fftw/bench --verbose=1   --verify 'obr10x11*15' --verify 'ibr10x11*15' --verify 'ofr10x11*15' --verify 'ifr10x11*15' --verify '//obc10x11*15' --verify '//ibc10x11*15' --verify '//ofc10x11*15' --verify '//ifc10x11*15' --verify 'obc10x11*15' --verify 'ibc10x11*15' --verify 'ofc10x11*15' --verify 'ifc10x11*15' --verify 'okd24e11x36e10' --verify 'ikd24e11x36e10' --verify 'obr2x6x6v6' --verify 'ibr2x6x6v6' --verify 'ofr2x6x6v6' --verify 'ifr2x6x6v6' --verify '//obc2x6x6v6' --verify '//ibc2x6x6v6' --verify '//ofc2x6x6v6' --verify '//ifc2x6x6v6' --verify 'obc2x6x6v6' --verify 'ibc2x6x6v6' --verify 'ofc2x6x6v6' --verify 'ifc2x6x6v6' --verify 'okd33hx6o00*13' --verify 'ikd33hx6o00*13' --verify 'obr10x6v25' --verify 'ibr10x6v25' --verify 'ofr10x6v25' --verify 'ifr10x6v25' --verify '//obc10x6v25' --verify '//ibc10x6v25' --verify '//ofc10x6v25' --verify '//ifc10x6v25' --verify 'obc10x6v25' --verify 'ibc10x6v25' --verify 'ofc10x6v25' --verify 'ifc10x6v25' --verify 'okd22o10x6b*6' --verify 'ikd22o10x6b*6' --verify '//obrd56x40' --verify '//ofrd56x40'"
obr10x11*15 4.05677e-16 8.12971e-16 3.88054e-16
ibr10x11*15 3.25623e-16 5.41981e-16 3.51102e-16
ofr10x11*15 3.73559e-16 5.41981e-16 5.25286e-16
ifr10x11*15 3.58669e-16 4.51651e-16 4.87958e-16
//obc10x11*15 3.30501e-16 5.41981e-16 4.83043e-16
//ibc10x11*15 3.43765e-16 5.41981e-16 5.08814e-16
//ofc10x11*15 4.1194e-16 5.41981e-16 4.92385e-16
//ifc10x11*15 4.37669e-16 5.41981e-16 4.9176e-16
obc10x11*15 3.85564e-16 5.41981e-16 4.77189e-16
ibc10x11*15 3.09817e-16 5.41981e-16 5.89762e-16
ofc10x11*15 3.80758e-16 5.41981e-16 5.06429e-16
ifc10x11*15 3.54779e-16 5.41981e-16 5.05651e-16
okd24e11x36e10 4.68511e-16 7.77572e-15 4.79197e-16
ikd24e11x36e10 3.71876e-16 6.99815e-15 4.70046e-16
obr2x6x6v6 2.94735e-16 3.66355e-16 4.57349e-16
ibr2x6x6v6 3.73492e-16 3.66355e-16 4.83534e-16
ofr2x6x6v6 3.39406e-16 2.44237e-16 8.34697e-16
ifr2x6x6v6 3.4742e-16 2.44237e-16 8.14483e-16
//obc2x6x6v6 3.66942e-16 3.66355e-16 8.73996e-16
//ibc2x6x6v6 3.92546e-16 3.66355e-16 8.75241e-16
//ofc2x6x6v6 3.21329e-16 4.88473e-16 8.00467e-16
//ifc2x6x6v6 3.06848e-16 3.66355e-16 8.39057e-16
obc2x6x6v6 3.19587e-16 4.88473e-16 8.06935e-16
ibc2x6x6v6 2.9519e-16 3.66355e-16 9.27957e-16
ofc2x6x6v6 3.79284e-16 4.88473e-16 8.40122e-16
ifc2x6x6v6 2.65632e-16 3.66355e-16 8.16935e-16
okd33hx6o00*13 3.39043e-16 2.51406e-15 4.28074e-16
ikd33hx6o00*13 3.62767e-16 2.57538e-15 4.45335e-16
obr10x6v25 2.94823e-16 4.76999e-16 3.5616e-16
ibr10x6v25 3.2411e-16 4.76999e-16 3.64643e-16
ofr10x6v25 2.72609e-16 4.76999e-16 8.88745e-16
ifr10x6v25 2.98295e-16 4.76999e-16 7.7997e-16
//obc10x6v25 3.37929e-16 3.5775e-16 8.23849e-16
//ibc10x6v25 3.37735e-16 3.5775e-16 8.61652e-16
//ofc10x6v25 3.28356e-16 4.76999e-16 7.96077e-16
//ifc10x6v25 3.49758e-16 3.5775e-16 8.39277e-16
obc10x6v25 4.38851e-16 4.76999e-16 9.3248e-16
ibc10x6v25 3.1499e-16 4.76999e-16 9.31691e-16
ofc10x6v25 3.44119e-16 4.76999e-16 7.94971e-16
ifc10x6v25 3.55177e-16 3.5775e-16 8.3669e-16
okd22o10x6b*6 3.45706e-16 3.43244e-15 3.13612e-16
ikd22o10x6b*6 3.48561e-16 2.84957e-15 3.31147e-16
//obrd56x40 3.50759e-16 1.5013e-15 3.95452e-16
//ofrd56x40 3.85037e-16 1.05091e-15 4.34515e-16
Executing "/usr/lib/fftw/ptest/fftw/bench --verbose=1   --verify '//obr10x16x7' --verify '//ofr10x16x7' --verify 'obr10x16x7' --verify 'ibr10x16x7' --verify 'ofr10x16x7' --verify 'ifr10x16x7' --verify '//obc10x16x7' --verify '//ibc10x16x7' --verify '//ofc10x16x7' --verify '//ifc10x16x7' --verify 'obc10x16x7' --verify 'ibc10x16x7' --verify 'ofc10x16x7' --verify 'ifc10x16x7' --verify 'ok3e11*100' --verify 'ik3e11*100' --verify 'obrd4x10x13v2' --verify 'ibrd4x10x13v2' --verify 'ofrd4x10x13v2' --verify 'ifrd4x10x13v2' --verify '//obcd4x10x13v2' --verify '//ibcd4x10x13v2' --verify '//ofcd4x10x13v2' --verify '//ifcd4x10x13v2' --verify 'obcd4x10x13v2' --verify 'ibcd4x10x13v2' --verify 'ofcd4x10x13v2' --verify 'ifcd4x10x13v2' --verify 'ok130hv105' --verify 'ik130hv105' --verify 'obr7x3x8x2*1' --verify 'ibr7x3x8x2*1' --verify 'ofr7x3x8x2*1' --verify 'ifr7x3x8x2*1' --verify '//obc7x3x8x2*1' --verify '//ibc7x3x8x2*1' --verify '//ofc7x3x8x2*1' --verify '//ifc7x3x8x2*1' --verify 'obc7x3x8x2*1' --verify 'ibc7x3x8x2*1' --verify 'ofc7x3x8x2*1' --verify 'ifc7x3x8x2*1' --verify 'okd5o00x14o10x3o00x8o11*7' --verify 'ikd5o00x14o10x3o00x8o11*7'"
//obr10x16x7 4.02458e-16 1.48621e-15 4.52012e-16
//ofr10x16x7 3.82472e-16 1.06158e-15 7.33645e-16
obr10x16x7 4.16236e-16 1.48621e-15 4.06854e-16
ibr10x16x7 3.47064e-16 1.27389e-15 4.56031e-16
ofr10x16x7 3.81189e-16 1.06158e-15 7.18449e-16
ifr10x16x7 3.61854e-16 1.06158e-15 7.62496e-16
//obc10x16x7 3.97495e-16 1.06158e-15 7.05457e-16
//ibc10x16x7 3.70488e-16 1.06158e-15 8.13584e-16
//ofc10x16x7 3.63329e-16 1.06158e-15 7.54697e-16
//ifc10x16x7 4.78402e-16 1.06158e-15 6.52883e-16
obc10x16x7 3.64317e-16 1.06158e-15 6.87208e-16
ibc10x16x7 4.61159e-16 1.06158e-15 6.24333e-16
ofc10x16x7 3.5261e-16 1.06158e-15 7.38654e-16
ifc10x16x7 3.56134e-16 1.06158e-15 7.2634e-16
ok3e11*100 4.02214e-16 3.48264e-16 3.19538e-16
ik3e11*100 3.81947e-16 3.48264e-16 3.15463e-16
obrd4x10x13v2 4.31655e-16 5.84238e-16 4.16815e-16
ibrd4x10x13v2 3.44784e-16 7.01086e-16 4.6819e-16
ofrd4x10x13v2 3.76927e-16 5.84238e-16 8.37687e-16
ifrd4x10x13v2 3.62413e-16 5.84238e-16 7.2769e-16
//obcd4x10x13v2 4.47035e-16 5.84238e-16 7.76663e-16
//ibcd4x10x13v2 3.44335e-16 5.84238e-16 8.23505e-16
//ofcd4x10x13v2 3.62756e-16 5.84238e-16 7.29478e-16
//ifcd4x10x13v2 3.69347e-16 5.84238e-16 8.10278e-16
obcd4x10x13v2 3.42326e-16 5.84238e-16 8.35366e-16
ibcd4x10x13v2 3.70318e-16 5.84238e-16 8.3428e-16
ofcd4x10x13v2 3.76117e-16 5.84238e-16 7.93326e-16
ifcd4x10x13v2 3.60523e-16 5.84238e-16 7.64607e-16
ok130hv105 3.7497e-16 3.25031e-15 3.31027e-16
ik130hv105 3.83433e-16 2.97011e-15 3.96372e-16
obr7x3x8x2*1 3.34441e-16 9.69082e-16 3.45391e-16
ibr7x3x8x2*1 4.66852e-16 7.75266e-16 3.65401e-16
ofr7x3x8x2*1 3.84804e-16 9.69082e-16 6.58197e-16
ifr7x3x8x2*1 3.85776e-16 9.69082e-16 6.82568e-16
//obc7x3x8x2*1 4.50886e-16 9.69082e-16 6.44642e-16
//ibc7x3x8x2*1 4.22865e-16 9.69082e-16 6.10502e-16
//ofc7x3x8x2*1 3.4491e-16 9.69082e-16 6.57099e-16
//ifc7x3x8x2*1 4.0645e-16 9.69082e-16 6.27701e-16
obc7x3x8x2*1 3.30488e-16 9.69082e-16 6.73531e-16
ibc7x3x8x2*1 3.75784e-16 9.69082e-16 5.85412e-16
ofc7x3x8x2*1 3.41983e-16 9.69082e-16 6.94638e-16
ifc7x3x8x2*1 3.87515e-16 9.69082e-16 6.46902e-16
okd5o00x14o10x3o00x8o11*7 4.70795e-16 6.24733e-15 4.52193e-16
ikd5o00x14o10x3o00x8o11*7 4.84785e-16 4.14364e-15 4.44271e-16
Executing "/usr/lib/fftw/ptest/fftw/bench --verbose=1   --verify 'obr8x10x4x11v5' --verify 'ibr8x10x4x11v5' --verify 'ofr8x10x4x11v5' --verify 'ifr8x10x4x11v5' --verify '//obc8x10x4x11v5' --verify '//ibc8x10x4x11v5' --verify '//ofc8x10x4x11v5' --verify '//ifc8x10x4x11v5' --verify 'obc8x10x4x11v5' --verify 'ibc8x10x4x11v5' --verify 'ofc8x10x4x11v5' --verify 'ifc8x10x4x11v5' --verify 'okd13hx12e10' --verify 'ikd13hx12e10' --verify '//obr3x13x28' --verify '//ofr3x13x28' --verify 'obr3x13x28' --verify 'ibr3x13x28' --verify 'ofr3x13x28' --verify 'ifr3x13x28' --verify '//obc3x13x28' --verify '//ibc3x13x28' --verify '//ofc3x13x28' --verify '//ifc3x13x28' --verify 'obc3x13x28' --verify 'ibc3x13x28' --verify 'ofc3x13x28' --verify 'ifc3x13x28' --verify 'ok1920e10' --verify 'ik1920e10' --verify 'obr8x9x6x5v3' --verify 'ibr8x9x6x5v3' --verify 'ofr8x9x6x5v3' --verify 'ifr8x9x6x5v3' --verify '//obc8x9x6x5v3' --verify '//ibc8x9x6x5v3' --verify '//ofc8x9x6x5v3' --verify '//ifc8x9x6x5v3' --verify 'obc8x9x6x5v3' --verify 'ibc8x9x6x5v3' --verify 'ofc8x9x6x5v3' --verify 'ifc8x9x6x5v3' --verify 'okd13o11x7o10x5e01v3' --verify 'ikd13o11x7o10x5e01v3'"
obr8x10x4x11v5 3.88422e-16 1.65271e-15 3.95048e-16
ibr8x10x4x11v5 4.31005e-16 1.58086e-15 3.81564e-16
ofr8x10x4x11v5 4.38932e-16 8.62286e-16 5.86912e-16
ifr8x10x4x11v5 3.63821e-16 8.62286e-16 6.07622e-16
//obc8x10x4x11v5 4.11088e-16 8.62286e-16 5.30585e-16
//ibc8x10x4x11v5 3.77485e-16 9.34143e-16 5.32203e-16
//ofc8x10x4x11v5 3.37323e-16 9.34143e-16 5.3515e-16
//ifc8x10x4x11v5 4.21199e-16 9.34143e-16 5.10129e-16
obc8x10x4x11v5 4.33203e-16 9.34143e-16 5.25222e-16
ibc8x10x4x11v5 3.74628e-16 9.34143e-16 4.90387e-16
ofc8x10x4x11v5 4.01803e-16 9.34143e-16 5.05714e-16
ifc8x10x4x11v5 4.19496e-16 9.34143e-16 5.05503e-16
okd13hx12e10 3.66612e-16 2.9976e-15 3.45875e-16
ikd13hx12e10 3.97061e-16 2.88658e-15 3.65222e-16
//obr3x13x28 3.72949e-16 8.6008e-16 5.93068e-16
//ofr3x13x28 4.03897e-16 1.29012e-15 9.15027e-16
obr3x13x28 4.61578e-16 1.0751e-15 6.45425e-16
ibr3x13x28 3.76737e-16 1.0751e-15 5.80896e-16
ofr3x13x28 4.01436e-16 1.29012e-15 8.09343e-16
ifr3x13x28 3.74858e-16 1.29012e-15 9.02281e-16
//obc3x13x28 4.13225e-16 1.29012e-15 8.23178e-16
//ibc3x13x28 4.51771e-16 1.0751e-15 7.90438e-16
//ofc3x13x28 5.07695e-16 1.0751e-15 7.61654e-16
//ifc3x13x28 5.18448e-16 1.0751e-15 8.78134e-16
obc3x13x28 4.07846e-16 1.29012e-15 9.3629e-16
ibc3x13x28 4.48405e-16 8.6008e-16 7.88198e-16
ofc3x13x28 4.29352e-16 8.6008e-16 7.99122e-16
ifc3x13x28 4.52418e-16 1.0751e-15 8.55735e-16
ok1920e10 3.96874e-16 1.29896e-14 4.53779e-16
ik1920e10 4.14968e-16 1.28786e-14 3.6463e-16
obr8x9x6x5v3 3.67798e-16 1.42692e-15 5.93889e-16
ibr8x9x6x5v3 4.05873e-16 1.42692e-15 5.78327e-16
ofr8x9x6x5v3 4.20598e-16 1.01923e-15 8.60042e-16
ifr8x9x6x5v3 4.30044e-16 1.01923e-15 8.26861e-16
//obc8x9x6x5v3 3.81941e-16 1.01923e-15 8.19918e-16
//ibc8x9x6x5v3 4.35362e-16 1.01923e-15 8.56611e-16
//ofc8x9x6x5v3 5.27981e-16 1.01923e-15 8.96672e-16
//ifc8x9x6x5v3 4.06006e-16 1.01923e-15 9.6624e-16
obc8x9x6x5v3 4.04134e-16 1.01923e-15 8.63991e-16
ibc8x9x6x5v3 4.27013e-16 1.01923e-15 8.11149e-16
ofc8x9x6x5v3 4.12455e-16 1.01923e-15 8.89068e-16
ifc8x9x6x5v3 4.17118e-16 1.01923e-15 9.37432e-16
okd13o11x7o10x5e01v3 5.24632e-16 8.30482e-15 4.10145e-16
ikd13o11x7o10x5e01v3 4.43405e-16 6.67351e-15 4.61644e-16
Executing "/usr/lib/fftw/ptest/fftw/bench --verbose=1   --verify '//obcd18x8x12' --verify '//ibcd18x8x12' --verify '//ofcd18x8x12' --verify '//ifcd18x8x12' --verify 'obcd18x8x12' --verify 'ibcd18x8x12' --verify 'ofcd18x8x12' --verify 'ifcd18x8x12' --verify 'okd39e00*43' --verify 'ikd39e00*43' --verify '//obrd3168' --verify '//ibrd3168' --verify '//ofrd3168' --verify '//ifrd3168' --verify 'obrd3168' --verify 'ibrd3168' --verify 'ofrd3168' --verify 'ifrd3168' --verify '//obcd3168' --verify '//ibcd3168' --verify '//ofcd3168' --verify '//ifcd3168' --verify 'obcd3168' --verify 'ibcd3168' --verify 'ofcd3168' --verify 'ifcd3168' --verify 'okd10e00x3e01' --verify 'ikd10e00x3e01' --verify '//obrd13x24' --verify '//ofrd13x24' --verify 'obrd13x24' --verify 'ibrd13x24' --verify 'ofrd13x24' --verify 'ifrd13x24' --verify '//obcd13x24' --verify '//ibcd13x24' --verify '//ofcd13x24' --verify '//ifcd13x24' --verify 'obcd13x24' --verify 'ibcd13x24' --verify 'ofcd13x24' --verify 'ifcd13x24' --verify 'ok80o10*86' --verify 'ik80o10*86'"
//obcd18x8x12 3.60796e-16 8.5465e-16 9.42239e-16
//ibcd18x8x12 4.18389e-16 6.8372e-16 8.77433e-16
//ofcd18x8x12 3.66625e-16 6.8372e-16 8.77966e-16
//ifcd18x8x12 4.13458e-16 6.8372e-16 9.13784e-16
obcd18x8x12 3.9083e-16 6.8372e-16 7.48026e-16
ibcd18x8x12 4.08186e-16 6.8372e-16 8.82524e-16
ofcd18x8x12 4.62233e-16 6.8372e-16 8.72656e-16
ifcd18x8x12 3.73046e-16 8.5465e-16 9.03165e-16
okd39e00*43 4.09178e-16 2.6697e-15 3.46545e-16
ikd39e00*43 3.12062e-16 2.04488e-15 3.14332e-16
//obrd3168 4.40349e-16 2.39856e-15 3.74192e-16
//ibrd3168 5.65876e-16 2.39856e-15 4.39683e-16
//ofrd3168 3.85771e-16 1.64112e-15 5.08339e-16
//ifrd3168 4.21565e-16 1.64112e-15 4.77244e-16
obrd3168 3.82706e-16 2.14608e-15 4.17948e-16
ibrd3168 4.46655e-16 2.14608e-15 5.00183e-16
ofrd3168 4.07631e-16 1.51488e-15 5.05122e-16
ifrd3168 4.49634e-16 1.64112e-15 5.32857e-16
//obcd3168 3.63648e-16 1.64112e-15 5.57548e-16
//ibcd3168 4.56731e-16 1.64112e-15 5.59909e-16
//ofcd3168 3.88523e-16 1.64112e-15 5.66299e-16
//ifcd3168 4.3878e-16 1.64112e-15 4.69879e-16
obcd3168 4.3569e-16 1.64112e-15 5.5769e-16
ibcd3168 4.12549e-16 1.8936e-15 5.96789e-16
ofcd3168 5.75145e-16 1.64112e-15 6.08173e-16
ifcd3168 4.16041e-16 1.64112e-15 4.9254e-16
okd10e00x3e01 3.43055e-16 1.77636e-15 4.1688e-16
ikd10e00x3e01 5.08901e-16 1.77636e-15 5.05138e-16
//obrd13x24 3.91676e-16 8.04531e-16 5.93723e-16
//ofrd13x24 3.96109e-16 4.02266e-16 8.84391e-16
obrd13x24 3.49092e-16 8.04531e-16 6.07056e-16
ibrd13x24 3.58743e-16 8.04531e-16 5.36317e-16
ofrd13x24 4.11697e-16 4.02266e-16 9.63865e-16
ifrd13x24 3.94413e-16 4.02266e-16 8.99911e-16
//obcd13x24 3.85042e-16 6.03398e-16 9.6013e-16
//ibcd13x24 3.46862e-16 6.03398e-16 8.61167e-16
//ofcd13x24 3.82448e-16 8.04531e-16 9.36689e-16
//ifcd13x24 4.09084e-16 6.03398e-16 8.83737e-16
obcd13x24 5.28558e-16 5.02832e-16 8.31755e-16
ibcd13x24 4.96537e-16 6.03398e-16 8.15589e-16
ofcd13x24 3.86989e-16 6.03398e-16 8.35874e-16
ifcd13x24 4.58646e-16 6.03398e-16 8.63569e-16
ok80o10*86 4.91983e-16 1.57239e-15 4.15272e-16
ik80o10*86 4.12357e-16 1.81105e-15 4.32199e-16
Executing "/usr/lib/fftw/ptest/fftw/bench --verbose=1   --verify '//obc56x45' --verify '//ibc56x45' --verify '//ofc56x45' --verify '//ifc56x45' --verify 'obc56x45' --verify 'ibc56x45' --verify 'ofc56x45' --verify 'ifc56x45' --verify 'ok36hv3' --verify 'ik36hv3' --verify 'obr36*219' --verify 'ibr36*219' --verify 'ofr36*219' --verify 'ifr36*219' --verify '//obc36*219' --verify '//ibc36*219' --verify '//ofc36*219' --verify '//ifc36*219' --verify 'obc36*219' --verify 'ibc36*219' --verify 'ofc36*219' --verify 'ifc36*219' --verify 'okd6hx13e10x5e00' --verify 'ikd6hx13e10x5e00' --verify 'obr4x2*1' --verify 'ibr4x2*1' --verify 'ofr4x2*1' --verify 'ifr4x2*1' --verify '//obc4x2*1' --verify '//ibc4x2*1' --verify '//ofc4x2*1' --verify '//ifc4x2*1' --verify 'obc4x2*1' --verify 'ibc4x2*1' --verify 'ofc4x2*1' --verify 'ifc4x2*1' --verify 'ok3e01x2o10*2' --verify 'ik3e01x2o10*2' --verify '//obrd18x8x12' --verify '//ofrd18x8x12' --verify 'obrd18x8x12' --verify 'ibrd18x8x12' --verify 'ofrd18x8x12' --verify 'ifrd18x8x12'"
//obc56x45 3.95461e-16 1.69852e-15 6.26721e-16
//ibc56x45 3.70139e-16 1.55698e-15 6.23848e-16
//ofc56x45 4.42161e-16 1.69852e-15 5.68852e-16
//ifc56x45 4.29705e-16 1.41544e-15 5.79713e-16
obc56x45 4.06281e-16 1.55698e-15 6.11513e-16
ibc56x45 4.51144e-16 1.41544e-15 6.30366e-16
ofc56x45 4.23206e-16 1.41544e-15 5.65524e-16
ifc56x45 4.08506e-16 1.41544e-15 6.33015e-16
ok36hv3 3.88654e-16 1.18424e-15 3.00159e-16
ik36hv3 2.89434e-16 1.18424e-15 2.49374e-16
obr36*219 3.10643e-16 4.46117e-16 4.24852e-16
ibr36*219 3.5284e-16 4.46117e-16 4.47994e-16
ofr36*219 3.22473e-16 4.46117e-16 8.69007e-16
ifr36*219 2.99913e-16 4.46117e-16 7.17691e-16
//obc36*219 3.77018e-16 4.46117e-16 8.17646e-16
//ibc36*219 3.97245e-16 4.46117e-16 6.87598e-16
//ofc36*219 4.08892e-16 4.46117e-16 7.80465e-16
//ifc36*219 3.55056e-16 4.46117e-16 6.80939e-16
obc36*219 3.77257e-16 4.46117e-16 8.82382e-16
ibc36*219 3.39233e-16 4.46117e-16 7.01317e-16
ofc36*219 3.61206e-16 4.46117e-16 8.70081e-16
ifc36*219 3.93336e-16 4.46117e-16 7.79952e-16
okd6hx13e10x5e00 3.53573e-16 7.38298e-15 3.90311e-16
ikd6hx13e10x5e00 3.72494e-16 5.77316e-15 3.26179e-16
obr4x2*1 2.18873e-16 1.57009e-16 3.8719e-17
ibr4x2*1 2.25767e-16 1.57009e-16 4.22109e-17
ofr4x2*1 2.32188e-16 1.57009e-16 2.16155e-16
ifr4x2*1 1.63814e-16 1.57009e-16 1.90126e-16
//obc4x2*1 2.89981e-16 1.57009e-16 2.01918e-16
//ibc4x2*1 1.94695e-16 1.57009e-16 2.14361e-16
//ofc4x2*1 2.55258e-16 1.57009e-16 2.18535e-16
//ifc4x2*1 2.20935e-16 1.57009e-16 1.81663e-16
obc4x2*1 2.40122e-16 1.57009e-16 1.97566e-16
ibc4x2*1 2.16916e-16 1.57009e-16 3.11458e-16
ofc4x2*1 2.62674e-16 1.57009e-16 2.06431e-16
ifc4x2*1 2.62665e-16 1.57009e-16 2.24979e-16
ok3e01x2o10*2 3.78107e-16 4.57967e-16 3.99117e-16
ik3e01x2o10*2 2.90101e-16 4.996e-16 3.80657e-16
//obrd18x8x12 4.1904e-16 1.02558e-15 5.13361e-16
//ofrd18x8x12 4.05192e-16 6.8372e-16 7.87239e-16
obrd18x8x12 3.83986e-16 6.8372e-16 4.42104e-16
ibrd18x8x12 3.36946e-16 6.8372e-16 4.9217e-16
ofrd18x8x12 3.61595e-16 6.8372e-16 8.52748e-16
ifrd18x8x12 3.93155e-16 5.1279e-16 9.61948e-16
Executing "/usr/lib/fftw/ptest/fftw/bench --verbose=1   --verify '//obc3x12*11' --verify '//ibc3x12*11' --verify '//ofc3x12*11' --verify '//ifc3x12*11' --verify 'obc3x12*11' --verify 'ibc3x12*11' --verify 'ofc3x12*11' --verify 'ifc3x12*11' --verify 'okd70o10*110' --verify 'ikd70o10*110' --verify 'obr24v38' --verify 'ibr24v38' --verify 'ofr24v38' --verify 'ifr24v38' --verify '//obc24v38' --verify '//ibc24v38' --verify '//ofc24v38' --verify '//ifc24v38' --verify 'obc24v38' --verify 'ibc24v38' --verify 'ofc24v38' --verify 'ifc24v38' --verify 'okd7o11x6e01x22e01' --verify 'ikd7o11x6e01x22e01' --verify 'obr2x6x9x9*8' --verify 'ibr2x6x9x9*8' --verify 'ofr2x6x9x9*8' --verify 'ifr2x6x9x9*8' --verify '//obc2x6x9x9*8' --verify '//ibc2x6x9x9*8' --verify '//ofc2x6x9x9*8' --verify '//ifc2x6x9x9*8' --verify 'obc2x6x9x9*8' --verify 'ibc2x6x9x9*8' --verify 'ofc2x6x9x9*8' --verify 'ifc2x6x9x9*8' --verify 'okd3hx3e11x12e11' --verify 'ikd3hx3e11x12e11' --verify '//obr56x45' --verify '//ofr56x45' --verify 'obr56x45' --verify 'ibr56x45' --verify 'ofr56x45' --verify 'ifr56x45'"
//obc3x12*11 2.88953e-16 3.22974e-16 7.85873e-16
//ibc3x12*11 3.22276e-16 3.22974e-16 7.42235e-16
//ofc3x12*11 4.90874e-16 3.22974e-16 7.62512e-16
//ifc3x12*11 3.82735e-16 3.22974e-16 9.19149e-16
obc3x12*11 3.74456e-16 3.22974e-16 7.95976e-16
ibc3x12*11 2.96377e-16 3.22974e-16 8.33221e-16
ofc3x12*11 4.31549e-16 3.22974e-16 8.67685e-16
ifc3x12*11 2.96983e-16 3.22974e-16 7.63397e-16
okd70o10*110 4.6132e-16 1.90454e-15 3.76231e-16
ikd70o10*110 3.88028e-16 2.01657e-15 4.27979e-16
obr24v38 2.98381e-16 3.72139e-16 3.07623e-16
ibr24v38 2.78034e-16 3.72139e-16 2.9925e-16
ofr24v38 2.55945e-16 3.72139e-16 8.559e-16
ifr24v38 2.4531e-16 3.72139e-16 8.54821e-16
//obc24v38 3.30934e-16 3.72139e-16 8.72885e-16
//ibc24v38 3.1252e-16 3.72139e-16 8.29123e-16
//ofc24v38 3.36258e-16 3.72139e-16 8.39024e-16
//ifc24v38 3.06704e-16 3.72139e-16 7.92692e-16
obc24v38 3.49841e-16 3.72139e-16 8.11112e-16
ibc24v38 3.39384e-16 3.72139e-16 9.12711e-16
ofc24v38 4.12347e-16 3.72139e-16 7.63055e-16
ifc24v38 3.17356e-16 3.72139e-16 9.10766e-16
okd7o11x6e01x22e01 5.22901e-16 2.10043e-14 4.56599e-16
ikd7o11x6e01x22e01 4.52726e-16 2.81547e-14 4.81496e-16
obr2x6x9x9*8 3.77905e-16 7.69185e-16 5.90726e-16
ibr2x6x9x9*8 4.52005e-16 7.69185e-16 5.44587e-16
ofr2x6x9x9*8 3.96156e-16 7.69185e-16 9.02936e-16
ifr2x6x9x9*8 3.90879e-16 7.69185e-16 8.36763e-16
//obc2x6x9x9*8 4.59566e-16 7.69185e-16 7.93671e-16
//ibc2x6x9x9*8 3.87576e-16 7.69185e-16 8.71694e-16
//ofc2x6x9x9*8 5.16402e-16 7.69185e-16 8.52755e-16
//ifc2x6x9x9*8 3.94642e-16 7.69185e-16 7.60579e-16
obc2x6x9x9*8 3.68306e-16 7.69185e-16 7.83854e-16
ibc2x6x9x9*8 3.88077e-16 7.69185e-16 8.2277e-16
ofc2x6x9x9*8 4.1196e-16 7.69185e-16 7.82472e-16
ifc2x6x9x9*8 3.74683e-16 7.69185e-16 8.59298e-16
okd3hx3e11x12e11 3.30494e-16 1.72778e-15 4.45914e-16
ikd3hx3e11x12e11 4.05292e-16 1.52621e-15 4.38877e-16
//obr56x45 5.20109e-16 1.98161e-15 4.04947e-16
//ofr56x45 4.34056e-16 1.41544e-15 5.73341e-16
obr56x45 6.33403e-16 1.98161e-15 4.69015e-16
ibr56x45 4.37161e-16 1.98161e-15 4.47231e-16
ofr56x45 3.62651e-16 1.41544e-15 5.81306e-16
ifr56x45 3.91923e-16 1.41544e-15 6.51283e-16
Executing "/usr/lib/fftw/ptest/fftw/bench --verbose=1   --verify 'ok7e10x4o01x12o10x5e10' --verify 'ik7e10x4o01x12o10x5e10' --verify 'obr3x12*11' --verify 'ibr3x12*11' --verify 'ofr3x12*11' --verify 'ifr3x12*11'"
ok7e10x4o01x12o10x5e10 4.22362e-16 7.09001e-15 4.42225e-16
ik7e10x4o01x12o10x5e10 3.8013e-16 1.08153e-14 4.64856e-16
obr3x12*11 3.16887e-16 3.22974e-16 4.30107e-16
ibr3x12*11 3.17854e-16 3.22974e-16 4.739e-16
ofr3x12*11 3.10344e-16 3.22974e-16 7.58688e-16
ifr3x12*11 3.16709e-16 3.22974e-16 7.48316e-16
Executing "/usr/lib/fftw/ptest/fftwf/benchf --verbose=1   --verify 'ofc10x9x5x7' --verify 'ifc10x9x5x7' --verify 'ok16bx9o00x2o01x6o01*2' --verify 'ik16bx9o00x2o01x6o01*2' --verify 'obrd56v73' --verify 'ibrd56v73' --verify 'ofrd56v73' --verify 'ifrd56v73' --verify '//obcd56v73' --verify '//ibcd56v73' --verify '//ofcd56v73' --verify '//ifcd56v73' --verify 'obcd56v73' --verify 'ibcd56v73' --verify 'ofcd56v73' --verify 'ifcd56v73' --verify 'ok6e11x9e10x8o11x11e10v4' --verify 'ik6e11x9e10x8o11x11e10v4' --verify 'obr4x10v2' --verify 'ibr4x10v2' --verify 'ofr4x10v2' --verify 'ifr4x10v2' --verify '//obc4x10v2' --verify '//ibc4x10v2' --verify '//ofc4x10v2' --verify '//ifc4x10v2' --verify 'obc4x10v2' --verify 'ibc4x10v2' --verify 'ofc4x10v2' --verify 'ifc4x10v2' --verify 'ok5hx33hv13' --verify 'ik5hx33hv13' --verify 'obr3x13x12v16' --verify 'ibr3x13x12v16' --verify 'ofr3x13x12v16' --verify 'ifr3x13x12v16' --verify '//obc3x13x12v16' --verify '//ibc3x13x12v16' --verify '//ofc3x13x12v16' --verify '//ifc3x13x12v16' --verify 'obc3x13x12v16' --verify 'ibc3x13x12v16' --verify 'ofc3x13x12v16' --verify 'ifc3x13x12v16'"
ofc10x9x5x7 2.45411e-07 5.43744e-07 2.67564e-07
ifc10x9x5x7 2.20819e-07 7.47649e-07 2.62388e-07
ok16bx9o00x2o01x6o01*2 2.00833e-07 4.90878e-06 2.30372e-07
ik16bx9o00x2o01x6o01*2 2.08303e-07 4.90878e-06 2.37627e-07
obrd56v73 1.9571e-07 2.58372e-07 2.53236e-07
ibrd56v73 1.88452e-07 3.22965e-07 1.8698e-07
ofrd56v73 2.48178e-07 2.58372e-07 1.60815e-07
ifrd56v73 1.5851e-07 1.93779e-07 1.70919e-07
//obcd56v73 1.93358e-07 2.58372e-07 2.21328e-07
//ibcd56v73 1.91531e-07 3.22965e-07 1.86697e-07
//ofcd56v73 1.79413e-07 2.58372e-07 1.86247e-07
//ifcd56v73 1.98191e-07 2.58372e-07 2.1491e-07
obcd56v73 2.05948e-07 2.58372e-07 1.71163e-07
ibcd56v73 2.15209e-07 2.58372e-07 2.13081e-07
ofcd56v73 2.14012e-07 2.58372e-07 1.68245e-07
ifcd56v73 2.36218e-07 2.58372e-07 1.80086e-07
ok6e11x9e10x8o11x11e10v4 2.88523e-07 5.7649e-06 2.63144e-07
ik6e11x9e10x8o11x11e10v4 2.27375e-07 5.28586e-06 2.83913e-07
obr4x10v2 1.6412e-07 3.39276e-07 1.66781e-07
ibr4x10v2 1.76437e-07 2.26184e-07 1.55857e-07
ofr4x10v2 1.81013e-07 2.26184e-07 1.38564e-07
ifr4x10v2 1.75699e-07 2.26184e-07 1.77823e-07
//obc4x10v2 1.7404e-07 2.26184e-07 1.97174e-07
//ibc4x10v2 2.52508e-07 2.26184e-07 2.01921e-07
//ofc4x10v2 1.82596e-07 2.26184e-07 1.45027e-07
//ifc4x10v2 1.69688e-07 3.39276e-07 1.60722e-07
obc4x10v2 1.5922e-07 2.26184e-07 2.15746e-07
ibc4x10v2 1.75223e-07 2.26184e-07 1.71298e-07
ofc4x10v2 1.72403e-07 3.39276e-07 1.82425e-07
ifc4x10v2 1.4861e-07 2.26184e-07 1.87374e-07
ok5hx33hv13 2.0043e-07 1.47636e-06 2.16575e-07
ik5hx33hv13 2.05111e-07 1.76521e-06 2.33469e-07
obr3x13x12v16 1.88415e-07 3.74711e-07 2.15492e-07
ibr3x13x12v16 2.34308e-07 3.74711e-07 2.12429e-07
ofr3x13x12v16 2.49986e-07 2.81033e-07 2.29689e-07
ifr3x13x12v16 2.08805e-07 2.81033e-07 2.00809e-07
//obc3x13x12v16 2.12128e-07 3.74711e-07 2.07865e-07
//ibc3x13x12v16 2.06253e-07 3.74711e-07 2.4488e-07
//ofc3x13x12v16 2.3269e-07 2.81033e-07 2.43391e-07
//ifc3x13x12v16 2.05018e-07 3.74711e-07 2.31163e-07
obc3x13x12v16 2.3537e-07 3.74711e-07 2.46378e-07
ibc3x13x12v16 2.23911e-07 3.74711e-07 2.27505e-07
ofc3x13x12v16 2.34666e-07 3.74711e-07 2.35437e-07
ifc3x13x12v16 2.25768e-07 3.74711e-07 2.59689e-07
Executing "/usr/lib/fftw/ptest/fftwf/benchf --verbose=1   --verify 'ok14e11x9o01v21' --verify 'ik14e11x9o01v21' --verify 'obr3x10x12v13' --verify 'ibr3x10x12v13' --verify 'ofr3x10x12v13' --verify 'ifr3x10x12v13' --verify '//obc3x10x12v13' --verify '//ibc3x10x12v13' --verify '//ofc3x10x12v13' --verify '//ifc3x10x12v13' --verify 'obc3x10x12v13' --verify 'ibc3x10x12v13' --verify 'ofc3x10x12v13' --verify 'ifc3x10x12v13' --verify 'okd12e11x54e11' --verify 'ikd12e11x54e11' --verify '//obr6x9x8x3' --verify '//ofr6x9x8x3' --verify 'obr6x9x8x3' --verify 'ibr6x9x8x3' --verify 'ofr6x9x8x3' --verify 'ifr6x9x8x3' --verify '//obc6x9x8x3' --verify '//ibc6x9x8x3' --verify '//ofc6x9x8x3' --verify '//ifc6x9x8x3' --verify 'obc6x9x8x3' --verify 'ibc6x9x8x3' --verify 'ofc6x9x8x3' --verify 'ifc6x9x8x3' --verify 'ok9bx2e10x9hv5' --verify 'ik9bx2e10x9hv5' --verify '//obr10x9x5x7' --verify '//ofr10x9x5x7' --verify 'obr10x9x5x7' --verify 'ibr10x9x5x7' --verify 'ofr10x9x5x7' --verify 'ifr10x9x5x7' --verify '//obc10x9x5x7' --verify '//ibc10x9x5x7' --verify '//ofc10x9x5x7' --verify '//ifc10x9x5x7' --verify 'obc10x9x5x7' --verify 'ibc10x9x5x7'"
ok14e11x9o01v21 2.35222e-07 8.75579e-07 3.03432e-07
ik14e11x9o01v21 2.15444e-07 9.0685e-07 2.64037e-07
obr3x10x12v13 2.15668e-07 4.33035e-07 2.05259e-07
ibr3x10x12v13 2.06432e-07 3.24777e-07 1.84416e-07
ofr3x10x12v13 2.27644e-07 3.24777e-07 1.73107e-07
ifr3x10x12v13 1.89417e-07 3.24777e-07 1.83681e-07
//obc3x10x12v13 1.71178e-07 4.33035e-07 1.89471e-07
//ibc3x10x12v13 1.97044e-07 3.24777e-07 1.98011e-07
//ofc3x10x12v13 2.03043e-07 3.24777e-07 2.19523e-07
//ifc3x10x12v13 2.42103e-07 4.33035e-07 2.64248e-07
obc3x10x12v13 1.83117e-07 4.33035e-07 1.95899e-07
ibc3x10x12v13 2.03198e-07 3.24777e-07 2.02321e-07
ofc3x10x12v13 1.97351e-07 3.24777e-07 2.52515e-07
ifc3x10x12v13 1.62887e-07 3.24777e-07 1.96183e-07
okd12e11x54e11 2.86945e-07 2.9272e-06 3.52865e-07
ikd12e11x54e11 2.26109e-07 4.06224e-06 3.13536e-07
//obr6x9x8x3 2.11321e-07 5.29819e-07 1.84245e-07
//ofr6x9x8x3 2.1995e-07 5.29819e-07 1.75999e-07
obr6x9x8x3 1.94064e-07 5.29819e-07 2.36972e-07
ibr6x9x8x3 2.23612e-07 5.29819e-07 1.95639e-07
ofr6x9x8x3 2.19077e-07 4.23855e-07 1.82964e-07
ifr6x9x8x3 2.23981e-07 4.23855e-07 1.75509e-07
//obc6x9x8x3 2.11792e-07 4.23855e-07 2.16871e-07
//ibc6x9x8x3 2.10772e-07 4.23855e-07 2.19515e-07
//ofc6x9x8x3 2.39397e-07 4.23855e-07 2.08866e-07
//ifc6x9x8x3 2.2216e-07 4.23855e-07 2.26381e-07
obc6x9x8x3 1.97902e-07 5.29819e-07 2.29583e-07
ibc6x9x8x3 2.10565e-07 4.23855e-07 2.22449e-07
ofc6x9x8x3 1.98379e-07 4.23855e-07 2.17472e-07
ifc6x9x8x3 2.15206e-07 4.23855e-07 2.17057e-07
ok9bx2e10x9hv5 1.86881e-07 1.5378e-06 2.00378e-07
ik9bx2e10x9hv5 1.78458e-07 2.13683e-06 2.01085e-07
//obr10x9x5x7 2.56351e-07 6.11712e-07 2.35286e-07
//ofr10x9x5x7 2.36909e-07 6.11712e-07 1.94431e-07
obr10x9x5x7 2.44383e-07 8.15617e-07 2.29402e-07
ibr10x9x5x7 2.09982e-07 7.47649e-07 1.92603e-07
ofr10x9x5x7 2.01712e-07 6.11712e-07 2.56382e-07
ifr10x9x5x7 2.07984e-07 5.43744e-07 2.29513e-07
//obc10x9x5x7 2.375e-07 5.43744e-07 2.1411e-07
//ibc10x9x5x7 2.50185e-07 6.11712e-07 2.65214e-07
//ofc10x9x5x7 2.18079e-07 6.11712e-07 2.51255e-07
//ifc10x9x5x7 2.17182e-07 6.11712e-07 2.53812e-07
obc10x9x5x7 2.23438e-07 6.79681e-07 2.43702e-07
ibc10x9x5x7 2.02928e-07 6.11712e-07 2.60572e-07
Executing "/usr/lib/fftw/ptest/fftwf/benchf --verbose=1   --verify 'obr5x16*1' --verify 'ibr5x16*1' --verify 'ofr5x16*1' --verify 'ifr5x16*1' --verify '//obc5x16*1' --verify '//ibc5x16*1' --verify '//ofc5x16*1' --verify '//ifc5x16*1' --verify 'obc5x16*1' --verify 'ibc5x16*1' --verify 'ofc5x16*1' --verify 'ifc5x16*1' --verify 'ok6e01x8b' --verify 'ik6e01x8b' --verify '//obr9x2x18' --verify '//ofr9x2x18' --verify 'obr9x2x18' --verify 'ibr9x2x18' --verify 'ofr9x2x18' --verify 'ifr9x2x18' --verify '//obc9x2x18' --verify '//ibc9x2x18' --verify '//ofc9x2x18' --verify '//ifc9x2x18' --verify 'obc9x2x18' --verify 'ibc9x2x18' --verify 'ofc9x2x18' --verify 'ifc9x2x18' --verify 'ok390o11' --verify 'ik390o11' --verify '//obr2x11x12x8' --verify '//ofr2x11x12x8' --verify 'obr2x11x12x8' --verify 'ibr2x11x12x8' --verify 'ofr2x11x12x8' --verify 'ifr2x11x12x8' --verify '//obc2x11x12x8' --verify '//ibc2x11x12x8' --verify '//ofc2x11x12x8' --verify '//ifc2x11x12x8' --verify 'obc2x11x12x8' --verify 'ibc2x11x12x8' --verify 'ofc2x11x12x8' --verify 'ifc2x11x12x8'"
obr5x16*1 1.36512e-07 3.19872e-07 1.88503e-07
ibr5x16*1 1.53887e-07 3.19872e-07 1.75054e-07
ofr5x16*1 1.68338e-07 2.13248e-07 1.73588e-07
ifr5x16*1 2.07696e-07 3.19872e-07 1.47188e-07
//obc5x16*1 2.15718e-07 3.19872e-07 1.91802e-07
//ibc5x16*1 2.00372e-07 3.19872e-07 2.1346e-07
//ofc5x16*1 1.97021e-07 3.19872e-07 1.97734e-07
//ifc5x16*1 2.04916e-07 4.26496e-07 2.06954e-07
obc5x16*1 2.15605e-07 2.13248e-07 1.58067e-07
ibc5x16*1 2.0075e-07 3.19872e-07 2.59476e-07
ofc5x16*1 1.87626e-07 3.19872e-07 1.83235e-07
ifc5x16*1 2.23327e-07 3.19872e-07 1.69872e-07
ok6e01x8b 2.00598e-07 1.90735e-06 1.95049e-07
ik6e01x8b 1.57623e-07 1.90735e-06 1.7615e-07
//obr9x2x18 2.78394e-07 4.23855e-07 1.96636e-07
//ofr9x2x18 2.11068e-07 3.17891e-07 1.9427e-07
obr9x2x18 2.06377e-07 4.23855e-07 1.89146e-07
ibr9x2x18 2.08212e-07 4.23855e-07 2.57547e-07
ofr9x2x18 2.33481e-07 3.17891e-07 1.72793e-07
ifr9x2x18 2.12026e-07 3.17891e-07 2.17372e-07
//obc9x2x18 2.12428e-07 4.23855e-07 1.87629e-07
//ibc9x2x18 2.0285e-07 3.17891e-07 2.2923e-07
//ofc9x2x18 1.81344e-07 4.23855e-07 2.36647e-07
//ifc9x2x18 1.68223e-07 4.23855e-07 2.06747e-07
obc9x2x18 1.98049e-07 4.23855e-07 2.16027e-07
ibc9x2x18 2.18001e-07 3.17891e-07 2.26395e-07
ofc9x2x18 2.18136e-07 4.23855e-07 2.09119e-07
ifc9x2x18 1.91421e-07 4.23855e-07 2.07117e-07
ok390o11 2.75939e-07 3.03984e-06 1.95945e-07
ik390o11 2.25742e-07 2.08617e-06 2.45428e-07
//obr2x11x12x8 1.84612e-07 4.15034e-07 2.30941e-07
//ofr2x11x12x8 2.07657e-07 4.15034e-07 1.76154e-07
obr2x11x12x8 2.31665e-07 4.15034e-07 1.75541e-07
ibr2x11x12x8 1.84197e-07 4.15034e-07 2.16641e-07
ofr2x11x12x8 1.95467e-07 4.15034e-07 1.78466e-07
ifr2x11x12x8 2.45337e-07 4.15034e-07 2.39656e-07
//obc2x11x12x8 2.21403e-07 4.15034e-07 2.15331e-07
//ibc2x11x12x8 2.10547e-07 4.15033e-07 2.09152e-07
//ofc2x11x12x8 1.9156e-07 4.15034e-07 1.70827e-07
//ifc2x11x12x8 2.06484e-07 5.81047e-07 1.89566e-07
obc2x11x12x8 2.03693e-07 4.15034e-07 2.24243e-07
ibc2x11x12x8 2.22947e-07 4.15034e-07 2.39675e-07
ofc2x11x12x8 2.17672e-07 4.9804e-07 1.88299e-07
ifc2x11x12x8 1.80309e-07 4.56537e-07 2.17545e-07
Executing "/usr/lib/fftw/ptest/fftwf/benchf --verbose=1   --verify 'ofr4x13x2x9*6' --verify 'ifr4x13x2x9*6' --verify '//obc4x13x2x9*6' --verify '//ibc4x13x2x9*6' --verify '//ofc4x13x2x9*6' --verify '//ifc4x13x2x9*6' --verify 'obc4x13x2x9*6' --verify 'ibc4x13x2x9*6' --verify 'ofc4x13x2x9*6' --verify 'ifc4x13x2x9*6' --verify 'ok8o10x13e00x20e01*10' --verify 'ik8o10x13e00x20e01*10' --verify '//obr78' --verify '//ibr78' --verify '//ofr78' --verify '//ifr78' --verify 'obr78' --verify 'ibr78' --verify 'ofr78' --verify 'ifr78' --verify '//obc78' --verify '//ibc78' --verify '//ofc78' --verify '//ifc78' --verify 'obc78' --verify 'ibc78' --verify 'ofc78' --verify 'ifc78' --verify 'ok48e01*180' --verify 'ik48e01*180' --verify 'obrd9x20*26' --verify 'ibrd9x20*26' --verify 'ofrd9x20*26' --verify 'ifrd9x20*26' --verify '//obcd9x20*26' --verify '//ibcd9x20*26' --verify '//ofcd9x20*26' --verify '//ifcd9x20*26' --verify 'obcd9x20*26' --verify 'ibcd9x20*26' --verify 'ofcd9x20*26' --verify 'ifcd9x20*26' --verify 'ok13e11x10e01v31' --verify 'ik13e11x10e01v31'"
ofr4x13x2x9*6 1.90516e-07 2.90937e-07 1.88146e-07
ifr4x13x2x9*6 1.72752e-07 2.90937e-07 1.88375e-07
//obc4x13x2x9*6 2.06447e-07 3.63671e-07 2.04828e-07
//ibc4x13x2x9*6 2.46542e-07 2.90937e-07 2.39158e-07
//ofc4x13x2x9*6 2.3966e-07 2.90937e-07 2.33227e-07
//ifc4x13x2x9*6 2.29995e-07 2.90937e-07 3.16804e-07
obc4x13x2x9*6 2.4814e-07 2.90937e-07 2.31939e-07
ibc4x13x2x9*6 2.17511e-07 2.90937e-07 2.29411e-07
ofc4x13x2x9*6 2.21692e-07 2.90937e-07 2.45669e-07
ifc4x13x2x9*6 2.19545e-07 2.90937e-07 2.31977e-07
ok8o10x13e00x20e01*10 2.26323e-07 1.37359e-05 2.52537e-07
ik8o10x13e00x20e01*10 1.99153e-07 1.36375e-05 2.19815e-07
//obr78 2.19051e-07 4.31929e-07 1.8409e-07
//ibr78 1.73203e-07 4.31929e-07 1.77104e-07
//ofr78 2.004e-07 2.15965e-07 1.67008e-07
//ifr78 1.71236e-07 2.15965e-07 1.67704e-07
obr78 2.13871e-07 4.31929e-07 2.22589e-07
ibr78 2.43153e-07 3.23947e-07 2.41267e-07
ofr78 3.33316e-07 2.15965e-07 1.503e-07
ifr78 1.82518e-07 2.15965e-07 2.22169e-07
//obc78 1.86454e-07 3.23947e-07 2.21712e-07
//ibc78 2.17756e-07 3.23947e-07 2.03255e-07
//ofc78 2.39069e-07 3.23947e-07 2.22192e-07
//ifc78 2.46774e-07 3.23947e-07 2.36117e-07
obc78 1.84887e-07 4.31929e-07 2.60464e-07
ibc78 2.06213e-07 3.23947e-07 1.9432e-07
ofc78 2.39553e-07 2.15965e-07 2.0633e-07
ifc78 2.00656e-07 3.23947e-07 2.34244e-07
ok48e01*180 2.48309e-07 1.46843e-06 1.60747e-07
ik48e01*180 1.83725e-07 1.37852e-06 1.67861e-07
obrd9x20*26 2.23273e-07 2.95267e-07 2.03463e-07
ibrd9x20*26 2.2929e-07 2.95267e-07 2.05392e-07
ofrd9x20*26 2.4382e-07 2.2145e-07 2.02721e-07
ifrd9x20*26 1.80877e-07 2.2145e-07 1.55637e-07
//obcd9x20*26 2.14041e-07 2.95267e-07 2.06147e-07
//ibcd9x20*26 1.77373e-07 2.95267e-07 2.37948e-07
//ofcd9x20*26 2.16331e-07 2.95267e-07 2.02277e-07
//ifcd9x20*26 2.48609e-07 2.95267e-07 2.04342e-07
obcd9x20*26 1.90208e-07 2.95267e-07 2.03193e-07
ibcd9x20*26 2.12735e-07 2.95267e-07 2.10447e-07
ofcd9x20*26 2.4211e-07 2.95267e-07 2.12546e-07
ifcd9x20*26 2.23962e-07 2.95267e-07 2.07302e-07
ok13e11x10e01v31 2.37224e-07 2.20748e-06 2.8043e-07
ik13e11x10e01v31 2.21809e-07 2.28067e-06 2.61626e-07
Executing "/usr/lib/fftw/ptest/fftwf/benchf --verbose=1   --verify '//obc9x8x9x10' --verify '//ibc9x8x9x10' --verify '//ofc9x8x9x10' --verify '//ifc9x8x9x10' --verify 'obc9x8x9x10' --verify 'ibc9x8x9x10' --verify 'ofc9x8x9x10' --verify 'ifc9x8x9x10' --verify 'ok14o01x6o10x6e10' --verify 'ik14o01x6o10x6e10' --verify '//obrd7800' --verify '//ibrd7800' --verify '//ofrd7800' --verify '//ifrd7800' --verify 'obrd7800' --verify 'ibrd7800' --verify 'ofrd7800' --verify 'ifrd7800' --verify '//obcd7800' --verify '//ibcd7800' --verify '//ofcd7800' --verify '//ifcd7800' --verify 'obcd7800' --verify 'ibcd7800' --verify 'ofcd7800' --verify 'ifcd7800' --verify 'okd104e01v112' --verify 'ikd104e01v112' --verify 'obr42v47' --verify 'ibr42v47' --verify 'ofr42v47' --verify 'ifr42v47' --verify '//obc42v47' --verify '//ibc42v47' --verify '//ofc42v47' --verify '//ifc42v47' --verify 'obc42v47' --verify 'ibc42v47' --verify 'ofc42v47' --verify 'ifc42v47' --verify 'ok52bx6o01' --verify 'ik52bx6o01' --verify 'obr4x13x2x9*6' --verify 'ibr4x13x2x9*6'"
//obc9x8x9x10 2.31074e-07 9.47769e-07 2.37111e-07
//ibc9x8x9x10 3.13443e-07 7.58215e-07 2.39942e-07
//ofc9x8x9x10 2.37641e-07 9.47769e-07 2.31531e-07
//ifc9x8x9x10 2.312e-07 8.52992e-07 2.5424e-07
obc9x8x9x10 2.39927e-07 8.52992e-07 2.44487e-07
ibc9x8x9x10 2.54676e-07 8.52992e-07 2.466e-07
ofc9x8x9x10 2.25826e-07 9.47769e-07 2.5693e-07
ifc9x8x9x10 2.48103e-07 9.47769e-07 2.47499e-07
ok14o01x6o10x6e10 2.03337e-07 2.21933e-06 2.03973e-07
ik14o01x6o10x6e10 2.1807e-07 2.15934e-06 2.59384e-07
//obrd7800 3.09583e-07 1.12302e-06 2.35649e-07
//ibrd7800 2.63809e-07 1.12302e-06 2.25628e-07
//ofrd7800 2.40911e-07 1.12302e-06 1.50304e-07
//ifrd7800 2.7466e-07 1.03663e-06 1.62417e-07
obrd7800 2.50265e-07 1.2094e-06 2.65471e-07
ibrd7800 2.51957e-07 1.12302e-06 2.41708e-07
ofrd7800 2.58325e-07 1.12302e-06 1.72782e-07
ifrd7800 2.59075e-07 1.03663e-06 1.84316e-07
//obcd7800 2.49516e-07 1.2094e-06 2.79364e-07
//ibcd7800 2.52922e-07 1.12302e-06 2.49957e-07
//ofcd7800 2.57928e-07 1.03663e-06 2.32981e-07
//ifcd7800 3.1131e-07 1.12302e-06 2.33936e-07
obcd7800 2.62775e-07 1.12302e-06 2.46272e-07
ibcd7800 2.46508e-07 1.2094e-06 3.26336e-07
ofcd7800 2.32676e-07 1.03663e-06 2.7109e-07
ifcd7800 2.48036e-07 1.12302e-06 2.38041e-07
okd104e01v112 2.12235e-07 2.3754e-06 2.05742e-07
ikd104e01v112 2.0693e-07 2.22506e-06 2.03166e-07
obr42v47 1.95863e-07 3.00572e-07 1.91571e-07
ibr42v47 2.03417e-07 2.25429e-07 2.28059e-07
ofr42v47 2.69626e-07 2.25429e-07 1.53139e-07
ifr42v47 1.71067e-07 2.25429e-07 1.69587e-07
//obc42v47 2.09149e-07 2.25429e-07 1.98978e-07
//ibc42v47 1.91445e-07 2.25429e-07 1.49859e-07
//ofc42v47 1.90059e-07 2.25429e-07 2.2848e-07
//ifc42v47 2.01833e-07 2.25429e-07 2.22907e-07
obc42v47 2.02668e-07 2.25429e-07 2.27774e-07
ibc42v47 1.72587e-07 2.25429e-07 1.69132e-07
ofc42v47 1.82414e-07 2.25429e-07 2.0622e-07
ifc42v47 1.78007e-07 2.25429e-07 1.53742e-07
ok52bx6o01 1.96544e-07 2.77683e-06 2.8113e-07
ik52bx6o01 2.41404e-07 3.14707e-06 2.63186e-07
obr4x13x2x9*6 2.23579e-07 2.90937e-07 2.18107e-07
ibr4x13x2x9*6 2.23196e-07 4.36405e-07 2.43656e-07
Executing "/usr/lib/fftw/ptest/fftwf/benchf --verbose=1   --verify 'obc5x7*24' --verify 'ibc5x7*24' --verify 'ofc5x7*24' --verify 'ifc5x7*24' --verify 'ok3o00x5e10x6e01v8' --verify 'ik3o00x5e10x6e01v8' --verify 'obrd8x6*8' --verify 'ibrd8x6*8' --verify 'ofrd8x6*8' --verify 'ifrd8x6*8' --verify '//obcd8x6*8' --verify '//ibcd8x6*8' --verify '//ofcd8x6*8' --verify '//ifcd8x6*8' --verify 'obcd8x6*8' --verify 'ibcd8x6*8' --verify 'ofcd8x6*8' --verify 'ifcd8x6*8' --verify 'ok5o00x13e00x13o00*7' --verify 'ik5o00x13e00x13o00*7' --verify '//obrd13200' --verify '//ibrd13200' --verify '//ofrd13200' --verify '//ifrd13200' --verify 'obrd13200' --verify 'ibrd13200' --verify 'ofrd13200' --verify 'ifrd13200' --verify '//obcd13200' --verify '//ibcd13200' --verify '//ofcd13200' --verify '//ifcd13200' --verify 'obcd13200' --verify 'ibcd13200' --verify 'ofcd13200' --verify 'ifcd13200' --verify 'ok13o00x8e10v1' --verify 'ik13o00x8e10v1' --verify '//obr9x8x9x10' --verify '//ofr9x8x9x10' --verify 'obr9x8x9x10' --verify 'ibr9x8x9x10' --verify 'ofr9x8x9x10' --verify 'ifr9x8x9x10'"
obc5x7*24 1.93541e-07 2.51876e-07 1.91048e-07
ibc5x7*24 1.75427e-07 1.67917e-07 1.77055e-07
ofc5x7*24 2.02726e-07 2.51876e-07 2.52794e-07
ifc5x7*24 1.87457e-07 2.51876e-07 2.30611e-07
ok3o00x5e10x6e01v8 2.3801e-07 1.25729e-06 2.0515e-07
ik3o00x5e10x6e01v8 1.84393e-07 1.35787e-06 1.82809e-07
obrd8x6*8 1.81356e-07 2.32286e-07 2.31897e-07
ibrd8x6*8 1.99467e-07 2.32286e-07 1.31812e-07
ofrd8x6*8 1.57218e-07 2.32286e-07 1.19979e-07
ifrd8x6*8 1.51345e-07 2.32286e-07 1.71262e-07
//obcd8x6*8 1.51722e-07 2.32286e-07 1.71112e-07
//ibcd8x6*8 1.70113e-07 2.32286e-07 1.59872e-07
//ofcd8x6*8 1.89046e-07 2.32286e-07 1.61766e-07
//ifcd8x6*8 1.93857e-07 2.32286e-07 1.75533e-07
obcd8x6*8 1.787e-07 2.32286e-07 2.27048e-07
ibcd8x6*8 1.96425e-07 2.32286e-07 1.69547e-07
ofcd8x6*8 1.66801e-07 2.32286e-07 1.79634e-07
ifcd8x6*8 1.87416e-07 2.32286e-07 1.67127e-07
ok5o00x13e00x13o00*7 2.04012e-07 4.32559e-06 1.84427e-07
ik5o00x13e00x13o00*7 2.07656e-07 4.95996e-06 2.30716e-07
//obrd13200 2.56115e-07 7.30459e-07 2.19594e-07
//ibrd13200 2.6654e-07 6.64054e-07 2.4208e-07
//ofrd13200 2.45284e-07 5.97648e-07 1.79706e-07
//ifrd13200 2.451e-07 5.97648e-07 1.72784e-07
obrd13200 2.73118e-07 6.64054e-07 2.4721e-07
ibrd13200 2.40959e-07 7.96864e-07 2.17378e-07
ofrd13200 2.39668e-07 6.64054e-07 1.61726e-07
ifrd13200 2.37134e-07 6.64054e-07 1.82266e-07
//obcd13200 2.87226e-07 5.31243e-07 2.33683e-07
//ibcd13200 2.50738e-07 5.31243e-07 2.2626e-07
//ofcd13200 2.63181e-07 5.31243e-07 3.30553e-07
//ifcd13200 2.18942e-07 7.96864e-07 2.23558e-07
obcd13200 2.72711e-07 7.96864e-07 2.61789e-07
ibcd13200 2.18942e-07 6.64054e-07 2.16954e-07
ofcd13200 2.71816e-07 5.31243e-07 2.68565e-07
ifcd13200 2.47623e-07 5.97648e-07 2.72275e-07
ok13o00x8e10v1 1.9222e-07 1.19209e-06 2.28586e-07
ik13o00x8e10v1 2.4929e-07 9.53674e-07 2.07873e-07
//obr9x8x9x10 2.14608e-07 9.47769e-07 2.40087e-07
//ofr9x8x9x10 2.6748e-07 9.47769e-07 2.32173e-07
obr9x8x9x10 2.14131e-07 8.52992e-07 2.22443e-07
ibr9x8x9x10 2.53582e-07 8.52992e-07 2.41734e-07
ofr9x8x9x10 2.70231e-07 1.04255e-06 2.33787e-07
ifr9x8x9x10 2.25912e-07 8.52992e-07 2.23883e-07
Executing "/usr/lib/fftw/ptest/fftwf/benchf --verbose=1   --verify '//ofc3x6x11v6' --verify '//ifc3x6x11v6' --verify 'obc3x6x11v6' --verify 'ibc3x6x11v6' --verify 'ofc3x6x11v6' --verify 'ifc3x6x11v6' --verify 'okd72e01*138' --verify 'ikd72e01*138' --verify 'obrd2x5x10*6' --verify 'ibrd2x5x10*6' --verify 'ofrd2x5x10*6' --verify 'ifrd2x5x10*6' --verify '//obcd2x5x10*6' --verify '//ibcd2x5x10*6' --verify '//ofcd2x5x10*6' --verify '//ifcd2x5x10*6' --verify 'obcd2x5x10*6' --verify 'ibcd2x5x10*6' --verify 'ofcd2x5x10*6' --verify 'ifcd2x5x10*6' --verify 'ok12e00x10e00x20o11' --verify 'ik12e00x10e00x20o11' --verify 'obr5x6x5v8' --verify 'ibr5x6x5v8' --verify 'ofr5x6x5v8' --verify 'ifr5x6x5v8' --verify '//obc5x6x5v8' --verify '//ibc5x6x5v8' --verify '//ofc5x6x5v8' --verify '//ifc5x6x5v8' --verify 'obc5x6x5v8' --verify 'ibc5x6x5v8' --verify 'ofc5x6x5v8' --verify 'ifc5x6x5v8' --verify 'okd8e01x4bx10o01x4e01v2' --verify 'ikd8e01x4bx10o01x4e01v2' --verify 'obr5x7*24' --verify 'ibr5x7*24' --verify 'ofr5x7*24' --verify 'ifr5x7*24' --verify '//obc5x7*24' --verify '//ibc5x7*24' --verify '//ofc5x7*24' --verify '//ifc5x7*24'"
//ofc3x6x11v6 2.55051e-07 3.16282e-07 2.30264e-07
//ifc3x6x11v6 2.08866e-07 2.37211e-07 2.03838e-07
obc3x6x11v6 1.96576e-07 2.37211e-07 2.08276e-07
ibc3x6x11v6 2.28445e-07 3.16282e-07 2.17328e-07
ofc3x6x11v6 2.71272e-07 2.37211e-07 2.13992e-07
ifc3x6x11v6 1.91346e-07 3.16282e-07 1.91102e-07
okd72e01*138 2.28741e-07 1.74106e-06 1.82251e-07
ikd72e01*138 2.30606e-07 1.74106e-06 1.67207e-07
obrd2x5x10*6 2.37108e-07 2.78155e-07 1.68428e-07
ibrd2x5x10*6 2.23584e-07 2.78155e-07 1.79676e-07
ofrd2x5x10*6 1.67216e-07 2.22524e-07 1.43352e-07
ifrd2x5x10*6 2.06539e-07 3.33786e-07 1.54983e-07
//obcd2x5x10*6 2.35326e-07 3.33786e-07 1.88674e-07
//ibcd2x5x10*6 1.94206e-07 3.33786e-07 1.85274e-07
//ofcd2x5x10*6 1.87173e-07 2.78155e-07 2.68562e-07
//ifcd2x5x10*6 1.84195e-07 2.78155e-07 2.07366e-07
obcd2x5x10*6 1.67312e-07 2.22524e-07 2.15555e-07
ibcd2x5x10*6 1.85898e-07 2.22524e-07 2.05162e-07
ofcd2x5x10*6 1.81373e-07 2.22524e-07 1.8703e-07
ifcd2x5x10*6 2.22251e-07 2.22524e-07 2.04224e-07
ok12e00x10e00x20o11 2.11565e-07 2.64849e-05 2.27707e-07
ik12e00x10e00x20o11 2.77009e-07 2.19813e-05 2.75946e-07
obr5x6x5v8 2.01199e-07 2.62802e-07 2.08078e-07
ibr5x6x5v8 2.20354e-07 2.62802e-07 1.674e-07
ofr5x6x5v8 1.9432e-07 2.62802e-07 1.86498e-07
ifr5x6x5v8 1.63637e-07 2.62802e-07 1.8561e-07
//obc5x6x5v8 2.55888e-07 2.62802e-07 1.90951e-07
//ibc5x6x5v8 1.86848e-07 3.50402e-07 2.2399e-07
//ofc5x6x5v8 1.81301e-07 2.62802e-07 2.4184e-07
//ifc5x6x5v8 2.00345e-07 3.50402e-07 1.67382e-07
obc5x6x5v8 2.12181e-07 3.50402e-07 2.32975e-07
ibc5x6x5v8 1.85911e-07 2.62802e-07 2.37047e-07
ofc5x6x5v8 1.77121e-07 2.62802e-07 1.9424e-07
ifc5x6x5v8 2.41716e-07 2.62802e-07 2.04068e-07
okd8e01x4bx10o01x4e01v2 2.63001e-07 9.86684e-06 2.73523e-07
ikd8e01x4bx10o01x4e01v2 2.47557e-07 9.86684e-06 2.74108e-07
obr5x7*24 2.31534e-07 2.51876e-07 1.79432e-07
ibr5x7*24 1.96384e-07 2.51876e-07 2.26357e-07
ofr5x7*24 1.70491e-07 1.67917e-07 1.57165e-07
ifr5x7*24 1.68915e-07 1.67917e-07 1.87295e-07
//obc5x7*24 1.88111e-07 2.51876e-07 1.80774e-07
//ibc5x7*24 1.67385e-07 2.51876e-07 1.76823e-07
//ofc5x7*24 1.90916e-07 2.51876e-07 1.84852e-07
//ifc5x7*24 2.15048e-07 2.51876e-07 1.86226e-07
Executing "/usr/lib/fftw/ptest/fftwf/benchf --verbose=1   --verify '//obcd52x26' --verify '//ibcd52x26' --verify '//ofcd52x26' --verify '//ifcd52x26' --verify 'obcd52x26' --verify 'ibcd52x26' --verify 'ofcd52x26' --verify 'ifcd52x26' --verify 'okd20o11v212' --verify 'ikd20o11v212' --verify 'obr12x3x7x7v3' --verify 'ibr12x3x7x7v3' --verify 'ofr12x3x7x7v3' --verify 'ifr12x3x7x7v3' --verify '//obc12x3x7x7v3' --verify '//ibc12x3x7x7v3' --verify '//ofc12x3x7x7v3' --verify '//ifc12x3x7x7v3' --verify 'obc12x3x7x7v3' --verify 'ibc12x3x7x7v3' --verify 'ofc12x3x7x7v3' --verify 'ifc12x3x7x7v3' --verify 'okd7e11x9o10v18' --verify 'ikd7e11x9o10v18' --verify 'obrd3x9x13*13' --verify 'ibrd3x9x13*13' --verify 'ofrd3x9x13*13' --verify 'ifrd3x9x13*13' --verify '//obcd3x9x13*13' --verify '//ibcd3x9x13*13' --verify '//ofcd3x9x13*13' --verify '//ifcd3x9x13*13' --verify 'obcd3x9x13*13' --verify 'ibcd3x9x13*13' --verify 'ofcd3x9x13*13' --verify 'ifcd3x9x13*13' --verify 'ok39hx9o01' --verify 'ik39hx9o01' --verify 'obr3x6x11v6' --verify 'ibr3x6x11v6' --verify 'ofr3x6x11v6' --verify 'ifr3x6x11v6' --verify '//obc3x6x11v6' --verify '//ibc3x6x11v6'"
//obcd52x26 2.45784e-07 4.14984e-07 2.19322e-07
//ibcd52x26 2.53836e-07 4.14985e-07 2.27452e-07
//ofcd52x26 3.18763e-07 4.14984e-07 2.43495e-07
//ifcd52x26 2.38596e-07 6.22477e-07 2.33373e-07
obcd52x26 2.23371e-07 4.14984e-07 2.19294e-07
ibcd52x26 2.53936e-07 4.14984e-07 2.27198e-07
ofcd52x26 2.27259e-07 4.14985e-07 2.21627e-07
ifcd52x26 2.30114e-07 4.14985e-07 2.2992e-07
okd20o11v212 2.01813e-07 4.79456e-07 1.85791e-07
ikd20o11v212 2.16111e-07 5.39388e-07 2.22973e-07
obr12x3x7x7v3 2.32633e-07 4.84406e-07 2.27899e-07
ibr12x3x7x7v3 2.45466e-07 6.05508e-07 2.42723e-07
ofr12x3x7x7v3 2.22505e-07 5.44957e-07 1.94067e-07
ifr12x3x7x7v3 1.96965e-07 4.84406e-07 2.35142e-07
//obc12x3x7x7v3 2.06875e-07 4.23855e-07 1.8763e-07
//ibc12x3x7x7v3 2.13276e-07 4.84406e-07 2.49813e-07
//ofc12x3x7x7v3 2.25845e-07 5.44957e-07 2.11413e-07
//ifc12x3x7x7v3 1.99809e-07 4.23855e-07 2.54249e-07
obc12x3x7x7v3 2.04441e-07 4.23855e-07 2.50681e-07
ibc12x3x7x7v3 2.45205e-07 4.23855e-07 1.98253e-07
ofc12x3x7x7v3 2.41092e-07 4.23855e-07 2.18621e-07
ifc12x3x7x7v3 2.23668e-07 4.84406e-07 2.05053e-07
okd7e11x9o10v18 2.33463e-07 5.77741e-07 1.90208e-07
ikd7e11x9o10v18 2.1651e-07 6.6282e-07 2.05935e-07
obrd3x9x13*13 2.14618e-07 3.28914e-07 2.17032e-07
ibrd3x9x13*13 2.09752e-07 3.28914e-07 2.04752e-07
ofrd3x9x13*13 2.10509e-07 3.28914e-07 2.09053e-07
ifrd3x9x13*13 2.23082e-07 3.28914e-07 2.2308e-07
//obcd3x9x13*13 2.02734e-07 3.28914e-07 2.82003e-07
//ibcd3x9x13*13 2.36455e-07 3.28914e-07 2.48691e-07
//ofcd3x9x13*13 2.17875e-07 3.28914e-07 2.22241e-07
//ifcd3x9x13*13 1.93226e-07 3.28914e-07 2.59801e-07
obcd3x9x13*13 1.98463e-07 4.38552e-07 2.56666e-07
ibcd3x9x13*13 2.38897e-07 4.38552e-07 2.33696e-07
ofcd3x9x13*13 2.65761e-07 3.28914e-07 2.00556e-07
ifcd3x9x13*13 2.21179e-07 3.28914e-07 2.16573e-07
ok39hx9o01 2.9485e-07 3.15905e-06 2.24898e-07
ik39hx9o01 2.23545e-07 1.90735e-06 2.37906e-07
obr3x6x11v6 2.2034e-07 3.16282e-07 2.09483e-07
ibr3x6x11v6 2.1843e-07 3.16282e-07 2.0046e-07
ofr3x6x11v6 2.15632e-07 2.37211e-07 1.91772e-07
ifr3x6x11v6 2.32733e-07 2.37211e-07 1.68677e-07
//obc3x6x11v6 1.79785e-07 3.16282e-07 2.14297e-07
//ibc3x6x11v6 1.94082e-07 3.16282e-07 1.91869e-07
Executing "/usr/lib/fftw/ptest/fftwf/benchf --verbose=1   --verify '//ofcd13x3' --verify '//ifcd13x3' --verify 'obcd13x3' --verify 'ibcd13x3' --verify 'ofcd13x3' --verify 'ifcd13x3' --verify 'okd5e10x11e11*15' --verify 'ikd5e10x11e11*15' --verify 'obr4x10x13x12v4' --verify 'ibr4x10x13x12v4' --verify 'ofr4x10x13x12v4' --verify 'ifr4x10x13x12v4' --verify '//obc4x10x13x12v4' --verify '//ibc4x10x13x12v4' --verify '//ofc4x10x13x12v4' --verify '//ifc4x10x13x12v4' --verify 'obc4x10x13x12v4' --verify 'ibc4x10x13x12v4' --verify 'ofc4x10x13x12v4' --verify 'ifc4x10x13x12v4' --verify 'ok12o11x4o00x5bx5o10*5' --verify 'ik12o11x4o00x5bx5o10*5' --verify '//obr13x13x12' --verify '//ofr13x13x12' --verify 'obr13x13x12' --verify 'ibr13x13x12' --verify 'ofr13x13x12' --verify 'ifr13x13x12' --verify '//obc13x13x12' --verify '//ibc13x13x12' --verify '//ofc13x13x12' --verify '//ifc13x13x12' --verify 'obc13x13x12' --verify 'ibc13x13x12' --verify 'ofc13x13x12' --verify 'ifc13x13x12' --verify 'okd10e10x13bv16' --verify 'ikd10e10x13bv16' --verify '//obrd52x26' --verify '//ofrd52x26' --verify 'obrd52x26' --verify 'ibrd52x26' --verify 'ofrd52x26' --verify 'ifrd52x26'"
//ofcd13x3 1.88476e-07 3.0542e-07 2.18992e-07
//ifcd13x3 1.75019e-07 2.29065e-07 1.91044e-07
obcd13x3 1.57456e-07 3.0542e-07 2.38901e-07
ibcd13x3 2.55028e-07 3.0542e-07 2.15719e-07
ofcd13x3 1.7584e-07 2.29065e-07 2.45982e-07
ifcd13x3 2.87404e-07 2.29065e-07 2.29719e-07
okd5e10x11e11*15 1.93552e-07 5.73666e-07 1.83085e-07
ikd5e10x11e11*15 2.25672e-07 5.73666e-07 1.96668e-07
obr4x10x13x12v4 2.35112e-07 8.14914e-07 2.25182e-07
ibr4x10x13x12v4 2.51005e-07 7.5455e-07 2.45474e-07
ofr4x10x13x12v4 2.28402e-07 7.24368e-07 2.069e-07
ifr4x10x13x12v4 2.16985e-07 6.94186e-07 2.36e-07
//obc4x10x13x12v4 2.34715e-07 7.5455e-07 2.29551e-07
//ibc4x10x13x12v4 2.34106e-07 6.94186e-07 2.23912e-07
//ofc4x10x13x12v4 2.42557e-07 6.94186e-07 2.48708e-07
//ifc4x10x13x12v4 2.14881e-07 7.5455e-07 2.40578e-07
obc4x10x13x12v4 2.35873e-07 7.5455e-07 2.33468e-07
ibc4x10x13x12v4 2.33277e-07 7.5455e-07 2.18134e-07
ofc4x10x13x12v4 2.64311e-07 7.24368e-07 2.34418e-07
ifc4x10x13x12v4 2.19573e-07 6.94186e-07 2.40505e-07
ok12o11x4o00x5bx5o10*5 2.65842e-07 4.48438e-06 2.6271e-07
ik12o11x4o00x5bx5o10*5 2.60665e-07 4.89891e-06 2.36917e-07
//obr13x13x12 2.64244e-07 5.0825e-07 2.19066e-07
//ofr13x13x12 2.52696e-07 4.23542e-07 2.57277e-07
obr13x13x12 2.36235e-07 5.92958e-07 2.76048e-07
ibr13x13x12 2.14082e-07 5.0825e-07 2.12389e-07
ofr13x13x12 2.74e-07 5.92959e-07 2.17686e-07
ifr13x13x12 2.40368e-07 5.92959e-07 2.42785e-07
//obc13x13x12 2.48425e-07 4.23542e-07 2.44076e-07
//ibc13x13x12 2.10634e-07 4.23542e-07 2.36649e-07
//ofc13x13x12 2.57456e-07 4.23542e-07 2.70279e-07
//ifc13x13x12 2.92336e-07 4.23542e-07 2.36082e-07
obc13x13x12 2.30757e-07 4.23542e-07 2.46551e-07
ibc13x13x12 2.08334e-07 4.23542e-07 2.71837e-07
ofc13x13x12 2.54616e-07 4.23542e-07 2.58342e-07
ifc13x13x12 2.47807e-07 5.0825e-07 2.54331e-07
okd10e10x13bv16 2.01531e-07 1.70991e-06 1.84884e-07
ikd10e10x13bv16 2.06939e-07 1.8999e-06 1.90539e-07
//obrd52x26 2.25712e-07 4.14985e-07 2.31387e-07
//ofrd52x26 2.38883e-07 4.14984e-07 2.48107e-07
obrd52x26 2.53766e-07 4.14985e-07 2.5609e-07
ibrd52x26 2.29436e-07 5.18731e-07 2.48969e-07
ofrd52x26 2.31366e-07 4.14984e-07 1.88066e-07
ifrd52x26 2.69595e-07 4.14985e-07 2.05223e-07
Executing "/usr/lib/fftw/ptest/fftwf/benchf --verbose=1   --verify 'obc5184' --verify 'ibc5184' --verify 'ofc5184' --verify 'ifc5184' --verify 'ok6o01x5o10v6' --verify 'ik6o01x5o10v6' --verify 'obr11x4v24' --verify 'ibr11x4v24' --verify 'ofr11x4v24' --verify 'ifr11x4v24' --verify '//obc11x4v24' --verify '//ibc11x4v24' --verify '//ofc11x4v24' --verify '//ifc11x4v24' --verify 'obc11x4v24' --verify 'ibc11x4v24' --verify 'ofc11x4v24' --verify 'ifc11x4v24' --verify 'ok18e00v72' --verify 'ik18e00v72' --verify '//obr100x36' --verify '//ofr100x36' --verify 'obr100x36' --verify 'ibr100x36' --verify 'ofr100x36' --verify 'ifr100x36' --verify '//obc100x36' --verify '//ibc100x36' --verify '//ofc100x36' --verify '//ifc100x36' --verify 'obc100x36' --verify 'ibc100x36' --verify 'ofc100x36' --verify 'ifc100x36' --verify 'ok8o00x12e10x10hx5b' --verify 'ik8o00x12e10x10hx5b' --verify '//obrd13x3' --verify '//ofrd13x3' --verify 'obrd13x3' --verify 'ibrd13x3' --verify 'ofrd13x3' --verify 'ifrd13x3' --verify '//obcd13x3' --verify '//ibcd13x3'"
obc5184 2.23042e-07 6.35783e-07 2.08959e-07
ibc5184 2.67264e-07 5.29819e-07 2.08017e-07
ofc5184 2.42205e-07 6.35783e-07 2.41781e-07
ifc5184 2.21586e-07 5.29819e-07 2.10399e-07
ok6o01x5o10v6 2.26006e-07 5.75935e-07 2.3607e-07
ik6o01x5o10v6 2.05363e-07 4.31951e-07 2.09557e-07
obr11x4v24 1.76435e-07 2.24643e-07 2.24032e-07
ibr11x4v24 1.79884e-07 2.24643e-07 1.75699e-07
ofr11x4v24 2.23634e-07 2.24643e-07 1.28018e-07
ifr11x4v24 2.26225e-07 2.24643e-07 1.6282e-07
//obc11x4v24 1.95325e-07 2.24643e-07 1.60727e-07
//ibc11x4v24 1.69488e-07 2.99525e-07 1.99804e-07
//ofc11x4v24 2.04706e-07 2.24643e-07 1.53055e-07
//ifc11x4v24 1.77353e-07 2.24643e-07 1.559e-07
obc11x4v24 1.90381e-07 2.24643e-07 1.5637e-07
ibc11x4v24 2.007e-07 2.24643e-07 1.56159e-07
ofc11x4v24 1.79206e-07 3.74406e-07 1.59697e-07
ifc11x4v24 2.12766e-07 2.24643e-07 1.68489e-07
ok18e00v72 1.7156e-07 9.74474e-07 1.36337e-07
ik18e00v72 1.91541e-07 9.06487e-07 1.53852e-07
//obr100x36 2.08606e-07 5.72205e-07 2.40326e-07
//ofr100x36 1.99754e-07 4.45048e-07 2.11725e-07
obr100x36 2.02108e-07 5.08626e-07 2.05448e-07
ibr100x36 2.49714e-07 5.08626e-07 2.02047e-07
ofr100x36 1.98305e-07 3.8147e-07 2.15798e-07
ifr100x36 2.33128e-07 5.08627e-07 2.03208e-07
//obc100x36 2.81498e-07 5.08627e-07 2.40237e-07
//ibc100x36 2.39969e-07 4.45048e-07 2.24593e-07
//ofc100x36 2.12867e-07 5.08626e-07 2.64241e-07
//ifc100x36 2.2334e-07 5.08626e-07 2.34223e-07
obc100x36 2.4285e-07 4.45048e-07 2.45612e-07
ibc100x36 2.15673e-07 4.45048e-07 2.24749e-07
ofc100x36 2.10504e-07 4.45048e-07 2.40094e-07
ifc100x36 2.22899e-07 4.45048e-07 2.59605e-07
ok8o00x12e10x10hx5b 2.52544e-07 1.57363e-05 2.88707e-07
ik8o00x12e10x10hx5b 2.27935e-07 2.54201e-05 1.972e-07
//obrd13x3 1.71199e-07 3.0542e-07 1.72067e-07
//ofrd13x3 1.79357e-07 1.5271e-07 1.67236e-07
obrd13x3 2.21378e-07 3.0542e-07 2.00835e-07
ibrd13x3 1.79486e-07 3.0542e-07 1.96679e-07
ofrd13x3 2.04754e-07 1.90888e-07 2.38225e-07
ifrd13x3 1.68446e-07 3.81775e-07 2.21382e-07
//obcd13x3 2.14976e-07 2.29065e-07 2.11306e-07
//ibcd13x3 2.36896e-07 3.0542e-07 2.35373e-07
Executing "/usr/lib/fftw/ptest/fftwf/benchf --verbose=1   --verify 'ok24o01x11e10x8o00' --verify 'ik24o01x11e10x8o00' --verify '//obr5184' --verify '//ibr5184' --verify '//ofr5184' --verify '//ifr5184' --verify 'obr5184' --verify 'ibr5184' --verify 'ofr5184' --verify 'ifr5184' --verify '//obc5184' --verify '//ibc5184' --verify '//ofc5184' --verify '//ifc5184'"
ok24o01x11e10x8o00 1.92384e-07 5.15559e-06 2.51191e-07
ik24o01x11e10x8o00 2.75273e-07 6.36867e-06 2.15865e-07
//obr5184 2.45133e-07 6.35783e-07 2.27255e-07
//ibr5184 2.20052e-07 6.35783e-07 2.2713e-07
//ofr5184 2.18105e-07 5.29819e-07 1.54242e-07
//ifr5184 2.48939e-07 5.29819e-07 2.10412e-07
obr5184 2.24549e-07 5.29819e-07 2.26802e-07
ibr5184 2.14132e-07 6.35783e-07 2.35304e-07
ofr5184 2.59164e-07 4.23855e-07 1.57747e-07
ifr5184 2.1543e-07 5.29819e-07 1.48764e-07
//obc5184 2.56074e-07 6.35783e-07 2.18595e-07
//ibc5184 2.34536e-07 5.29819e-07 2.08753e-07
//ofc5184 2.4883e-07 5.29819e-07 2.37415e-07
//ifc5184 3.08456e-07 5.29819e-07 2.05991e-07
Executing "/usr/lib/fftw/ptest/fftwl/benchl --verbose=1   --verify 'ok2028o01' --verify 'ik2028o01' --verify '//obr48x8' --verify '//ofr48x8' --verify 'obr48x8' --verify 'ibr48x8' --verify 'ofr48x8' --verify 'ifr48x8' --verify '//obc48x8' --verify '//ibc48x8' --verify '//ofc48x8' --verify '//ifc48x8' --verify 'obc48x8' --verify 'ibc48x8' --verify 'ofc48x8' --verify 'ifc48x8' --verify 'okd6o10x48b' --verify 'ikd6o10x48b' --verify 'obr9x12x6v5' --verify 'ibr9x12x6v5' --verify 'ofr9x12x6v5' --verify 'ifr9x12x6v5' --verify '//obc9x12x6v5' --verify '//ibc9x12x6v5' --verify '//ofc9x12x6v5' --verify '//ifc9x12x6v5' --verify 'obc9x12x6v5' --verify 'ibc9x12x6v5' --verify 'ofc9x12x6v5' --verify 'ifc9x12x6v5' --verify 'ok8e11x7e01x10e01x6e10*7' --verify 'ik8e11x7e01x10e01x6e10*7' --verify 'obr42*33' --verify 'ibr42*33' --verify 'ofr42*33' --verify 'ifr42*33' --verify '//obc42*33' --verify '//ibc42*33' --verify '//ofc42*33' --verify '//ifc42*33' --verify 'obc42*33' --verify 'ibc42*33' --verify 'ofc42*33' --verify 'ifc42*33'"
ok2028o01 2.23828e-19 7.86047e-18 2.47671e-19
ik2028o01 2.58821e-19 1.00289e-17 2.31822e-19
//obr48x8 2.53238e-19 2.65574e-19 2.07715e-19
//ofr48x8 1.56544e-19 1.77049e-19 3.01116e-19
obr48x8 1.85776e-19 3.54099e-19 1.82396e-19
ibr48x8 1.95615e-19 3.54099e-19 1.85043e-19
ofr48x8 1.67282e-19 2.65574e-19 3.15825e-19
ifr48x8 1.9491e-19 2.65574e-19 3.04261e-19
//obc48x8 2.04501e-19 3.54099e-19 2.94592e-19
//ibc48x8 1.80151e-19 2.65574e-19 2.711e-19
//ofc48x8 1.72595e-19 3.54099e-19 3.04177e-19
//ifc48x8 1.68458e-19 2.65574e-19 2.78653e-19
obc48x8 1.70976e-19 2.65574e-19 2.38221e-19
ibc48x8 1.58947e-19 2.65574e-19 2.75041e-19
ofc48x8 1.66511e-19 3.54099e-19 2.71402e-19
ifc48x8 2.20516e-19 1.77049e-19 2.90791e-19
okd6o10x48b 2.11987e-19 2.92735e-18 2.39188e-19
ikd6o10x48b 2.05576e-19 2.00577e-18 1.84785e-19
obr9x12x6v5 1.97524e-19 3.27103e-19 2.33546e-19
ibr9x12x6v5 2.05274e-19 3.27103e-19 2.38098e-19
ofr9x12x6v5 1.71576e-19 1.63551e-19 3.77114e-19
ifr9x12x6v5 1.68745e-19 1.63551e-19 4.16996e-19
//obc9x12x6v5 1.98782e-19 3.27103e-19 3.63933e-19
//ibc9x12x6v5 1.85711e-19 2.45327e-19 3.63752e-19
//ofc9x12x6v5 1.92342e-19 2.45327e-19 3.53592e-19
//ifc9x12x6v5 1.90126e-19 3.27103e-19 3.70873e-19
obc9x12x6v5 1.89445e-19 2.45327e-19 3.9721e-19
ibc9x12x6v5 2.19501e-19 2.45327e-19 3.46018e-19
ofc9x12x6v5 2.05187e-19 2.45327e-19 3.33835e-19
ifc9x12x6v5 1.90392e-19 3.27103e-19 3.94558e-19
ok8e11x7e01x10e01x6e10*7 2.47777e-19 1.19528e-17 2.91385e-19
ik8e11x7e01x10e01x6e10*7 2.62551e-19 9.18249e-18 2.4788e-19
obr42*33 1.51827e-19 2.06839e-19 1.94063e-19
ibr42*33 1.76317e-19 2.06839e-19 1.69817e-19
ofr42*33 1.45367e-19 2.06839e-19 3.58578e-19
ifr42*33 1.46177e-19 1.37892e-19 3.66943e-19
//obc42*33 2.44938e-19 1.37892e-19 4.16207e-19
//ibc42*33 1.60866e-19 1.37892e-19 4.29803e-19
//ofc42*33 1.76836e-19 2.06839e-19 3.492e-19
//ifc42*33 1.78732e-19 2.06839e-19 3.02911e-19
obc42*33 1.75561e-19 2.06839e-19 3.44946e-19
ibc42*33 2.33892e-19 2.06839e-19 3.20217e-19
ofc42*33 1.8396e-19 1.37892e-19 3.98129e-19
ifc42*33 2.05087e-19 2.06839e-19 3.61814e-19
Executing "/usr/lib/fftw/ptest/fftwl/benchl --verbose=1   --verify 'ok8e11x3bx18e11x6e00' --verify 'ik8e11x3bx18e11x6e00' --verify 'obr16x14x4*1' --verify 'ibr16x14x4*1' --verify 'ofr16x14x4*1' --verify 'ifr16x14x4*1' --verify '//obc16x14x4*1' --verify '//ibc16x14x4*1' --verify '//ofc16x14x4*1' --verify '//ifc16x14x4*1' --verify 'obc16x14x4*1' --verify 'ibc16x14x4*1' --verify 'ofc16x14x4*1' --verify 'ifc16x14x4*1' --verify 'ok5o10x15o10x4b*9' --verify 'ik5o10x15o10x4b*9' --verify 'obrd7x4x4v4' --verify 'ibrd7x4x4v4' --verify 'ofrd7x4x4v4' --verify 'ifrd7x4x4v4' --verify '//obcd7x4x4v4' --verify '//ibcd7x4x4v4' --verify '//ofcd7x4x4v4' --verify '//ifcd7x4x4v4' --verify 'obcd7x4x4v4' --verify 'ibcd7x4x4v4' --verify 'ofcd7x4x4v4' --verify 'ifcd7x4x4v4' --verify 'okd12h*68' --verify 'ikd12h*68' --verify '//obr11x13x8x6' --verify '//ofr11x13x8x6' --verify 'obr11x13x8x6' --verify 'ibr11x13x8x6' --verify 'ofr11x13x8x6' --verify 'ifr11x13x8x6' --verify '//obc11x13x8x6' --verify '//ibc11x13x8x6' --verify '//ofc11x13x8x6' --verify '//ifc11x13x8x6' --verify 'obc11x13x8x6' --verify 'ibc11x13x8x6' --verify 'ofc11x13x8x6' --verify 'ifc11x13x8x6'"
ok8e11x3bx18e11x6e00 2.2668e-19 1.40673e-17 2.60643e-19
ik8e11x3bx18e11x6e00 2.14801e-19 1.36856e-17 2.6739e-19
obr16x14x4*1 1.6638e-19 3.47718e-19 1.97453e-19
ibr16x14x4*1 1.68517e-19 3.47718e-19 2.0898e-19
ofr16x14x4*1 1.76624e-19 2.31812e-19 3.15156e-19
ifr16x14x4*1 2.3967e-19 2.31812e-19 3.3058e-19
//obc16x14x4*1 1.68279e-19 2.89765e-19 2.62052e-19
//ibc16x14x4*1 1.96808e-19 2.89765e-19 3.1578e-19
//ofc16x14x4*1 1.94231e-19 2.89765e-19 3.47276e-19
//ifc16x14x4*1 1.74974e-19 3.47718e-19 2.86316e-19
obc16x14x4*1 2.15699e-19 3.47718e-19 2.8963e-19
ibc16x14x4*1 1.7292e-19 3.47718e-19 3.30633e-19
ofc16x14x4*1 2.13809e-19 3.47718e-19 2.79328e-19
ifc16x14x4*1 1.66211e-19 3.47718e-19 2.87567e-19
ok5o10x15o10x4b*9 1.43182e-19 1.41549e-18 1.46157e-19
ik5o10x15o10x4b*9 2.04057e-19 1.4456e-18 1.35198e-19
obrd7x4x4v4 1.43754e-19 2.04895e-19 1.74501e-19
ibrd7x4x4v4 1.59418e-19 3.07342e-19 1.80629e-19
ofrd7x4x4v4 1.60146e-19 1.02447e-19 3.02207e-19
ifrd7x4x4v4 1.85059e-19 2.04895e-19 3.3591e-19
//obcd7x4x4v4 1.56982e-19 2.04895e-19 2.74115e-19
//ibcd7x4x4v4 1.33618e-19 2.04895e-19 2.53704e-19
//ofcd7x4x4v4 1.73969e-19 2.04895e-19 2.73437e-19
//ifcd7x4x4v4 1.58495e-19 1.02447e-19 2.77225e-19
obcd7x4x4v4 1.54378e-19 2.04895e-19 2.83112e-19
ibcd7x4x4v4 1.60015e-19 2.04895e-19 2.62774e-19
ofcd7x4x4v4 1.62083e-19 2.04895e-19 2.64223e-19
ifcd7x4x4v4 1.40261e-19 2.04895e-19 2.50967e-19
okd12h*68 1.50173e-19 2.20029e-19 1.119e-19
ikd12h*68 1.42643e-19 2.20029e-19 1.85666e-19
//obr11x13x8x6 2.7367e-19 4.18766e-19 2.34633e-19
//ofr11x13x8x6 2.34559e-19 3.35013e-19 2.93093e-19
obr11x13x8x6 2.35866e-19 5.02519e-19 2.60281e-19
ibr11x13x8x6 2.24468e-19 5.02519e-19 2.38091e-19
ofr11x13x8x6 1.99734e-19 3.35013e-19 3.25968e-19
ifr11x13x8x6 2.38424e-19 3.35013e-19 3.01654e-19
//obc11x13x8x6 1.92667e-19 4.18766e-19 3.02532e-19
//ibc11x13x8x6 1.74501e-19 5.02519e-19 2.9902e-19
//ofc11x13x8x6 2.07622e-19 3.35013e-19 3.33709e-19
//ifc11x13x8x6 2.11486e-19 5.02519e-19 3.01518e-19
obc11x13x8x6 1.78626e-19 4.18766e-19 4.23268e-19
ibc11x13x8x6 1.83302e-19 5.02519e-19 3.29173e-19
ofc11x13x8x6 2.14786e-19 4.18766e-19 3.28043e-19
ifc11x13x8x6 2.0186e-19 4.18766e-19 3.06945e-19
Executing "/usr/lib/fftw/ptest/fftwl/benchl --verbose=1   --verify 'okd8o00x4e00v27' --verify 'ikd8o00x4e00v27' --verify '//obr11x6x8x7' --verify '//ofr11x6x8x7' --verify 'obr11x6x8x7' --verify 'ibr11x6x8x7' --verify 'ofr11x6x8x7' --verify 'ifr11x6x8x7' --verify '//obc11x6x8x7' --verify '//ibc11x6x8x7' --verify '//ofc11x6x8x7' --verify '//ifc11x6x8x7' --verify 'obc11x6x8x7' --verify 'ibc11x6x8x7' --verify 'ofc11x6x8x7' --verify 'ifc11x6x8x7' --verify 'ok55o00v94' --verify 'ik55o00v94' --verify 'obrd9x10x7v11' --verify 'ibrd9x10x7v11' --verify 'ofrd9x10x7v11' --verify 'ifrd9x10x7v11' --verify '//obcd9x10x7v11' --verify '//ibcd9x10x7v11' --verify '//ofcd9x10x7v11' --verify '//ifcd9x10x7v11' --verify 'obcd9x10x7v11' --verify 'ibcd9x10x7v11' --verify 'ofcd9x10x7v11' --verify 'ifcd9x10x7v11' --verify 'ok56e11x44o01' --verify 'ik56e11x44o01' --verify 'obrd24x10x12v2' --verify 'ibrd24x10x12v2' --verify 'ofrd24x10x12v2' --verify 'ifrd24x10x12v2' --verify '//obcd24x10x12v2' --verify '//ibcd24x10x12v2' --verify '//ofcd24x10x12v2' --verify '//ifcd24x10x12v2' --verify 'obcd24x10x12v2' --verify 'ibcd24x10x12v2' --verify 'ofcd24x10x12v2' --verify 'ifcd24x10x12v2'"
okd8o00x4e00v27 1.58515e-19 7.13564e-19 1.11585e-19
ikd8o00x4e00v27 1.34652e-19 6.85022e-19 1.86469e-19
//obr11x6x8x7 1.72647e-19 4.56546e-19 2.11844e-19
//ofr11x6x8x7 1.74092e-19 3.99477e-19 3.17587e-19
obr11x6x8x7 2.01192e-19 4.56546e-19 2.39872e-19
ibr11x6x8x7 1.74557e-19 4.56546e-19 2.46754e-19
ofr11x6x8x7 2.09167e-19 3.42409e-19 3.22639e-19
ifr11x6x8x7 2.03449e-19 4.56546e-19 3.20781e-19
//obc11x6x8x7 2.25525e-19 4.56546e-19 3.21682e-19
//ibc11x6x8x7 1.85279e-19 3.99477e-19 3.34214e-19
//ofc11x6x8x7 1.87352e-19 3.42409e-19 3.07738e-19
//ifc11x6x8x7 1.90968e-19 4.56546e-19 2.90025e-19
obc11x6x8x7 2.134e-19 4.56546e-19 3.12231e-19
ibc11x6x8x7 2.20235e-19 4.56546e-19 2.98911e-19
ofc11x6x8x7 2.21231e-19 4.56546e-19 3.05297e-19
ifc11x6x8x7 1.86536e-19 4.56546e-19 3.3928e-19
ok55o00v94 1.91263e-19 6.84835e-19 1.90622e-19
ik55o00v94 1.86046e-19 8.21802e-19 1.85201e-19
obrd9x10x7v11 1.97279e-19 3.01584e-19 2.33905e-19
ibrd9x10x7v11 1.86809e-19 3.01584e-19 2.5749e-19
ofrd9x10x7v11 1.74144e-19 2.26188e-19 3.75372e-19
ifrd9x10x7v11 1.81325e-19 2.26188e-19 3.65699e-19
//obcd9x10x7v11 1.89448e-19 3.01584e-19 3.77046e-19
//ibcd9x10x7v11 1.92095e-19 3.01584e-19 3.70439e-19
//ofcd9x10x7v11 1.88638e-19 3.01584e-19 3.70129e-19
//ifcd9x10x7v11 1.86736e-19 3.01584e-19 3.65174e-19
obcd9x10x7v11 1.81043e-19 3.01584e-19 3.76969e-19
ibcd9x10x7v11 1.86662e-19 3.01584e-19 3.55234e-19
ofcd9x10x7v11 2.03783e-19 3.01584e-19 3.76274e-19
ifcd9x10x7v11 1.7493e-19 3.01584e-19 4.13813e-19
ok56e11x44o01 2.21976e-19 6.8355e-18 2.35802e-19
ik56e11x44o01 2.53202e-19 5.9675e-18 3.38942e-19
obrd24x10x12v2 1.83156e-19 3.87896e-19 2.11386e-19
ibrd24x10x12v2 1.65567e-19 3.87896e-19 2.1256e-19
ofrd24x10x12v2 2.05059e-19 2.90922e-19 3.12849e-19
ifrd24x10x12v2 1.77458e-19 2.90922e-19 3.05275e-19
//obcd24x10x12v2 2.046e-19 3.87896e-19 3.23185e-19
//ibcd24x10x12v2 2.13061e-19 3.87896e-19 3.0817e-19
//ofcd24x10x12v2 2.01518e-19 3.87896e-19 2.9342e-19
//ifcd24x10x12v2 1.84677e-19 3.87896e-19 3.52095e-19
obcd24x10x12v2 2.57351e-19 3.87896e-19 3.39507e-19
ibcd24x10x12v2 1.86852e-19 3.87896e-19 3.20968e-19
ofcd24x10x12v2 1.87069e-19 3.87896e-19 3.20868e-19
ifcd24x10x12v2 1.83461e-19 3.87896e-19 3.26629e-19
Executing "/usr/lib/fftw/ptest/fftwl/benchl --verbose=1   --verify '//obrd7840' --verify '//ibrd7840' --verify '//ofrd7840' --verify '//ifrd7840' --verify 'obrd7840' --verify 'ibrd7840' --verify 'ofrd7840' --verify 'ifrd7840' --verify '//obcd7840' --verify '//ibcd7840' --verify '//ofcd7840' --verify '//ifcd7840' --verify 'obcd7840' --verify 'ibcd7840' --verify 'ofcd7840' --verify 'ifcd7840' --verify 'ok104e01v83' --verify 'ik104e01v83' --verify 'obr9x11v29' --verify 'ibr9x11v29' --verify 'ofr9x11v29' --verify 'ifr9x11v29' --verify '//obc9x11v29' --verify '//ibc9x11v29' --verify '//ofc9x11v29' --verify '//ifc9x11v29' --verify 'obc9x11v29' --verify 'ibc9x11v29' --verify 'ofc9x11v29' --verify 'ifc9x11v29' --verify 'okd13e11v20' --verify 'ikd13e11v20' --verify 'obr27x16*4' --verify 'ibr27x16*4' --verify 'ofr27x16*4' --verify 'ifr27x16*4' --verify '//obc27x16*4' --verify '//ibc27x16*4' --verify '//ofc27x16*4' --verify '//ifc27x16*4' --verify 'obc27x16*4' --verify 'ibc27x16*4' --verify 'ofc27x16*4' --verify 'ifc27x16*4'"
//obrd7840 2.38874e-19 4.70201e-19 2.22622e-19
//ibrd7840 2.20932e-19 4.70201e-19 2.07534e-19
//ofrd7840 2.3612e-19 3.13467e-19 4.08158e-19
//ifrd7840 2.17879e-19 3.91834e-19 3.62345e-19
obrd7840 1.85872e-19 4.70201e-19 2.14905e-19
ibrd7840 2.0749e-19 6.26935e-19 2.14025e-19
ofrd7840 2.26538e-19 3.91834e-19 3.80108e-19
ifrd7840 2.06326e-19 3.13467e-19 3.70202e-19
//obcd7840 2.34894e-19 3.91834e-19 4.18679e-19
//ibcd7840 2.24553e-19 4.70201e-19 3.91879e-19
//ofcd7840 2.13627e-19 4.70201e-19 4.01266e-19
//ifcd7840 2.14143e-19 4.70201e-19 3.71289e-19
obcd7840 2.00414e-19 4.70201e-19 3.86548e-19
ibcd7840 2.2068e-19 3.91834e-19 3.73764e-19
ofcd7840 1.97069e-19 3.91834e-19 3.64784e-19
ifcd7840 2.30353e-19 4.70201e-19 3.53992e-19
ok104e01v83 2.12329e-19 1.75562e-18 1.71484e-19
ik104e01v83 2.05177e-19 1.75562e-18 2.26252e-19
obr9x11v29 1.96413e-19 2.70537e-19 2.4237e-19
ibr9x11v29 1.76489e-19 1.80358e-19 2.58457e-19
ofr9x11v29 1.87821e-19 2.25448e-19 4.20112e-19
ifr9x11v29 1.62803e-19 2.70537e-19 3.57134e-19
//obc9x11v29 1.82067e-19 2.70537e-19 3.36694e-19
//ibc9x11v29 1.77905e-19 2.70537e-19 3.65302e-19
//ofc9x11v29 1.67001e-19 2.70537e-19 3.98684e-19
//ifc9x11v29 2.04748e-19 2.70537e-19 3.57952e-19
obc9x11v29 2.02623e-19 2.70537e-19 4.05093e-19
ibc9x11v29 1.65177e-19 1.80358e-19 3.81695e-19
ofc9x11v29 1.88961e-19 2.70537e-19 3.69811e-19
ifc9x11v29 2.00939e-19 2.70537e-19 3.74708e-19
okd13e11v20 1.8409e-19 3.99173e-19 1.63561e-19
ikd13e11v20 1.58236e-19 3.13636e-19 1.85605e-19
obr27x16*4 1.9119e-19 3.12982e-19 2.03475e-19
ibr27x16*4 1.7874e-19 3.12982e-19 2.04819e-19
ofr27x16*4 1.74616e-19 3.12982e-19 2.97275e-19
ifr27x16*4 2.35132e-19 3.12982e-19 2.87938e-19
//obc27x16*4 1.75841e-19 2.08655e-19 2.47039e-19
//ibc27x16*4 1.88725e-19 2.08655e-19 2.96331e-19
//ofc27x16*4 1.82183e-19 3.12982e-19 2.49286e-19
//ifc27x16*4 2.11791e-19 2.08655e-19 3.27619e-19
obc27x16*4 1.94186e-19 2.08655e-19 2.86938e-19
ibc27x16*4 1.93803e-19 2.08655e-19 3.40921e-19
ofc27x16*4 2.00327e-19 2.08655e-19 2.86122e-19
ifc27x16*4 2.10643e-19 2.08655e-19 2.74121e-19
Executing "/usr/lib/fftw/ptest/fftwl/benchl --verbose=1   --verify 'obr7x4x9x6*2' --verify 'ibr7x4x9x6*2' --verify 'ofr7x4x9x6*2' --verify 'ifr7x4x9x6*2' --verify '//obc7x4x9x6*2' --verify '//ibc7x4x9x6*2' --verify '//ofc7x4x9x6*2' --verify '//ifc7x4x9x6*2' --verify 'obc7x4x9x6*2' --verify 'ibc7x4x9x6*2' --verify 'ofc7x4x9x6*2' --verify 'ifc7x4x9x6*2' --verify 'ok5bx7h*32' --verify 'ik5bx7h*32' --verify 'obrd6x3*17' --verify 'ibrd6x3*17' --verify 'ofrd6x3*17' --verify 'ifrd6x3*17' --verify '//obcd6x3*17' --verify '//ibcd6x3*17' --verify '//ofcd6x3*17' --verify '//ifcd6x3*17' --verify 'obcd6x3*17' --verify 'ibcd6x3*17' --verify 'ofcd6x3*17' --verify 'ifcd6x3*17' --verify 'ok20bx13o00x7o01' --verify 'ik20bx13o00x7o01' --verify '//obr5x4x11x11' --verify '//ofr5x4x11x11' --verify 'obr5x4x11x11' --verify 'ibr5x4x11x11' --verify 'ofr5x4x11x11' --verify 'ifr5x4x11x11' --verify '//obc5x4x11x11' --verify '//ibc5x4x11x11' --verify '//ofc5x4x11x11' --verify '//ifc5x4x11x11' --verify 'obc5x4x11x11' --verify 'ibc5x4x11x11' --verify 'ofc5x4x11x11' --verify 'ifc5x4x11x11' --verify 'ok10e01*84' --verify 'ik10e01*84'"
obr7x4x9x6*2 2.42436e-19 3.34592e-19 2.64347e-19
ibr7x4x9x6*2 1.85427e-19 3.34592e-19 2.63974e-19
ofr7x4x9x6*2 1.96665e-19 2.00755e-19 4.30696e-19
ifr7x4x9x6*2 1.90531e-19 2.67674e-19 3.84115e-19
//obc7x4x9x6*2 2.13515e-19 2.67674e-19 3.60851e-19
//ibc7x4x9x6*2 1.67135e-19 2.67674e-19 4.09476e-19
//ofc7x4x9x6*2 1.77916e-19 2.67674e-19 3.86387e-19
//ifc7x4x9x6*2 2.00746e-19 2.67674e-19 4.1087e-19
obc7x4x9x6*2 2.04564e-19 2.67674e-19 3.73605e-19
ibc7x4x9x6*2 1.99556e-19 3.34592e-19 4.21652e-19
ofc7x4x9x6*2 1.94894e-19 2.67674e-19 3.90774e-19
ifc7x4x9x6*2 1.86441e-19 2.67674e-19 3.96748e-19
ok5bx7h*32 1.63048e-19 8.94467e-19 1.4618e-19
ik5bx7h*32 1.59548e-19 8.94467e-19 1.50701e-19
obrd6x3*17 1.59062e-19 2.16465e-19 1.95849e-19
ibrd6x3*17 1.23238e-19 1.62349e-19 1.7475e-19
ofrd6x3*17 1.32378e-19 2.70581e-20 1.67841e-19
ifrd6x3*17 8.59193e-20 2.70581e-20 1.66675e-19
//obcd6x3*17 1.88545e-19 1.62349e-19 1.77781e-19
//ibcd6x3*17 1.45916e-19 2.16465e-19 1.94849e-19
//ofcd6x3*17 1.70803e-19 2.16465e-19 1.82438e-19
//ifcd6x3*17 1.28785e-19 2.16465e-19 1.9687e-19
obcd6x3*17 1.57531e-19 2.16465e-19 1.67922e-19
ibcd6x3*17 1.66565e-19 1.08232e-19 1.69838e-19
ofcd6x3*17 1.92924e-19 2.16465e-19 1.85243e-19
ifcd6x3*17 1.3652e-19 1.08232e-19 2.1623e-19
ok20bx13o00x7o01 2.19922e-19 5.58364e-18 2.43776e-19
ik20bx13o00x7o01 1.99634e-19 6.17995e-18 2.01084e-19
//obr5x4x11x11 1.95643e-19 5.64212e-19 2.93379e-19
//ofr5x4x11x11 1.8658e-19 3.52633e-19 3.02296e-19
obr5x4x11x11 2.56507e-19 4.23159e-19 2.63266e-19
ibr5x4x11x11 1.85535e-19 5.64212e-19 2.1487e-19
ofr5x4x11x11 2.16475e-19 2.82106e-19 3.26846e-19
ifr5x4x11x11 1.94627e-19 2.82106e-19 3.30559e-19
//obc5x4x11x11 2.39481e-19 4.23159e-19 3.65219e-19
//ibc5x4x11x11 1.87159e-19 3.52633e-19 3.33105e-19
//ofc5x4x11x11 1.79968e-19 4.23159e-19 3.2781e-19
//ifc5x4x11x11 2.01283e-19 4.23159e-19 3.25803e-19
obc5x4x11x11 1.91916e-19 3.52633e-19 3.6901e-19
ibc5x4x11x11 2.24434e-19 4.23159e-19 3.12356e-19
ofc5x4x11x11 1.73104e-19 4.23159e-19 2.9267e-19
ifc5x4x11x11 1.87471e-19 4.23159e-19 2.75864e-19
ok10e01*84 1.79321e-19 4.38844e-19 1.30946e-19
ik10e01*84 2.03057e-19 4.38844e-19 1.36333e-19
Executing "/usr/lib/fftw/ptest/fftwl/benchl --verbose=1   --verify 'ofr5x16x8*12' --verify 'ifr5x16x8*12' --verify '//obc5x16x8*12' --verify '//ibc5x16x8*12' --verify '//ofc5x16x8*12' --verify '//ifc5x16x8*12' --verify 'obc5x16x8*12' --verify 'ibc5x16x8*12' --verify 'ofc5x16x8*12' --verify 'ifc5x16x8*12' --verify 'ok13e00x3e10v12' --verify 'ik13e00x3e10v12' --verify '//obrd1560' --verify '//ibrd1560' --verify '//ofrd1560' --verify '//ifrd1560' --verify 'obrd1560' --verify 'ibrd1560' --verify 'ofrd1560' --verify 'ifrd1560' --verify '//obcd1560' --verify '//ibcd1560' --verify '//ofcd1560' --verify '//ifcd1560' --verify 'obcd1560' --verify 'ibcd1560' --verify 'ofcd1560' --verify 'ifcd1560' --verify 'okd56e00x66e11' --verify 'ikd56e00x66e11' --verify 'obr24x8x12v5' --verify 'ibr24x8x12v5' --verify 'ofr24x8x12v5' --verify 'ifr24x8x12v5' --verify '//obc24x8x12v5' --verify '//ibc24x8x12v5' --verify '//ofc24x8x12v5' --verify '//ifc24x8x12v5' --verify 'obc24x8x12v5' --verify 'ibc24x8x12v5' --verify 'ofc24x8x12v5' --verify 'ifc24x8x12v5' --verify 'ok11o11x7e00x4hx9o10' --verify 'ik11o11x7e00x4hx9o10'"
ofr5x16x8*12 2.05133e-19 2.22856e-19 2.71605e-19
ifr5x16x8*12 1.81359e-19 2.22856e-19 2.75343e-19
//obc5x16x8*12 2.24756e-19 2.97141e-19 2.56633e-19
//ibc5x16x8*12 2.39262e-19 2.22856e-19 2.84087e-19
//ofc5x16x8*12 1.80705e-19 2.22856e-19 2.38793e-19
//ifc5x16x8*12 1.99405e-19 2.22856e-19 2.42911e-19
obc5x16x8*12 1.82177e-19 2.22856e-19 2.61204e-19
ibc5x16x8*12 1.90671e-19 2.97141e-19 2.55325e-19
ofc5x16x8*12 2.08553e-19 2.97141e-19 2.45277e-19
ifc5x16x8*12 1.99002e-19 2.97141e-19 2.83655e-19
ok13e00x3e10v12 1.92858e-19 7.34095e-19 1.15518e-19
ik13e00x3e10v12 1.57417e-19 6.75368e-19 9.75979e-20
//obrd1560 2.11554e-19 4.39206e-19 1.97134e-19
//ibrd1560 2.21539e-19 3.51365e-19 2.22484e-19
//ofrd1560 1.86684e-19 3.51365e-19 3.76064e-19
//ifrd1560 1.99402e-19 3.51365e-19 2.94053e-19
obrd1560 2.20118e-19 3.51365e-19 2.74811e-19
ibrd1560 2.03438e-19 4.39206e-19 1.99241e-19
ofrd1560 2.54119e-19 3.51365e-19 3.84557e-19
ifrd1560 2.2727e-19 3.51365e-19 3.04294e-19
//obcd1560 2.42763e-19 3.51365e-19 3.59154e-19
//ibcd1560 2.22076e-19 3.51365e-19 3.2631e-19
//ofcd1560 1.8935e-19 3.51365e-19 3.1164e-19
//ifcd1560 2.0184e-19 3.51365e-19 2.86863e-19
obcd1560 2.40149e-19 3.51365e-19 3.38317e-19
ibcd1560 2.14104e-19 3.51365e-19 3.20028e-19
ofcd1560 1.99293e-19 3.51365e-19 3.03791e-19
ifcd1560 2.06755e-19 3.51365e-19 2.94978e-19
okd56e00x66e11 2.7346e-19 1.26318e-17 2.51509e-19
ikd56e00x66e11 2.03575e-19 1.77822e-17 2.5573e-19
obr24x8x12v5 2.06806e-19 3.46945e-19 2.04947e-19
ibr24x8x12v5 1.67725e-19 3.46945e-19 1.96531e-19
ofr24x8x12v5 1.70845e-19 2.60209e-19 2.98538e-19
ifr24x8x12v5 1.64579e-19 2.60209e-19 2.57598e-19
//obc24x8x12v5 1.80082e-19 3.46945e-19 2.90797e-19
//ibc24x8x12v5 2.31314e-19 3.46945e-19 2.62439e-19
//ofc24x8x12v5 1.80062e-19 3.46945e-19 2.50993e-19
//ifc24x8x12v5 1.98578e-19 3.46945e-19 2.79039e-19
obc24x8x12v5 2.0773e-19 3.46945e-19 2.69198e-19
ibc24x8x12v5 2.13485e-19 3.46945e-19 2.48789e-19
ofc24x8x12v5 2.64409e-19 3.46945e-19 3.0088e-19
ifc24x8x12v5 1.66352e-19 3.46945e-19 3.15106e-19
ok11o11x7e00x4hx9o10 1.72669e-19 1.13045e-17 2.23171e-19
ik11o11x7e00x4hx9o10 1.86405e-19 1.1848e-17 1.82627e-19
Executing "/usr/lib/fftw/ptest/fftwl/benchl --verbose=1   --verify 'ofrd5x7x8x6' --verify 'ifrd5x7x8x6' --verify '//obcd5x7x8x6' --verify '//ibcd5x7x8x6' --verify '//ofcd5x7x8x6' --verify '//ifcd5x7x8x6' --verify 'obcd5x7x8x6' --verify 'ibcd5x7x8x6' --verify 'ofcd5x7x8x6' --verify 'ifcd5x7x8x6' --verify 'ok10o00x3bx12o00x6e01v9' --verify 'ik10o00x3bx12o00x6e01v9' --verify '//obrd24x12x5' --verify '//ofrd24x12x5' --verify 'obrd24x12x5' --verify 'ibrd24x12x5' --verify 'ofrd24x12x5' --verify 'ifrd24x12x5' --verify '//obcd24x12x5' --verify '//ibcd24x12x5' --verify '//ofcd24x12x5' --verify '//ifcd24x12x5' --verify 'obcd24x12x5' --verify 'ibcd24x12x5' --verify 'ofcd24x12x5' --verify 'ifcd24x12x5' --verify 'ok15552e00' --verify 'ik15552e00' --verify 'obr9x13x9x9v3' --verify 'ibr9x13x9x9v3' --verify 'ofr9x13x9x9v3' --verify 'ifr9x13x9x9v3' --verify '//obc9x13x9x9v3' --verify '//ibc9x13x9x9v3' --verify '//ofc9x13x9x9v3' --verify '//ifc9x13x9x9v3' --verify 'obc9x13x9x9v3' --verify 'ibc9x13x9x9v3' --verify 'ofc9x13x9x9v3' --verify 'ifc9x13x9x9v3' --verify 'ok2bx9e00x12o10x12h*5' --verify 'ik2bx9e00x12o10x12h*5' --verify 'obr5x16x8*12' --verify 'ibr5x16x8*12'"
ofrd5x7x8x6 2.05571e-19 2.53938e-19 2.86629e-19
ifrd5x7x8x6 1.73962e-19 2.53938e-19 2.81138e-19
//obcd5x7x8x6 1.99128e-19 3.38583e-19 2.83944e-19
//ibcd5x7x8x6 1.7809e-19 3.38583e-19 2.78757e-19
//ofcd5x7x8x6 2.46884e-19 3.38583e-19 3.62391e-19
//ifcd5x7x8x6 2.09338e-19 3.38583e-19 3.2415e-19
obcd5x7x8x6 2.00984e-19 4.23229e-19 3.02017e-19
ibcd5x7x8x6 2.09192e-19 3.38583e-19 2.8562e-19
ofcd5x7x8x6 1.75806e-19 3.38583e-19 2.92132e-19
ifcd5x7x8x6 2.1179e-19 3.38583e-19 3.13529e-19
ok10o00x3bx12o00x6e01v9 2.48437e-19 1.0398e-17 2.46807e-19
ik10o00x3bx12o00x6e01v9 2.0028e-19 7.47857e-18 2.37074e-19
//obrd24x12x5 1.92149e-19 3.65712e-19 2.36262e-19
//ofrd24x12x5 1.58611e-19 3.65712e-19 2.9853e-19
obrd24x12x5 2.01049e-19 3.65712e-19 2.15287e-19
ibrd24x12x5 1.92093e-19 3.65712e-19 2.09565e-19
ofrd24x12x5 1.88173e-19 2.74284e-19 2.67942e-19
ifrd24x12x5 2.05669e-19 2.74284e-19 2.70211e-19
//obcd24x12x5 1.76355e-19 4.5714e-19 2.82069e-19
//ibcd24x12x5 1.94462e-19 3.65712e-19 2.79539e-19
//ofcd24x12x5 2.12847e-19 3.65712e-19 2.93461e-19
//ifcd24x12x5 1.7997e-19 3.65712e-19 2.95001e-19
obcd24x12x5 2.20248e-19 4.5714e-19 2.68553e-19
ibcd24x12x5 2.4543e-19 3.65712e-19 2.7965e-19
ofcd24x12x5 1.66476e-19 4.5714e-19 2.96334e-19
ifcd24x12x5 1.77174e-19 3.65712e-19 2.67465e-19
ok15552e00 2.94368e-19 2.77556e-17 2.66911e-19
ik15552e00 2.26634e-19 2.77556e-17 2.46229e-19
obr9x13x9x9v3 2.25519e-19 3.80149e-19 2.90877e-19
ibr9x13x9x9v3 2.28429e-19 4.75186e-19 2.74252e-19
ofr9x13x9x9v3 2.09945e-19 3.80149e-19 4.68242e-19
ifr9x13x9x9v3 2.27137e-19 3.80149e-19 4.53303e-19
//obc9x13x9x9v3 2.04622e-19 3.80149e-19 4.25431e-19
//ibc9x13x9x9v3 2.24493e-19 3.80149e-19 4.06083e-19
//ofc9x13x9x9v3 2.07772e-19 4.75186e-19 3.9676e-19
//ifc9x13x9x9v3 2.34615e-19 3.80149e-19 4.12055e-19
obc9x13x9x9v3 2.07696e-19 3.80149e-19 4.50567e-19
ibc9x13x9x9v3 2.25515e-19 3.80149e-19 4.18387e-19
ofc9x13x9x9v3 2.20298e-19 3.80149e-19 4.06546e-19
ifc9x13x9x9v3 2.23443e-19 3.80149e-19 4.17862e-19
ok2bx9e00x12o10x12h*5 1.68349e-19 1.0262e-17 2.03634e-19
ik2bx9e00x12o10x12h*5 1.71487e-19 1.0571e-17 1.68029e-19
obr5x16x8*12 1.67269e-19 2.97141e-19 1.89796e-19
ibr5x16x8*12 1.63313e-19 3.71426e-19 1.882e-19
Executing "/usr/lib/fftw/ptest/fftwl/benchl --verbose=1   --verify '//obc2x5x13x6*1' --verify '//ibc2x5x13x6*1' --verify '//ofc2x5x13x6*1' --verify '//ifc2x5x13x6*1' --verify 'obc2x5x13x6*1' --verify 'ibc2x5x13x6*1' --verify 'ofc2x5x13x6*1' --verify 'ifc2x5x13x6*1' --verify 'ok3o11x12e00*30' --verify 'ik3o11x12e00*30' --verify 'obr8x9x2x9*2' --verify 'ibr8x9x2x9*2' --verify 'ofr8x9x2x9*2' --verify 'ifr8x9x2x9*2' --verify '//obc8x9x2x9*2' --verify '//ibc8x9x2x9*2' --verify '//ofc8x9x2x9*2' --verify '//ifc8x9x2x9*2' --verify 'obc8x9x2x9*2' --verify 'ibc8x9x2x9*2' --verify 'ofc8x9x2x9*2' --verify 'ifc8x9x2x9*2' --verify 'okd9o00*76' --verify 'ikd9o00*76' --verify '//obrd4x7x7x15' --verify '//ofrd4x7x7x15' --verify 'obrd4x7x7x15' --verify 'ibrd4x7x7x15' --verify 'ofrd4x7x7x15' --verify 'ifrd4x7x7x15' --verify '//obcd4x7x7x15' --verify '//ibcd4x7x7x15' --verify '//ofcd4x7x7x15' --verify '//ifcd4x7x7x15' --verify 'obcd4x7x7x15' --verify 'ibcd4x7x7x15' --verify 'ofcd4x7x7x15' --verify 'ifcd4x7x7x15' --verify 'ok13o00x8e01*5' --verify 'ik13o00x8e01*5' --verify '//obrd5x7x8x6' --verify '//ofrd5x7x8x6' --verify 'obrd5x7x8x6' --verify 'ibrd5x7x8x6'"
//obc2x5x13x6*1 1.87003e-19 3.10565e-19 2.92287e-19
//ibc2x5x13x6*1 1.97886e-19 3.10565e-19 3.12317e-19
//ofc2x5x13x6*1 1.80645e-19 3.10565e-19 2.83097e-19
//ifc2x5x13x6*1 1.87654e-19 3.10565e-19 2.92607e-19
obc2x5x13x6*1 1.99876e-19 3.10565e-19 2.91586e-19
ibc2x5x13x6*1 2.23177e-19 3.72678e-19 3.43276e-19
ofc2x5x13x6*1 2.04542e-19 3.72678e-19 3.03241e-19
ifc2x5x13x6*1 2.16884e-19 3.10565e-19 2.83031e-19
ok3o11x12e00*30 1.4787e-19 7.53911e-19 1.30005e-19
ik3o11x12e00*30 1.83669e-19 8.11905e-19 1.53183e-19
obr8x9x2x9*2 1.8099e-19 4.33681e-19 2.79115e-19
ibr8x9x2x9*2 1.82526e-19 2.89121e-19 2.68498e-19
ofr8x9x2x9*2 1.66021e-19 2.89121e-19 4.27045e-19
ifr8x9x2x9*2 2.69497e-19 2.89121e-19 3.93205e-19
//obc8x9x2x9*2 1.79742e-19 2.89121e-19 4.26192e-19
//ibc8x9x2x9*2 1.83101e-19 2.89121e-19 4.04325e-19
//ofc8x9x2x9*2 2.10946e-19 3.61401e-19 3.74929e-19
//ifc8x9x2x9*2 2.00101e-19 2.89121e-19 3.843e-19
obc8x9x2x9*2 2.02215e-19 2.89121e-19 4.18562e-19
ibc8x9x2x9*2 1.79805e-19 2.89121e-19 3.86118e-19
ofc8x9x2x9*2 2.05527e-19 2.89121e-19 3.74944e-19
ifc8x9x2x9*2 2.05655e-19 2.89121e-19 4.0338e-19
okd9o00*76 1.94458e-19 2.19694e-19 1.39953e-19
ikd9o00*76 1.40905e-19 1.92232e-19 1.31833e-19
//obrd4x7x7x15 2.31669e-19 5.1189e-19 2.68225e-19
//ofrd4x7x7x15 1.79574e-19 2.55945e-19 3.4577e-19
obrd4x7x7x15 1.78886e-19 5.1189e-19 2.58804e-19
ibrd4x7x7x15 1.90177e-19 5.1189e-19 2.24382e-19
ofrd4x7x7x15 1.80694e-19 2.55945e-19 3.51397e-19
ifrd4x7x7x15 1.71962e-19 2.55945e-19 2.93716e-19
//obcd4x7x7x15 1.81915e-19 3.83917e-19 3.5059e-19
//ibcd4x7x7x15 1.9618e-19 3.19931e-19 3.19833e-19
//ofcd4x7x7x15 1.8888e-19 3.83917e-19 3.38348e-19
//ifcd4x7x7x15 2.16595e-19 3.83917e-19 3.02165e-19
obcd4x7x7x15 1.78929e-19 3.83917e-19 3.161e-19
ibcd4x7x7x15 1.98438e-19 3.83917e-19 3.18248e-19
ofcd4x7x7x15 1.92525e-19 3.83917e-19 3.52547e-19
ifcd4x7x7x15 1.86251e-19 3.83917e-19 3.15302e-19
ok13o00x8e01*5 1.86431e-19 1.13841e-18 2.14691e-19
ik13o00x8e01*5 1.93477e-19 1.20346e-18 2.00448e-19
//obrd5x7x8x6 2.37623e-19 4.23229e-19 2.20615e-19
//ofrd5x7x8x6 2.1897e-19 2.53938e-19 3.06327e-19
obrd5x7x8x6 1.59717e-19 3.38583e-19 2.09521e-19
ibrd5x7x8x6 1.98254e-19 3.38583e-19 2.07021e-19
Executing "/usr/lib/fftw/ptest/fftwl/benchl --verbose=1   --verify 'ofr6x12x7*3' --verify 'ifr6x12x7*3' --verify '//obc6x12x7*3' --verify '//ibc6x12x7*3' --verify '//ofc6x12x7*3' --verify '//ifc6x12x7*3' --verify 'obc6x12x7*3' --verify 'ibc6x12x7*3' --verify 'ofc6x12x7*3' --verify 'ifc6x12x7*3' --verify 'okd80o10v76' --verify 'ikd80o10v76' --verify 'obr7x10x7x12*2' --verify 'ibr7x10x7x12*2' --verify 'ofr7x10x7x12*2' --verify 'ifr7x10x7x12*2' --verify '//obc7x10x7x12*2' --verify '//ibc7x10x7x12*2' --verify '//ofc7x10x7x12*2' --verify '//ifc7x10x7x12*2' --verify 'obc7x10x7x12*2' --verify 'ibc7x10x7x12*2' --verify 'ofc7x10x7x12*2' --verify 'ifc7x10x7x12*2' --verify 'ok6e11x14bx6o01v2' --verify 'ik6e11x14bx6o01v2' --verify 'obr66v85' --verify 'ibr66v85' --verify 'ofr66v85' --verify 'ifr66v85' --verify '//obc66v85' --verify '//ibc66v85' --verify '//ofc66v85' --verify '//ifc66v85' --verify 'obc66v85' --verify 'ibc66v85' --verify 'ofc66v85' --verify 'ifc66v85' --verify 'ok11e00v89' --verify 'ik11e00v89' --verify 'obr2x5x13x6*1' --verify 'ibr2x5x13x6*1' --verify 'ofr2x5x13x6*1' --verify 'ifr2x5x13x6*1'"
ofr6x12x7*3 1.92981e-19 3.09083e-19 2.98558e-19
ifr6x12x7*3 1.68194e-19 3.09083e-19 2.98214e-19
//obc6x12x7*3 2.1277e-19 3.09083e-19 2.93832e-19
//ibc6x12x7*3 1.61429e-19 3.09083e-19 3.11378e-19
//ofc6x12x7*3 1.7842e-19 3.09083e-19 3.02363e-19
//ifc6x12x7*3 1.86559e-19 3.09083e-19 3.17883e-19
obc6x12x7*3 2.16083e-19 4.12111e-19 2.98618e-19
ibc6x12x7*3 1.84053e-19 3.09083e-19 2.92678e-19
ofc6x12x7*3 1.81957e-19 3.09083e-19 3.37775e-19
ifc6x12x7*3 1.87673e-19 3.09083e-19 2.64526e-19
okd80o10v76 1.76799e-19 7.41466e-19 1.69017e-19
ikd80o10v76 1.87891e-19 8.78774e-19 1.80424e-19
obr7x10x7x12*2 2.04724e-19 3.39338e-19 2.35862e-19
ibr7x10x7x12*2 1.99889e-19 4.07206e-19 2.46453e-19
ofr7x10x7x12*2 2.09662e-19 2.71471e-19 3.55963e-19
ifr7x10x7x12*2 1.83146e-19 3.39338e-19 3.32159e-19
//obc7x10x7x12*2 2.18962e-19 4.07206e-19 3.30151e-19
//ibc7x10x7x12*2 2.08536e-19 3.39338e-19 3.31962e-19
//ofc7x10x7x12*2 1.88906e-19 3.39338e-19 2.91847e-19
//ifc7x10x7x12*2 2.27853e-19 3.39338e-19 3.15525e-19
obc7x10x7x12*2 1.97298e-19 4.07206e-19 3.18044e-19
ibc7x10x7x12*2 2.04053e-19 3.39338e-19 2.94831e-19
ofc7x10x7x12*2 2.00485e-19 3.39338e-19 3.10583e-19
ifc7x10x7x12*2 2.19872e-19 3.39338e-19 3.36975e-19
ok6e11x14bx6o01v2 2.32762e-19 3.03553e-18 3.25814e-19
ik6e11x14bx6o01v2 1.9781e-19 2.20766e-18 2.99894e-19
obr66v85 1.60075e-19 2.16042e-19 1.51781e-19
ibr66v85 1.98845e-19 2.16042e-19 1.49889e-19
ofr66v85 1.36029e-19 2.70052e-19 2.4011e-19
ifr66v85 1.52632e-19 2.16042e-19 2.71132e-19
//obc66v85 1.74915e-19 2.16042e-19 2.56976e-19
//ibc66v85 2.0773e-19 2.70052e-19 2.49931e-19
//ofc66v85 1.80722e-19 2.70052e-19 2.38898e-19
//ifc66v85 1.90387e-19 2.70052e-19 2.63634e-19
obc66v85 1.86679e-19 2.16042e-19 2.43821e-19
ibc66v85 1.75731e-19 2.16042e-19 2.27945e-19
ofc66v85 1.88295e-19 2.70052e-19 2.22882e-19
ifc66v85 1.89174e-19 2.70052e-19 2.60468e-19
ok11e00v89 1.39131e-19 2.19277e-19 9.726e-20
ik11e00v89 9.27064e-20 4.38554e-19 6.9335e-20
obr2x5x13x6*1 1.82077e-19 4.96905e-19 2.15678e-19
ibr2x5x13x6*1 1.85298e-19 2.48452e-19 2.17357e-19
ofr2x5x13x6*1 1.93249e-19 2.48452e-19 2.91558e-19
ifr2x5x13x6*1 1.78332e-19 2.48452e-19 3.24915e-19
Executing "/usr/lib/fftw/ptest/fftwl/benchl --verbose=1   --verify 'ofrd7v19' --verify 'ifrd7v19' --verify '//obcd7v19' --verify '//ibcd7v19' --verify '//ofcd7v19' --verify '//ifcd7v19' --verify 'obcd7v19' --verify 'ibcd7v19' --verify 'ofcd7v19' --verify 'ifcd7v19' --verify 'ok3o10x6o11x3e10x8bv2' --verify 'ik3o10x6o11x3e10x8bv2' --verify '//obrd10x9x7x10' --verify '//ofrd10x9x7x10' --verify 'obrd10x9x7x10' --verify 'ibrd10x9x7x10' --verify 'ofrd10x9x7x10' --verify 'ifrd10x9x7x10' --verify '//obcd10x9x7x10' --verify '//ibcd10x9x7x10' --verify '//ofcd10x9x7x10' --verify '//ifcd10x9x7x10' --verify 'obcd10x9x7x10' --verify 'ibcd10x9x7x10' --verify 'ofcd10x9x7x10' --verify 'ifcd10x9x7x10' --verify 'okd24o11x4o11x13o01' --verify 'ikd24o11x4o11x13o01' --verify 'obr56*2' --verify 'ibr56*2' --verify 'ofr56*2' --verify 'ifr56*2' --verify '//obc56*2' --verify '//ibc56*2' --verify '//ofc56*2' --verify '//ifc56*2' --verify 'obc56*2' --verify 'ibc56*2' --verify 'ofc56*2' --verify 'ifc56*2' --verify 'ok12hx2e11v4' --verify 'ik12hx2e11v4' --verify 'obr6x12x7*3' --verify 'ibr6x12x7*3'"
ofrd7v19 1.42313e-19 8.62716e-20 2.48849e-19
ifrd7v19 1.38233e-19 8.62716e-20 2.50978e-19
//obcd7v19 1.44514e-19 1.72543e-19 2.76402e-19
//ibcd7v19 1.96635e-19 1.72543e-19 3.23187e-19
//ofcd7v19 1.81801e-19 8.62716e-20 2.90702e-19
//ifcd7v19 1.53936e-19 8.62716e-20 2.73497e-19
obcd7v19 1.76153e-19 8.62716e-20 3.80301e-19
ibcd7v19 1.5978e-19 1.72543e-19 2.88531e-19
ofcd7v19 1.57297e-19 1.29407e-19 2.79371e-19
ifcd7v19 1.79729e-19 1.72543e-19 2.5845e-19
ok3o10x6o11x3e10x8bv2 1.73822e-19 2.19395e-18 2.02824e-19
ik3o10x6o11x3e10x8bv2 1.83816e-19 2.09143e-18 1.90586e-19
//obrd10x9x7x10 2.33382e-19 3.49687e-19 2.39124e-19
//ofrd10x9x7x10 2.04973e-19 3.49687e-19 3.95047e-19
obrd10x9x7x10 1.97886e-19 5.24531e-19 2.83483e-19
ibrd10x9x7x10 2.03641e-19 4.37109e-19 2.77279e-19
ofrd10x9x7x10 2.51276e-19 3.49687e-19 4.46121e-19
ifrd10x9x7x10 2.01961e-19 3.49687e-19 3.99216e-19
//obcd10x9x7x10 2.00986e-19 4.37109e-19 3.74756e-19
//ibcd10x9x7x10 1.89906e-19 4.37109e-19 4.0564e-19
//ofcd10x9x7x10 2.33482e-19 3.49687e-19 4.12685e-19
//ifcd10x9x7x10 2.02933e-19 4.37109e-19 4.38712e-19
obcd10x9x7x10 2.23272e-19 4.37109e-19 3.78655e-19
ibcd10x9x7x10 2.00158e-19 4.37109e-19 4.10548e-19
ofcd10x9x7x10 2.11444e-19 3.49687e-19 3.61519e-19
ifcd10x9x7x10 1.88687e-19 3.49687e-19 4.17637e-19
okd24o11x4o11x13o01 2.10785e-19 2.91717e-18 2.4976e-19
ikd24o11x4o11x13o01 2.30515e-19 3.1522e-18 2.47474e-19
obr56*2 1.76867e-19 2.60789e-19 2.20229e-19
ibr56*2 1.32759e-19 2.60789e-19 2.16023e-19
ofr56*2 1.58184e-19 1.73859e-19 3.41099e-19
ifr56*2 1.62204e-19 1.73859e-19 3.36972e-19
//obc56*2 1.53471e-19 1.73859e-19 3.22858e-19
//ibc56*2 1.76638e-19 1.73859e-19 3.28335e-19
//ofc56*2 1.70561e-19 1.73859e-19 2.80155e-19
//ifc56*2 1.6603e-19 1.73859e-19 3.72773e-19
obc56*2 1.74819e-19 1.73859e-19 3.55568e-19
ibc56*2 1.79974e-19 1.73859e-19 2.94139e-19
ofc56*2 2.20652e-19 1.73859e-19 2.86609e-19
ifc56*2 1.72669e-19 1.73859e-19 3.34733e-19
ok12hx2e11v4 1.14428e-19 3.66729e-19 1.72751e-19
ik12hx2e11v4 1.53484e-19 2.93383e-19 1.92936e-19
obr6x12x7*3 1.93691e-19 2.06055e-19 1.78074e-19
ibr6x12x7*3 1.68834e-19 3.09083e-19 2.17378e-19
Executing "/usr/lib/fftw/ptest/fftwl/benchl --verbose=1   --verify 'ok5bx3o10x7e00x8e11v5' --verify 'ik5bx3o10x7e00x8e11v5' --verify 'obrd7v19' --verify 'ibrd7v19'"
ok5bx3o10x7e00x8e11v5 1.91632e-19 6.90438e-18 1.97815e-19
ik5bx3o10x7e00x8e11v5 1.84116e-19 5.63381e-18 1.7307e-19
obrd7v19 1.49639e-19 1.72543e-19 1.37789e-19
ibrd7v19 1.86697e-19 1.72543e-19 1.12629e-19
fftw  test result:PASSED
fftwf test result:PASSED
fftwl test result:PASSED
DURATION: 1474
END: /usr/lib/fftw/ptest
2021-07-09T20:29
2021-07-09T20:29
BEGIN: /usr/lib/gnuradio/ptest
Test project /usr/lib/gnuradio/ptest
        Start   1: qa_flowgraph
  1/204 Test   #1: qa_flowgraph .........................   Passed    
        Start   2: qa_hier_block2
  2/204 Test   #2: qa_hier_block2 .......................   Passed    
        Start   3: qa_prefs
  3/204 Test   #3: qa_prefs .............................   Passed    
        Start   4: qa_random
  4/204 Test   #4: qa_random ............................   Passed    
        Start   5: qa_tag_utils
  5/204 Test   #5: qa_tag_utils .........................   Passed    
        Start   6: qa_uncaught_exception
  6/204 Test   #6: qa_uncaught_exception ................   Passed    
        Start   7: qa_pmt
  7/204 Test   #7: qa_pmt ...............................   Passed    
        Start   8: qa_pmt_to_python
  8/204 Test   #8: qa_pmt_to_python .....................   Passed    
        Start   9: qa_add_mult_div_sub
  9/204 Test   #9: qa_add_mult_div_sub ..................   Passed    
        Start  10: qa_add_mult_v
 10/204 Test  #10: qa_add_mult_v ........................   Passed    
        Start  11: qa_affinity
 11/204 Test  #11: qa_affinity ..........................   Passed    
        Start  12: qa_argmax
 12/204 Test  #12: qa_argmax ............................   Passed    
        Start  13: qa_block_behavior
 13/204 Test  #13: qa_block_behavior ....................   Passed    
        Start  14: qa_block_gateway
 14/204 Test  #14: qa_block_gateway .....................   Passed    
        Start  15: qa_boolean_operators
 15/204 Test  #15: qa_boolean_operators .................   Passed    
        Start  16: qa_burst_tagger
 16/204 Test  #16: qa_burst_tagger ......................   Passed    
        Start  17: qa_conjugate
 17/204 Test  #17: qa_conjugate .........................   Passed    
        Start  18: qa_copy
 18/204 Test  #18: qa_copy ..............................   Passed    
        Start  19: qa_delay
 19/204 Test  #19: qa_delay .............................   Passed    
        Start  20: qa_endian_swap
 20/204 Test  #20: qa_endian_swap .......................   Passed    
        Start  21: qa_exponentiate_const_cci
 21/204 Test  #21: qa_exponentiate_const_cci ............   Passed    
        Start  22: qa_file_descriptor_source_sink
 22/204 Test  #22: qa_file_descriptor_source_sink .......   Passed    
        Start  23: qa_file_metadata
 23/204 Test  #23: qa_file_metadata .....................***Failed    
        Start  24: qa_file_sink
 24/204 Test  #24: qa_file_sink .........................   Passed    
        Start  25: qa_file_source
 25/204 Test  #25: qa_file_source .......................   Passed    
        Start  26: qa_head
 26/204 Test  #26: qa_head ..............................   Passed    
        Start  27: qa_hier_block2
 27/204 Test  #27: qa_hier_block2 .......................   Passed    
        Start  28: qa_hier_block2_message_connections
 28/204 Test  #28: qa_hier_block2_message_connections ...   Passed    
        Start  29: qa_integrate
 29/204 Test  #29: qa_integrate .........................   Passed    
        Start  30: qa_interleave
 30/204 Test  #30: qa_interleave ........................   Passed    
        Start  31: qa_keep_m_in_n
 31/204 Test  #31: qa_keep_m_in_n .......................   Passed    
        Start  32: qa_keep_one_in_n
 32/204 Test  #32: qa_keep_one_in_n .....................   Passed    
        Start  33: qa_logger
 33/204 Test  #33: qa_logger ............................   Passed    
        Start  34: qa_max
 34/204 Test  #34: qa_max ...............................   Passed    
        Start  35: qa_message
 35/204 Test  #35: qa_message ...........................   Passed    
        Start  36: qa_min
 36/204 Test  #36: qa_min ...............................   Passed    
        Start  37: qa_moving_average
 37/204 Test  #37: qa_moving_average ....................   Passed    
        Start  38: qa_multiply_conjugate
 38/204 Test  #38: qa_multiply_conjugate ................   Passed    
        Start  39: qa_multiply_matrix_xx
 39/204 Test  #39: qa_multiply_matrix_xx ................   Passed    
        Start  40: qa_mute
 40/204 Test  #40: qa_mute ..............................   Passed    
        Start  41: qa_nlog10
 41/204 Test  #41: qa_nlog10 ............................***Failed    
        Start  42: qa_null_sink_source
 42/204 Test  #42: qa_null_sink_source ..................   Passed    
        Start  43: qa_pack_k_bits
 43/204 Test  #43: qa_pack_k_bits .......................   Passed    
        Start  44: qa_packed_to_unpacked
 44/204 Test  #44: qa_packed_to_unpacked ................   Passed    
        Start  45: qa_patterned_interleaver
 45/204 Test  #45: qa_patterned_interleaver .............   Passed    
        Start  46: qa_pdu
 46/204 Test  #46: qa_pdu ...............................   Passed    
        Start  47: qa_peak_detector
 47/204 Test  #47: qa_peak_detector .....................   Passed    
        Start  48: qa_peak_detector2
 48/204 Test  #48: qa_peak_detector2 ....................   Passed    
        Start  49: qa_pipe_fittings
 49/204 Test  #49: qa_pipe_fittings .....................   Passed    
        Start  50: qa_plateau_detector_fb
 50/204 Test  #50: qa_plateau_detector_fb ...............   Passed    
        Start  51: qa_probe_signal
 51/204 Test  #51: qa_probe_signal ......................   Passed    
        Start  52: qa_python_message_passing
 52/204 Test  #52: qa_python_message_passing ............   Passed    
        Start  53: qa_regenerate
 53/204 Test  #53: qa_regenerate ........................   Passed    
        Start  54: qa_repack_bits_bb
 54/204 Test  #54: qa_repack_bits_bb ....................   Passed    
        Start  55: qa_repeat
 55/204 Test  #55: qa_repeat ............................   Passed    
        Start  56: qa_rms
 56/204 Test  #56: qa_rms ...............................   Passed    
        Start  57: qa_sample_and_hold
 57/204 Test  #57: qa_sample_and_hold ...................   Passed    
        Start  58: qa_selector
 58/204 Test  #58: qa_selector ..........................   Passed    
        Start  59: qa_skiphead
 59/204 Test  #59: qa_skiphead ..........................   Passed    
        Start  60: qa_socket_pdu
 60/204 Test  #60: qa_socket_pdu ........................   Passed    
        Start  61: qa_stream_demux
 61/204 Test  #61: qa_stream_demux ......................   Passed    
        Start  62: qa_stream_mux
 62/204 Test  #62: qa_stream_mux ........................   Passed    
        Start  63: qa_stream_to_tagged_stream
 63/204 Test  #63: qa_stream_to_tagged_stream ...........   Passed    
        Start  64: qa_stretch
 64/204 Test  #64: qa_stretch ...........................   Passed    
        Start  65: qa_tag_debug
 65/204 Test  #65: qa_tag_debug .........................   Passed    
        Start  66: qa_tag_file_sink
 66/204 Test  #66: qa_tag_file_sink .....................   Passed    
        Start  67: qa_tag_gate
 67/204 Test  #67: qa_tag_gate ..........................   Passed    
        Start  68: qa_tag_share
 68/204 Test  #68: qa_tag_share .........................   Passed    
        Start  69: qa_tagged_stream_mux
 69/204 Test  #69: qa_tagged_stream_mux .................   Passed    
        Start  70: qa_tags_strobe
 70/204 Test  #70: qa_tags_strobe .......................   Passed    
        Start  71: qa_tcp_server_sink
 71/204 Test  #71: qa_tcp_server_sink ...................   Passed    
        Start  72: qa_threshold
 72/204 Test  #72: qa_threshold .........................   Passed    
        Start  73: qa_throttle
 73/204 Test  #73: qa_throttle ..........................   Passed    
        Start  74: qa_transcendental
 74/204 Test  #74: qa_transcendental ....................   Passed    
        Start  75: qa_tsb_vector_sink_X
 75/204 Test  #75: qa_tsb_vector_sink_X .................   Passed    
        Start  76: qa_type_conversions
 76/204 Test  #76: qa_type_conversions ..................   Passed    
        Start  77: qa_udp_source_sink
 77/204 Test  #77: qa_udp_source_sink ...................   Passed    
        Start  78: qa_unpack_k_bits
 78/204 Test  #78: qa_unpack_k_bits .....................   Passed    
        Start  79: qa_vco
 79/204 Test  #79: qa_vco ...............................   Passed    
        Start  80: qa_vector_insert
 80/204 Test  #80: qa_vector_insert .....................   Passed    
        Start  81: qa_vector_map
 81/204 Test  #81: qa_vector_map ........................   Passed    
        Start  82: qa_vector_sink_source
 82/204 Test  #82: qa_vector_sink_source ................   Passed    
        Start  83: qa_wavfile
 83/204 Test  #83: qa_wavfile ...........................***Failed    
        Start  84: test_rs
Could not find executable gr_fec_rstest
Looked in the following places:
gr_fec_rstest
gr_fec_rstest
Release/gr_fec_rstest
Release/gr_fec_rstest
Debug/gr_fec_rstest
Debug/gr_fec_rstest
MinSizeRel/gr_fec_rstest
MinSizeRel/gr_fec_rstest
RelWithDebInfo/gr_fec_rstest
RelWithDebInfo/gr_fec_rstest
Deployment/gr_fec_rstest
Deployment/gr_fec_rstest
Development/gr_fec_rstest
Development/gr_fec_rstest
Unable to find executable: gr_fec_rstest
 84/204 Test  #84: test_rs ..............................***Not Run   
        Start  85: qa_ber_bf
 85/204 Test  #85: qa_ber_bf ............................   Passed    
        Start  86: qa_depuncture
 86/204 Test  #86: qa_depuncture ........................   Passed    
        Start  87: qa_ecc_ccsds_27
 87/204 Test  #87: qa_ecc_ccsds_27 ......................   Passed    
        Start  88: qa_fecapi_cc
 88/204 Test  #88: qa_fecapi_cc .........................***Failed    
        Start  89: qa_fecapi_cc_buffer_overflow
 89/204 Test  #89: qa_fecapi_cc_buffer_overflow .........   Passed   
        Start  90: qa_fecapi_dummy
 90/204 Test  #90: qa_fecapi_dummy ......................***Failed    
        Start  91: qa_fecapi_ldpc
 91/204 Test  #91: qa_fecapi_ldpc .......................***Failed    
        Start  92: qa_fecapi_repetition
 92/204 Test  #92: qa_fecapi_repetition .................***Failed    
        Start  93: qa_polar_decoder_sc

ERROR: Exit status is 9
DURATION: 638
TIMEOUT: /usr/lib/gnuradio/ptest
END: /usr/lib/gnuradio/ptest
2021-07-09T20:39
2021-07-09T20:39
BEGIN: /usr/lib/volk/ptest
Test project /usr/lib/volk/ptest
        Start   1: qa_volk_16i_32fc_dot_prod_32fc
  1/134 Test   #1: qa_volk_16i_32fc_dot_prod_32fc .......................   Passed    
        Start   2: qa_volk_16i_branch_4_state_8
  2/134 Test   #2: qa_volk_16i_branch_4_state_8 .........................   Passed    
        Start   3: qa_volk_16i_convert_8i
  3/134 Test   #3: qa_volk_16i_convert_8i ...............................   Passed    
        Start   4: qa_volk_16i_max_star_16i
  4/134 Test   #4: qa_volk_16i_max_star_16i .............................   Passed    
        Start   5: qa_volk_16i_max_star_horizontal_16i
  5/134 Test   #5: qa_volk_16i_max_star_horizontal_16i ..................   Passed    
        Start   6: qa_volk_16i_permute_and_scalar_add
  6/134 Test   #6: qa_volk_16i_permute_and_scalar_add ...................   Passed    
        Start   7: qa_volk_16i_s32f_convert_32f
  7/134 Test   #7: qa_volk_16i_s32f_convert_32f .........................   Passed    
        Start   8: qa_volk_16i_x4_quad_max_star_16i
  8/134 Test   #8: qa_volk_16i_x4_quad_max_star_16i .....................   Passed    
        Start   9: qa_volk_16i_x5_add_quad_16i_x4
  9/134 Test   #9: qa_volk_16i_x5_add_quad_16i_x4 .......................   Passed    
        Start  10: qa_volk_16ic_convert_32fc
 10/134 Test  #10: qa_volk_16ic_convert_32fc ............................   Passed    
        Start  11: qa_volk_16ic_deinterleave_16i_x2
 11/134 Test  #11: qa_volk_16ic_deinterleave_16i_x2 .....................   Passed    
        Start  12: qa_volk_16ic_deinterleave_real_16i
 12/134 Test  #12: qa_volk_16ic_deinterleave_real_16i ...................   Passed    
        Start  13: qa_volk_16ic_deinterleave_real_8i
 13/134 Test  #13: qa_volk_16ic_deinterleave_real_8i ....................   Passed    
        Start  14: qa_volk_16ic_magnitude_16i
 14/134 Test  #14: qa_volk_16ic_magnitude_16i ...........................   Passed    
        Start  15: qa_volk_16ic_s32f_deinterleave_32f_x2
 15/134 Test  #15: qa_volk_16ic_s32f_deinterleave_32f_x2 ................   Passed    
        Start  16: qa_volk_16ic_s32f_deinterleave_real_32f
 16/134 Test  #16: qa_volk_16ic_s32f_deinterleave_real_32f ..............   Passed    
        Start  17: qa_volk_16ic_s32f_magnitude_32f
 17/134 Test  #17: qa_volk_16ic_s32f_magnitude_32f ......................   Passed    
        Start  18: qa_volk_16ic_x2_dot_prod_16ic
 18/134 Test  #18: qa_volk_16ic_x2_dot_prod_16ic ........................   Passed    
        Start  19: qa_volk_16ic_x2_multiply_16ic
 19/134 Test  #19: qa_volk_16ic_x2_multiply_16ic ........................   Passed    
        Start  20: qa_volk_16u_byteswap
 20/134 Test  #20: qa_volk_16u_byteswap .................................   Passed    
        Start  21: qa_volk_16u_byteswappuppet_16u
 21/134 Test  #21: qa_volk_16u_byteswappuppet_16u .......................   Passed    
        Start  22: qa_volk_32f_64f_add_64f
 22/134 Test  #22: qa_volk_32f_64f_add_64f ..............................   Passed    
        Start  23: qa_volk_32f_64f_multiply_64f
 23/134 Test  #23: qa_volk_32f_64f_multiply_64f .........................   Passed    
        Start  24: qa_volk_32f_8u_polarbutterfly_32f
 24/134 Test  #24: qa_volk_32f_8u_polarbutterfly_32f ....................   Passed    
        Start  25: qa_volk_32f_8u_polarbutterflypuppet_32f
 25/134 Test  #25: qa_volk_32f_8u_polarbutterflypuppet_32f ..............   Passed    
        Start  26: qa_volk_32f_accumulator_s32f
 26/134 Test  #26: qa_volk_32f_accumulator_s32f .........................   Passed    
        Start  27: qa_volk_32f_acos_32f
 27/134 Test  #27: qa_volk_32f_acos_32f .................................   Passed    
        Start  28: qa_volk_32f_asin_32f
 28/134 Test  #28: qa_volk_32f_asin_32f .................................   Passed    
        Start  29: qa_volk_32f_atan_32f
 29/134 Test  #29: qa_volk_32f_atan_32f .................................   Passed    
        Start  30: qa_volk_32f_binary_slicer_32i
 30/134 Test  #30: qa_volk_32f_binary_slicer_32i ........................   Passed    
        Start  31: qa_volk_32f_binary_slicer_8i
 31/134 Test  #31: qa_volk_32f_binary_slicer_8i .........................   Passed    
        Start  32: qa_volk_32f_convert_64f
 32/134 Test  #32: qa_volk_32f_convert_64f ..............................   Passed    
        Start  33: qa_volk_32f_cos_32f
 33/134 Test  #33: qa_volk_32f_cos_32f ..................................   Passed    
        Start  34: qa_volk_32f_exp_32f
 34/134 Test  #34: qa_volk_32f_exp_32f ..................................   Passed    
        Start  35: qa_volk_32f_expfast_32f
 35/134 Test  #35: qa_volk_32f_expfast_32f ..............................   Passed    
        Start  36: qa_volk_32f_index_max_16u
 36/134 Test  #36: qa_volk_32f_index_max_16u ............................   Passed    
        Start  37: qa_volk_32f_index_max_32u
 37/134 Test  #37: qa_volk_32f_index_max_32u ............................   Passed    
        Start  38: qa_volk_32f_invsqrt_32f
 38/134 Test  #38: qa_volk_32f_invsqrt_32f ..............................   Passed    
        Start  39: qa_volk_32f_log2_32f
 39/134 Test  #39: qa_volk_32f_log2_32f .................................   Passed    
        Start  40: qa_volk_32f_null_32f
 40/134 Test  #40: qa_volk_32f_null_32f .................................   Passed    
        Start  41: qa_volk_32f_s32f_32f_fm_detect_32f
 41/134 Test  #41: qa_volk_32f_s32f_32f_fm_detect_32f ...................   Passed    
        Start  42: qa_volk_32f_s32f_add_32f
 42/134 Test  #42: qa_volk_32f_s32f_add_32f .............................   Passed    
        Start  43: qa_volk_32f_s32f_calc_spectral_noise_floor_32f
 43/134 Test  #43: qa_volk_32f_s32f_calc_spectral_noise_floor_32f .......   Passed    
        Start  44: qa_volk_32f_s32f_convert_16i
 44/134 Test  #44: qa_volk_32f_s32f_convert_16i .........................   Passed    
        Start  45: qa_volk_32f_s32f_convert_32i
 45/134 Test  #45: qa_volk_32f_s32f_convert_32i .........................   Passed    
        Start  46: qa_volk_32f_s32f_convert_8i
 46/134 Test  #46: qa_volk_32f_s32f_convert_8i ..........................   Passed    
        Start  47: qa_volk_32f_s32f_mod_rangepuppet_32f
 47/134 Test  #47: qa_volk_32f_s32f_mod_rangepuppet_32f .................   Passed    
        Start  48: qa_volk_32f_s32f_multiply_32f
 48/134 Test  #48: qa_volk_32f_s32f_multiply_32f ........................   Passed    
        Start  49: qa_volk_32f_s32f_normalize
 49/134 Test  #49: qa_volk_32f_s32f_normalize ...........................   Passed    
        Start  50: qa_volk_32f_s32f_power_32f
 50/134 Test  #50: qa_volk_32f_s32f_power_32f ...........................   Passed    
        Start  51: qa_volk_32f_s32f_s32f_mod_range_32f
 51/134 Test  #51: qa_volk_32f_s32f_s32f_mod_range_32f ..................   Passed    
        Start  52: qa_volk_32f_s32f_stddev_32f
 52/134 Test  #52: qa_volk_32f_s32f_stddev_32f ..........................   Passed    
        Start  53: qa_volk_32f_sin_32f
 53/134 Test  #53: qa_volk_32f_sin_32f ..................................   Passed    
        Start  54: qa_volk_32f_sqrt_32f
 54/134 Test  #54: qa_volk_32f_sqrt_32f .................................   Passed    
        Start  55: qa_volk_32f_stddev_and_mean_32f_x2
 55/134 Test  #55: qa_volk_32f_stddev_and_mean_32f_x2 ...................   Passed    
        Start  56: qa_volk_32f_tan_32f
 56/134 Test  #56: qa_volk_32f_tan_32f ..................................   Passed    
        Start  57: qa_volk_32f_tanh_32f
 57/134 Test  #57: qa_volk_32f_tanh_32f .................................   Passed    
        Start  58: qa_volk_32f_x2_add_32f
 58/134 Test  #58: qa_volk_32f_x2_add_32f ...............................   Passed    
        Start  59: qa_volk_32f_x2_divide_32f
 59/134 Test  #59: qa_volk_32f_x2_divide_32f ............................   Passed    
        Start  60: qa_volk_32f_x2_dot_prod_16i
 60/134 Test  #60: qa_volk_32f_x2_dot_prod_16i ..........................   Passed    
        Start  61: qa_volk_32f_x2_dot_prod_32f
 61/134 Test  #61: qa_volk_32f_x2_dot_prod_32f ..........................   Passed    
        Start  62: qa_volk_32f_x2_fm_detectpuppet_32f
 62/134 Test  #62: qa_volk_32f_x2_fm_detectpuppet_32f ...................   Passed    
        Start  63: qa_volk_32f_x2_interleave_32fc
 63/134 Test  #63: qa_volk_32f_x2_interleave_32fc .......................   Passed    
        Start  64: qa_volk_32f_x2_max_32f
 64/134 Test  #64: qa_volk_32f_x2_max_32f ...............................   Passed    
        Start  65: qa_volk_32f_x2_min_32f
 65/134 Test  #65: qa_volk_32f_x2_min_32f ...............................   Passed    
        Start  66: qa_volk_32f_x2_multiply_32f
 66/134 Test  #66: qa_volk_32f_x2_multiply_32f ..........................   Passed    
        Start  67: qa_volk_32f_x2_pow_32f
 67/134 Test  #67: qa_volk_32f_x2_pow_32f ...............................   Passed    
        Start  68: qa_volk_32f_x2_s32f_interleave_16ic
 68/134 Test  #68: qa_volk_32f_x2_s32f_interleave_16ic ..................   Passed    
        Start  69: qa_volk_32f_x2_subtract_32f
 69/134 Test  #69: qa_volk_32f_x2_subtract_32f ..........................   Passed    
        Start  70: qa_volk_32f_x3_sum_of_poly_32f
 70/134 Test  #70: qa_volk_32f_x3_sum_of_poly_32f .......................   Passed    
        Start  71: qa_volk_32fc_32f_add_32fc
 71/134 Test  #71: qa_volk_32fc_32f_add_32fc ............................   Passed    
        Start  72: qa_volk_32fc_32f_dot_prod_32fc
 72/134 Test  #72: qa_volk_32fc_32f_dot_prod_32fc .......................   Passed    
        Start  73: qa_volk_32fc_32f_multiply_32fc
 73/134 Test  #73: qa_volk_32fc_32f_multiply_32fc .......................   Passed    
        Start  74: qa_volk_32fc_conjugate_32fc
 74/134 Test  #74: qa_volk_32fc_conjugate_32fc ..........................   Passed    
        Start  75: qa_volk_32fc_convert_16ic
 75/134 Test  #75: qa_volk_32fc_convert_16ic ............................   Passed    
        Start  76: qa_volk_32fc_deinterleave_32f_x2
 76/134 Test  #76: qa_volk_32fc_deinterleave_32f_x2 .....................   Passed    
        Start  77: qa_volk_32fc_deinterleave_64f_x2
 77/134 Test  #77: qa_volk_32fc_deinterleave_64f_x2 .....................   Passed    
        Start  78: qa_volk_32fc_deinterleave_imag_32f
 78/134 Test  #78: qa_volk_32fc_deinterleave_imag_32f ...................   Passed    
        Start  79: qa_volk_32fc_deinterleave_real_32f
 79/134 Test  #79: qa_volk_32fc_deinterleave_real_32f ...................   Passed    
        Start  80: qa_volk_32fc_deinterleave_real_64f
 80/134 Test  #80: qa_volk_32fc_deinterleave_real_64f ...................   Passed    
        Start  81: qa_volk_32fc_index_max_16u
 81/134 Test  #81: qa_volk_32fc_index_max_16u ...........................   Passed    
        Start  82: qa_volk_32fc_index_max_32u
 82/134 Test  #82: qa_volk_32fc_index_max_32u ...........................   Passed    
        Start  83: qa_volk_32fc_magnitude_32f
 83/134 Test  #83: qa_volk_32fc_magnitude_32f ...........................   Passed    
        Start  84: qa_volk_32fc_magnitude_squared_32f
 84/134 Test  #84: qa_volk_32fc_magnitude_squared_32f ...................   Passed    
        Start  85: qa_volk_32fc_s32f_atan2_32f
 85/134 Test  #85: qa_volk_32fc_s32f_atan2_32f ..........................   Passed    
        Start  86: qa_volk_32fc_s32f_deinterleave_real_16i
 86/134 Test  #86: qa_volk_32fc_s32f_deinterleave_real_16i ..............   Passed    
        Start  87: qa_volk_32fc_s32f_magnitude_16i
 87/134 Test  #87: qa_volk_32fc_s32f_magnitude_16i ......................   Passed    
        Start  88: qa_volk_32fc_s32f_power_32fc
 88/134 Test  #88: qa_volk_32fc_s32f_power_32fc .........................   Passed    
        Start  89: qa_volk_32fc_s32f_power_spectral_densitypuppet_32f
 89/134 Test  #89: qa_volk_32fc_s32f_power_spectral_densitypuppet_32f ...   Passed    
        Start  90: qa_volk_32fc_s32f_power_spectrum_32f
 90/134 Test  #90: qa_volk_32fc_s32f_power_spectrum_32f .................   Passed    
        Start  91: qa_volk_32fc_s32f_x2_power_spectral_density_32f
 91/134 Test  #91: qa_volk_32fc_s32f_x2_power_spectral_density_32f ......   Passed    
        Start  92: qa_volk_32fc_s32fc_multiply_32fc
 92/134 Test  #92: qa_volk_32fc_s32fc_multiply_32fc .....................   Passed    
        Start  93: qa_volk_32fc_s32fc_rotatorpuppet_32fc
 93/134 Test  #93: qa_volk_32fc_s32fc_rotatorpuppet_32fc ................   Passed    
        Start  94: qa_volk_32fc_s32fc_x2_rotator_32fc
 94/134 Test  #94: qa_volk_32fc_s32fc_x2_rotator_32fc ...................   Passed    
        Start  95: qa_volk_32fc_x2_add_32fc
 95/134 Test  #95: qa_volk_32fc_x2_add_32fc .............................   Passed    
        Start  96: qa_volk_32fc_x2_conjugate_dot_prod_32fc
 96/134 Test  #96: qa_volk_32fc_x2_conjugate_dot_prod_32fc ..............   Passed    
        Start  97: qa_volk_32fc_x2_divide_32fc
 97/134 Test  #97: qa_volk_32fc_x2_divide_32fc ..........................   Passed    
        Start  98: qa_volk_32fc_x2_dot_prod_32fc
 98/134 Test  #98: qa_volk_32fc_x2_dot_prod_32fc ........................   Passed    
        Start  99: qa_volk_32fc_x2_multiply_32fc
 99/134 Test  #99: qa_volk_32fc_x2_multiply_32fc ........................   Passed    
        Start 100: qa_volk_32fc_x2_multiply_conjugate_32fc
100/134 Test #100: qa_volk_32fc_x2_multiply_conjugate_32fc ..............   Passed    
        Start 101: qa_volk_32fc_x2_s32f_square_dist_scalar_mult_32f
101/134 Test #101: qa_volk_32fc_x2_s32f_square_dist_scalar_mult_32f .....   Passed    
        Start 102: qa_volk_32fc_x2_s32fc_multiply_conjugate_add_32fc
102/134 Test #102: qa_volk_32fc_x2_s32fc_multiply_conjugate_add_32fc ....   Passed    
        Start 103: qa_volk_32fc_x2_square_dist_32f
103/134 Test #103: qa_volk_32fc_x2_square_dist_32f ......................   Passed    
        Start 104: qa_volk_32i_s32f_convert_32f
104/134 Test #104: qa_volk_32i_s32f_convert_32f .........................   Passed    
        Start 105: qa_volk_32i_x2_and_32i
105/134 Test #105: qa_volk_32i_x2_and_32i ...............................   Passed    
        Start 106: qa_volk_32i_x2_or_32i
106/134 Test #106: qa_volk_32i_x2_or_32i ................................   Passed    
        Start 107: qa_volk_32u_byteswap
107/134 Test #107: qa_volk_32u_byteswap .................................   Passed    
        Start 108: qa_volk_32u_byteswappuppet_32u
108/134 Test #108: qa_volk_32u_byteswappuppet_32u .......................   Passed    
        Start 109: qa_volk_32u_popcnt
109/134 Test #109: qa_volk_32u_popcnt ...................................   Passed    
        Start 110: qa_volk_32u_popcntpuppet_32u
110/134 Test #110: qa_volk_32u_popcntpuppet_32u .........................   Passed    
        Start 111: qa_volk_32u_reverse_32u
111/134 Test #111: qa_volk_32u_reverse_32u ..............................   Passed    
        Start 112: qa_volk_64f_convert_32f
112/134 Test #112: qa_volk_64f_convert_32f ..............................   Passed    
        Start 113: qa_volk_64f_x2_add_64f
113/134 Test #113: qa_volk_64f_x2_add_64f ...............................   Passed    
        Start 114: qa_volk_64f_x2_max_64f
114/134 Test #114: qa_volk_64f_x2_max_64f ...............................   Passed    
        Start 115: qa_volk_64f_x2_min_64f
115/134 Test #115: qa_volk_64f_x2_min_64f ...............................   Passed    
        Start 116: qa_volk_64f_x2_multiply_64f
116/134 Test #116: qa_volk_64f_x2_multiply_64f ..........................   Passed    
        Start 117: qa_volk_64u_byteswap
117/134 Test #117: qa_volk_64u_byteswap .................................   Passed    
        Start 118: qa_volk_64u_byteswappuppet_64u
118/134 Test #118: qa_volk_64u_byteswappuppet_64u .......................   Passed    
        Start 119: qa_volk_64u_popcnt
119/134 Test #119: qa_volk_64u_popcnt ...................................   Passed    
        Start 120: qa_volk_64u_popcntpuppet_64u
120/134 Test #120: qa_volk_64u_popcntpuppet_64u .........................   Passed    
        Start 121: qa_volk_8i_convert_16i
121/134 Test #121: qa_volk_8i_convert_16i ...............................   Passed    
        Start 122: qa_volk_8i_s32f_convert_32f
122/134 Test #122: qa_volk_8i_s32f_convert_32f ..........................   Passed    
        Start 123: qa_volk_8ic_deinterleave_16i_x2
123/134 Test #123: qa_volk_8ic_deinterleave_16i_x2 ......................   Passed    
        Start 124: qa_volk_8ic_deinterleave_real_16i
124/134 Test #124: qa_volk_8ic_deinterleave_real_16i ....................   Passed    
        Start 125: qa_volk_8ic_deinterleave_real_8i
125/134 Test #125: qa_volk_8ic_deinterleave_real_8i .....................   Passed    
        Start 126: qa_volk_8ic_s32f_deinterleave_32f_x2
126/134 Test #126: qa_volk_8ic_s32f_deinterleave_32f_x2 .................   Passed    
        Start 127: qa_volk_8ic_s32f_deinterleave_real_32f
127/134 Test #127: qa_volk_8ic_s32f_deinterleave_real_32f ...............   Passed    
        Start 128: qa_volk_8ic_x2_multiply_conjugate_16ic
128/134 Test #128: qa_volk_8ic_x2_multiply_conjugate_16ic ...............   Passed    
        Start 129: qa_volk_8ic_x2_s32f_multiply_conjugate_32fc
129/134 Test #129: qa_volk_8ic_x2_s32f_multiply_conjugate_32fc ..........   Passed    
        Start 130: qa_volk_8u_conv_k7_r2puppet_8u
130/134 Test #130: qa_volk_8u_conv_k7_r2puppet_8u .......................   Passed    
        Start 131: qa_volk_8u_x2_encodeframepolar_8u
131/134 Test #131: qa_volk_8u_x2_encodeframepolar_8u ....................   Passed    
        Start 132: qa_volk_8u_x3_encodepolar_8u_x2
132/134 Test #132: qa_volk_8u_x3_encodepolar_8u_x2 ......................   Passed    
        Start 133: qa_volk_8u_x3_encodepolarpuppet_8u
133/134 Test #133: qa_volk_8u_x3_encodepolarpuppet_8u ...................   Passed    
        Start 134: qa_volk_8u_x4_conv_k7_r2_8u
134/134 Test #134: qa_volk_8u_x4_conv_k7_r2_8u ..........................   Passed    

100% tests passed, 0 tests failed out of 134

Total Test time (real) =  
DURATION: 23
END: /usr/lib/volk/ptest
2021-07-09T20:40
STOP: ptest-runner
