START: ptest-runner
2021-07-11T17:28
BEGIN: /usr/lib/fftw/ptest
Executing "/usr/lib/fftw/ptest/fftw/bench --verbose=1   --verify 'ofc8x2x8x9v6' --verify 'ifc8x2x8x9v6' --verify 'ok4312e10' --verify 'ik4312e10' --verify 'obr5x4x12x7*7' --verify 'ibr5x4x12x7*7' --verify 'ofr5x4x12x7*7' --verify 'ifr5x4x12x7*7' --verify '//obc5x4x12x7*7' --verify '//ibc5x4x12x7*7' --verify '//ofc5x4x12x7*7' --verify '//ifc5x4x12x7*7' --verify 'obc5x4x12x7*7' --verify 'ibc5x4x12x7*7' --verify 'ofc5x4x12x7*7' --verify 'ifc5x4x12x7*7' --verify 'ok18e00x6bx6e01*4' --verify 'ik18e00x6bx6e01*4' --verify 'obr40v88' --verify 'ibr40v88' --verify 'ofr40v88' --verify 'ifr40v88' --verify '//obc40v88' --verify '//ibc40v88' --verify '//ofc40v88' --verify '//ifc40v88' --verify 'obc40v88' --verify 'ibc40v88' --verify 'ofc40v88' --verify 'ifc40v88' --verify 'ok15e10x13e11x5h*10' --verify 'ik15e10x13e11x5h*10' --verify 'obrd7x9x12v3' --verify 'ibrd7x9x12v3' --verify 'ofrd7x9x12v3' --verify 'ifrd7x9x12v3' --verify '//obcd7x9x12v3' --verify '//ibcd7x9x12v3' --verify '//ofcd7x9x12v3' --verify '//ifcd7x9x12v3' --verify 'obcd7x9x12v3' --verify 'ibcd7x9x12v3' --verify 'ofcd7x9x12v3' --verify 'ifcd7x9x12v3'"
ofc8x2x8x9v6 3.52122e-16 7.3271e-16 6.19693e-16
ifc8x2x8x9v6 4.00776e-16 7.3271e-16 6.15708e-16
ok4312e10 4.62572e-16 2.18714e-14 4.84242e-16
ik4312e10 4.2834e-16 2.27596e-14 4.34317e-16
obr5x4x12x7*7 4.81541e-16 1.04013e-15 4.62297e-16
ibr5x4x12x7*7 4.30862e-16 9.90598e-16 4.88703e-16
ofr5x4x12x7*7 3.56224e-16 9.90598e-16 9.12894e-16
ifr5x4x12x7*7 3.82124e-16 9.90598e-16 8.57706e-16
//obc5x4x12x7*7 3.18831e-16 8.42008e-16 8.4097e-16
//ibc5x4x12x7*7 4.10758e-16 9.90598e-16 7.93427e-16
//ofc5x4x12x7*7 4.60369e-16 9.90598e-16 8.69167e-16
//ifc5x4x12x7*7 4.4188e-16 9.90598e-16 9.0481e-16
obc5x4x12x7*7 4.11034e-16 9.90598e-16 7.78347e-16
ibc5x4x12x7*7 3.67301e-16 9.90598e-16 8.71383e-16
ofc5x4x12x7*7 4.30574e-16 9.90598e-16 9.54317e-16
ifc5x4x12x7*7 3.47246e-16 9.90598e-16 8.2573e-16
ok18e00x6bx6e01*4 4.22091e-16 2.13024e-14 4.33599e-16
ik18e00x6bx6e01*4 3.93642e-16 2.84495e-14 3.62854e-16
obr40v88 3.09188e-16 4.26088e-16 2.99102e-16
ibr40v88 3.89477e-16 5.68117e-16 3.98463e-16
ofr40v88 3.36706e-16 2.84058e-16 4.15117e-16
ifr40v88 3.32479e-16 2.84058e-16 3.44525e-16
//obc40v88 4.30159e-16 3.55073e-16 4.03651e-16
//ibc40v88 3.66207e-16 2.84058e-16 4.27014e-16
//ofc40v88 3.8786e-16 4.26088e-16 3.37581e-16
//ifc40v88 4.24968e-16 3.55073e-16 3.52505e-16
obc40v88 3.3576e-16 4.26088e-16 3.93785e-16
ibc40v88 3.81916e-16 4.26088e-16 3.92055e-16
ofc40v88 3.44471e-16 4.26088e-16 3.59873e-16
ifc40v88 3.84906e-16 4.26088e-16 4.0183e-16
ok15e10x13e11x5h*10 3.83592e-16 6.48443e-15 4.66378e-16
ik15e10x13e11x5h*10 4.5139e-16 6.11739e-15 4.06137e-16
obrd7x9x12v3 4.20018e-16 8.61406e-16 4.31855e-16
ibrd7x9x12v3 3.94111e-16 1.20597e-15 4.31129e-16
ofrd7x9x12v3 4.00171e-16 1.20597e-15 7.96818e-16
ifrd7x9x12v3 3.89174e-16 1.20597e-15 8.41745e-16
//obcd7x9x12v3 4.50172e-16 8.61406e-16 1.01399e-15
//ibcd7x9x12v3 3.61959e-16 1.20597e-15 7.8889e-16
//ofcd7x9x12v3 3.33072e-16 1.20597e-15 8.82099e-16
//ifcd7x9x12v3 4.33671e-16 1.20597e-15 8.6555e-16
obcd7x9x12v3 3.9644e-16 1.20597e-15 9.04194e-16
ibcd7x9x12v3 3.89857e-16 1.03369e-15 8.60016e-16
ofcd7x9x12v3 3.77848e-16 1.20597e-15 7.93723e-16
ifcd7x9x12v3 4.13359e-16 1.20597e-15 7.39909e-16
Executing "/usr/lib/fftw/ptest/fftw/bench --verbose=1   --verify '//obr5x25x7' --verify '//ofr5x25x7' --verify 'obr5x25x7' --verify 'ibr5x25x7' --verify 'ofr5x25x7' --verify 'ifr5x25x7' --verify '//obc5x25x7' --verify '//ibc5x25x7' --verify '//ofc5x25x7' --verify '//ifc5x25x7' --verify 'obc5x25x7' --verify 'ibc5x25x7' --verify 'ofc5x25x7' --verify 'ifc5x25x7' --verify 'ok72e10*66' --verify 'ik72e10*66' --verify '//obrd2028' --verify '//ibrd2028' --verify '//ofrd2028' --verify '//ifrd2028' --verify 'obrd2028' --verify 'ibrd2028' --verify 'ofrd2028' --verify 'ifrd2028' --verify '//obcd2028' --verify '//ibcd2028' --verify '//ofcd2028' --verify '//ifcd2028' --verify 'obcd2028' --verify 'ibcd2028' --verify 'ofcd2028' --verify 'ifcd2028' --verify 'ok10e10*102' --verify 'ik10e10*102' --verify 'obr8x2x8x9v6' --verify 'ibr8x2x8x9v6' --verify 'ofr8x2x8x9v6' --verify 'ifr8x2x8x9v6' --verify '//obc8x2x8x9v6' --verify '//ibc8x2x8x9v6' --verify '//ofc8x2x8x9v6' --verify '//ifc8x2x8x9v6' --verify 'obc8x2x8x9v6' --verify 'ibc8x2x8x9v6'"
//obr5x25x7 4.43013e-16 9.60829e-16 4.29197e-16
//ofr5x25x7 3.54725e-16 6.00518e-16 6.76208e-16
obr5x25x7 4.24652e-16 9.60829e-16 4.93922e-16
ibr5x25x7 3.86749e-16 7.20622e-16 6.66436e-16
ofr5x25x7 3.96233e-16 6.00518e-16 6.43006e-16
ifr5x25x7 3.70224e-16 4.80415e-16 6.24277e-16
//obc5x25x7 4.01267e-16 9.60829e-16 6.62874e-16
//ibc5x25x7 4.19298e-16 9.60829e-16 6.97569e-16
//ofc5x25x7 4.21101e-16 7.20622e-16 6.31666e-16
//ifc5x25x7 3.95072e-16 7.20622e-16 7.25491e-16
obc5x25x7 3.58041e-16 7.20622e-16 6.938e-16
ibc5x25x7 4.34571e-16 8.40726e-16 6.90649e-16
ofc5x25x7 4.42656e-16 8.40726e-16 7.06608e-16
ifc5x25x7 4.11172e-16 7.20622e-16 6.37307e-16
ok72e10*66 3.0573e-16 1.91598e-15 3.14738e-16
ik72e10*66 3.49461e-16 1.80327e-15 3.49248e-16
//obrd2028 4.97751e-16 2.36672e-15 4.85934e-16
//ibrd2028 4.91753e-16 2.20894e-15 4.09531e-16
//ofrd2028 4.51885e-16 2.36672e-15 6.93723e-16
//ifrd2028 4.08271e-16 2.20894e-15 5.57209e-16
obrd2028 4.55794e-16 2.20894e-15 4.65983e-16
ibrd2028 4.74378e-16 2.36672e-15 4.80907e-16
ofrd2028 4.25149e-16 2.36672e-15 8.00512e-16
ifrd2028 4.2357e-16 2.20894e-15 6.59569e-16
//obcd2028 4.34396e-16 2.36672e-15 6.69675e-16
//ibcd2028 4.47681e-16 2.36672e-15 5.94338e-16
//ofcd2028 4.79885e-16 2.36672e-15 6.42819e-16
//ifcd2028 4.8274e-16 2.36672e-15 6.54517e-16
obcd2028 4.33211e-16 2.36672e-15 6.02235e-16
ibcd2028 4.41618e-16 2.36672e-15 5.66878e-16
ofcd2028 4.79103e-16 2.36672e-15 6.83849e-16
ifcd2028 4.00432e-16 2.36672e-15 7.46867e-16
ok10e10*102 3.15951e-16 5.60554e-16 2.22452e-16
ik10e10*102 2.82297e-16 5.60554e-16 2.27885e-16
obr8x2x8x9v6 3.90552e-16 1.09906e-15 3.93182e-16
ibr8x2x8x9v6 3.5703e-16 1.09906e-15 5.59029e-16
ofr8x2x8x9v6 3.62477e-16 7.3271e-16 6.13507e-16
ifr8x2x8x9v6 3.51779e-16 7.3271e-16 5.95206e-16
//obc8x2x8x9v6 3.22533e-16 7.3271e-16 5.60894e-16
//ibc8x2x8x9v6 3.9134e-16 7.3271e-16 5.43643e-16
//ofc8x2x8x9v6 3.585e-16 7.3271e-16 6.84072e-16
//ifc8x2x8x9v6 3.87297e-16 7.3271e-16 6.02045e-16
obc8x2x8x9v6 5.18129e-16 7.3271e-16 6.50237e-16
ibc8x2x8x9v6 3.79435e-16 7.3271e-16 5.85118e-16
Executing "/usr/lib/fftw/ptest/fftw/bench --verbose=1   --verify 'obr10x5*27' --verify 'ibr10x5*27' --verify 'ofr10x5*27' --verify 'ifr10x5*27' --verify '//obc10x5*27' --verify '//ibc10x5*27' --verify '//ofc10x5*27' --verify '//ifc10x5*27' --verify 'obc10x5*27' --verify 'ibc10x5*27' --verify 'ofc10x5*27' --verify 'ifc10x5*27' --verify 'ok3o11x10e10v15' --verify 'ik3o11x10e10v15' --verify '//obr10x3x10' --verify '//ofr10x3x10' --verify 'obr10x3x10' --verify 'ibr10x3x10' --verify 'ofr10x3x10' --verify 'ifr10x3x10' --verify '//obc10x3x10' --verify '//ibc10x3x10' --verify '//ofc10x3x10' --verify '//ifc10x3x10' --verify 'obc10x3x10' --verify 'ibc10x3x10' --verify 'ofc10x3x10' --verify 'ifc10x3x10' --verify 'okd7o00x9o11x9o01x6e01v5' --verify 'ikd7o00x9o11x9o01x6e01v5' --verify 'obr11x9v10' --verify 'ibr11x9v10' --verify 'ofr11x9v10' --verify 'ifr11x9v10' --verify '//obc11x9v10' --verify '//ibc11x9v10' --verify '//ofc11x9v10' --verify '//ifc11x9v10' --verify 'obc11x9v10' --verify 'ibc11x9v10' --verify 'ofc11x9v10' --verify 'ifc11x9v10' --verify 'ok8e00x7o00x13o00x16o00v3' --verify 'ik8e00x7o00x13o00x16o00v3'"
obr10x5*27 3.22894e-16 5.21038e-16 3.99765e-16
ibr10x5*27 3.49838e-16 5.21038e-16 3.69273e-16
ofr10x5*27 3.81026e-16 3.90779e-16 3.7208e-16
ifr10x5*27 2.66105e-16 3.90779e-16 4.01171e-16
//obc10x5*27 3.72365e-16 3.90779e-16 3.76992e-16
//ibc10x5*27 3.41566e-16 5.21038e-16 4.15889e-16
//ofc10x5*27 4.09319e-16 5.21038e-16 4.90464e-16
//ifc10x5*27 4.25049e-16 3.90779e-16 4.12774e-16
obc10x5*27 3.74886e-16 3.90779e-16 4.00116e-16
ibc10x5*27 3.93587e-16 5.21038e-16 4.2455e-16
ofc10x5*27 3.60943e-16 3.90779e-16 3.84921e-16
ifc10x5*27 3.74929e-16 3.90779e-16 3.86904e-16
ok3o11x10e10v15 3.41327e-16 7.35608e-16 2.84314e-16
ik3o11x10e10v15 2.96829e-16 9.80811e-16 3.27248e-16
//obr10x3x10 3.76595e-16 8.20464e-16 6.39422e-16
//ofr10x3x10 3.48627e-16 6.15348e-16 6.42957e-16
obr10x3x10 3.29756e-16 8.20464e-16 5.13852e-16
ibr10x3x10 3.81344e-16 8.20464e-16 3.98786e-16
ofr10x3x10 3.40129e-16 8.20464e-16 6.51278e-16
ifr10x3x10 3.87826e-16 8.20464e-16 6.61957e-16
//obc10x3x10 4.06004e-16 8.20464e-16 6.39568e-16
//ibc10x3x10 3.19654e-16 6.15348e-16 6.26567e-16
//ofc10x3x10 3.6308e-16 6.15348e-16 6.52851e-16
//ifc10x3x10 3.70499e-16 6.15348e-16 5.39033e-16
obc10x3x10 5.01266e-16 8.20464e-16 6.95122e-16
ibc10x3x10 4.12401e-16 6.15348e-16 6.28941e-16
ofc10x3x10 3.83549e-16 6.15348e-16 6.43858e-16
ifc10x3x10 3.55986e-16 8.20464e-16 6.82191e-16
okd7o00x9o11x9o01x6e01v5 4.26186e-16 1.0632e-14 5.22119e-16
ikd7o00x9o11x9o01x6e01v5 4.32261e-16 9.22776e-15 4.73161e-16
obr11x9v10 3.82775e-16 5.89151e-16 3.42029e-16
ibr11x9v10 3.48521e-16 3.92767e-16 4.21432e-16
ofr11x9v10 3.56441e-16 3.92767e-16 5.42249e-16
ifr11x9v10 3.2231e-16 5.89151e-16 5.96745e-16
//obc11x9v10 3.19945e-16 4.90959e-16 6.0673e-16
//ibc11x9v10 3.75385e-16 3.92767e-16 5.72983e-16
//ofc11x9v10 3.2105e-16 5.89151e-16 5.66676e-16
//ifc11x9v10 3.80781e-16 3.92767e-16 6.53644e-16
obc11x9v10 3.63985e-16 5.89151e-16 5.89696e-16
ibc11x9v10 3.96942e-16 3.92767e-16 6.70563e-16
ofc11x9v10 3.99804e-16 4.90959e-16 6.23066e-16
ifc11x9v10 3.50735e-16 3.92767e-16 6.10893e-16
ok8e00x7o00x13o00x16o00v3 4.10661e-16 2.84691e-14 4.23924e-16
ik8e00x7o00x13o00x16o00v3 3.94062e-16 3.08478e-14 4.02047e-16
Executing "/usr/lib/fftw/ptest/fftw/bench --verbose=1   --verify 'obr13x11x4x3' --verify 'ibr13x11x4x3' --verify 'ofr13x11x4x3' --verify 'ifr13x11x4x3' --verify '//obc13x11x4x3' --verify '//ibc13x11x4x3' --verify '//ofc13x11x4x3' --verify '//ifc13x11x4x3' --verify 'obc13x11x4x3' --verify 'ibc13x11x4x3' --verify 'ofc13x11x4x3' --verify 'ifc13x11x4x3' --verify 'ok120e10v176' --verify 'ik120e10v176' --verify '//obr91x16' --verify '//ofr91x16' --verify 'obr91x16' --verify 'ibr91x16' --verify 'ofr91x16' --verify 'ifr91x16' --verify '//obc91x16' --verify '//ibc91x16' --verify '//ofc91x16' --verify '//ifc91x16' --verify 'obc91x16' --verify 'ibc91x16' --verify 'ofc91x16' --verify 'ifc91x16' --verify 'ok4o01x10b*25' --verify 'ik4o01x10b*25' --verify 'obr24x21*20' --verify 'ibr24x21*20' --verify 'ofr24x21*20' --verify 'ifr24x21*20' --verify '//obc24x21*20' --verify '//ibc24x21*20' --verify '//ofc24x21*20' --verify '//ifc24x21*20' --verify 'obc24x21*20' --verify 'ibc24x21*20' --verify 'ofc24x21*20' --verify 'ifc24x21*20' --verify 'okd9e10x7e00x12o00v3' --verify 'ikd9e10x7e00x12o00v3'"
obr13x11x4x3 4.28552e-16 1.20069e-15 5.43638e-16
ibr13x11x4x3 3.76478e-16 1.20069e-15 5.05779e-16
ofr13x11x4x3 3.77226e-16 1.37221e-15 8.21053e-16
ifr13x11x4x3 5.40533e-16 1.37221e-15 7.70282e-16
//obc13x11x4x3 4.12578e-16 1.88679e-15 7.4281e-16
//ibc13x11x4x3 4.9565e-16 1.54374e-15 7.0571e-16
//ofc13x11x4x3 5.18766e-16 1.20069e-15 7.48072e-16
//ifc13x11x4x3 3.75041e-16 1.54374e-15 7.75088e-16
obc13x11x4x3 4.15611e-16 1.54374e-15 7.61645e-16
ibc13x11x4x3 4.40686e-16 1.54374e-15 7.70223e-16
ofc13x11x4x3 4.44947e-16 1.37221e-15 8.5132e-16
ifc13x11x4x3 4.06323e-16 1.54374e-15 7.00438e-16
ok120e10v176 3.77667e-16 2.62385e-15 4.08418e-16
ik120e10v176 3.93133e-16 2.4145e-15 3.85658e-16
//obr91x16 4.47434e-16 1.11728e-15 4.6428e-16
//ofr91x16 3.69371e-16 1.30349e-15 7.46252e-16
obr91x16 4.49312e-16 1.11728e-15 5.07219e-16
ibr91x16 3.87613e-16 1.30349e-15 5.26236e-16
ofr91x16 3.55831e-16 1.4897e-15 7.46163e-16
ifr91x16 4.07709e-16 1.30349e-15 9.41264e-16
//obc91x16 4.60031e-16 1.4897e-15 8.21947e-16
//ibc91x16 4.07845e-16 1.4897e-15 7.99941e-16
//ofc91x16 4.11773e-16 1.30349e-15 8.11679e-16
//ifc91x16 4.78322e-16 1.30349e-15 8.24651e-16
obc91x16 4.00713e-16 1.30349e-15 7.38843e-16
ibc91x16 3.9917e-16 1.30349e-15 7.95306e-16
ofc91x16 4.64465e-16 1.4897e-15 8.06891e-16
ifc91x16 3.68924e-16 1.30349e-15 9.2007e-16
ok4o01x10b*25 3.6421e-16 1.62469e-15 2.98502e-16
ik4o01x10b*25 4.03879e-16 1.49972e-15 2.96728e-16
obr24x21*20 3.9795e-16 6.64652e-16 6.36744e-16
ibr24x21*20 4.53822e-16 7.47733e-16 5.54924e-16
ofr24x21*20 3.78262e-16 6.02341e-16 8.84465e-16
ifr24x21*20 4.08914e-16 6.02341e-16 8.70838e-16
//obc24x21*20 4.14141e-16 6.64652e-16 7.96077e-16
//ibc24x21*20 4.5967e-16 6.64652e-16 8.04697e-16
//ofc24x21*20 4.17785e-16 6.02341e-16 9.81712e-16
//ifc24x21*20 3.64736e-16 5.608e-16 7.9205e-16
obc24x21*20 3.43878e-16 6.02341e-16 7.74135e-16
ibc24x21*20 3.79422e-16 6.02341e-16 9.43546e-16
ofc24x21*20 4.93742e-16 6.64652e-16 8.16653e-16
ifc24x21*20 3.7303e-16 6.02341e-16 8.00925e-16
okd9e10x7e00x12o00v3 4.56189e-16 1.04382e-14 5.72245e-16
ikd9e10x7e00x12o00v3 3.68667e-16 8.64878e-15 4.21177e-16
Executing "/usr/lib/fftw/ptest/fftw/bench --verbose=1   --verify '//obc8x9x3x13' --verify '//ibc8x9x3x13' --verify '//ofc8x9x3x13' --verify '//ifc8x9x3x13' --verify 'obc8x9x3x13' --verify 'ibc8x9x3x13' --verify 'ofc8x9x3x13' --verify 'ifc8x9x3x13' --verify 'ok40bx7b' --verify 'ik40bx7b' --verify 'obrd3x5*24' --verify 'ibrd3x5*24' --verify 'ofrd3x5*24' --verify 'ifrd3x5*24' --verify '//obcd3x5*24' --verify '//ibcd3x5*24' --verify '//ofcd3x5*24' --verify '//ifcd3x5*24' --verify 'obcd3x5*24' --verify 'ibcd3x5*24' --verify 'ofcd3x5*24' --verify 'ifcd3x5*24' --verify 'ok10e01x28e11*30' --verify 'ik10e01x28e11*30' --verify '//obr2880' --verify '//ibr2880' --verify '//ofr2880' --verify '//ifr2880' --verify 'obr2880' --verify 'ibr2880' --verify 'ofr2880' --verify 'ifr2880' --verify '//obc2880' --verify '//ibc2880' --verify '//ofc2880' --verify '//ifc2880' --verify 'obc2880' --verify 'ibc2880' --verify 'ofc2880' --verify 'ifc2880' --verify 'ok8bv22' --verify 'ik8bv22' --verify '//obr13x11x4x3' --verify '//ofr13x11x4x3'"
//obc8x9x3x13 4.53525e-16 2.27951e-15 9.20649e-16
//ibc8x9x3x13 4.26198e-16 2.41359e-15 8.60025e-16
//ofc8x9x3x13 4.72856e-16 2.27951e-15 8.29346e-16
//ifc8x9x3x13 4.68423e-16 2.41359e-15 8.25414e-16
obc8x9x3x13 4.40763e-16 2.27951e-15 8.29248e-16
ibc8x9x3x13 5.06516e-16 2.14542e-15 8.0899e-16
ofc8x9x3x13 4.2979e-16 2.41359e-15 7.38492e-16
ifc8x9x3x13 4.46073e-16 2.41359e-15 8.84165e-16
ok40bx7b 3.3594e-16 7.10543e-15 3.51609e-16
ik40bx7b 4.02072e-16 7.10543e-15 4.08203e-16
obrd3x5*24 3.66478e-16 3.58323e-16 4.65784e-16
ibrd3x5*24 3.00924e-16 3.58323e-16 4.23231e-16
ofrd3x5*24 2.84837e-16 3.58323e-16 5.50527e-16
ifrd3x5*24 3.15566e-16 3.58323e-16 5.24553e-16
//obcd3x5*24 3.78483e-16 3.58323e-16 5.91634e-16
//ibcd3x5*24 2.85507e-16 3.58323e-16 6.1588e-16
//ofcd3x5*24 3.05921e-16 3.58323e-16 6.23619e-16
//ifcd3x5*24 3.08937e-16 3.58323e-16 5.42212e-16
obcd3x5*24 2.46069e-16 3.58323e-16 6.08905e-16
ibcd3x5*24 3.0822e-16 4.77764e-16 6.75745e-16
ofcd3x5*24 3.02889e-16 3.58323e-16 6.31245e-16
ifcd3x5*24 3.85083e-16 3.58323e-16 6.09937e-16
ok10e01x28e11*30 4.9249e-16 6.31225e-15 4.75818e-16
ik10e01x28e11*30 3.98317e-16 3.72997e-15 4.56296e-16
//obr2880 4.54933e-16 2.11843e-15 3.86632e-16
//ibr2880 4.22881e-16 2.25083e-15 4.08788e-16
//ofr2880 4.5801e-16 1.85363e-15 4.87993e-16
//ifr2880 3.63161e-16 1.85363e-15 6.68393e-16
obr2880 4.3517e-16 2.11843e-15 3.67462e-16
ibr2880 4.03958e-16 2.11843e-15 4.02585e-16
ofr2880 4.40978e-16 1.85363e-15 6.00809e-16
ifr2880 3.79716e-16 1.98603e-15 6.3731e-16
//obc2880 4.49792e-16 2.11843e-15 5.18633e-16
//ibc2880 4.70465e-16 2.11843e-15 5.76443e-16
//ofc2880 3.96474e-16 2.11843e-15 5.93462e-16
//ifc2880 4.70302e-16 2.11843e-15 6.15972e-16
obc2880 3.91854e-16 2.11843e-15 5.42849e-16
ibc2880 4.35642e-16 2.11843e-15 5.26846e-16
ofc2880 4.26787e-16 2.11843e-15 5.17328e-16
ifc2880 3.57609e-16 2.11843e-15 5.64584e-16
ok8bv22 2.17918e-16 5.80344e-16 2.12677e-16
ik8bv22 2.83114e-16 5.80344e-16 2.32401e-16
//obr13x11x4x3 4.06742e-16 1.20069e-15 5.14134e-16
//ofr13x11x4x3 4.251e-16 1.54374e-15 7.52362e-16
Executing "/usr/lib/fftw/ptest/fftw/bench --verbose=1   --verify '//obc4x12x9x2' --verify '//ibc4x12x9x2' --verify '//ofc4x12x9x2' --verify '//ifc4x12x9x2' --verify 'obc4x12x9x2' --verify 'ibc4x12x9x2' --verify 'ofc4x12x9x2' --verify 'ifc4x12x9x2' --verify 'ok10o00x7hx8b*1' --verify 'ik10o00x7hx8b*1' --verify 'obr20v27' --verify 'ibr20v27' --verify 'ofr20v27' --verify 'ifr20v27' --verify '//obc20v27' --verify '//ibc20v27' --verify '//ofc20v27' --verify '//ifc20v27' --verify 'obc20v27' --verify 'ibc20v27' --verify 'ofc20v27' --verify 'ifc20v27' --verify 'ok9e10x6e11x9e01x6e00*1' --verify 'ik9e10x6e11x9e01x6e00*1' --verify 'obr9x9x4*16' --verify 'ibr9x9x4*16' --verify 'ofr9x9x4*16' --verify 'ifr9x9x4*16' --verify '//obc9x9x4*16' --verify '//ibc9x9x4*16' --verify '//ofc9x9x4*16' --verify '//ifc9x9x4*16' --verify 'obc9x9x4*16' --verify 'ibc9x9x4*16' --verify 'ofc9x9x4*16' --verify 'ifc9x9x4*16' --verify 'ok18e11x9o01v16' --verify 'ik18e11x9o01v16' --verify '//obr8x9x3x13' --verify '//ofr8x9x3x13' --verify 'obr8x9x3x13' --verify 'ibr8x9x3x13' --verify 'ofr8x9x3x13' --verify 'ifr8x9x3x13'"
//obc4x12x9x2 4.04098e-16 7.25195e-16 9.10594e-16
//ibc4x12x9x2 3.91265e-16 7.25195e-16 9.50154e-16
//ofc4x12x9x2 3.56369e-16 7.25195e-16 7.89509e-16
//ifc4x12x9x2 4.12718e-16 7.25195e-16 9.0913e-16
obc4x12x9x2 4.13544e-16 7.25195e-16 1.03439e-15
ibc4x12x9x2 3.38681e-16 7.25195e-16 8.82708e-16
ofc4x12x9x2 3.70359e-16 7.25195e-16 7.89552e-16
ifc4x12x9x2 4.35231e-16 7.25195e-16 7.79195e-16
ok10o00x7hx8b*1 3.70573e-16 1.62638e-14 3.64141e-16
ik10o00x7hx8b*1 3.5083e-16 1.24502e-14 4.31268e-16
obr20v27 3.64086e-16 3.08938e-16 3.53789e-16
ibr20v27 2.69814e-16 3.08938e-16 3.01081e-16
ofr20v27 3.97461e-16 2.57448e-16 3.01276e-16
ifr20v27 3.52825e-16 3.08938e-16 3.61376e-16
//obc20v27 4.10786e-16 3.08938e-16 4.00291e-16
//ibc20v27 4.07344e-16 3.08938e-16 4.20149e-16
//ofc20v27 3.07978e-16 3.08938e-16 3.88134e-16
//ifc20v27 2.44893e-16 3.08938e-16 3.65168e-16
obc20v27 3.37905e-16 3.08938e-16 3.5162e-16
ibc20v27 4.05041e-16 3.08938e-16 3.60529e-16
ofc20v27 2.8263e-16 3.08938e-16 3.06121e-16
ifc20v27 3.41661e-16 3.08938e-16 3.09959e-16
ok9e10x6e11x9e01x6e00*1 5.0676e-16 3.86332e-14 4.55781e-16
ik9e10x6e11x9e01x6e00*1 4.45215e-16 3.20264e-14 5.13641e-16
obr9x9x4*16 2.95035e-16 6.29126e-16 5.35769e-16
ibr9x9x4*16 3.49645e-16 6.29126e-16 4.09264e-16
ofr9x9x4*16 3.51557e-16 5.24272e-16 5.99565e-16
ifr9x9x4*16 3.53858e-16 5.24272e-16 6.96804e-16
//obc9x9x4*16 3.73521e-16 5.24272e-16 6.41949e-16
//ibc9x9x4*16 4.52922e-16 6.29126e-16 6.44855e-16
//ofc9x9x4*16 3.71767e-16 5.24272e-16 6.795e-16
//ifc9x9x4*16 4.18733e-16 6.29126e-16 6.56409e-16
obc9x9x4*16 4.03873e-16 6.29126e-16 5.67441e-16
ibc9x9x4*16 3.9125e-16 5.24272e-16 5.96561e-16
ofc9x9x4*16 4.38699e-16 5.24272e-16 6.16282e-16
ifc9x9x4*16 3.59416e-16 7.33981e-16 6.57372e-16
ok18e11x9o01v16 4.64154e-16 1.53496e-15 6.18617e-16
ik18e11x9o01v16 4.96905e-16 1.71207e-15 4.53524e-16
//obr8x9x3x13 3.87091e-16 2.41359e-15 5.26035e-16
//ofr8x9x3x13 4.16572e-16 2.41359e-15 8.0543e-16
obr8x9x3x13 4.08023e-16 2.41359e-15 6.01918e-16
ibr8x9x3x13 4.35896e-16 2.41359e-15 5.25962e-16
ofr8x9x3x13 4.65442e-16 2.41359e-15 8.30498e-16
ifr8x9x3x13 4.27436e-16 2.27951e-15 8.46248e-16
Executing "/usr/lib/fftw/ptest/fftw/bench --verbose=1   --verify 'okd11e01x8hx3e11x9o01' --verify 'ikd11e01x8hx3e11x9o01' --verify '//obr780' --verify '//ibr780' --verify '//ofr780' --verify '//ifr780' --verify 'obr780' --verify 'ibr780' --verify 'ofr780' --verify 'ifr780' --verify '//obc780' --verify '//ibc780' --verify '//ofc780' --verify '//ifc780' --verify 'obc780' --verify 'ibc780' --verify 'ofc780' --verify 'ifc780' --verify 'okd12e10x24o01v35' --verify 'ikd12e10x24o01v35' --verify '//obr1404' --verify '//ibr1404' --verify '//ofr1404' --verify '//ifr1404' --verify 'obr1404' --verify 'ibr1404' --verify 'ofr1404' --verify 'ifr1404' --verify '//obc1404' --verify '//ibc1404' --verify '//ofc1404' --verify '//ifc1404' --verify 'obc1404' --verify 'ibc1404' --verify 'ofc1404' --verify 'ifc1404' --verify 'ok3240b' --verify 'ik3240b' --verify '//obr4x12x9x2' --verify '//ofr4x12x9x2' --verify 'obr4x12x9x2' --verify 'ibr4x12x9x2' --verify 'ofr4x12x9x2' --verify 'ifr4x12x9x2'"
okd11e01x8hx3e11x9o01 5.40587e-16 1.97695e-14 4.75486e-16
ikd11e01x8hx3e11x9o01 4.25931e-16 1.63788e-14 5.1299e-16
//obr780 4.10758e-16 6.36038e-16 4.19265e-16
//ibr780 4.11052e-16 8.90453e-16 4.65037e-16
//ofr780 4.14335e-16 6.36038e-16 7.7349e-16
//ifr780 5.04758e-16 6.36038e-16 8.60282e-16
obr780 4.35783e-16 8.90453e-16 4.26587e-16
ibr780 4.16404e-16 6.36038e-16 4.47542e-16
ofr780 4.20739e-16 5.0883e-16 9.31099e-16
ifr780 4.33874e-16 7.63245e-16 1.14658e-15
//obc780 4.31387e-16 6.36038e-16 7.92402e-16
//ibc780 4.74611e-16 6.36038e-16 8.06729e-16
//ofc780 5.36255e-16 6.36038e-16 9.08088e-16
//ifc780 4.66306e-16 6.36038e-16 7.97225e-16
obc780 4.25879e-16 7.63245e-16 8.74646e-16
ibc780 3.89744e-16 8.90453e-16 8.4039e-16
ofc780 4.55423e-16 7.63245e-16 8.95323e-16
ifc780 5.32295e-16 8.90453e-16 8.18286e-16
okd12e10x24o01v35 3.46169e-16 3.00403e-15 3.62693e-16
ikd12e10x24o01v35 3.5082e-16 2.99688e-15 4.10623e-16
//obr1404 4.44312e-16 7.58519e-16 4.76522e-16
//ibr1404 4.7543e-16 7.58519e-16 4.32757e-16
//ofr1404 3.7706e-16 5.68889e-16 7.57155e-16
//ifr1404 5.12654e-16 7.58519e-16 8.35735e-16
obr1404 4.22238e-16 9.48149e-16 4.68017e-16
ibr1404 4.12574e-16 9.48149e-16 5.22146e-16
ofr1404 4.74709e-16 5.68889e-16 7.2124e-16
ifr1404 4.53645e-16 7.58519e-16 8.03279e-16
//obc1404 4.69934e-16 7.58519e-16 6.34971e-16
//ibc1404 3.9082e-16 7.58519e-16 6.70317e-16
//ofc1404 4.37427e-16 7.58519e-16 6.38482e-16
//ifc1404 4.87009e-16 7.58519e-16 6.54e-16
obc1404 3.98496e-16 9.48149e-16 6.59484e-16
ibc1404 4.81161e-16 7.58519e-16 7.10308e-16
ofc1404 4.31953e-16 7.58519e-16 7.17278e-16
ifc1404 4.44452e-16 7.58519e-16 6.56613e-16
ok3240b 3.81233e-16 2.84217e-14 4.109e-16
ik3240b 4.66082e-16 2.84217e-14 3.95116e-16
//obr4x12x9x2 4.35646e-16 8.4606e-16 4.91204e-16
//ofr4x12x9x2 3.26536e-16 7.25195e-16 8.41756e-16
obr4x12x9x2 2.95938e-16 7.25195e-16 4.06651e-16
ibr4x12x9x2 3.58677e-16 7.25195e-16 3.74953e-16
ofr4x12x9x2 3.36902e-16 7.25195e-16 9.21241e-16
ifr4x12x9x2 2.9153e-16 7.25195e-16 8.95721e-16
Executing "/usr/lib/fftw/ptest/fftw/bench --verbose=1   --verify 'ok13e01x52e10' --verify 'ik13e01x52e10' --verify '//obrd99x66' --verify '//ofrd99x66' --verify 'obrd99x66' --verify 'ibrd99x66' --verify 'ofrd99x66' --verify 'ifrd99x66' --verify '//obcd99x66' --verify '//ibcd99x66' --verify '//ofcd99x66' --verify '//ifcd99x66' --verify 'obcd99x66' --verify 'ibcd99x66' --verify 'ofcd99x66' --verify 'ifcd99x66' --verify 'okd2o10x15bv10' --verify 'ikd2o10x15bv10' --verify 'obr4x12x7v1' --verify 'ibr4x12x7v1' --verify 'ofr4x12x7v1' --verify 'ifr4x12x7v1' --verify '//obc4x12x7v1' --verify '//ibc4x12x7v1' --verify '//ofc4x12x7v1' --verify '//ifc4x12x7v1' --verify 'obc4x12x7v1' --verify 'ibc4x12x7v1' --verify 'ofc4x12x7v1' --verify 'ifc4x12x7v1' --verify 'ok8e11x11o00x7bx8o00*2' --verify 'ik8e11x11o00x7bx8o00*2' --verify 'obrd9v224' --verify 'ibrd9v224' --verify 'ofrd9v224' --verify 'ifrd9v224' --verify '//obcd9v224' --verify '//ibcd9v224' --verify '//ofcd9v224' --verify '//ifcd9v224' --verify 'obcd9v224' --verify 'ibcd9v224' --verify 'ofcd9v224' --verify 'ifcd9v224'"
ok13e01x52e10 4.66676e-16 1.16573e-14 4.97262e-16
ik13e01x52e10 4.0567e-16 8.8228e-15 5.37133e-16
//obrd99x66 4.26527e-16 1.23063e-15 5.17324e-16
//ofrd99x66 4.22043e-16 1.75805e-15 8.14367e-16
obrd99x66 4.2038e-16 1.05483e-15 5.31148e-16
ibrd99x66 4.53848e-16 1.40644e-15 4.96485e-16
ofrd99x66 4.09916e-16 1.75805e-15 9.19777e-16
ifrd99x66 4.78681e-16 1.75805e-15 8.1928e-16
//obcd99x66 5.05135e-16 1.75805e-15 7.70938e-16
//ibcd99x66 4.16265e-16 1.75805e-15 8.61616e-16
//ofcd99x66 4.70157e-16 2.10966e-15 8.05991e-16
//ifcd99x66 4.34253e-16 1.75805e-15 8.21747e-16
obcd99x66 4.60606e-16 1.75805e-15 8.1323e-16
ibcd99x66 4.7207e-16 1.75805e-15 8.54101e-16
ofcd99x66 4.79432e-16 1.93385e-15 8.89288e-16
ifcd99x66 4.87651e-16 2.10966e-15 8.41459e-16
okd2o10x15bv10 2.98491e-16 1.22125e-15 3.28904e-16
ikd2o10x15bv10 3.14589e-16 1.40443e-15 3.76112e-16
obr4x12x7v1 3.34972e-16 9.69082e-16 4.72869e-16
ibr4x12x7v1 3.79023e-16 9.69082e-16 4.69479e-16
ofr4x12x7v1 4.04119e-16 7.75266e-16 8.60127e-16
ifr4x12x7v1 2.92974e-16 7.75266e-16 8.33896e-16
//obc4x12x7v1 3.52814e-16 9.69082e-16 9.15566e-16
//ibc4x12x7v1 4.17476e-16 7.75266e-16 7.67814e-16
//ofc4x12x7v1 4.07619e-16 7.75266e-16 7.4511e-16
//ifc4x12x7v1 3.26832e-16 7.75266e-16 8.76642e-16
obc4x12x7v1 3.36786e-16 9.69082e-16 7.45654e-16
ibc4x12x7v1 3.94466e-16 9.69082e-16 7.89349e-16
ofc4x12x7v1 3.68118e-16 7.75266e-16 8.48802e-16
ifc4x12x7v1 4.51907e-16 7.75266e-16 7.58129e-16
ok8e11x11o00x7bx8o00*2 4.60701e-16 1.98807e-14 6.19705e-16
ik8e11x11o00x7bx8o00*2 4.65717e-16 1.70983e-14 6.02386e-16
obrd9v224 3.38158e-16 3.71726e-16 3.5393e-16
ibrd9v224 3.02939e-16 4.46072e-16 3.24424e-16
ofrd9v224 2.70562e-16 4.46072e-16 5.85062e-16
ifrd9v224 2.31814e-16 4.46072e-16 5.51779e-16
//obcd9v224 2.9511e-16 3.34554e-16 5.57653e-16
//ibcd9v224 3.06427e-16 2.97381e-16 5.73012e-16
//ofcd9v224 3.03339e-16 2.97381e-16 5.39082e-16
//ifcd9v224 3.22849e-16 2.97381e-16 5.69263e-16
obcd9v224 3.31299e-16 4.46072e-16 5.86341e-16
ibcd9v224 3.253e-16 3.71726e-16 5.30514e-16
ofcd9v224 3.09091e-16 2.97381e-16 5.25324e-16
ifcd9v224 3.74091e-16 4.46072e-16 5.63721e-16
Executing "/usr/lib/fftw/ptest/fftw/bench --verbose=1   --verify 'ofcd9x11x6x10v3' --verify 'ifcd9x11x6x10v3' --verify 'okd5e01x6e00x12e11' --verify 'ikd5e01x6e00x12e11' --verify 'obrd10x35*20' --verify 'ibrd10x35*20' --verify 'ofrd10x35*20' --verify 'ifrd10x35*20' --verify '//obcd10x35*20' --verify '//ibcd10x35*20' --verify '//ofcd10x35*20' --verify '//ifcd10x35*20' --verify 'obcd10x35*20' --verify 'ibcd10x35*20' --verify 'ofcd10x35*20' --verify 'ifcd10x35*20' --verify 'okd30o01v91' --verify 'ikd30o01v91' --verify 'obr5v46' --verify 'ibr5v46' --verify 'ofr5v46' --verify 'ifr5v46' --verify '//obc5v46' --verify '//ibc5v46' --verify '//ofc5v46' --verify '//ifc5v46' --verify 'obc5v46' --verify 'ibc5v46' --verify 'ofc5v46' --verify 'ifc5v46' --verify 'ok7e00x9h*26' --verify 'ik7e00x9h*26' --verify 'obrd10x8v24' --verify 'ibrd10x8v24' --verify 'ofrd10x8v24' --verify 'ifrd10x8v24' --verify '//obcd10x8v24' --verify '//ibcd10x8v24' --verify '//ofcd10x8v24' --verify '//ifcd10x8v24' --verify 'obcd10x8v24' --verify 'ibcd10x8v24' --verify 'ofcd10x8v24' --verify 'ifcd10x8v24'"
ofcd9x11x6x10v3 3.92099e-16 1.72093e-15 8.35424e-16
ifcd9x11x6x10v3 4.1971e-16 1.72093e-15 9.59102e-16
okd5e01x6e00x12e11 3.6559e-16 7.78824e-15 3.87507e-16
ikd5e01x6e00x12e11 4.40812e-16 1.03472e-14 4.77296e-16
obrd10x35*20 4.14091e-16 5.98187e-16 3.89587e-16
ibrd10x35*20 4.00415e-16 7.97582e-16 4.74349e-16
ofrd10x35*20 4.06072e-16 5.98187e-16 4.67927e-16
ifrd10x35*20 4.76065e-16 5.98187e-16 4.57813e-16
//obcd10x35*20 4.72313e-16 5.98187e-16 3.94884e-16
//ibcd10x35*20 3.94182e-16 5.98187e-16 5.05263e-16
//ofcd10x35*20 3.95023e-16 5.98187e-16 4.80054e-16
//ifcd10x35*20 3.30918e-16 7.97582e-16 4.26343e-16
obcd10x35*20 3.37913e-16 5.98187e-16 4.12076e-16
ibcd10x35*20 3.89075e-16 5.98187e-16 5.17194e-16
ofcd10x35*20 3.55485e-16 5.98187e-16 5.01057e-16
ifcd10x35*20 4.19411e-16 5.98187e-16 4.44242e-16
okd30o01v91 3.31799e-16 1.34876e-15 3.08866e-16
ikd30o01v91 3.75733e-16 1.34876e-15 3.3056e-16
obr5v46 2.22354e-16 3.0438e-16 3.69385e-16
ibr5v46 2.85349e-16 3.0438e-16 2.39422e-16
ofr5v46 2.30977e-16 2.0292e-16 2.81232e-16
ifr5v46 2.5115e-16 2.0292e-16 2.77859e-16
//obc5v46 2.69024e-16 3.0438e-16 3.01637e-16
//ibc5v46 2.85226e-16 3.0438e-16 3.67507e-16
//ofc5v46 3.64431e-16 3.0438e-16 3.64537e-16
//ifc5v46 3.41507e-16 3.0438e-16 3.67978e-16
obc5v46 3.01568e-16 3.0438e-16 2.87541e-16
ibc5v46 3.3572e-16 3.0438e-16 2.96196e-16
ofc5v46 3.16107e-16 3.0438e-16 4.3091e-16
ifc5v46 3.96687e-16 3.0438e-16 3.53346e-16
ok7e00x9h*26 3.36601e-16 3.17054e-15 3.01426e-16
ik7e00x9h*26 4.33433e-16 2.47879e-15 3.09565e-16
obrd10x8v24 3.17586e-16 4.13756e-16 3.11217e-16
ibrd10x8v24 3.48488e-16 4.13756e-16 3.04927e-16
ofrd10x8v24 2.8644e-16 4.13756e-16 4.1374e-16
ifrd10x8v24 3.43981e-16 4.13756e-16 3.95859e-16
//obcd10x8v24 4.36136e-16 5.17195e-16 3.95565e-16
//ibcd10x8v24 3.42016e-16 4.13756e-16 3.9437e-16
//ofcd10x8v24 3.50637e-16 5.17195e-16 5.55438e-16
//ifcd10x8v24 3.81356e-16 4.13756e-16 3.82082e-16
obcd10x8v24 3.49315e-16 4.13756e-16 3.90122e-16
ibcd10x8v24 3.40244e-16 4.13756e-16 4.3423e-16
ofcd10x8v24 3.3771e-16 4.13756e-16 3.90431e-16
ifcd10x8v24 3.56776e-16 4.13756e-16 4.08141e-16
Executing "/usr/lib/fftw/ptest/fftw/bench --verbose=1   --verify 'ofc6x3x24' --verify 'ifc6x3x24' --verify 'ok5o00x7e01x10o11v8' --verify 'ik5o00x7e01x10o11v8' --verify 'obr10x5x12*13' --verify 'ibr10x5x12*13' --verify 'ofr10x5x12*13' --verify 'ifr10x5x12*13' --verify '//obc10x5x12*13' --verify '//ibc10x5x12*13' --verify '//ofc10x5x12*13' --verify '//ifc10x5x12*13' --verify 'obc10x5x12*13' --verify 'ibc10x5x12*13' --verify 'ofc10x5x12*13' --verify 'ifc10x5x12*13' --verify 'okd10e00x12e10x7o00x13o10' --verify 'ikd10e00x12e10x7o00x13o10' --verify '//obrd42x12' --verify '//ofrd42x12' --verify 'obrd42x12' --verify 'ibrd42x12' --verify 'ofrd42x12' --verify 'ifrd42x12' --verify '//obcd42x12' --verify '//ibcd42x12' --verify '//ofcd42x12' --verify '//ifcd42x12' --verify 'obcd42x12' --verify 'ibcd42x12' --verify 'ofcd42x12' --verify 'ifcd42x12' --verify 'ok11e00x9hx4o11x12o10*4' --verify 'ik11e00x9hx4o11x12o10*4' --verify 'obrd9x11x6x10v3' --verify 'ibrd9x11x6x10v3' --verify 'ofrd9x11x6x10v3' --verify 'ifrd9x11x6x10v3' --verify '//obcd9x11x6x10v3' --verify '//ibcd9x11x6x10v3' --verify '//ofcd9x11x6x10v3' --verify '//ifcd9x11x6x10v3' --verify 'obcd9x11x6x10v3' --verify 'ibcd9x11x6x10v3'"
ofc6x3x24 3.13361e-16 6.8372e-16 8.22605e-16
ifc6x3x24 3.67605e-16 8.5465e-16 9.0397e-16
ok5o00x7e01x10o11v8 4.5687e-16 4.00916e-15 4.17271e-16
ik5o00x7e01x10o11v8 4.06913e-16 4.08747e-15 4.20428e-16
obr10x5x12*13 3.78703e-16 6.24783e-16 3.86421e-16
ibr10x5x12*13 3.68401e-16 4.68587e-16 4.00688e-16
ofr10x5x12*13 3.43145e-16 4.68587e-16 8.4206e-16
ifr10x5x12*13 3.72177e-16 4.68587e-16 7.82103e-16
//obc10x5x12*13 3.74434e-16 4.68587e-16 7.78648e-16
//ibc10x5x12*13 3.86108e-16 7.80979e-16 9.21243e-16
//ofc10x5x12*13 3.45072e-16 6.24783e-16 9.10606e-16
//ifc10x5x12*13 3.87483e-16 4.68587e-16 8.12342e-16
obc10x5x12*13 3.71427e-16 6.24783e-16 8.69734e-16
ibc10x5x12*13 3.73702e-16 6.24783e-16 8.52006e-16
ofc10x5x12*13 3.867e-16 5.46685e-16 8.04165e-16
ifc10x5x12*13 3.45405e-16 6.24783e-16 8.58804e-16
okd10e00x12e10x7o00x13o10 3.76545e-16 3.7137e-14 5.02785e-16
ikd10e00x12e10x7o00x13o10 4.20296e-16 3.09752e-14 3.59844e-16
//obrd42x12 3.67227e-16 7.91252e-16 4.66793e-16
//ofrd42x12 3.63242e-16 7.91252e-16 8.40156e-16
obrd42x12 3.20704e-16 7.91252e-16 4.21733e-16
ibrd42x12 4.39594e-16 7.91252e-16 4.85184e-16
ofrd42x12 3.33653e-16 7.91252e-16 7.3317e-16
ifrd42x12 5.32293e-16 7.91252e-16 7.91381e-16
//obcd42x12 3.99768e-16 7.91252e-16 8.81415e-16
//ibcd42x12 3.79046e-16 7.91252e-16 7.65148e-16
//ofcd42x12 4.8904e-16 7.91252e-16 1.08996e-15
//ifcd42x12 3.83933e-16 7.91252e-16 7.81107e-16
obcd42x12 3.61227e-16 7.91252e-16 8.43178e-16
ibcd42x12 3.39304e-16 7.91252e-16 8.19305e-16
ofcd42x12 3.89019e-16 7.91252e-16 9.70249e-16
ifcd42x12 4.20697e-16 7.91252e-16 7.24964e-16
ok11e00x9hx4o11x12o10*4 4.71663e-16 1.92436e-14 4.29581e-16
ik11e00x9hx4o11x12o10*4 3.89705e-16 1.47864e-14 3.62644e-16
obrd9x11x6x10v3 4.20293e-16 8.60466e-16 5.98111e-16
ibrd9x11x6x10v3 4.12402e-16 8.60466e-16 6.29694e-16
ofrd9x11x6x10v3 4.12006e-16 1.78239e-15 1.00294e-15
ifrd9x11x6x10v3 3.92096e-16 1.59801e-15 8.86309e-16
//obcd9x11x6x10v3 3.9301e-16 1.72093e-15 9.23661e-16
//ibcd9x11x6x10v3 4.41044e-16 1.72093e-15 9.62913e-16
//ofcd9x11x6x10v3 4.38062e-16 1.72093e-15 8.40573e-16
//ifcd9x11x6x10v3 4.26028e-16 1.59801e-15 9.03404e-16
obcd9x11x6x10v3 4.60155e-16 1.59801e-15 8.7899e-16
ibcd9x11x6x10v3 3.86461e-16 1.65947e-15 8.61396e-16
Executing "/usr/lib/fftw/ptest/fftw/bench --verbose=1   --verify 'okd12o10x18e00x5hx4e11*9' --verify 'ikd12o10x18e00x5hx4e11*9' --verify '//obr6x3x24' --verify '//ofr6x3x24' --verify 'obr6x3x24' --verify 'ibr6x3x24' --verify 'ofr6x3x24' --verify 'ifr6x3x24' --verify '//obc6x3x24' --verify '//ibc6x3x24' --verify '//ofc6x3x24' --verify '//ifc6x3x24' --verify 'obc6x3x24' --verify 'ibc6x3x24'"
okd12o10x18e00x5hx4e11*9 3.97284e-16 2.21364e-14 4.14797e-16
ikd12o10x18e00x5hx4e11*9 4.00896e-16 2.23565e-14 4.74323e-16
//obr6x3x24 3.86064e-16 6.8372e-16 5.94958e-16
//ofr6x3x24 3.62779e-16 8.5465e-16 8.43231e-16
obr6x3x24 3.38077e-16 1.36744e-15 5.56404e-16
ibr6x3x24 3.73039e-16 1.02558e-15 5.6757e-16
ofr6x3x24 3.58742e-16 8.5465e-16 9.00164e-16
ifr6x3x24 3.28636e-16 5.1279e-16 9.43131e-16
//obc6x3x24 3.31378e-16 6.8372e-16 8.68457e-16
//ibc6x3x24 3.88259e-16 8.5465e-16 8.56196e-16
//ofc6x3x24 3.28753e-16 6.8372e-16 8.70843e-16
//ifc6x3x24 3.3985e-16 8.5465e-16 8.20811e-16
obc6x3x24 3.13909e-16 6.8372e-16 9.44966e-16
ibc6x3x24 3.57805e-16 8.5465e-16 8.51935e-16
Executing "/usr/lib/fftw/ptest/fftwf/benchf --verbose=1   --verify '//obrd6x4x13' --verify '//ofrd6x4x13' --verify 'obrd6x4x13' --verify 'ibrd6x4x13' --verify 'ofrd6x4x13' --verify 'ifrd6x4x13' --verify '//obcd6x4x13' --verify '//ibcd6x4x13' --verify '//ofcd6x4x13' --verify '//ifcd6x4x13' --verify 'obcd6x4x13' --verify 'ibcd6x4x13' --verify 'ofcd6x4x13' --verify 'ifcd6x4x13' --verify 'ok13hx13hx24e10' --verify 'ik13hx13hx24e10' --verify '//obrd8x10x10' --verify '//ofrd8x10x10' --verify 'obrd8x10x10' --verify 'ibrd8x10x10' --verify 'ofrd8x10x10' --verify 'ifrd8x10x10' --verify '//obcd8x10x10' --verify '//ibcd8x10x10' --verify '//ofcd8x10x10' --verify '//ifcd8x10x10' --verify 'obcd8x10x10' --verify 'ibcd8x10x10' --verify 'ofcd8x10x10' --verify 'ifcd8x10x10' --verify 'okd8hx8e01x6o00v3' --verify 'ikd8hx8e01x6o00v3' --verify 'obrd14*96' --verify 'ibrd14*96' --verify 'ofrd14*96' --verify 'ifrd14*96' --verify '//obcd14*96' --verify '//ibcd14*96' --verify '//ofcd14*96' --verify '//ifcd14*96' --verify 'obcd14*96' --verify 'ibcd14*96' --verify 'ofcd14*96' --verify 'ifcd14*96'"
//obrd6x4x13 2.5076e-07 4.31929e-07 2.10189e-07
//ofrd6x4x13 1.97275e-07 3.23947e-07 2.07845e-07
obrd6x4x13 1.95899e-07 4.31929e-07 2.07343e-07
ibrd6x4x13 2.06272e-07 4.31929e-07 2.01334e-07
ofrd6x4x13 1.92076e-07 2.15965e-07 2.50604e-07
ifrd6x4x13 2.28762e-07 3.23947e-07 2.04193e-07
//obcd6x4x13 1.89862e-07 4.31929e-07 2.06324e-07
//ibcd6x4x13 1.90138e-07 4.31929e-07 2.62742e-07
//ofcd6x4x13 2.33025e-07 4.31929e-07 2.3198e-07
//ifcd6x4x13 1.90366e-07 3.23947e-07 2.03646e-07
obcd6x4x13 2.07752e-07 4.31929e-07 2.20808e-07
ibcd6x4x13 2.00603e-07 4.31929e-07 2.25347e-07
ofcd6x4x13 2.32548e-07 4.31929e-07 2.29768e-07
ifcd6x4x13 2.67594e-07 3.23947e-07 1.94394e-07
ok13hx13hx24e10 2.47659e-07 1.39475e-05 2.40845e-07
ik13hx13hx24e10 3.03326e-07 1.21593e-05 2.746e-07
//obrd8x10x10 1.7151e-07 4.0461e-07 1.86822e-07
//ofrd8x10x10 1.5753e-07 3.37175e-07 1.95812e-07
obrd8x10x10 2.03454e-07 4.72045e-07 1.91286e-07
ibrd8x10x10 1.79825e-07 4.0461e-07 2.33214e-07
ofrd8x10x10 2.26669e-07 4.0461e-07 1.70452e-07
ifrd8x10x10 1.70477e-07 4.72045e-07 1.99655e-07
//obcd8x10x10 2.23938e-07 5.3948e-07 2.02384e-07
//ibcd8x10x10 2.07156e-07 4.0461e-07 2.05803e-07
//ofcd8x10x10 2.21296e-07 4.0461e-07 2.19427e-07
//ifcd8x10x10 2.10425e-07 4.0461e-07 2.05819e-07
obcd8x10x10 2.02135e-07 4.0461e-07 2.25485e-07
ibcd8x10x10 1.98505e-07 3.37175e-07 2.02114e-07
ofcd8x10x10 2.14593e-07 3.37175e-07 2.1747e-07
ifcd8x10x10 2.1619e-07 3.37175e-07 2.13087e-07
okd8hx8e01x6o00v3 2.02305e-07 3.26067e-06 2.4055e-07
ikd8hx8e01x6o00v3 1.99873e-07 3.50522e-06 2.24318e-07
obrd14*96 2.28802e-07 1.93151e-07 1.77563e-07
ibrd14*96 2.05312e-07 1.93151e-07 1.93951e-07
ofrd14*96 1.63466e-07 1.93151e-07 1.37808e-07
ifrd14*96 1.64132e-07 1.93151e-07 1.73376e-07
//obcd14*96 1.77979e-07 1.93151e-07 1.37509e-07
//ibcd14*96 1.78316e-07 2.57535e-07 1.3515e-07
//ofcd14*96 1.75757e-07 2.57535e-07 1.51385e-07
//ifcd14*96 1.67988e-07 2.57535e-07 1.36452e-07
obcd14*96 2.06165e-07 2.57535e-07 1.97377e-07
ibcd14*96 1.89073e-07 2.57535e-07 1.87213e-07
ofcd14*96 1.62598e-07 1.93151e-07 1.38844e-07
ifcd14*96 1.6727e-07 1.93151e-07 1.44837e-07
Executing "/usr/lib/fftw/ptest/fftwf/benchf --verbose=1   --verify 'ofr10x9*1' --verify 'ifr10x9*1' --verify '//obc10x9*1' --verify '//ibc10x9*1' --verify '//ofc10x9*1' --verify '//ifc10x9*1' --verify 'obc10x9*1' --verify 'ibc10x9*1' --verify 'ofc10x9*1' --verify 'ifc10x9*1' --verify 'okd13e01x9o11v3' --verify 'ikd13e01x9o11v3' --verify '//obr9x9x6x2' --verify '//ofr9x9x6x2' --verify 'obr9x9x6x2' --verify 'ibr9x9x6x2' --verify 'ofr9x9x6x2' --verify 'ifr9x9x6x2' --verify '//obc9x9x6x2' --verify '//ibc9x9x6x2' --verify '//ofc9x9x6x2' --verify '//ifc9x9x6x2' --verify 'obc9x9x6x2' --verify 'ibc9x9x6x2' --verify 'ofc9x9x6x2' --verify 'ifc9x9x6x2' --verify 'ok8e00x6h*35' --verify 'ik8e00x6h*35' --verify '//obr8x5x6' --verify '//ofr8x5x6' --verify 'obr8x5x6' --verify 'ibr8x5x6' --verify 'ofr8x5x6' --verify 'ifr8x5x6' --verify '//obc8x5x6' --verify '//ibc8x5x6' --verify '//ofc8x5x6' --verify '//ifc8x5x6' --verify 'obc8x5x6' --verify 'ibc8x5x6' --verify 'ofc8x5x6' --verify 'ifc8x5x6' --verify 'ok10o00x10hx6o01' --verify 'ik10o00x10hx6o01'"
ofr10x9*1 2.32033e-07 3.01578e-07 1.82316e-07
ifr10x9*1 2.66938e-07 3.01578e-07 1.99541e-07
//obc10x9*1 2.33165e-07 3.01578e-07 2.13377e-07
//ibc10x9*1 2.13679e-07 3.01578e-07 2.06847e-07
//ofc10x9*1 2.26544e-07 2.01052e-07 2.13138e-07
//ifc10x9*1 2.43287e-07 3.01578e-07 2.12128e-07
obc10x9*1 2.14836e-07 3.01578e-07 2.24135e-07
ibc10x9*1 2.11918e-07 4.02104e-07 2.22621e-07
ofc10x9*1 1.81555e-07 3.01578e-07 2.22078e-07
ifc10x9*1 2.30416e-07 3.01578e-07 2.05661e-07
okd13e01x9o11v3 2.29884e-07 1.75508e-06 2.37211e-07
ikd13e01x9o11v3 2.36849e-07 1.73015e-06 2.34785e-07
//obr9x9x6x2 2.47812e-07 5.50604e-07 1.96406e-07
//ofr9x9x6x2 1.76997e-07 4.28248e-07 2.68049e-07
obr9x9x6x2 1.96214e-07 6.11783e-07 1.88055e-07
ibr9x9x6x2 2.11818e-07 4.89426e-07 1.95411e-07
ofr9x9x6x2 1.9013e-07 4.28248e-07 1.96941e-07
ifr9x9x6x2 2.52919e-07 6.11783e-07 1.94906e-07
//obc9x9x6x2 2.35928e-07 4.89426e-07 2.07743e-07
//ibc9x9x6x2 2.18667e-07 4.89426e-07 1.96143e-07
//ofc9x9x6x2 1.95222e-07 4.89426e-07 2.04638e-07
//ifc9x9x6x2 2.75455e-07 4.89426e-07 2.16745e-07
obc9x9x6x2 2.08069e-07 5.50604e-07 2.1944e-07
ibc9x9x6x2 2.21148e-07 6.11782e-07 1.90171e-07
ofc9x9x6x2 2.13479e-07 4.89426e-07 2.16718e-07
ifc9x9x6x2 2.53681e-07 4.89426e-07 2.14363e-07
ok8e00x6h*35 1.79706e-07 1.71661e-06 1.86276e-07
ik8e00x6h*35 1.53047e-07 1.53269e-06 1.66871e-07
//obr8x5x6 2.32267e-07 4.92475e-07 2.06055e-07
//ofr8x5x6 2.07905e-07 2.46238e-07 1.78097e-07
obr8x5x6 2.27902e-07 3.69356e-07 1.88868e-07
ibr8x5x6 2.12662e-07 3.69356e-07 2.2951e-07
ofr8x5x6 1.54279e-07 2.46238e-07 2.05966e-07
ifr8x5x6 1.84839e-07 3.69356e-07 2.01011e-07
//obc8x5x6 2.32752e-07 3.69356e-07 1.68059e-07
//ibc8x5x6 1.90998e-07 4.92475e-07 2.32553e-07
//ofc8x5x6 1.94327e-07 4.30916e-07 2.11508e-07
//ifc8x5x6 1.92247e-07 3.69356e-07 2.04132e-07
obc8x5x6 1.95651e-07 3.69356e-07 1.92283e-07
ibc8x5x6 2.53603e-07 3.07797e-07 1.75192e-07
ofc8x5x6 1.88302e-07 3.69356e-07 1.60671e-07
ifc8x5x6 1.75729e-07 3.69356e-07 1.84387e-07
ok10o00x10hx6o01 2.17689e-07 3.05475e-06 2.35559e-07
ik10o00x10hx6o01 2.01325e-07 2.93007e-06 2.00289e-07
Executing "/usr/lib/fftw/ptest/fftwf/benchf --verbose=1   --verify 'ofr10x2x9x4v5' --verify 'ifr10x2x9x4v5' --verify '//obc10x2x9x4v5' --verify '//ibc10x2x9x4v5' --verify '//ofc10x2x9x4v5' --verify '//ifc10x2x9x4v5' --verify 'obc10x2x9x4v5' --verify 'ibc10x2x9x4v5' --verify 'ofc10x2x9x4v5' --verify 'ifc10x2x9x4v5' --verify 'ok60e11*115' --verify 'ik60e11*115' --verify 'obr12x6*17' --verify 'ibr12x6*17' --verify 'ofr12x6*17' --verify 'ifr12x6*17' --verify '//obc12x6*17' --verify '//ibc12x6*17' --verify '//ofc12x6*17' --verify '//ifc12x6*17' --verify 'obc12x6*17' --verify 'ibc12x6*17' --verify 'ofc12x6*17' --verify 'ifc12x6*17' --verify 'ok13e01*46' --verify 'ik13e01*46' --verify '//obr11x7x11x6' --verify '//ofr11x7x11x6' --verify 'obr11x7x11x6' --verify 'ibr11x7x11x6' --verify 'ofr11x7x11x6' --verify 'ifr11x7x11x6' --verify '//obc11x7x11x6' --verify '//ibc11x7x11x6' --verify '//ofc11x7x11x6' --verify '//ifc11x7x11x6' --verify 'obc11x7x11x6' --verify 'ibc11x7x11x6' --verify 'ofc11x7x11x6' --verify 'ifc11x7x11x6' --verify 'ok5o11x48h' --verify 'ik5o11x48h' --verify 'obr10x9*1' --verify 'ibr10x9*1'"
ofr10x2x9x4v5 2.65633e-07 3.41197e-07 1.75617e-07
ifr10x2x9x4v5 2.31798e-07 3.41197e-07 2.05682e-07
//obc10x2x9x4v5 2.39486e-07 3.41197e-07 2.05876e-07
//ibc10x2x9x4v5 1.99838e-07 3.41197e-07 2.08355e-07
//ofc10x2x9x4v5 1.90693e-07 3.41197e-07 2.04157e-07
//ifc10x2x9x4v5 2.22011e-07 3.41197e-07 1.88783e-07
obc10x2x9x4v5 2.16893e-07 3.41197e-07 2.00505e-07
ibc10x2x9x4v5 2.06986e-07 3.41197e-07 2.14997e-07
ofc10x2x9x4v5 2.34391e-07 3.41197e-07 2.12657e-07
ifc10x2x9x4v5 2.23803e-07 3.41197e-07 2.11531e-07
ok60e11*115 2.2552e-07 9.01922e-07 1.89734e-07
ik60e11*115 2.27847e-07 9.01922e-07 2.81298e-07
obr12x6*17 1.68424e-07 3.57009e-07 1.91096e-07
ibr12x6*17 2.12957e-07 2.38006e-07 1.84649e-07
ofr12x6*17 1.82013e-07 2.38006e-07 1.53372e-07
ifr12x6*17 1.84963e-07 2.38006e-07 1.4927e-07
//obc12x6*17 2.37457e-07 2.38006e-07 1.6902e-07
//ibc12x6*17 2.05771e-07 2.38006e-07 1.98871e-07
//ofc12x6*17 1.99342e-07 3.57009e-07 2.23412e-07
//ifc12x6*17 2.07654e-07 2.38006e-07 2.16201e-07
obc12x6*17 1.86871e-07 2.38006e-07 1.69529e-07
ibc12x6*17 2.07759e-07 2.38006e-07 2.3002e-07
ofc12x6*17 1.97811e-07 2.97507e-07 1.61767e-07
ifc12x6*17 1.9746e-07 3.57009e-07 2.18319e-07
ok13e01*46 1.97331e-07 5.48104e-07 1.8734e-07
ik13e01*46 2.39543e-07 6.01391e-07 2.00237e-07
//obr11x7x11x6 2.92307e-07 6.42132e-07 2.1831e-07
//ofr11x7x11x6 2.32024e-07 5.3511e-07 2.27911e-07
obr11x7x11x6 2.37624e-07 6.42132e-07 2.21253e-07
ibr11x7x11x6 2.32153e-07 6.42132e-07 2.49785e-07
ofr11x7x11x6 2.37022e-07 7.49153e-07 2.15495e-07
ifr11x7x11x6 3.0208e-07 6.42132e-07 2.14533e-07
//obc11x7x11x6 2.16247e-07 6.42132e-07 2.63623e-07
//ibc11x7x11x6 2.13314e-07 5.3511e-07 2.58283e-07
//ofc11x7x11x6 2.18674e-07 6.42132e-07 2.38171e-07
//ifc11x7x11x6 2.57387e-07 6.42132e-07 2.48937e-07
obc11x7x11x6 2.35628e-07 6.42132e-07 2.3331e-07
ibc11x7x11x6 2.45247e-07 6.42132e-07 2.41794e-07
ofc11x7x11x6 2.28536e-07 7.49153e-07 2.281e-07
ifc11x7x11x6 2.18316e-07 6.42132e-07 2.2442e-07
ok5o11x48h 2.10279e-07 3.56051e-06 2.65845e-07
ik5o11x48h 2.06265e-07 3.40964e-06 2.21442e-07
obr10x9*1 1.99718e-07 8.04209e-07 1.94674e-07
ibr10x9*1 1.97331e-07 3.01578e-07 2.36779e-07
Executing "/usr/lib/fftw/ptest/fftwf/benchf --verbose=1   --verify 'obr11x9x11x8' --verify 'ibr11x9x11x8' --verify 'ofr11x9x11x8' --verify 'ifr11x9x11x8' --verify '//obc11x9x11x8' --verify '//ibc11x9x11x8' --verify '//ofc11x9x11x8' --verify '//ifc11x9x11x8' --verify 'obc11x9x11x8' --verify 'ibc11x9x11x8' --verify 'ofc11x9x11x8' --verify 'ifc11x9x11x8' --verify 'ok10e00x12e01*4' --verify 'ik10e00x12e01*4' --verify 'obr42v9' --verify 'ibr42v9' --verify 'ofr42v9' --verify 'ifr42v9' --verify '//obc42v9' --verify '//ibc42v9' --verify '//ofc42v9' --verify '//ifc42v9' --verify 'obc42v9' --verify 'ibc42v9' --verify 'ofc42v9' --verify 'ifc42v9' --verify 'ok21e01x20b*7' --verify 'ik21e01x20b*7' --verify 'obrd7x4v21' --verify 'ibrd7x4v21' --verify 'ofrd7x4v21' --verify 'ifrd7x4v21' --verify '//obcd7x4v21' --verify '//ibcd7x4v21' --verify '//ofcd7x4v21' --verify '//ifcd7x4v21' --verify 'obcd7x4v21' --verify 'ibcd7x4v21' --verify 'ofcd7x4v21' --verify 'ifcd7x4v21' --verify 'okd10hx10bx4hx5o00v2' --verify 'ikd10hx10bx4hx5o00v2' --verify 'obr10x2x9x4v5' --verify 'ibr10x2x9x4v5'"
obr11x9x11x8 2.36305e-07 7.35654e-07 2.60795e-07
ibr11x9x11x8 2.39982e-07 6.53915e-07 2.19179e-07
ofr11x9x11x8 2.42462e-07 7.35654e-07 2.25846e-07
ifr11x9x11x8 2.48858e-07 5.72175e-07 2.19762e-07
//obc11x9x11x8 2.60475e-07 7.35654e-07 2.36555e-07
//ibc11x9x11x8 2.37392e-07 7.35654e-07 2.29075e-07
//ofc11x9x11x8 2.51133e-07 6.53915e-07 2.35887e-07
//ifc11x9x11x8 2.75665e-07 7.35654e-07 2.41482e-07
obc11x9x11x8 2.28042e-07 7.35654e-07 2.78752e-07
ibc11x9x11x8 2.45604e-07 5.72175e-07 2.24142e-07
ofc11x9x11x8 2.25419e-07 6.53915e-07 2.28337e-07
ifc11x9x11x8 2.5358e-07 5.72175e-07 2.7921e-07
ok10e00x12e01*4 1.81284e-07 2.01166e-06 1.93815e-07
ik10e00x12e01*4 1.77812e-07 1.93715e-06 2.15187e-07
obr42v9 2.17792e-07 2.45259e-07 1.86185e-07
ibr42v9 2.07347e-07 2.45259e-07 1.83952e-07
ofr42v9 1.98728e-07 1.63506e-07 2.39271e-07
ifr42v9 1.90031e-07 1.63506e-07 2.20183e-07
//obc42v9 2.11425e-07 1.63506e-07 1.72864e-07
//ibc42v9 1.61816e-07 1.63506e-07 1.96175e-07
//ofc42v9 1.73375e-07 2.45259e-07 1.70715e-07
//ifc42v9 1.93892e-07 2.45259e-07 1.69331e-07
obc42v9 2.12686e-07 2.45259e-07 1.67233e-07
ibc42v9 1.6872e-07 2.45259e-07 1.88147e-07
ofc42v9 1.79968e-07 2.45259e-07 2.43038e-07
ifc42v9 2.14464e-07 2.45259e-07 1.91205e-07
ok21e01x20b*7 2.07899e-07 4.35965e-06 2.04497e-07
ik21e01x20b*7 2.00425e-07 4.35965e-06 2.24085e-07
obrd7x4v21 1.53806e-07 1.8881e-07 1.60044e-07
ibrd7x4v21 1.87012e-07 2.83215e-07 1.65777e-07
ofrd7x4v21 1.67119e-07 2.83215e-07 1.42764e-07
ifrd7x4v21 1.78017e-07 1.8881e-07 1.44483e-07
//obcd7x4v21 1.64647e-07 2.83215e-07 2.07867e-07
//ibcd7x4v21 2.08431e-07 2.36012e-07 1.98395e-07
//ofcd7x4v21 1.83043e-07 1.8881e-07 1.72242e-07
//ifcd7x4v21 1.78522e-07 2.36012e-07 1.58788e-07
obcd7x4v21 1.7744e-07 1.8881e-07 1.98542e-07
ibcd7x4v21 1.88387e-07 1.8881e-07 1.91177e-07
ofcd7x4v21 1.78508e-07 2.83215e-07 1.81032e-07
ifcd7x4v21 1.9878e-07 2.83215e-07 1.45757e-07
okd10hx10bx4hx5o00v2 2.34347e-07 8.85129e-06 2.02394e-07
ikd10hx10bx4hx5o00v2 2.03872e-07 7.6443e-06 1.97474e-07
obr10x2x9x4v5 2.14614e-07 3.41197e-07 2.07197e-07
ibr10x2x9x4v5 2.09441e-07 3.41197e-07 2.15264e-07
Executing "/usr/lib/fftw/ptest/fftwf/benchf --verbose=1   --verify 'obr13x9x9x10*3' --verify 'ibr13x9x9x10*3' --verify 'ofr13x9x9x10*3' --verify 'ifr13x9x9x10*3' --verify '//obc13x9x9x10*3' --verify '//ibc13x9x9x10*3' --verify '//ofc13x9x9x10*3' --verify '//ifc13x9x9x10*3' --verify 'obc13x9x9x10*3' --verify 'ibc13x9x9x10*3' --verify 'ofc13x9x9x10*3' --verify 'ifc13x9x9x10*3' --verify 'ok12e11v75' --verify 'ik12e11v75' --verify 'obr10x8x11*10' --verify 'ibr10x8x11*10' --verify 'ofr10x8x11*10' --verify 'ifr10x8x11*10' --verify '//obc10x8x11*10' --verify '//ibc10x8x11*10' --verify '//ofc10x8x11*10' --verify '//ifc10x8x11*10' --verify 'obc10x8x11*10' --verify 'ibc10x8x11*10' --verify 'ofc10x8x11*10' --verify 'ifc10x8x11*10' --verify 'ok2bx7e10x10o11x8o00' --verify 'ik2bx7e10x10o11x8o00' --verify 'obr6*6' --verify 'ibr6*6' --verify 'ofr6*6' --verify 'ifr6*6' --verify '//obc6*6' --verify '//ibc6*6' --verify '//ofc6*6' --verify '//ifc6*6' --verify 'obc6*6' --verify 'ibc6*6' --verify 'ofc6*6' --verify 'ifc6*6' --verify 'ok12e10x18e01*3' --verify 'ik12e10x18e01*3' --verify '//obr11x9x11x8' --verify '//ofr11x9x11x8'"
obr13x9x9x10*3 2.3397e-07 1.04089e-06 2.49234e-07
ibr13x9x9x10*3 2.24629e-07 1.04089e-06 2.4727e-07
ofr13x9x9x10*3 2.31168e-07 9.41756e-07 2.54808e-07
ifr13x9x9x10*3 2.50783e-07 1.04089e-06 2.4545e-07
//obc13x9x9x10*3 2.66257e-07 9.41756e-07 2.50586e-07
//ibc13x9x9x10*3 2.94959e-07 9.91322e-07 2.46871e-07
//ofc13x9x9x10*3 2.48155e-07 9.41756e-07 2.59545e-07
//ifc13x9x9x10*3 2.43441e-07 9.91322e-07 2.62343e-07
obc13x9x9x10*3 2.1687e-07 1.04089e-06 2.57137e-07
ibc13x9x9x10*3 2.61819e-07 9.41756e-07 2.51525e-07
ofc13x9x9x10*3 2.64553e-07 9.41756e-07 2.66311e-07
ifc13x9x9x10*3 2.463e-07 9.91322e-07 2.54877e-07
ok12e11v75 1.86174e-07 4.23703e-07 2.10279e-07
ik12e11v75 2.16225e-07 3.63174e-07 2.05165e-07
obr10x8x11*10 2.01366e-07 3.53632e-07 2.49005e-07
ibr10x8x11*10 2.15965e-07 2.82906e-07 2.05888e-07
ofr10x8x11*10 2.18973e-07 2.82906e-07 1.67871e-07
ifr10x8x11*10 2.13336e-07 3.53632e-07 2.49433e-07
//obc10x8x11*10 2.22412e-07 2.82906e-07 2.22347e-07
//ibc10x8x11*10 2.19816e-07 3.53632e-07 2.18865e-07
//ofc10x8x11*10 2.37855e-07 3.53632e-07 2.27193e-07
//ifc10x8x11*10 2.10409e-07 3.53632e-07 2.23862e-07
obc10x8x11*10 1.95634e-07 3.53632e-07 2.20597e-07
ibc10x8x11*10 2.57155e-07 3.53632e-07 2.17955e-07
ofc10x8x11*10 2.25734e-07 3.53632e-07 2.18134e-07
ifc10x8x11*10 2.82064e-07 2.82906e-07 2.20045e-07
ok2bx7e10x10o11x8o00 3.28123e-07 3.82481e-06 2.43339e-07
ik2bx7e10x10o11x8o00 2.40212e-07 3.46054e-06 2.33268e-07
obr6*6 1.1278e-07 1.13556e-07 1.23282e-07
ibr6*6 1.11222e-07 1.13556e-07 1.0654e-07
ofr6*6 1.33855e-07 1.70334e-07 1.37276e-07
ifr6*6 1.42988e-07 2.27113e-07 1.26771e-07
//obc6*6 1.70193e-07 1.13556e-07 1.35962e-07
//ibc6*6 1.85698e-07 1.13556e-07 1.64121e-07
//ofc6*6 1.17845e-07 1.70334e-07 1.21778e-07
//ifc6*6 1.22501e-07 1.13556e-07 1.19136e-07
obc6*6 2.57567e-07 2.27113e-07 1.34246e-07
ibc6*6 1.35612e-07 2.27113e-07 1.14206e-07
ofc6*6 2.2271e-07 1.70334e-07 1.40626e-07
ifc6*6 1.18538e-07 2.27113e-07 1.59529e-07
ok12e10x18e01*3 2.7276e-07 1.94709e-06 2.48147e-07
ik12e10x18e01*3 2.2551e-07 2.10603e-06 2.373e-07
//obr11x9x11x8 2.1162e-07 7.35654e-07 2.23408e-07
//ofr11x9x11x8 2.47111e-07 6.53915e-07 2.16263e-07
Executing "/usr/lib/fftw/ptest/fftwf/benchf --verbose=1   --verify '//obcd36x40' --verify '//ibcd36x40' --verify '//ofcd36x40' --verify '//ifcd36x40' --verify 'obcd36x40' --verify 'ibcd36x40' --verify 'ofcd36x40' --verify 'ifcd36x40' --verify 'ok10o10x10e11*19' --verify 'ik10o10x10e11*19' --verify '//obr7840' --verify '//ibr7840' --verify '//ofr7840' --verify '//ifr7840' --verify 'obr7840' --verify 'ibr7840' --verify 'ofr7840' --verify 'ifr7840' --verify '//obc7840' --verify '//ibc7840' --verify '//ofc7840' --verify '//ifc7840' --verify 'obc7840' --verify 'ibc7840' --verify 'ofc7840' --verify 'ifc7840' --verify 'ok9e00x3e01x5e11v2' --verify 'ik9e00x3e01x5e11v2' --verify '//obr4x13x13' --verify '//ofr4x13x13' --verify 'obr4x13x13' --verify 'ibr4x13x13' --verify 'ofr4x13x13' --verify 'ifr4x13x13' --verify '//obc4x13x13' --verify '//ibc4x13x13' --verify '//ofc4x13x13' --verify '//ifc4x13x13' --verify 'obc4x13x13' --verify 'ibc4x13x13' --verify 'ofc4x13x13' --verify 'ifc4x13x13' --verify 'okd3bx18e01x5o11v13' --verify 'ikd3bx18e01x5o11v13'"
//obcd36x40 2.22066e-07 7.03683e-07 2.18179e-07
//ibcd36x40 2.18933e-07 6.03157e-07 2.08177e-07
//ofcd36x40 2.69724e-07 6.03157e-07 2.16455e-07
//ifcd36x40 2.35682e-07 7.03683e-07 2.05415e-07
obcd36x40 2.59655e-07 6.03157e-07 2.10079e-07
ibcd36x40 1.95648e-07 6.03157e-07 2.08957e-07
ofcd36x40 2.19784e-07 6.03157e-07 2.10535e-07
ifcd36x40 2.13251e-07 6.03157e-07 2.52407e-07
ok10o10x10e11*19 1.99472e-07 8.33899e-07 1.9233e-07
ik10o10x10e11*19 2.5218e-07 1.57339e-06 2.20168e-07
//obr7840 2.23446e-07 8.61653e-07 3.23234e-07
//ibr7840 2.33224e-07 8.61653e-07 2.54392e-07
//ofr7840 2.54114e-07 8.61653e-07 2.66921e-07
//ifr7840 2.07081e-07 8.61653e-07 2.41205e-07
obr7840 2.67771e-07 8.61653e-07 2.37569e-07
ibr7840 2.6733e-07 1.03398e-06 2.37819e-07
ofr7840 2.38495e-07 8.61653e-07 2.34144e-07
ifr7840 2.44447e-07 9.47818e-07 2.48163e-07
//obc7840 2.49925e-07 9.47818e-07 2.44276e-07
//ibc7840 2.35462e-07 8.61653e-07 2.28586e-07
//ofc7840 2.56175e-07 8.61653e-07 2.26896e-07
//ifc7840 2.32234e-07 9.47818e-07 3.02242e-07
obc7840 2.62514e-07 8.61653e-07 2.22172e-07
ibc7840 2.36369e-07 1.03398e-06 2.36269e-07
ofc7840 2.25526e-07 8.61653e-07 2.7084e-07
ifc7840 2.49736e-07 8.61653e-07 2.39832e-07
ok9e00x3e01x5e11v2 2.57594e-07 3.17391e-06 2.74131e-07
ik9e00x3e01x5e11v2 2.23558e-07 1.81043e-06 2.54309e-07
//obr4x13x13 2.14536e-07 4.40157e-07 2.37921e-07
//ofr4x13x13 2.30764e-07 3.66798e-07 2.11115e-07
obr4x13x13 2.4467e-07 5.86876e-07 2.25779e-07
ibr4x13x13 2.46502e-07 4.40157e-07 2.47194e-07
ofr4x13x13 1.9658e-07 3.66798e-07 2.20727e-07
ifr4x13x13 2.39724e-07 3.66798e-07 2.10289e-07
//obc4x13x13 2.04224e-07 4.40157e-07 2.24779e-07
//ibc4x13x13 2.40579e-07 3.66798e-07 2.43472e-07
//ofc4x13x13 2.16147e-07 4.40157e-07 2.34237e-07
//ifc4x13x13 2.47132e-07 3.66798e-07 2.37198e-07
obc4x13x13 2.17918e-07 4.40157e-07 2.81784e-07
ibc4x13x13 2.49614e-07 3.66798e-07 2.33259e-07
ofc4x13x13 2.24092e-07 3.66798e-07 2.5403e-07
ifc4x13x13 2.35156e-07 3.66798e-07 2.42211e-07
okd3bx18e01x5o11v13 2.23737e-07 2.79456e-06 2.5881e-07
ikd3bx18e01x5o11v13 2.43428e-07 2.71332e-06 2.54767e-07
Executing "/usr/lib/fftw/ptest/fftwf/benchf --verbose=1   --verify '//obcd80v106' --verify '//ibcd80v106' --verify '//ofcd80v106' --verify '//ifcd80v106' --verify 'obcd80v106' --verify 'ibcd80v106' --verify 'ofcd80v106' --verify 'ifcd80v106' --verify 'ok11e01x9o00v6' --verify 'ik11e01x9o00v6' --verify 'obrd8x6v14' --verify 'ibrd8x6v14' --verify 'ofrd8x6v14' --verify 'ifrd8x6v14' --verify '//obcd8x6v14' --verify '//ibcd8x6v14' --verify '//ofcd8x6v14' --verify '//ifcd8x6v14' --verify 'obcd8x6v14' --verify 'ibcd8x6v14' --verify 'ofcd8x6v14' --verify 'ifcd8x6v14' --verify 'okd8bx11hx6e11x9e01v8' --verify 'ikd8bx11hx6e11x9e01v8' --verify 'obrd7x12x9x4*6' --verify 'ibrd7x12x9x4*6' --verify 'ofrd7x12x9x4*6' --verify 'ifrd7x12x9x4*6' --verify '//obcd7x12x9x4*6' --verify '//ibcd7x12x9x4*6' --verify '//ofcd7x12x9x4*6' --verify '//ifcd7x12x9x4*6' --verify 'obcd7x12x9x4*6' --verify 'ibcd7x12x9x4*6' --verify 'ofcd7x12x9x4*6' --verify 'ifcd7x12x9x4*6' --verify 'ok63o10x3o11' --verify 'ik63o10x3o11' --verify '//obrd36x40' --verify '//ofrd36x40' --verify 'obrd36x40' --verify 'ibrd36x40' --verify 'ofrd36x40' --verify 'ifrd36x40'"
//obcd80v106 2.23963e-07 3.2289e-07 1.97069e-07
//ibcd80v106 1.82686e-07 3.2289e-07 2.03982e-07
//ofcd80v106 2.09923e-07 2.69075e-07 2.02738e-07
//ifcd80v106 1.94209e-07 3.2289e-07 1.90168e-07
obcd80v106 1.97459e-07 3.2289e-07 1.97948e-07
ibcd80v106 1.98138e-07 3.2289e-07 1.96142e-07
ofcd80v106 1.93547e-07 3.2289e-07 2.0052e-07
ifcd80v106 1.73261e-07 3.2289e-07 1.98733e-07
ok11e01x9o00v6 1.82256e-07 1.18216e-06 2.17299e-07
ik11e01x9o00v6 2.38271e-07 1.21693e-06 2.36923e-07
obrd8x6v14 2.00447e-07 2.94966e-07 2.02888e-07
ibrd8x6v14 1.8029e-07 2.21225e-07 2.19327e-07
ofrd8x6v14 1.47586e-07 2.21225e-07 1.28226e-07
ifrd8x6v14 1.68392e-07 2.21225e-07 1.26362e-07
//obcd8x6v14 1.73756e-07 2.21225e-07 1.57583e-07
//ibcd8x6v14 1.99251e-07 2.21225e-07 1.52248e-07
//ofcd8x6v14 1.82542e-07 2.21225e-07 1.69099e-07
//ifcd8x6v14 1.92764e-07 2.21225e-07 1.5171e-07
obcd8x6v14 1.76649e-07 2.21225e-07 1.92777e-07
ibcd8x6v14 1.63684e-07 2.21225e-07 1.87619e-07
ofcd8x6v14 1.85046e-07 2.21225e-07 1.51146e-07
ifcd8x6v14 1.84287e-07 2.21225e-07 1.76633e-07
okd8bx11hx6e11x9e01v8 2.26061e-07 1.53529e-05 2.3206e-07
ikd8bx11hx6e11x9e01v8 2.92735e-07 1.62998e-05 2.44488e-07
obrd7x12x9x4*6 2.04289e-07 4.04656e-07 1.84659e-07
ibrd7x12x9x4*6 1.92993e-07 4.45122e-07 2.25707e-07
ofrd7x12x9x4*6 2.54107e-07 4.65354e-07 1.79521e-07
ifrd7x12x9x4*6 2.22327e-07 4.45122e-07 1.87864e-07
//obcd7x12x9x4*6 2.3676e-07 4.85587e-07 2.33358e-07
//ibcd7x12x9x4*6 2.04173e-07 4.04656e-07 2.52105e-07
//ofcd7x12x9x4*6 2.34026e-07 4.04656e-07 2.50356e-07
//ifcd7x12x9x4*6 2.41635e-07 4.04656e-07 2.35821e-07
obcd7x12x9x4*6 2.04326e-07 4.85587e-07 2.17075e-07
ibcd7x12x9x4*6 2.27865e-07 4.85587e-07 2.31093e-07
ofcd7x12x9x4*6 2.2726e-07 4.85587e-07 2.33796e-07
ifcd7x12x9x4*6 2.06386e-07 4.45122e-07 2.25392e-07
ok63o10x3o11 2.02512e-07 1.85122e-06 2.5918e-07
ik63o10x3o11 1.83063e-07 1.29585e-06 2.14242e-07
//obrd36x40 2.41648e-07 8.04209e-07 2.25432e-07
//ofrd36x40 2.1268e-07 6.03157e-07 2.27177e-07
obrd36x40 1.98536e-07 7.03683e-07 2.2559e-07
ibrd36x40 2.21805e-07 9.04736e-07 2.49481e-07
ofrd36x40 3.41378e-07 6.03157e-07 1.76705e-07
ifrd36x40 2.24525e-07 6.03157e-07 2.01458e-07
Executing "/usr/lib/fftw/ptest/fftwf/benchf --verbose=1   --verify '//ofc7x12x11*10' --verify '//ifc7x12x11*10' --verify 'obc7x12x11*10' --verify 'ibc7x12x11*10' --verify 'ofc7x12x11*10' --verify 'ifc7x12x11*10' --verify 'ok52hx24o00' --verify 'ik52hx24o00' --verify '//obr20x9' --verify '//ofr20x9' --verify 'obr20x9' --verify 'ibr20x9' --verify 'ofr20x9' --verify 'ifr20x9' --verify '//obc20x9' --verify '//ibc20x9' --verify '//ofc20x9' --verify '//ifc20x9' --verify 'obc20x9' --verify 'ibc20x9' --verify 'ofc20x9' --verify 'ifc20x9' --verify 'ok96e10x5e10' --verify 'ik96e10x5e10' --verify '//obr20x7x15' --verify '//ofr20x7x15' --verify 'obr20x7x15' --verify 'ibr20x7x15' --verify 'ofr20x7x15' --verify 'ifr20x7x15' --verify '//obc20x7x15' --verify '//ibc20x7x15' --verify '//ofc20x7x15' --verify '//ifc20x7x15' --verify 'obc20x7x15' --verify 'ibc20x7x15' --verify 'ofc20x7x15' --verify 'ifc20x7x15' --verify 'okd13e11x14o01v26' --verify 'ikd13e11x14o01v26' --verify 'obrd80v106' --verify 'ibrd80v106' --verify 'ofrd80v106' --verify 'ifrd80v106'"
//ofc7x12x11*10 2.48613e-07 3.45109e-07 2.12691e-07
//ifc7x12x11*10 2.17005e-07 3.45109e-07 2.22781e-07
obc7x12x11*10 2.28592e-07 3.45109e-07 2.26709e-07
ibc7x12x11*10 1.99218e-07 3.45109e-07 2.23856e-07
ofc7x12x11*10 2.26792e-07 3.45109e-07 2.26215e-07
ifc7x12x11*10 2.2974e-07 3.45109e-07 2.23322e-07
ok52hx24o00 2.36208e-07 5.73336e-06 2.22579e-07
ik52hx24o00 2.0539e-07 6.27086e-06 1.94011e-07
//obr20x9 2.15788e-07 2.84331e-07 2.01995e-07
//ofr20x9 2.42358e-07 2.84331e-07 1.93174e-07
obr20x9 2.16928e-07 4.26496e-07 2.18207e-07
ibr20x9 2.09843e-07 3.55413e-07 1.88152e-07
ofr20x9 1.86666e-07 2.13248e-07 2.03995e-07
ifr20x9 1.91548e-07 2.13248e-07 1.98665e-07
//obc20x9 1.90052e-07 3.55413e-07 1.7184e-07
//ibc20x9 1.84707e-07 2.84331e-07 1.76579e-07
//ofc20x9 2.18594e-07 2.84331e-07 2.38571e-07
//ifc20x9 2.2722e-07 2.84331e-07 1.81496e-07
obc20x9 2.05048e-07 2.84331e-07 1.91181e-07
ibc20x9 2.04649e-07 3.55413e-07 1.88998e-07
ofc20x9 1.82012e-07 3.55413e-07 1.79371e-07
ifc20x9 1.99281e-07 3.55413e-07 1.94008e-07
ok96e10x5e10 2.14711e-07 3.15905e-06 2.02904e-07
ik96e10x5e10 2.1277e-07 3.15905e-06 2.42022e-07
//obr20x7x15 2.1587e-07 5.82705e-07 2.54233e-07
//ofr20x7x15 2.3859e-07 4.99461e-07 2.22322e-07
obr20x7x15 2.15165e-07 4.99461e-07 2.10214e-07
ibr20x7x15 2.11007e-07 5.82705e-07 2.52501e-07
ofr20x7x15 1.93214e-07 4.16218e-07 2.18807e-07
ifr20x7x15 2.29583e-07 3.32974e-07 2.06043e-07
//obc20x7x15 2.72377e-07 4.16218e-07 2.02851e-07
//ibc20x7x15 2.01169e-07 4.16218e-07 2.49243e-07
//ofc20x7x15 2.35034e-07 4.16218e-07 2.3962e-07
//ifc20x7x15 2.23158e-07 4.16218e-07 2.32217e-07
obc20x7x15 1.9732e-07 4.16218e-07 2.32945e-07
ibc20x7x15 2.22697e-07 4.16218e-07 2.08118e-07
ofc20x7x15 1.86793e-07 4.16218e-07 2.41484e-07
ifc20x7x15 2.37985e-07 4.16218e-07 2.13135e-07
okd13e11x14o01v26 3.15534e-07 1.37286e-06 2.95384e-07
ikd13e11x14o01v26 2.56732e-07 1.70047e-06 2.5856e-07
obrd80v106 2.22053e-07 3.2289e-07 2.26342e-07
ibrd80v106 1.96469e-07 3.2289e-07 2.29754e-07
ofrd80v106 2.17342e-07 3.2289e-07 2.02291e-07
ifrd80v106 2.09557e-07 2.1526e-07 1.45249e-07
Executing "/usr/lib/fftw/ptest/fftwf/benchf --verbose=1   --verify '//obcd13x10v34' --verify '//ibcd13x10v34' --verify '//ofcd13x10v34' --verify '//ifcd13x10v34' --verify 'obcd13x10v34' --verify 'ibcd13x10v34' --verify 'ofcd13x10v34' --verify 'ifcd13x10v34' --verify 'okd4608o10' --verify 'ikd4608o10' --verify 'obr7x24*30' --verify 'ibr7x24*30' --verify 'ofr7x24*30' --verify 'ifr7x24*30' --verify '//obc7x24*30' --verify '//ibc7x24*30' --verify '//ofc7x24*30' --verify '//ifc7x24*30' --verify 'obc7x24*30' --verify 'ibc7x24*30' --verify 'ofc7x24*30' --verify 'ifc7x24*30' --verify 'ok6e10x3e00x10b*7' --verify 'ik6e10x3e00x10b*7' --verify 'obr10x8v29' --verify 'ibr10x8v29' --verify 'ofr10x8v29' --verify 'ifr10x8v29' --verify '//obc10x8v29' --verify '//ibc10x8v29' --verify '//ofc10x8v29' --verify '//ifc10x8v29' --verify 'obc10x8v29' --verify 'ibc10x8v29' --verify 'ofc10x8v29' --verify 'ifc10x8v29' --verify 'ok13e10x10o11v9' --verify 'ik13e10x10o11v9' --verify 'obr7x12x11*10' --verify 'ibr7x12x11*10' --verify 'ofr7x12x11*10' --verify 'ifr7x12x11*10' --verify '//obc7x12x11*10' --verify '//ibc7x12x11*10'"
//obcd13x10v34 2.23458e-07 2.58309e-07 2.14208e-07
//ibcd13x10v34 2.02565e-07 2.58309e-07 2.38034e-07
//ofcd13x10v34 2.00504e-07 2.58309e-07 2.34504e-07
//ifcd13x10v34 2.34175e-07 2.58309e-07 2.38751e-07
obcd13x10v34 1.99265e-07 3.44411e-07 2.03075e-07
ibcd13x10v34 2.43452e-07 2.58309e-07 2.20617e-07
ofcd13x10v34 1.97238e-07 3.44411e-07 1.93965e-07
ifcd13x10v34 2.352e-07 3.44411e-07 2.02272e-07
okd4608o10 2.71729e-07 1.11461e-05 2.744e-07
ikd4608o10 2.35995e-07 1.41263e-05 2.49812e-07
obr7x24*30 2.24469e-07 3.80151e-07 2.12361e-07
ibr7x24*30 1.89416e-07 3.04121e-07 2.07861e-07
ofr7x24*30 1.89114e-07 2.2809e-07 2.03837e-07
ifr7x24*30 1.98869e-07 3.04121e-07 1.90617e-07
//obc7x24*30 2.0853e-07 3.80151e-07 1.95907e-07
//ibc7x24*30 2.19596e-07 3.04121e-07 2.11027e-07
//ofc7x24*30 1.67495e-07 3.04121e-07 2.52834e-07
//ifc7x24*30 2.34832e-07 3.04121e-07 1.73084e-07
obc7x24*30 2.19679e-07 2.2809e-07 2.15229e-07
ibc7x24*30 2.27771e-07 3.04121e-07 1.82347e-07
ofc7x24*30 2.29162e-07 3.04121e-07 2.11557e-07
ifc7x24*30 2.17419e-07 3.04121e-07 2.00857e-07
ok6e10x3e00x10b*7 1.87176e-07 2.36716e-06 1.87389e-07
ik6e10x3e00x10b*7 2.1841e-07 2.17983e-06 1.95166e-07
obr10x8v29 1.90234e-07 2.20601e-07 1.91213e-07
ibr10x8v29 2.15919e-07 3.30902e-07 1.59748e-07
ofr10x8v29 2.00876e-07 3.30902e-07 1.54065e-07
ifr10x8v29 2.21201e-07 2.20601e-07 1.57945e-07
//obc10x8v29 2.04909e-07 3.30902e-07 1.9995e-07
//ibc10x8v29 2.58177e-07 3.30902e-07 2.04515e-07
//ofc10x8v29 2.04091e-07 2.75752e-07 2.07014e-07
//ifc10x8v29 1.68701e-07 2.75752e-07 1.59471e-07
obc10x8v29 1.73849e-07 2.20601e-07 1.94707e-07
ibc10x8v29 2.00845e-07 2.20601e-07 2.05644e-07
ofc10x8v29 1.79281e-07 2.20601e-07 1.91928e-07
ifc10x8v29 1.78798e-07 3.30902e-07 1.77844e-07
ok13e10x10o11v9 2.08518e-07 9.96483e-07 2.31612e-07
ik13e10x10o11v9 2.5866e-07 7.34906e-07 2.26383e-07
obr7x12x11*10 2.27455e-07 3.45109e-07 1.90114e-07
ibr7x12x11*10 2.14789e-07 3.45109e-07 2.38141e-07
ofr7x12x11*10 2.01557e-07 3.45109e-07 1.97495e-07
ifr7x12x11*10 2.09447e-07 2.76088e-07 2.25334e-07
//obc7x12x11*10 2.36671e-07 3.45109e-07 2.24832e-07
//ibc7x12x11*10 2.03376e-07 3.45109e-07 2.1604e-07
Executing "/usr/lib/fftw/ptest/fftwf/benchf --verbose=1   --verify '//ofcd4x2x7x10v8' --verify '//ifcd4x2x7x10v8' --verify 'obcd4x2x7x10v8' --verify 'ibcd4x2x7x10v8' --verify 'ofcd4x2x7x10v8' --verify 'ifcd4x2x7x10v8' --verify 'ok7o00x10e11x3o11x4e01' --verify 'ik7o00x10e11x3o11x4e01' --verify '//obr960' --verify '//ibr960' --verify '//ofr960' --verify '//ifr960' --verify 'obr960' --verify 'ibr960' --verify 'ofr960' --verify 'ifr960' --verify '//obc960' --verify '//ibc960' --verify '//ofc960' --verify '//ifc960' --verify 'obc960' --verify 'ibc960' --verify 'ofc960' --verify 'ifc960' --verify 'okd77o00*56' --verify 'ikd77o00*56' --verify 'obr13*64' --verify 'ibr13*64' --verify 'ofr13*64' --verify 'ifr13*64' --verify '//obc13*64' --verify '//ibc13*64' --verify '//ofc13*64' --verify '//ifc13*64' --verify 'obc13*64' --verify 'ibc13*64' --verify 'ofc13*64' --verify 'ifc13*64' --verify 'ok108e10*63' --verify 'ik108e10*63' --verify 'obrd13x10v34' --verify 'ibrd13x10v34' --verify 'ofrd13x10v34' --verify 'ifrd13x10v34'"
//ofcd4x2x7x10v8 2.17555e-07 3.62701e-07 2.07436e-07
//ifcd4x2x7x10v8 2.04185e-07 3.62701e-07 1.90426e-07
obcd4x2x7x10v8 2.14117e-07 3.62701e-07 2.1394e-07
ibcd4x2x7x10v8 2.14009e-07 3.62701e-07 2.15917e-07
ofcd4x2x7x10v8 1.73178e-07 3.62701e-07 1.88932e-07
ifcd4x2x7x10v8 2.16742e-07 3.62701e-07 2.24206e-07
ok7o00x10e11x3o11x4e01 2.50351e-07 4.02338e-06 2.54148e-07
ik7o00x10e11x3o11x4e01 2.41083e-07 3.45275e-06 3.53259e-07
//obr960 2.27219e-07 5.54035e-07 2.08423e-07
//ibr960 2.05494e-07 4.92475e-07 1.97659e-07
//ofr960 2.17809e-07 3.69357e-07 2.0686e-07
//ifr960 2.66035e-07 4.30916e-07 1.91603e-07
obr960 2.34177e-07 4.92475e-07 2.08145e-07
ibr960 2.10922e-07 4.92475e-07 1.95282e-07
ofr960 2.08101e-07 3.69356e-07 2.04462e-07
ifr960 2.01247e-07 4.30916e-07 1.89009e-07
//obc960 2.16201e-07 4.92475e-07 2.34509e-07
//ibc960 2.15391e-07 3.69356e-07 2.29264e-07
//ofc960 2.24327e-07 4.30916e-07 2.27425e-07
//ifc960 2.31538e-07 4.30916e-07 2.52509e-07
obc960 2.19638e-07 3.69356e-07 2.31692e-07
ibc960 2.23273e-07 3.69357e-07 2.51451e-07
ofc960 2.26668e-07 4.30916e-07 1.94998e-07
ifc960 2.35826e-07 4.30916e-07 2.27514e-07
okd77o00*56 2.24463e-07 1.03137e-06 1.72288e-07
ikd77o00*56 2.01575e-07 1.12238e-06 2.45346e-07
obr13*64 1.93991e-07 2.68635e-07 1.70564e-07
ibr13*64 2.00979e-07 2.68635e-07 2.3838e-07
ofr13*64 1.82805e-07 1.34317e-07 2.04875e-07
ifr13*64 2.0594e-07 2.01476e-07 1.56667e-07
//obc13*64 1.70594e-07 2.01476e-07 1.90635e-07
//ibc13*64 1.94851e-07 2.68635e-07 1.5403e-07
//ofc13*64 1.68902e-07 2.01476e-07 2.1133e-07
//ifc13*64 1.86615e-07 2.01476e-07 2.14856e-07
obc13*64 2.10587e-07 2.01476e-07 2.07095e-07
ibc13*64 2.25102e-07 2.01476e-07 1.53258e-07
ofc13*64 2.64934e-07 2.01476e-07 2.2357e-07
ifc13*64 1.92532e-07 2.01476e-07 2.10806e-07
ok108e10*63 2.07798e-07 1.02936e-06 1.88112e-07
ik108e10*63 2.50005e-07 1.69542e-06 1.98004e-07
obrd13x10v34 2.22988e-07 3.44411e-07 2.45133e-07
ibrd13x10v34 2.03919e-07 3.44411e-07 1.9692e-07
ofrd13x10v34 1.86735e-07 2.58309e-07 1.97022e-07
ifrd13x10v34 1.61558e-07 2.58309e-07 2.31572e-07
Executing "/usr/lib/fftw/ptest/fftwf/benchf --verbose=1   --verify 'okd12o01x12e00x12o10x5e00v2' --verify 'ikd12o01x12e00x12o10x5e00v2' --verify 'obrd4x2x7x10v8' --verify 'ibrd4x2x7x10v8' --verify 'ofrd4x2x7x10v8' --verify 'ifrd4x2x7x10v8' --verify '//obcd4x2x7x10v8' --verify '//ibcd4x2x7x10v8'"
okd12o01x12e00x12o10x5e00v2 2.13779e-07 3.56205e-05 2.24633e-07
ikd12o01x12e00x12o10x5e00v2 2.52516e-07 3.23966e-05 2.1298e-07
obrd4x2x7x10v8 2.05424e-07 3.62701e-07 2.28659e-07
ibrd4x2x7x10v8 1.92808e-07 3.62701e-07 2.15463e-07
ofrd4x2x7x10v8 2.11869e-07 2.72026e-07 2.26795e-07
ifrd4x2x7x10v8 2.29784e-07 3.62701e-07 2.09791e-07
//obcd4x2x7x10v8 2.27618e-07 3.62701e-07 2.16169e-07
//ibcd4x2x7x10v8 1.98955e-07 3.62701e-07 2.14462e-07
Executing "/usr/lib/fftw/ptest/fftwl/benchl --verbose=1   --verify 'ok12o00x3o11v8' --verify 'ik12o00x3o11v8' --verify 'obrd12x7x4v5' --verify 'ibrd12x7x4v5' --verify 'ofrd12x7x4v5' --verify 'ifrd12x7x4v5' --verify '//obcd12x7x4v5' --verify '//ibcd12x7x4v5' --verify '//ofcd12x7x4v5' --verify '//ifcd12x7x4v5' --verify 'obcd12x7x4v5' --verify 'ibcd12x7x4v5' --verify 'ofcd12x7x4v5' --verify 'ifcd12x7x4v5' --verify 'okd910o11' --verify 'ikd910o11' --verify 'obr13x2x11x3*3' --verify 'ibr13x2x11x3*3' --verify 'ofr13x2x11x3*3' --verify 'ifr13x2x11x3*3' --verify '//obc13x2x11x3*3' --verify '//ibc13x2x11x3*3' --verify '//ofc13x2x11x3*3' --verify '//ifc13x2x11x3*3' --verify 'obc13x2x11x3*3' --verify 'ibc13x2x11x3*3' --verify 'ofc13x2x11x3*3' --verify 'ifc13x2x11x3*3' --verify 'ok16e01x11bx24b' --verify 'ik16e01x11bx24b' --verify '//obr120x8' --verify '//ofr120x8' --verify 'obr120x8' --verify 'ibr120x8' --verify 'ofr120x8' --verify 'ifr120x8' --verify '//obc120x8' --verify '//ibc120x8' --verify '//ofc120x8' --verify '//ifc120x8' --verify 'obc120x8' --verify 'ibc120x8' --verify 'ofc120x8' --verify 'ifc120x8'"
ok12o00x3o11v8 3.87175e-16 9.60637e-16 4.54497e-16
ik12o00x3o11v8 3.77493e-16 7.81535e-16 4.68921e-16
obrd12x7x4v5 3.27195e-16 5.81449e-16 4.19188e-16
ibrd12x7x4v5 3.40258e-16 5.81449e-16 4.26374e-16
ofrd12x7x4v5 2.57546e-16 5.81449e-16 8.446e-16
ifrd12x7x4v5 3.33755e-16 5.81449e-16 8.33332e-16
//obcd12x7x4v5 3.4252e-16 5.81449e-16 9.36714e-16
//ibcd12x7x4v5 3.34347e-16 5.81449e-16 8.09204e-16
//ofcd12x7x4v5 3.20117e-16 5.81449e-16 7.05091e-16
//ifcd12x7x4v5 3.34521e-16 5.81449e-16 7.46549e-16
obcd12x7x4v5 3.63865e-16 5.81449e-16 7.58569e-16
ibcd12x7x4v5 3.59591e-16 5.81449e-16 7.60846e-16
ofcd12x7x4v5 3.8436e-16 5.81449e-16 8.25866e-16
ifcd12x7x4v5 4.1634e-16 5.81449e-16 8.25085e-16
okd910o11 6.35897e-16 7.99361e-15 5.18661e-16
ikd910o11 4.93016e-16 7.77156e-15 4.82966e-16
obr13x2x11x3*3 4.40265e-16 6.46867e-16 5.33263e-16
ibr13x2x11x3*3 4.18624e-16 6.46867e-16 6.21362e-16
ofr13x2x11x3*3 3.9237e-16 6.06438e-16 8.24652e-16
ifr13x2x11x3*3 4.10049e-16 6.06438e-16 7.78648e-16
//obc13x2x11x3*3 4.21914e-16 6.46867e-16 8.34143e-16
//ibc13x2x11x3*3 4.47196e-16 6.46867e-16 7.98065e-16
//ofc13x2x11x3*3 4.47564e-16 8.08584e-16 8.42095e-16
//ifc13x2x11x3*3 4.60381e-16 5.66009e-16 8.01421e-16
obc13x2x11x3*3 4.25772e-16 8.08584e-16 7.9285e-16
ibc13x2x11x3*3 3.74328e-16 6.46867e-16 7.62408e-16
ofc13x2x11x3*3 4.05319e-16 5.2558e-16 8.09382e-16
ifc13x2x11x3*3 3.64694e-16 6.46867e-16 7.47098e-16
ok16e01x11bx24b 4.2382e-16 5.68434e-14 6.26813e-16
ik16e01x11bx24b 4.62953e-16 5.68434e-14 3.76616e-16
//obr120x8 4.35003e-16 1.2613e-15 5.12652e-16
//ofr120x8 3.97808e-16 1.2613e-15 8.30135e-16
obr120x8 3.27597e-16 1.2613e-15 5.37294e-16
ibr120x8 3.56954e-16 1.2613e-15 5.52921e-16
ofr120x8 3.47032e-16 1.2613e-15 8.94896e-16
ifr120x8 2.98309e-16 1.2613e-15 8.85979e-16
//obc120x8 4.57419e-16 1.2613e-15 8.09808e-16
//ibc120x8 4.0468e-16 1.2613e-15 7.23429e-16
//ofc120x8 3.41144e-16 1.2613e-15 9.13383e-16
//ifc120x8 3.62267e-16 1.2613e-15 7.71906e-16
obc120x8 4.81624e-16 1.2613e-15 8.74664e-16
ibc120x8 3.42506e-16 1.2613e-15 8.20551e-16
ofc120x8 3.76433e-16 1.2613e-15 9.3182e-16
ifc120x8 3.61892e-16 1.2613e-15 8.38252e-16
Executing "/usr/lib/fftw/ptest/fftwl/benchl --verbose=1   --verify 'ofc4x20*4' --verify 'ifc4x20*4' --verify 'okd28o10v106' --verify 'ikd28o10v106' --verify 'obr7x3x4x4v3' --verify 'ibr7x3x4x4v3' --verify 'ofr7x3x4x4v3' --verify 'ifr7x3x4x4v3' --verify '//obc7x3x4x4v3' --verify '//ibc7x3x4x4v3' --verify '//ofc7x3x4x4v3' --verify '//ifc7x3x4x4v3' --verify 'obc7x3x4x4v3' --verify 'ibc7x3x4x4v3' --verify 'ofc7x3x4x4v3' --verify 'ifc7x3x4x4v3' --verify 'ok6hx2o10x5e11*8' --verify 'ik6hx2o10x5e11*8' --verify 'obrd7x10x10x2v3' --verify 'ibrd7x10x10x2v3' --verify 'ofrd7x10x10x2v3' --verify 'ifrd7x10x10x2v3' --verify '//obcd7x10x10x2v3' --verify '//ibcd7x10x10x2v3' --verify '//ofcd7x10x10x2v3' --verify '//ifcd7x10x10x2v3' --verify 'obcd7x10x10x2v3' --verify 'ibcd7x10x10x2v3' --verify 'ofcd7x10x10x2v3' --verify 'ifcd7x10x10x2v3' --verify 'okd12o00x5bx11e11x5e00' --verify 'ikd12o00x5bx11e11x5e00' --verify 'obr11x7x10v14' --verify 'ibr11x7x10v14' --verify 'ofr11x7x10v14' --verify 'ifr11x7x10v14' --verify '//obc11x7x10v14' --verify '//ibc11x7x10v14' --verify '//ofc11x7x10v14' --verify '//ifc11x7x10v14' --verify 'obc11x7x10v14' --verify 'ibc11x7x10v14' --verify 'ofc11x7x10v14' --verify 'ifc11x7x10v14'"
ofc4x20*4 2.8464e-16 4.96507e-16 3.67164e-16
ifc4x20*4 3.49542e-16 3.7238e-16 4.06695e-16
okd28o10v106 3.50324e-16 1.1207e-15 2.37333e-16
ikd28o10v106 4.24629e-16 1.1207e-15 3.93779e-16
obr7x3x4x4v3 3.3681e-16 6.46055e-16 4.21875e-16
ibr7x3x4x4v3 3.57518e-16 6.46055e-16 4.81905e-16
ofr7x3x4x4v3 3.88644e-16 6.46055e-16 6.1041e-16
ifr7x3x4x4v3 2.86122e-16 6.46055e-16 6.41308e-16
//obc7x3x4x4v3 3.37252e-16 6.46055e-16 6.58561e-16
//ibc7x3x4x4v3 3.94699e-16 6.46055e-16 6.46373e-16
//ofc7x3x4x4v3 4.18959e-16 6.46055e-16 6.09939e-16
//ifc7x3x4x4v3 3.41085e-16 6.46055e-16 7.04216e-16
obc7x3x4x4v3 3.35664e-16 6.46055e-16 5.12382e-16
ibc7x3x4x4v3 3.46313e-16 6.46055e-16 6.83512e-16
ofc7x3x4x4v3 3.32936e-16 6.46055e-16 6.46522e-16
ifc7x3x4x4v3 3.49815e-16 6.46055e-16 6.02108e-16
ok6hx2o10x5e11*8 3.82612e-16 1.13811e-15 4.33837e-16
ik6hx2o10x5e11*8 3.33922e-16 9.48427e-16 3.82112e-16
obrd7x10x10x2v3 3.69088e-16 6.33002e-16 4.12523e-16
ibrd7x10x10x2v3 3.65017e-16 6.33002e-16 4.14318e-16
ofrd7x10x10x2v3 3.84777e-16 3.79801e-16 5.01749e-16
ifrd7x10x10x2v3 3.4648e-16 5.06401e-16 4.33926e-16
//obcd7x10x10x2v3 4.19772e-16 6.33002e-16 4.34329e-16
//ibcd7x10x10x2v3 4.43367e-16 6.33002e-16 4.44557e-16
//ofcd7x10x10x2v3 4.23047e-16 5.06401e-16 5.23783e-16
//ifcd7x10x10x2v3 4.05444e-16 6.33002e-16 5.52969e-16
obcd7x10x10x2v3 3.84642e-16 6.33002e-16 4.15026e-16
ibcd7x10x10x2v3 3.64194e-16 6.33002e-16 4.46227e-16
ofcd7x10x10x2v3 3.57463e-16 6.33002e-16 4.33397e-16
ifcd7x10x10x2v3 4.10217e-16 6.33002e-16 5.35885e-16
okd12o00x5bx11e11x5e00 4.37616e-16 4.4478e-14 4.83519e-16
ikd12o00x5bx11e11x5e00 3.61576e-16 3.3637e-14 5.19937e-16
obr11x7x10v14 4.02678e-16 6.8588e-16 5.04397e-16
ibr11x7x10v14 3.56332e-16 9.60232e-16 4.21061e-16
ofr11x7x10v14 3.67277e-16 8.23056e-16 4.99274e-16
ifr11x7x10v14 3.96084e-16 8.23056e-16 5.69586e-16
//obc11x7x10v14 4.00887e-16 8.23056e-16 5.48212e-16
//ibc11x7x10v14 3.61218e-16 9.60232e-16 5.074e-16
//ofc11x7x10v14 4.25872e-16 8.23056e-16 5.49633e-16
//ifc11x7x10v14 3.50868e-16 8.23056e-16 4.62614e-16
obc11x7x10v14 4.0417e-16 8.23056e-16 5.76988e-16
ibc11x7x10v14 3.91461e-16 8.91644e-16 5.01202e-16
ofc11x7x10v14 4.38903e-16 8.23056e-16 4.75805e-16
ifc11x7x10v14 3.87012e-16 8.23056e-16 5.17979e-16
Executing "/usr/lib/fftw/ptest/fftwl/benchl --verbose=1   --verify 'ofcd4x12x11x4v7' --verify 'ifcd4x12x11x4v7' --verify 'ok7bx5bx6bx12o11v1' --verify 'ik7bx5bx6bx12o11v1' --verify 'obr64*60' --verify 'ibr64*60' --verify 'ofr64*60' --verify 'ifr64*60' --verify '//obc64*60' --verify '//ibc64*60' --verify '//ofc64*60' --verify '//ifc64*60' --verify 'obc64*60' --verify 'ibc64*60' --verify 'ofc64*60' --verify 'ifc64*60' --verify 'okd12e10x8o11x4h*10' --verify 'ikd12e10x8o11x4h*10' --verify '//obrd12x78' --verify '//ofrd12x78' --verify 'obrd12x78' --verify 'ibrd12x78' --verify 'ofrd12x78' --verify 'ifrd12x78' --verify '//obcd12x78' --verify '//ibcd12x78' --verify '//ofcd12x78' --verify '//ifcd12x78' --verify 'obcd12x78' --verify 'ibcd12x78' --verify 'ofcd12x78' --verify 'ifcd12x78' --verify 'ok10o10x18o10x9e00v8' --verify 'ik10o10x18o10x9e00v8' --verify 'obr4x20*4' --verify 'ibr4x20*4' --verify 'ofr4x20*4' --verify 'ifr4x20*4' --verify '//obc4x20*4' --verify '//ibc4x20*4' --verify '//ofc4x20*4' --verify '//ifc4x20*4' --verify 'obc4x20*4' --verify 'ibc4x20*4'"
ofcd4x12x11x4v7 3.77624e-16 1.0602e-15 8.37954e-16
ifcd4x12x11x4v7 4.30503e-16 1.0602e-15 7.44343e-16
ok7bx5bx6bx12o11v1 4.40851e-16 4.75082e-14 3.91918e-16
ik7bx5bx6bx12o11v1 4.06143e-16 3.73835e-14 3.8693e-16
obr64*60 3.79307e-16 4.51491e-16 3.22843e-16
ibr64*60 3.93255e-16 5.64363e-16 3.06666e-16
ofr64*60 3.38552e-16 3.38618e-16 5.99594e-16
ifr64*60 3.19468e-16 4.51491e-16 6.40509e-16
//obc64*60 3.16533e-16 4.51491e-16 5.66091e-16
//ibc64*60 4.09952e-16 4.51491e-16 6.50907e-16
//ofc64*60 3.37441e-16 4.51491e-16 6.36957e-16
//ifc64*60 4.31011e-16 5.64363e-16 5.95588e-16
obc64*60 4.01691e-16 4.51491e-16 5.92961e-16
ibc64*60 3.31078e-16 3.38618e-16 6.92448e-16
ofc64*60 4.19403e-16 4.51491e-16 6.61883e-16
ifc64*60 3.24561e-16 4.51491e-16 7.18946e-16
okd12e10x8o11x4h*10 4.05397e-16 3.06789e-15 3.56951e-16
ikd12e10x8o11x4h*10 4.05154e-16 3.09856e-15 3.73502e-16
//obrd12x78 4.87369e-16 6.96744e-16 5.71843e-16
//ofrd12x78 4.27813e-16 6.96744e-16 9.24482e-16
obrd12x78 4.45066e-16 8.12869e-16 6.36447e-16
ibrd12x78 4.19154e-16 8.12869e-16 4.95042e-16
ofrd12x78 4.27207e-16 6.96744e-16 8.16782e-16
ifrd12x78 3.89723e-16 6.96744e-16 8.64625e-16
//obcd12x78 5.0925e-16 6.96744e-16 9.28904e-16
//ibcd12x78 4.38023e-16 6.96744e-16 8.50014e-16
//ofcd12x78 4.37243e-16 6.96744e-16 8.35739e-16
//ifcd12x78 3.7034e-16 6.96744e-16 9.23568e-16
obcd12x78 4.1065e-16 6.96744e-16 8.21919e-16
ibcd12x78 3.58853e-16 8.12869e-16 8.2496e-16
ofcd12x78 4.42703e-16 6.96744e-16 8.94381e-16
ifcd12x78 3.90971e-16 6.96744e-16 8.99135e-16
ok10o10x18o10x9e00v8 4.20598e-16 1.56125e-14 3.14304e-16
ik10o10x18o10x9e00v8 3.62537e-16 1.58467e-14 3.17648e-16
obr4x20*4 3.21037e-16 3.7238e-16 3.59251e-16
ibr4x20*4 3.19942e-16 3.7238e-16 3.02957e-16
ofr4x20*4 2.51158e-16 2.48253e-16 3.11168e-16
ifr4x20*4 3.46833e-16 2.48253e-16 3.4427e-16
//obc4x20*4 3.04695e-16 3.7238e-16 4.32793e-16
//ibc4x20*4 3.86996e-16 3.7238e-16 3.98685e-16
//ofc4x20*4 4.01119e-16 4.96507e-16 3.79953e-16
//ifc4x20*4 3.43058e-16 3.7238e-16 3.75196e-16
obc4x20*4 3.68385e-16 3.7238e-16 3.67288e-16
ibc4x20*4 3.75757e-16 3.7238e-16 3.22759e-16
Executing "/usr/lib/fftw/ptest/fftwl/benchl --verbose=1   --verify 'ok168e01*180' --verify 'ik168e01*180' --verify 'obr12v58' --verify 'ibr12v58' --verify 'ofr12v58' --verify 'ifr12v58' --verify '//obc12v58' --verify '//ibc12v58' --verify '//ofc12v58' --verify '//ifc12v58' --verify 'obc12v58' --verify 'ibc12v58' --verify 'ofc12v58' --verify 'ifc12v58' --verify 'ok5280e11' --verify 'ik5280e11' --verify '//obrd7920' --verify '//ibrd7920' --verify '//ofrd7920' --verify '//ifrd7920' --verify 'obrd7920' --verify 'ibrd7920' --verify 'ofrd7920' --verify 'ifrd7920' --verify '//obcd7920' --verify '//ibcd7920' --verify '//ofcd7920' --verify '//ifcd7920' --verify 'obcd7920' --verify 'ibcd7920' --verify 'ofcd7920' --verify 'ifcd7920' --verify 'ok18e01x6hx21o00x12e11' --verify 'ik18e01x6hx21o00x12e11' --verify 'obrd4x12x11x4v7' --verify 'ibrd4x12x11x4v7' --verify 'ofrd4x12x11x4v7' --verify 'ifrd4x12x11x4v7' --verify '//obcd4x12x11x4v7' --verify '//ibcd4x12x11x4v7' --verify '//ofcd4x12x11x4v7' --verify '//ifcd4x12x11x4v7' --verify 'obcd4x12x11x4v7' --verify 'ibcd4x12x11x4v7'"
ok168e01*180 3.70754e-16 6.39134e-15 4.04032e-16
ik168e01*180 3.85157e-16 5.35868e-15 3.71247e-16
obr12v58 3.45363e-16 3.91223e-16 3.37993e-16
ibr12v58 2.25268e-16 3.91223e-16 3.14816e-16
ofr12v58 2.65023e-16 2.60816e-16 6.45297e-16
ifr12v58 2.23935e-16 2.60816e-16 7.19231e-16
//obc12v58 3.29554e-16 3.91223e-16 7.69755e-16
//ibc12v58 3.80223e-16 2.60816e-16 7.83593e-16
//ofc12v58 2.87381e-16 3.91223e-16 7.6269e-16
//ifc12v58 3.48818e-16 2.60816e-16 7.45686e-16
obc12v58 2.93309e-16 2.60816e-16 7.3778e-16
ibc12v58 3.44096e-16 3.91223e-16 7.39566e-16
ofc12v58 3.29483e-16 2.60816e-16 7.39056e-16
ifc12v58 3.66818e-16 3.91223e-16 8.06189e-16
ok5280e11 4.95318e-16 2.53131e-14 4.5312e-16
ik5280e11 5.08309e-16 2.55351e-14 4.62315e-16
//obrd7920 4.27058e-16 3.51302e-15 4.14837e-16
//ibrd7920 4.35069e-16 3.51302e-15 4.34149e-16
//ofrd7920 4.22367e-16 2.39524e-15 9.17865e-16
//ifrd7920 4.53255e-16 2.23556e-15 8.12626e-16
obrd7920 4.2254e-16 3.19365e-15 4.57241e-16
ibrd7920 4.69457e-16 3.19365e-15 5.09835e-16
ofrd7920 3.84021e-16 2.39524e-15 7.87796e-16
ifrd7920 4.83739e-16 2.23556e-15 8.7501e-16
//obcd7920 4.66077e-16 2.23556e-15 8.58892e-16
//ibcd7920 4.52318e-16 2.39524e-15 8.54861e-16
//ofcd7920 4.35402e-16 2.23556e-15 8.33513e-16
//ifcd7920 4.08007e-16 2.23556e-15 8.66897e-16
obcd7920 4.71515e-16 2.23556e-15 8.26134e-16
ibcd7920 4.31055e-16 2.23556e-15 8.02511e-16
ofcd7920 4.35578e-16 2.23556e-15 9.06654e-16
ifcd7920 4.15664e-16 2.39524e-15 7.81065e-16
ok18e01x6hx21o00x12e11 5.73715e-16 5.58528e-14 5.66725e-16
ik18e01x6hx21o00x12e11 5.13148e-16 6.19304e-14 4.74628e-16
obrd4x12x11x4v7 4.29085e-16 1.0602e-15 4.38096e-16
ibrd4x12x11x4v7 3.64884e-16 1.0602e-15 4.63477e-16
ofrd4x12x11x4v7 3.87257e-16 1.0602e-15 8.0712e-16
ifrd4x12x11x4v7 3.35207e-16 1.0602e-15 7.75217e-16
//obcd4x12x11x4v7 3.67457e-16 1.14855e-15 8.75464e-16
//ibcd4x12x11x4v7 3.92235e-16 1.0602e-15 8.22114e-16
//ofcd4x12x11x4v7 3.71286e-16 1.0602e-15 8.41623e-16
//ifcd4x12x11x4v7 3.2405e-16 1.0602e-15 8.19744e-16
obcd4x12x11x4v7 3.77867e-16 1.0602e-15 8.34081e-16
ibcd4x12x11x4v7 3.88582e-16 1.0602e-15 8.46133e-16
Executing "/usr/lib/fftw/ptest/fftwl/benchl --verbose=1   --verify 'ofc6x24x4x9' --verify 'ifc6x24x4x9' --verify 'ok16e01v53' --verify 'ik16e01v53' --verify 'obr3x10v8' --verify 'ibr3x10v8' --verify 'ofr3x10v8' --verify 'ifr3x10v8' --verify '//obc3x10v8' --verify '//ibc3x10v8' --verify '//ofc3x10v8' --verify '//ifc3x10v8' --verify 'obc3x10v8' --verify 'ibc3x10v8' --verify 'ofc3x10v8' --verify 'ifc3x10v8' --verify 'ok6e11x7hx10o01x2o00v3' --verify 'ik6e11x7hx10o01x2o00v3' --verify 'obrd42*5' --verify 'ibrd42*5' --verify 'ofrd42*5' --verify 'ifrd42*5' --verify '//obcd42*5' --verify '//ibcd42*5' --verify '//ofcd42*5' --verify '//ifcd42*5' --verify 'obcd42*5' --verify 'ibcd42*5' --verify 'ofcd42*5' --verify 'ifcd42*5' --verify 'ok12bx4hx13e10*6' --verify 'ik12bx4hx13e10*6' --verify 'obr13x8*22' --verify 'ibr13x8*22' --verify 'ofr13x8*22' --verify 'ifr13x8*22' --verify '//obc13x8*22' --verify '//ibc13x8*22' --verify '//ofc13x8*22' --verify '//ifc13x8*22' --verify 'obc13x8*22' --verify 'ibc13x8*22' --verify 'ofc13x8*22' --verify 'ifc13x8*22'"
ofc6x24x4x9 4.34123e-16 2.76322e-15 9.41041e-16
ifc6x24x4x9 4.45898e-16 2.96059e-15 8.68295e-16
ok16e01v53 3.70362e-16 1.24429e-15 2.14607e-16
ik16e01v53 3.50329e-16 1.30085e-15 4.16089e-16
obr3x10v8 3.11734e-16 3.64857e-16 4.91591e-16
ibr3x10v8 3.42022e-16 3.64857e-16 4.4309e-16
ofr3x10v8 3.15458e-16 2.73642e-16 6.17411e-16
ifr3x10v8 4.2247e-16 2.73642e-16 6.04651e-16
//obc3x10v8 3.10787e-16 3.64857e-16 6.07961e-16
//ibc3x10v8 3.03843e-16 3.64857e-16 6.45731e-16
//ofc3x10v8 2.77886e-16 3.64857e-16 6.44099e-16
//ifc3x10v8 3.50197e-16 3.64857e-16 6.53444e-16
obc3x10v8 3.17138e-16 3.64857e-16 6.17934e-16
ibc3x10v8 2.98696e-16 3.64857e-16 5.59713e-16
ofc3x10v8 3.0893e-16 3.64857e-16 5.6321e-16
ifc3x10v8 3.85132e-16 3.64857e-16 6.05615e-16
ok6e11x7hx10o01x2o00v3 4.66714e-16 4.80024e-15 5.25757e-16
ik6e11x7hx10o01x2o00v3 5.38677e-16 7.5931e-15 5.47229e-16
obrd42*5 4.07303e-16 3.28917e-16 3.1272e-16
ibrd42*5 3.12841e-16 4.93376e-16 3.1243e-16
ofrd42*5 4.13367e-16 3.28917e-16 6.49961e-16
ifrd42*5 2.79304e-16 2.46688e-16 4.92063e-16
//obcd42*5 3.8446e-16 3.28917e-16 4.49465e-16
//ibcd42*5 3.27963e-16 3.28917e-16 4.64697e-16
//ofcd42*5 3.03222e-16 3.28917e-16 4.78621e-16
//ifcd42*5 3.0596e-16 4.93376e-16 4.15117e-16
obcd42*5 3.5789e-16 3.28917e-16 4.70122e-16
ibcd42*5 3.79965e-16 3.28917e-16 4.84478e-16
ofcd42*5 3.35409e-16 4.93376e-16 4.92909e-16
ifcd42*5 3.59613e-16 3.28917e-16 5.10744e-16
ok12bx4hx13e10*6 3.12956e-16 6.99441e-15 3.26782e-16
ik12bx4hx13e10*6 2.86387e-16 9.4554e-15 3.23083e-16
obr13x8*22 2.91671e-16 5.46311e-16 5.55778e-16
ibr13x8*22 3.79805e-16 5.46311e-16 4.69733e-16
ofr13x8*22 4.08097e-16 3.64207e-16 8.44402e-16
ifr13x8*22 3.94438e-16 3.64207e-16 7.48557e-16
//obc13x8*22 4.46914e-16 3.64207e-16 8.93284e-16
//ibc13x8*22 4.0074e-16 5.46311e-16 7.60406e-16
//ofc13x8*22 3.58964e-16 4.55259e-16 7.76919e-16
//ifc13x8*22 3.75364e-16 4.55259e-16 7.40768e-16
obc13x8*22 3.66e-16 4.55259e-16 7.5323e-16
ibc13x8*22 3.21388e-16 4.55259e-16 7.65914e-16
ofc13x8*22 3.59528e-16 4.55259e-16 7.81129e-16
ifc13x8*22 4.05401e-16 4.55259e-16 7.4425e-16
Executing "/usr/lib/fftw/ptest/fftwl/benchl --verbose=1   --verify 'okd60o01x11e10' --verify 'ikd60o01x11e10' --verify 'obr5*49' --verify 'ibr5*49' --verify 'ofr5*49' --verify 'ifr5*49' --verify '//obc5*49' --verify '//ibc5*49' --verify '//ofc5*49' --verify '//ifc5*49' --verify 'obc5*49' --verify 'ibc5*49' --verify 'ofc5*49' --verify 'ifc5*49' --verify 'ok16e00x8e11x4e00v3' --verify 'ik16e00x8e11x4e00v3' --verify '//obr12x13x6' --verify '//ofr12x13x6' --verify 'obr12x13x6' --verify 'ibr12x13x6' --verify 'ofr12x13x6' --verify 'ifr12x13x6' --verify '//obc12x13x6' --verify '//ibc12x13x6' --verify '//ofc12x13x6' --verify '//ifc12x13x6' --verify 'obc12x13x6' --verify 'ibc12x13x6' --verify 'ofc12x13x6' --verify 'ifc12x13x6' --verify 'ok14o00x13o00x5o11' --verify 'ik14o00x13o00x5o11' --verify '//obr6x24x4x9' --verify '//ofr6x24x4x9' --verify 'obr6x24x4x9' --verify 'ibr6x24x4x9' --verify 'ofr6x24x4x9' --verify 'ifr6x24x4x9' --verify '//obc6x24x4x9' --verify '//ibc6x24x4x9' --verify '//ofc6x24x4x9' --verify '//ifc6x24x4x9' --verify 'obc6x24x4x9' --verify 'ibc6x24x4x9'"
okd60o01x11e10 4.10487e-16 6.4415e-15 7.85628e-16
ikd60o01x11e10 5.10043e-16 6.66362e-15 4.29968e-16
obr5*49 2.66211e-16 3.03984e-16 2.42867e-16
ibr5*49 2.73735e-16 3.03984e-16 2.1703e-16
ofr5*49 2.60875e-16 2.02656e-16 2.57085e-16
ifr5*49 2.65273e-16 2.02656e-16 3.05978e-16
//obc5*49 3.73593e-16 3.03984e-16 3.04188e-16
//ibc5*49 3.21828e-16 3.03984e-16 4.36193e-16
//ofc5*49 2.95581e-16 3.03984e-16 2.96806e-16
//ifc5*49 3.39367e-16 2.02656e-16 3.55549e-16
obc5*49 3.19886e-16 3.03984e-16 2.9098e-16
ibc5*49 3.24272e-16 3.03984e-16 3.78188e-16
ofc5*49 3.79561e-16 2.02656e-16 3.64853e-16
ifc5*49 3.96735e-16 3.03984e-16 2.96038e-16
ok16e00x8e11x4e00v3 3.96036e-16 1.19369e-14 3.78398e-16
ik16e00x8e11x4e00v3 3.79978e-16 9.92879e-15 4.01033e-16
//obr12x13x6 4.5356e-16 6.96744e-16 5.88696e-16
//ofr12x13x6 3.47096e-16 4.64496e-16 9.0229e-16
obr12x13x6 3.84085e-16 6.96744e-16 5.30864e-16
ibr12x13x6 4.33531e-16 6.96744e-16 6.42701e-16
ofr12x13x6 3.53554e-16 5.8062e-16 9.46879e-16
ifr12x13x6 3.88982e-16 4.64496e-16 9.51132e-16
//obc12x13x6 3.41266e-16 6.96744e-16 9.38882e-16
//ibc12x13x6 3.72355e-16 6.96744e-16 8.03018e-16
//ofc12x13x6 4.12609e-16 5.8062e-16 9.16497e-16
//ifc12x13x6 4.98215e-16 6.96744e-16 9.37025e-16
obc12x13x6 3.86304e-16 6.96744e-16 9.03583e-16
ibc12x13x6 3.797e-16 6.96744e-16 8.54398e-16
ofc12x13x6 4.27756e-16 6.96744e-16 8.57666e-16
ifc12x13x6 3.43983e-16 6.96744e-16 1.00549e-15
ok14o00x13o00x5o11 3.96794e-16 6.44245e-15 3.90434e-16
ik14o00x13o00x5o11 4.22033e-16 5.65127e-15 4.33832e-16
//obr6x24x4x9 4.26094e-16 3.55271e-15 6.30025e-16
//ofr6x24x4x9 4.06864e-16 2.96059e-15 9.64778e-16
obr6x24x4x9 3.71417e-16 3.35534e-15 5.68333e-16
ibr6x24x4x9 4.42388e-16 3.55271e-15 6.22595e-16
ofr6x24x4x9 3.43623e-16 2.76322e-15 8.70023e-16
ifr6x24x4x9 4.17201e-16 2.96059e-15 9.22299e-16
//obc6x24x4x9 3.90449e-16 3.15797e-15 8.87566e-16
//ibc6x24x4x9 4.04217e-16 2.96059e-15 8.44342e-16
//ofc6x24x4x9 4.60716e-16 2.76322e-15 8.67363e-16
//ifc6x24x4x9 4.39388e-16 2.76322e-15 8.54181e-16
obc6x24x4x9 4.7005e-16 2.76322e-15 9.47008e-16
ibc6x24x4x9 3.97629e-16 2.96059e-15 8.97763e-16
Executing "/usr/lib/fftw/ptest/fftwl/benchl --verbose=1   --verify 'ok33o01x9b' --verify 'ik33o01x9b' --verify 'obrd8x22v35' --verify 'ibrd8x22v35' --verify 'ofrd8x22v35' --verify 'ifrd8x22v35' --verify '//obcd8x22v35' --verify '//ibcd8x22v35' --verify '//ofcd8x22v35' --verify '//ifcd8x22v35' --verify 'obcd8x22v35' --verify 'ibcd8x22v35' --verify 'ofcd8x22v35' --verify 'ifcd8x22v35' --verify 'ok11o10x5e01x5e01x4e10v3' --verify 'ik11o10x5e01x5e01x4e10v3' --verify '//obr11x12x21' --verify '//ofr11x12x21' --verify 'obr11x12x21' --verify 'ibr11x12x21' --verify 'ofr11x12x21' --verify 'ifr11x12x21' --verify '//obc11x12x21' --verify '//ibc11x12x21' --verify '//ofc11x12x21' --verify '//ifc11x12x21' --verify 'obc11x12x21' --verify 'ibc11x12x21' --verify 'ofc11x12x21' --verify 'ifc11x12x21' --verify 'ok18hx9o00x10o10*13' --verify 'ik18hx9o00x10o10*13' --verify 'obr9x9*14' --verify 'ibr9x9*14' --verify 'ofr9x9*14' --verify 'ifr9x9*14' --verify '//obc9x9*14' --verify '//ibc9x9*14' --verify '//ofc9x9*14' --verify '//ifc9x9*14' --verify 'obc9x9*14' --verify 'ibc9x9*14' --verify 'ofc9x9*14' --verify 'ifc9x9*14'"
ok33o01x9b 3.7647e-16 8.13238e-15 4.03824e-16
ik33o01x9b 4.31152e-16 7.77156e-15 4.34398e-16
obrd8x22v35 3.928e-16 6.88618e-16 3.78039e-16
ibrd8x22v35 3.69772e-16 5.50894e-16 3.82352e-16
ofrd8x22v35 3.69812e-16 6.88618e-16 5.45956e-16
ifrd8x22v35 3.78236e-16 4.13171e-16 4.50172e-16
//obcd8x22v35 3.74552e-16 5.50894e-16 4.76531e-16
//ibcd8x22v35 3.90207e-16 5.50894e-16 5.23922e-16
//ofcd8x22v35 3.89333e-16 6.88618e-16 5.57376e-16
//ifcd8x22v35 3.21229e-16 5.50894e-16 4.93211e-16
obcd8x22v35 3.7988e-16 5.50894e-16 4.99542e-16
ibcd8x22v35 3.66722e-16 5.50894e-16 5.00268e-16
ofcd8x22v35 4.0443e-16 5.50894e-16 5.18496e-16
ifcd8x22v35 4.17245e-16 5.50894e-16 4.68715e-16
ok11o10x5e01x5e01x4e10v3 4.99006e-16 1.33227e-14 5.8664e-16
ik11o10x5e01x5e01x4e10v3 4.28347e-16 1.19904e-14 5.88329e-16
//obr11x12x21 4.21032e-16 1.07965e-15 5.22492e-16
//ofr11x12x21 3.89589e-16 8.09739e-16 9.02071e-16
obr11x12x21 4.561e-16 1.07965e-15 5.51909e-16
ibr11x12x21 4.79479e-16 1.07965e-15 6.0821e-16
ofr11x12x21 3.93627e-16 8.09739e-16 8.91995e-16
ifr11x12x21 4.38712e-16 6.74782e-16 9.3885e-16
//obc11x12x21 4.33152e-16 8.09739e-16 7.938e-16
//ibc11x12x21 4.3682e-16 8.09739e-16 8.24243e-16
//ofc11x12x21 4.136e-16 8.09739e-16 8.78038e-16
//ifc11x12x21 4.55452e-16 1.07965e-15 7.83686e-16
obc11x12x21 4.78201e-16 8.09739e-16 8.65091e-16
ibc11x12x21 4.10552e-16 1.07965e-15 7.40582e-16
ofc11x12x21 4.29577e-16 8.09739e-16 8.4482e-16
ifc11x12x21 3.92793e-16 8.09739e-16 7.83644e-16
ok18hx9o00x10o10*13 3.5829e-16 6.54605e-15 3.84784e-16
ik18hx9o00x10o10*13 3.74415e-16 6.57594e-15 5.17601e-16
obr9x9*14 4.26479e-16 5.28678e-16 4.78867e-16
ibr9x9*14 3.56139e-16 6.34413e-16 5.16627e-16
ofr9x9*14 4.37285e-16 4.22942e-16 6.31992e-16
ifr9x9*14 4.46326e-16 4.22942e-16 6.31607e-16
//obc9x9*14 3.60447e-16 4.22942e-16 5.94214e-16
//ibc9x9*14 4.42751e-16 5.28678e-16 6.39892e-16
//ofc9x9*14 3.50031e-16 5.28678e-16 6.42842e-16
//ifc9x9*14 3.69931e-16 5.28678e-16 6.27595e-16
obc9x9*14 3.72008e-16 6.34413e-16 6.40481e-16
ibc9x9*14 3.53994e-16 5.28678e-16 6.5486e-16
ofc9x9*14 4.13655e-16 5.28678e-16 6.22536e-16
ifc9x9*14 4.23533e-16 5.28678e-16 6.30881e-16
Executing "/usr/lib/fftw/ptest/fftwl/benchl --verbose=1   --verify 'obr8x6*13' --verify 'ibr8x6*13' --verify 'ofr8x6*13' --verify 'ifr8x6*13' --verify '//obc8x6*13' --verify '//ibc8x6*13' --verify '//ofc8x6*13' --verify '//ifc8x6*13' --verify 'obc8x6*13' --verify 'ibc8x6*13' --verify 'ofc8x6*13' --verify 'ifc8x6*13' --verify 'ok18o01x7o10x10bv2' --verify 'ik18o01x7o10x10bv2' --verify '//obr9x10x12x6' --verify '//ofr9x10x12x6' --verify 'obr9x10x12x6' --verify 'ibr9x10x12x6' --verify 'ofr9x10x12x6' --verify 'ifr9x10x12x6' --verify '//obc9x10x12x6' --verify '//ibc9x10x12x6' --verify '//ofc9x10x12x6' --verify '//ifc9x10x12x6' --verify 'obc9x10x12x6' --verify 'ibc9x10x12x6' --verify 'ofc9x10x12x6' --verify 'ifc9x10x12x6' --verify 'ok12hx12o11x11o11v7' --verify 'ik12hx12o11x11o11v7' --verify '//obrd12x48' --verify '//ofrd12x48' --verify 'obrd12x48' --verify 'ibrd12x48' --verify 'ofrd12x48' --verify 'ifrd12x48' --verify '//obcd12x48' --verify '//ibcd12x48' --verify '//ofcd12x48' --verify '//ifcd12x48' --verify 'obcd12x48' --verify 'ibcd12x48' --verify 'ofcd12x48' --verify 'ifcd12x48'"
obr8x6*13 2.83094e-16 5.52235e-16 2.84953e-16
ibr8x6*13 2.92004e-16 4.14177e-16 3.05428e-16
ofr8x6*13 2.47661e-16 2.76118e-16 8.91686e-16
ifr8x6*13 3.29665e-16 2.76118e-16 8.57169e-16
//obc8x6*13 2.85647e-16 2.76118e-16 9.07014e-16
//ibc8x6*13 3.3012e-16 2.76118e-16 9.11215e-16
//ofc8x6*13 3.02597e-16 2.76118e-16 8.74149e-16
//ifc8x6*13 3.22555e-16 4.14177e-16 8.87348e-16
obc8x6*13 3.61271e-16 4.14177e-16 8.77824e-16
ibc8x6*13 3.51446e-16 2.76118e-16 7.41967e-16
ofc8x6*13 3.67382e-16 4.14177e-16 8.2604e-16
ifc8x6*13 2.87959e-16 3.45147e-16 8.88932e-16
ok18o01x7o10x10bv2 3.97134e-16 1.28721e-14 4.7208e-16
ik18o01x7o10x10bv2 4.42013e-16 1.05944e-14 4.66702e-16
//obr9x10x12x6 4.30895e-16 2.11843e-15 5.49566e-16
//ofr9x10x12x6 4.37476e-16 8.82679e-16 9.1645e-16
obr9x10x12x6 4.66454e-16 2.11843e-15 5.52467e-16
ibr9x10x12x6 3.74323e-16 1.94189e-15 5.13578e-16
ofr9x10x12x6 3.94914e-16 1.05921e-15 1.01364e-15
ifr9x10x12x6 4.22712e-16 8.82679e-16 9.06597e-16
//obc9x10x12x6 4.30566e-16 8.82679e-16 8.96227e-16
//ibc9x10x12x6 4.67089e-16 1.05921e-15 8.51098e-16
//ofc9x10x12x6 4.35615e-16 1.05921e-15 9.74568e-16
//ifc9x10x12x6 4.6584e-16 1.05921e-15 8.52496e-16
obc9x10x12x6 3.71877e-16 8.82679e-16 8.79617e-16
ibc9x10x12x6 4.54515e-16 8.82679e-16 9.22488e-16
ofc9x10x12x6 4.229e-16 8.82679e-16 9.17067e-16
ifc9x10x12x6 3.89087e-16 8.82679e-16 9.02316e-16
ok12hx12o11x11o11v7 4.02422e-16 6.75642e-15 4.28701e-16
ik12hx12o11x11o11v7 4.22917e-16 6.69268e-15 4.6906e-16
//obrd12x48 3.42235e-16 5.92119e-16 4.84019e-16
//ofrd12x48 3.23851e-16 5.92119e-16 1.06354e-15
obrd12x48 2.8912e-16 7.40149e-16 5.40057e-16
ibrd12x48 3.18251e-16 5.92119e-16 5.85761e-16
ofrd12x48 4.02738e-16 5.92119e-16 1.04529e-15
ifrd12x48 3.17044e-16 7.40149e-16 1.02748e-15
//obcd12x48 4.30212e-16 5.92119e-16 1.04381e-15
//ibcd12x48 3.95365e-16 5.92119e-16 8.85182e-16
//ofcd12x48 3.74804e-16 5.92119e-16 9.46235e-16
//ifcd12x48 4.09085e-16 5.92119e-16 9.57446e-16
obcd12x48 3.28303e-16 5.92119e-16 8.78628e-16
ibcd12x48 3.99713e-16 5.92119e-16 9.29071e-16
ofcd12x48 3.67593e-16 5.92119e-16 9.07827e-16
ifcd12x48 3.18084e-16 5.92119e-16 8.87003e-16
Executing "/usr/lib/fftw/ptest/fftwl/benchl --verbose=1   --verify 'ofr11x8x9x7v3' --verify 'ifr11x8x9x7v3' --verify '//obc11x8x9x7v3' --verify '//ibc11x8x9x7v3' --verify '//ofc11x8x9x7v3' --verify '//ifc11x8x9x7v3' --verify 'obc11x8x9x7v3' --verify 'ibc11x8x9x7v3' --verify 'ofc11x8x9x7v3' --verify 'ifc11x8x9x7v3' --verify 'okd9hx11e10v5' --verify 'ikd9hx11e10v5' --verify 'obr10x11x4v3' --verify 'ibr10x11x4v3' --verify 'ofr10x11x4v3' --verify 'ifr10x11x4v3' --verify '//obc10x11x4v3' --verify '//ibc10x11x4v3' --verify '//ofc10x11x4v3' --verify '//ifc10x11x4v3' --verify 'obc10x11x4v3' --verify 'ibc10x11x4v3' --verify 'ofc10x11x4v3' --verify 'ifc10x11x4v3' --verify 'ok117o00*23' --verify 'ik117o00*23' --verify '//obrd1008' --verify '//ibrd1008' --verify '//ofrd1008' --verify '//ifrd1008' --verify 'obrd1008' --verify 'ibrd1008' --verify 'ofrd1008' --verify 'ifrd1008' --verify '//obcd1008' --verify '//ibcd1008' --verify '//ofcd1008' --verify '//ifcd1008' --verify 'obcd1008' --verify 'ibcd1008' --verify 'ofcd1008' --verify 'ifcd1008' --verify 'ok5o11x6e10x4h' --verify 'ik5o11x6e10x4h'"
ofr11x8x9x7v3 3.68115e-16 1.6541e-15 6.77733e-16
ifr11x8x9x7v3 4.32437e-16 1.78133e-15 6.63224e-16
//obc11x8x9x7v3 4.1335e-16 1.6541e-15 6.48063e-16
//ibc11x8x9x7v3 4.1503e-16 1.6541e-15 6.48264e-16
//ofc11x8x9x7v3 4.35364e-16 1.6541e-15 6.91283e-16
//ifc11x8x9x7v3 4.57683e-16 1.6541e-15 6.15643e-16
obc11x8x9x7v3 3.87499e-16 1.6541e-15 7.43607e-16
ibc11x8x9x7v3 4.36697e-16 1.6541e-15 6.65993e-16
ofc11x8x9x7v3 4.51745e-16 1.6541e-15 6.21235e-16
ifc11x8x9x7v3 4.06223e-16 1.6541e-15 6.36487e-16
okd9hx11e10v5 3.61294e-16 1.83187e-15 3.49624e-16
ikd9hx11e10v5 3.80444e-16 2.06501e-15 4.04345e-16
obr10x11x4v3 3.41341e-16 6.77476e-16 4.04954e-16
ibr10x11x4v3 3.56295e-16 5.64563e-16 3.90635e-16
ofr10x11x4v3 3.14209e-16 6.77476e-16 5.04334e-16
ifr10x11x4v3 3.0993e-16 5.64563e-16 4.73785e-16
//obc10x11x4v3 3.69989e-16 5.64563e-16 4.68758e-16
//ibc10x11x4v3 3.38598e-16 5.64563e-16 4.39496e-16
//ofc10x11x4v3 4.0486e-16 5.64563e-16 5.22497e-16
//ifc10x11x4v3 3.67047e-16 5.64563e-16 5.28361e-16
obc10x11x4v3 3.92788e-16 5.64563e-16 5.36891e-16
ibc10x11x4v3 3.40227e-16 5.64563e-16 6.13295e-16
ofc10x11x4v3 3.82986e-16 5.64563e-16 5.2797e-16
ifc10x11x4v3 5.08372e-16 5.64563e-16 4.81717e-16
ok117o00*23 5.55962e-16 2.43284e-15 3.92062e-16
ik117o00*23 4.54045e-16 2.66454e-15 4.70574e-16
//obrd1008 4.64863e-16 1.4547e-15 4.69028e-16
//ibrd1008 3.57371e-16 1.6785e-15 3.83718e-16
//ofrd1008 3.33348e-16 1.2309e-15 6.80801e-16
//ifrd1008 3.9816e-16 1.2309e-15 6.49856e-16
obrd1008 4.33002e-16 1.6785e-15 3.67051e-16
ibrd1008 4.63622e-16 1.6785e-15 4.2112e-16
ofrd1008 4.12784e-16 1.2309e-15 6.74151e-16
ifrd1008 4.10496e-16 1.2309e-15 6.26515e-16
//obcd1008 4.2197e-16 1.3428e-15 5.24979e-16
//ibcd1008 4.40286e-16 1.2309e-15 4.8685e-16
//ofcd1008 3.97774e-16 1.2309e-15 5.33403e-16
//ifcd1008 3.87393e-16 1.2309e-15 6.98063e-16
obcd1008 5.83921e-16 1.3428e-15 5.30165e-16
ibcd1008 4.12982e-16 1.3428e-15 6.30207e-16
ofcd1008 4.58887e-16 1.3428e-15 4.93945e-16
ifcd1008 4.26933e-16 1.2309e-15 5.93554e-16
ok5o11x6e10x4h 4.00227e-16 2.92256e-15 2.91102e-16
ik5o11x6e10x4h 3.05546e-16 2.41673e-15 3.91015e-16
Executing "/usr/lib/fftw/ptest/fftwl/benchl --verbose=1   --verify 'obr10x5x8x10' --verify 'ibr10x5x8x10' --verify 'ofr10x5x8x10' --verify 'ifr10x5x8x10' --verify '//obc10x5x8x10' --verify '//ibc10x5x8x10' --verify '//ofc10x5x8x10' --verify '//ifc10x5x8x10' --verify 'obc10x5x8x10' --verify 'ibc10x5x8x10' --verify 'ofc10x5x8x10' --verify 'ifc10x5x8x10' --verify 'okd11e01x11o11x9e11' --verify 'ikd11e01x11o11x9e11' --verify 'obr81v81' --verify 'ibr81v81' --verify 'ofr81v81' --verify 'ifr81v81' --verify '//obc81v81' --verify '//ibc81v81' --verify '//ofc81v81' --verify '//ifc81v81' --verify 'obc81v81' --verify 'ibc81v81' --verify 'ofc81v81' --verify 'ifc81v81' --verify 'okd11o10x10o00x11e01' --verify 'ikd11o10x10o00x11e01' --verify 'obrd4x5x5*8' --verify 'ibrd4x5x5*8' --verify 'ofrd4x5x5*8' --verify 'ifrd4x5x5*8' --verify '//obcd4x5x5*8' --verify '//ibcd4x5x5*8' --verify '//ofcd4x5x5*8' --verify '//ifcd4x5x5*8' --verify 'obcd4x5x5*8' --verify 'ibcd4x5x5*8' --verify 'ofcd4x5x5*8' --verify 'ifcd4x5x5*8' --verify 'okd4e00x12o11x8h*2' --verify 'ikd4e00x12o11x8h*2' --verify 'obr11x8x9x7v3' --verify 'ibr11x8x9x7v3'"
obr10x5x8x10 3.40959e-16 2.58397e-15 4.73822e-16
ibr10x5x8x10 3.93521e-16 2.69632e-15 3.96239e-16
ofr10x5x8x10 3.73495e-16 3.03336e-15 4.96907e-16
ifr10x5x8x10 3.84939e-16 3.03336e-15 4.95529e-16
//obc10x5x8x10 3.72933e-16 2.92101e-15 4.46192e-16
//ibc10x5x8x10 4.09665e-16 3.03336e-15 4.72436e-16
//ofc10x5x8x10 3.73883e-16 2.92101e-15 5.41661e-16
//ifc10x5x8x10 4.18971e-16 3.03336e-15 5.34794e-16
obc10x5x8x10 4.06674e-16 3.03336e-15 4.49415e-16
ibc10x5x8x10 4.55766e-16 3.03336e-15 4.66578e-16
ofc10x5x8x10 4.04431e-16 3.03336e-15 5.21996e-16
ifc10x5x8x10 3.92689e-16 3.03336e-15 4.62426e-16
okd11e01x11o11x9e11 4.5205e-16 8.37983e-15 5.26574e-16
ikd11e01x11o11x9e11 4.28055e-16 9.49714e-15 4.84213e-16
obr81v81 4.18881e-16 5.99429e-16 4.27089e-16
ibr81v81 4.36994e-16 5.99429e-16 5.07121e-16
ofr81v81 3.82381e-16 3.99619e-16 6.52253e-16
ifr81v81 4.22651e-16 3.99619e-16 5.71433e-16
//obc81v81 3.72898e-16 5.99429e-16 6.42972e-16
//ibc81v81 3.89223e-16 5.99429e-16 5.9253e-16
//ofc81v81 3.47154e-16 3.99619e-16 6.62141e-16
//ifc81v81 4.00988e-16 5.99429e-16 5.21667e-16
obc81v81 4.23409e-16 5.99429e-16 7.01607e-16
ibc81v81 3.92514e-16 5.99429e-16 5.89501e-16
ofc81v81 4.45534e-16 5.99429e-16 5.51934e-16
ifc81v81 4.35684e-16 5.99429e-16 5.72325e-16
okd11o10x10o00x11e01 3.86429e-16 1.39083e-14 5.39555e-16
ikd11o10x10o00x11e01 3.96722e-16 1.25624e-14 5.7934e-16
obrd4x5x5*8 3.21843e-16 4.996e-16 3.52199e-16
ibrd4x5x5*8 2.96274e-16 4.996e-16 3.87256e-16
ofrd4x5x5*8 3.06934e-16 4.996e-16 4.18159e-16
ifrd4x5x5*8 3.21319e-16 3.9968e-16 5.42385e-16
//obcd4x5x5*8 3.15677e-16 4.996e-16 3.98402e-16
//ibcd4x5x5*8 3.75325e-16 3.9968e-16 4.06271e-16
//ofcd4x5x5*8 3.78478e-16 3.9968e-16 4.11334e-16
//ifcd4x5x5*8 3.49019e-16 4.996e-16 4.09728e-16
obcd4x5x5*8 3.56578e-16 3.9968e-16 4.11565e-16
ibcd4x5x5*8 3.6478e-16 4.996e-16 4.07678e-16
ofcd4x5x5*8 2.90668e-16 4.996e-16 3.98802e-16
ifcd4x5x5*8 2.97521e-16 3.9968e-16 3.93506e-16
okd4e00x12o11x8h*2 3.99025e-16 5.17361e-15 4.04838e-16
ikd4e00x12o11x8h*2 4.29962e-16 4.83983e-15 3.74072e-16
obr11x8x9x7v3 5.11232e-16 2.16305e-15 5.03422e-16
ibr11x8x9x7v3 5.08028e-16 2.03581e-15 5.17666e-16
Executing "/usr/lib/fftw/ptest/fftwl/benchl --verbose=1   --verify 'ok13o00x9e01x4e10' --verify 'ik13o00x9e01x4e10' --verify '//obr10x5x8x10' --verify '//ofr10x5x8x10'"
ok13o00x9e01x4e10 4.37817e-16 7.10543e-15 3.88583e-16
ik13o00x9e01x4e10 3.81527e-16 8.32667e-15 4.73179e-16
//obr10x5x8x10 3.43171e-16 2.80867e-15 4.42984e-16
//ofr10x5x8x10 3.60043e-16 3.03336e-15 4.70741e-16
fftw  test result:PASSED
fftwf test result:PASSED
fftwl test result:PASSED
DURATION: 551
END: /usr/lib/fftw/ptest
2021-07-11T17:38
2021-07-11T17:38
BEGIN: /usr/lib/gnuradio/ptest
Test project /usr/lib/gnuradio/ptest
        Start   1: qa_flowgraph
  1/202 Test   #1: qa_flowgraph .........................   Passed    
        Start   2: qa_prefs
  2/202 Test   #2: qa_prefs .............................   Passed    
        Start   3: qa_random
  3/202 Test   #3: qa_random ............................   Passed    
        Start   4: qa_tag_utils
  4/202 Test   #4: qa_tag_utils .........................   Passed    
        Start   5: qa_hier_block2
  5/202 Test   #5: qa_hier_block2 .......................   Passed   
        Start   6: qa_uncaught_exception
  6/202 Test   #6: qa_uncaught_exception ................   Passed    
        Start   7: qa_pmt
  7/202 Test   #7: qa_pmt ...............................   Passed    
        Start   8: qa_pmt_to_python
  8/202 Test   #8: qa_pmt_to_python .....................   Passed    
        Start   9: qa_add_mult_div_sub
  9/202 Test   #9: qa_add_mult_div_sub ..................***Failed    
        Start  10: qa_add_mult_v
 10/202 Test  #10: qa_add_mult_v ........................***Failed    
        Start  11: qa_affinity
 11/202 Test  #11: qa_affinity ..........................   Passed    
        Start  12: qa_argmax
 12/202 Test  #12: qa_argmax ............................   Passed    
        Start  13: qa_block_behavior
 13/202 Test  #13: qa_block_behavior ....................   Passed    
        Start  14: qa_block_gateway
 14/202 Test  #14: qa_block_gateway .....................   Passed    
        Start  15: qa_boolean_operators
 15/202 Test  #15: qa_boolean_operators .................   Passed    
        Start  16: qa_burst_tagger
 16/202 Test  #16: qa_burst_tagger ......................   Passed    
        Start  17: qa_conjugate
 17/202 Test  #17: qa_conjugate .........................   Passed    
        Start  18: qa_copy
 18/202 Test  #18: qa_copy ..............................   Passed    
        Start  19: qa_delay
 19/202 Test  #19: qa_delay .............................   Passed    
        Start  20: qa_endian_swap
 20/202 Test  #20: qa_endian_swap .......................   Passed    
        Start  21: qa_exponentiate_const_cci
 21/202 Test  #21: qa_exponentiate_const_cci ............   Passed    
        Start  22: qa_file_descriptor_source_sink
 22/202 Test  #22: qa_file_descriptor_source_sink .......   Passed    
        Start  23: qa_file_metadata
 23/202 Test  #23: qa_file_metadata .....................***Failed    
        Start  24: qa_file_sink
 24/202 Test  #24: qa_file_sink .........................   Passed    
        Start  25: qa_file_source
 25/202 Test  #25: qa_file_source .......................   Passed    
        Start  26: qa_head
 26/202 Test  #26: qa_head ..............................   Passed    
        Start  27: qa_hier_block2
 27/202 Test  #27: qa_hier_block2 .......................   Passed    
        Start  28: qa_hier_block2_message_connections
 28/202 Test  #28: qa_hier_block2_message_connections ...   Passed    
        Start  29: qa_integrate
 29/202 Test  #29: qa_integrate .........................   Passed    
        Start  30: qa_interleave
 30/202 Test  #30: qa_interleave ........................   Passed    
        Start  31: qa_keep_m_in_n
 31/202 Test  #31: qa_keep_m_in_n .......................   Passed    
        Start  32: qa_keep_one_in_n
 32/202 Test  #32: qa_keep_one_in_n .....................   Passed    
        Start  33: qa_logger
 33/202 Test  #33: qa_logger ............................   Passed    
        Start  34: qa_max
 34/202 Test  #34: qa_max ...............................   Passed    
        Start  35: qa_message
 35/202 Test  #35: qa_message ...........................   Passed    
        Start  36: qa_min
 36/202 Test  #36: qa_min ...............................   Passed    
        Start  37: qa_moving_average
 37/202 Test  #37: qa_moving_average ....................   Passed    
        Start  38: qa_multiply_conjugate
 38/202 Test  #38: qa_multiply_conjugate ................   Passed    
        Start  39: qa_multiply_matrix_xx
 39/202 Test  #39: qa_multiply_matrix_xx ................   Passed    
        Start  40: qa_mute
 40/202 Test  #40: qa_mute ..............................   Passed    
        Start  41: qa_nlog10
 41/202 Test  #41: qa_nlog10 ............................***Failed    
        Start  42: qa_null_sink_source
 42/202 Test  #42: qa_null_sink_source ..................   Passed    
        Start  43: qa_pack_k_bits
 43/202 Test  #43: qa_pack_k_bits .......................   Passed    
        Start  44: qa_packed_to_unpacked
 44/202 Test  #44: qa_packed_to_unpacked ................   Passed    
        Start  45: qa_patterned_interleaver
 45/202 Test  #45: qa_patterned_interleaver .............   Passed    
        Start  46: qa_peak_detector
 46/202 Test  #46: qa_peak_detector .....................   Passed    
        Start  47: qa_peak_detector2
 47/202 Test  #47: qa_peak_detector2 ....................   Passed    
        Start  48: qa_pipe_fittings
 48/202 Test  #48: qa_pipe_fittings .....................   Passed    
        Start  49: qa_plateau_detector_fb
 49/202 Test  #49: qa_plateau_detector_fb ...............   Passed    
        Start  50: qa_probe_signal
 50/202 Test  #50: qa_probe_signal ......................   Passed    
        Start  51: qa_python_message_passing
 51/202 Test  #51: qa_python_message_passing ............   Passed    
        Start  52: qa_regenerate
 52/202 Test  #52: qa_regenerate ........................   Passed    
        Start  53: qa_repack_bits_bb
 53/202 Test  #53: qa_repack_bits_bb ....................   Passed    
        Start  54: qa_repeat
 54/202 Test  #54: qa_repeat ............................   Passed    
        Start  55: qa_rms
 55/202 Test  #55: qa_rms ...............................   Passed    
        Start  56: qa_rotator_cc
 56/202 Test  #56: qa_rotator_cc ........................   Passed    
        Start  57: qa_sample_and_hold
 57/202 Test  #57: qa_sample_and_hold ...................   Passed    
        Start  58: qa_selector
 58/202 Test  #58: qa_selector ..........................   Passed    
        Start  59: qa_skiphead
 59/202 Test  #59: qa_skiphead ..........................   Passed    
        Start  60: qa_stream_demux
 60/202 Test  #60: qa_stream_demux ......................   Passed    
        Start  61: qa_stream_mux
 61/202 Test  #61: qa_stream_mux ........................   Passed    
        Start  62: qa_stream_to_tagged_stream
 62/202 Test  #62: qa_stream_to_tagged_stream ...........   Passed    
        Start  63: qa_stretch
 63/202 Test  #63: qa_stretch ...........................   Passed    
        Start  64: qa_tag_debug
 64/202 Test  #64: qa_tag_debug .........................   Passed    
        Start  65: qa_tag_file_sink
 65/202 Test  #65: qa_tag_file_sink .....................   Passed    
        Start  66: qa_tag_gate
 66/202 Test  #66: qa_tag_gate ..........................   Passed    
        Start  67: qa_tag_share
 67/202 Test  #67: qa_tag_share .........................   Passed    
        Start  68: qa_tagged_stream_mux
 68/202 Test  #68: qa_tagged_stream_mux .................   Passed    
        Start  69: qa_tags_strobe
 69/202 Test  #69: qa_tags_strobe .......................   Passed    
        Start  70: qa_threshold
 70/202 Test  #70: qa_threshold .........................   Passed    
        Start  71: qa_throttle
 71/202 Test  #71: qa_throttle ..........................   Passed    
        Start  72: qa_transcendental
 72/202 Test  #72: qa_transcendental ....................   Passed    
        Start  73: qa_tsb_vector_sink_X
 73/202 Test  #73: qa_tsb_vector_sink_X .................   Passed    
        Start  74: qa_type_conversions
 74/202 Test  #74: qa_type_conversions ..................***Failed    
        Start  75: qa_unpack_k_bits
 75/202 Test  #75: qa_unpack_k_bits .....................   Passed    
        Start  76: qa_vco
 76/202 Test  #76: qa_vco ...............................   Passed    
        Start  77: qa_vector_insert
 77/202 Test  #77: qa_vector_insert .....................   Passed    
        Start  78: qa_vector_map
 78/202 Test  #78: qa_vector_map ........................   Passed    
        Start  79: qa_vector_sink_source
 79/202 Test  #79: qa_vector_sink_source ................   Passed    
        Start  80: qa_wavfile
 80/202 Test  #80: qa_wavfile ...........................***Failed    
        Start  81: test_rs
Could not find executable gr_fec_rstest
Looked in the following places:
gr_fec_rstest
gr_fec_rstest
Release/gr_fec_rstest
Release/gr_fec_rstest
Debug/gr_fec_rstest
Debug/gr_fec_rstest
MinSizeRel/gr_fec_rstest
MinSizeRel/gr_fec_rstest
RelWithDebInfo/gr_fec_rstest
RelWithDebInfo/gr_fec_rstest
Deployment/gr_fec_rstest
Deployment/gr_fec_rstest
Development/gr_fec_rstest
Development/gr_fec_rstest
Unable to find executable: gr_fec_rstest
 81/202 Test  #81: test_rs ..............................***Not Run   
        Start  82: qa_ber_bf
 82/202 Test  #82: qa_ber_bf ............................   Passed    
        Start  83: qa_depuncture
 83/202 Test  #83: qa_depuncture ........................   Passed    
        Start  84: qa_ecc_ccsds_27
 84/202 Test  #84: qa_ecc_ccsds_27 ......................   Passed    
        Start  85: qa_fecapi_cc
 85/202 Test  #85: qa_fecapi_cc .........................***Failed    
        Start  86: qa_fecapi_cc_buffer_overflow
 86/202 Test  #86: qa_fecapi_cc_buffer_overflow .........   Passed   
        Start  87: qa_fecapi_dummy
 87/202 Test  #87: qa_fecapi_dummy ......................***Failed    
        Start  88: qa_fecapi_ldpc
 88/202 Test  #88: qa_fecapi_ldpc .......................***Failed    
        Start  89: qa_fecapi_repetition
 89/202 Test  #89: qa_fecapi_repetition .................***Failed    
        Start  90: qa_polar_decoder_sc
 90/202 Test  #90: qa_polar_decoder_sc ..................   Passed    
        Start  91: qa_polar_decoder_sc_list
 91/202 Test  #91: qa_polar_decoder_sc_list .............   Passed    
        Start  92: qa_polar_decoder_sc_systematic
 92/202 Test  #92: qa_polar_decoder_sc_systematic .......   Passed    
        Start  93: qa_polar_encoder
 93/202 Test  #93: qa_polar_encoder .....................   Passed    
        Start  94: qa_polar_encoder_systematic
 94/202 Test  #94: qa_polar_encoder_systematic ..........   Passed    
        Start  95: qa_puncture
 95/202 Test  #95: qa_puncture ..........................   Passed   
        Start  96: qa_fft
 96/202 Test  #96: qa_fft ...............................   Passed    
        Start  97: qa_goertzel
 97/202 Test  #97: qa_goertzel ..........................   Passed    
        Start  98: qa_window
 98/202 Test  #98: qa_window ............................   Passed    
        Start  99: qa_dc_blocker
 99/202 Test  #99: qa_dc_blocker ........................   Passed    
        Start 100: qa_fft_filter
100/202 Test #100: qa_fft_filter ........................   Passed   
        Start 101: qa_file_taps_loader
101/202 Test #101: qa_file_taps_loader ..................***Failed    
        Start 102: qa_filter_delay_fc
102/202 Test #102: qa_filter_delay_fc ...................   Passed    
        Start 103: qa_filterbank
103/202 Test #103: qa_filterbank ........................***Failed    
        Start 104: qa_fir_filter
104/202 Test #104: qa_fir_filter ........................   Passed    
        Start 105: qa_firdes
105/202 Test #105: qa_firdes ............................   Passed    
        Start 106: qa_fractional_interpolator
106/202 Test #106: qa_fractional_interpolator ...........   Passed    
        Start 107: qa_fractional_resampler
107/202 Test #107: qa_fractional_resampler ..............   Passed    
        Start 108: qa_freq_xlating_fft_filter
108/202 Test #108: qa_freq_xlating_fft_filter ...........***Failed    
        Start 109: qa_freq_xlating_fir_filter
109/202 Test #109: qa_freq_xlating_fir_filter ...........   Passed    
        Start 110: qa_hilbert
110/202 Test #110: qa_hilbert ...........................   Passed    
        Start 111: qa_iir_filter
111/202 Test #111: qa_iir_filter ........................   Passed    
        Start 112: qa_interp_fir_filter
112/202 Test #112: qa_interp_fir_filter .................***Failed    
        Start 113: qa_pfb_arb_resampler
113/202 Test #113: qa_pfb_arb_resampler .................   Passed    
        Start 114: qa_pfb_channelizer
114/202 Test #114: qa_pfb_channelizer ...................   Passed    
        Start 115: qa_pfb_decimator
115/202 Test #115: qa_pfb_decimator .....................   Passed    
        Start 116: qa_pfb_interpolator
116/202 Test #116: qa_pfb_interpolator ..................   Passed    
        Start 117: qa_pfb_synthesizer
117/202 Test #117: qa_pfb_synthesizer ...................   Passed    
        Start 118: qa_pm_remez
118/202 Test #118: qa_pm_remez ..........................   Passed    
        Start 119: qa_rational_resampler
119/202 Test #119: qa_rational_resampler ................***Failed    
        Start 120: qa_single_pole_iir
120/202 Test #120: qa_single_pole_iir ...................   Passed    
        Start 121: qa_agc
121/202 Test #121: qa_agc ...............................   Passed    
        Start 122: qa_cpfsk
122/202 Test #122: qa_cpfsk .............................   Passed    
        Start 123: qa_ctcss_squelch
123/202 Test #123: qa_ctcss_squelch .....................   Passed    
        Start 124: qa_dpll
124/202 Test #124: qa_dpll ..............................   Passed    
        Start 125: qa_fastnoise
125/202 Test #125: qa_fastnoise .........................   Passed  
        Start 126: qa_fm_emph
126/202 Test #126: qa_fm_emph ...........................   Passed    
        Start 127: qa_fmdet
127/202 Test #127: qa_fmdet .............................   Passed    
        Start 128: qa_frequency_modulator
128/202 Test #128: qa_frequency_modulator ...............   Passed    
        Start 129: qa_noise
129/202 Test #129: qa_noise .............................   Passed    
        Start 130: qa_phase_modulator
130/202 Test #130: qa_phase_modulator ...................   Passed    
        Start 131: qa_pll_carriertracking
131/202 Test #131: qa_pll_carriertracking ...............   Passed    
        Start 132: qa_pll_freqdet
132/202 Test #132: qa_pll_freqdet .......................   Passed    
        Start 133: qa_pll_refout
133/202 Test #133: qa_pll_refout ........................   Passed    
        Start 134: qa_probe_avg_mag_sqrd
134/202 Test #134: qa_probe_avg_mag_sqrd ................   Passed    
        Start 135: qa_pwr_squelch
135/202 Test #135: qa_pwr_squelch .......................   Passed    
        Start 136: qa_quadrature_demod
136/202 Test #136: qa_quadrature_demod ..................   Passed    
        Start 137: qa_rail_ff
137/202 Test #137: qa_rail_ff ...........................   Passed    
        Start 138: qa_random_uniform_source
138/202 Test #138: qa_random_uniform_source .............   Passed    
        Start 139: qa_sig_source
139/202 Test #139: qa_sig_source ........................   Passed    
        Start 140: qa_simple_squelch
140/202 Test #140: qa_simple_squelch ....................   Passed    
        Start 141: qa_binary_slicer_fb
141/202 Test #141: qa_binary_slicer_fb ..................   Passed    
        Start 142: qa_burst_shaper
142/202 Test #142: qa_burst_shaper ......................   Passed    
        Start 143: qa_chunks_to_symbols
143/202 Test #143: qa_chunks_to_symbols .................   Passed    
        Start 144: qa_clock_recovery_mm
144/202 Test #144: qa_clock_recovery_mm .................   Passed    
        Start 145: qa_constellation
145/202 Test #145: qa_constellation .....................   Passed  
        Start 146: qa_constellation_decoder_cb
146/202 Test #146: qa_constellation_decoder_cb ..........   Passed    
        Start 147: qa_constellation_encoder_bc
147/202 Test #147: qa_constellation_encoder_bc ..........   Passed    
        Start 148: qa_constellation_receiver
148/202 Test #148: qa_constellation_receiver ............   Passed   
        Start 149: qa_constellation_soft_decoder_cf
149/202 Test #149: qa_constellation_soft_decoder_cf .....   Passed   
        Start 150: qa_correlate_access_code
150/202 Test #150: qa_correlate_access_code .............   Passed    
        Start 151: qa_correlate_access_code_XX_ts
151/202 Test #151: qa_correlate_access_code_XX_ts .......   Passed    
        Start 152: qa_correlate_access_code_tag
152/202 Test #152: qa_correlate_access_code_tag .........   Passed    
        Start 153: qa_costas_loop_cc
153/202 Test #153: qa_costas_loop_cc ....................   Passed    
        Start 154: qa_cpm
154/202 Test #154: qa_cpm ...............................***Failed    
        Start 155: qa_crc32_bb
155/202 Test #155: qa_crc32_bb ..........................   Passed    
        Start 156: qa_decision_feedback_equalizer
156/202 Test #156: qa_decision_feedback_equalizer .......   Passed    
        Start 157: qa_diff_encoder
157/202 Test #157: qa_diff_encoder ......................   Passed    
        Start 158: qa_diff_encoder_nrzi
158/202 Test #158: qa_diff_encoder_nrzi .................   Passed    
        Start 159: qa_diff_phasor_cc
159/202 Test #159: qa_diff_phasor_cc ....................   Passed    
        Start 160: qa_digital
160/202 Test #160: qa_digital ...........................   Passed    
        Start 161: qa_fll_band_edge
161/202 Test #161: qa_fll_band_edge .....................   Passed    
        Start 162: qa_framer_sink
162/202 Test #162: qa_framer_sink .......................   Passed    
        Start 163: qa_glfsr_source
163/202 Test #163: qa_glfsr_source ......................   Passed    
        Start 164: qa_hdlc_framer
164/202 Test #164: qa_hdlc_framer .......................   Passed    
        Start 165: qa_header_payload_demux
165/202 Test #165: qa_header_payload_demux ..............   Passed    
        Start 166: qa_lfsr
166/202 Test #166: qa_lfsr ..............................   Passed    
        Start 167: qa_linear_equalizer
167/202 Test #167: qa_linear_equalizer ..................***Failed    
        Start 168: qa_map
168/202 Test #168: qa_map ...............................   Passed    
        Start 169: qa_meas_evm_cc
169/202 Test #169: qa_meas_evm_cc .......................   Passed    
        Start 170: qa_mpsk_snr_est
170/202 Test #170: qa_mpsk_snr_est ......................   Passed    
        Start 171: qa_ofdm_carrier_allocator_cvc
171/202 Test #171: qa_ofdm_carrier_allocator_cvc ........   Passed    
        Start 172: qa_ofdm_chanest_vcvc
172/202 Test #172: qa_ofdm_chanest_vcvc .................   Passed    
        Start 173: qa_ofdm_cyclic_prefixer
173/202 Test #173: qa_ofdm_cyclic_prefixer ..............   Passed    
        Start 174: qa_ofdm_frame_equalizer_vcvc
174/202 Test #174: qa_ofdm_frame_equalizer_vcvc .........   Passed    
        Start 175: qa_ofdm_serializer_vcc
175/202 Test #175: qa_ofdm_serializer_vcc ...............   Passed    
        Start 176: qa_ofdm_sync_sc_cfb
176/202 Test #176: qa_ofdm_sync_sc_cfb ..................   Passed    
        Start 177: qa_ofdm_txrx
177/202 Test #177: qa_ofdm_txrx .........................   Passed    
        Start 178: qa_packet_format
178/202 Test #178: qa_packet_format .....................   Passed    
        Start 179: qa_packet_headergenerator_bb
179/202 Test #179: qa_packet_headergenerator_bb .........   Passed    
        Start 180: qa_packet_headerparser_b
180/202 Test #180: qa_packet_headerparser_b .............   Passed    
        Start 181: qa_pfb_clock_sync
181/202 Test #181: qa_pfb_clock_sync ....................   Passed    
        Start 182: qa_pn_correlator_cc
182/202 Test #182: qa_pn_correlator_cc ..................   Passed    
        Start 183: qa_probe_density
183/202 Test #183: qa_probe_density .....................   Passed    
        Start 184: qa_scrambler
184/202 Test #184: qa_scrambler .........................   Passed    
        Start 185: qa_channel_model
185/202 Test #185: qa_channel_model .....................   Passed    
        Start 186: qa_fading_model
186/202 Test #186: qa_fading_model ......................   Passed    
        Start 187: qa_add_system_time
187/202 Test #187: qa_add_system_time ...................***Failed    
        Start 188: qa_pdu
188/202 Test #188: qa_pdu ...............................***Failed    
        Start 189: qa_pdu_split
189/202 Test #189: qa_pdu_split .........................***Failed    
        Start 190: qa_time_delta
190/202 Test #190: qa_time_delta ........................***Failed    
        Start 191: qa_trellis
191/202 Test #191: qa_trellis ...........................   Passed    
        Start 192: test_modtool
192/202 Test #192: test_modtool .........................***Failed    
        Start 193: qa_classify
193/202 Test #193: qa_classify ..........................   Passed    
        Start 194: qa_zeromq_pub
194/202 Test #194: qa_zeromq_pub ........................   Passed    
        Start 195: qa_zeromq_pubsub
195/202 Test #195: qa_zeromq_pubsub .....................   Passed    
        Start 196: qa_zeromq_pull_msg_source
196/202 Test #196: qa_zeromq_pull_msg_source ............   Passed    
        Start 197: qa_zeromq_pushpull
197/202 Test #197: qa_zeromq_pushpull ...................   Passed    
        Start 198: qa_zeromq_req_msg_source
198/202 Test #198: qa_zeromq_req_msg_source .............   Passed    
        Start 199: qa_zeromq_reqrep
199/202 Test #199: qa_zeromq_reqrep .....................   Passed    
        Start 200: qa_zeromq_sub
200/202 Test #200: qa_zeromq_sub ........................   Passed    
        Start 201: qa_zeromq_sub_msg_source
201/202 Test #201: qa_zeromq_sub_msg_source .............   Passed    
        Start 202: qa_socket_pdu
202/202 Test #202: qa_socket_pdu ........................***Failed    

88% tests passed, 24 tests failed out of 202

Total Test time (real) = 

The following tests FAILED:
	  9 - qa_add_mult_div_sub (Failed)
	 10 - qa_add_mult_v (Failed)
	 23 - qa_file_metadata (Failed)
	 41 - qa_nlog10 (Failed)
	 74 - qa_type_conversions (Failed)
	 80 - qa_wavfile (Failed)
	 81 - test_rs (Not Run)
	 85 - qa_fecapi_cc (Failed)
	 87 - qa_fecapi_dummy (Failed)
	 88 - qa_fecapi_ldpc (Failed)
	 89 - qa_fecapi_repetition (Failed)
	101 - qa_file_taps_loader (Failed)
	103 - qa_filterbank (Failed)
	108 - qa_freq_xlating_fft_filter (Failed)
	112 - qa_interp_fir_filter (Failed)
	119 - qa_rational_resampler (Failed)
	154 - qa_cpm (Failed)
	167 - qa_linear_equalizer (Failed)
	187 - qa_add_system_time (Failed)
	188 - qa_pdu (Failed)
	189 - qa_pdu_split (Failed)
	190 - qa_time_delta (Failed)
	192 - test_modtool (Failed)
	202 - qa_socket_pdu (Failed)
Errors while running CTest
Output from these tests are in: /usr/lib/gnuradio/ptest/Testing/Temporary/LastTest.log
Use "--rerun-failed --output-on-failure" to re-run the failed cases verbosely.

ERROR: Exit status is 8
DURATION: 933
END: /usr/lib/gnuradio/ptest
2021-07-11T17:53
2021-07-11T17:53
BEGIN: /usr/lib/volk/ptest
Test project /usr/lib/volk/ptest
        Start   1: qa_volk_16i_32fc_dot_prod_32fc
  1/134 Test   #1: qa_volk_16i_32fc_dot_prod_32fc .......................   Passed    
        Start   2: qa_volk_16i_branch_4_state_8
  2/134 Test   #2: qa_volk_16i_branch_4_state_8 .........................   Passed    
        Start   3: qa_volk_16i_convert_8i
  3/134 Test   #3: qa_volk_16i_convert_8i ...............................   Passed    
        Start   4: qa_volk_16i_max_star_16i
  4/134 Test   #4: qa_volk_16i_max_star_16i .............................   Passed    
        Start   5: qa_volk_16i_max_star_horizontal_16i
  5/134 Test   #5: qa_volk_16i_max_star_horizontal_16i ..................   Passed    
        Start   6: qa_volk_16i_permute_and_scalar_add
  6/134 Test   #6: qa_volk_16i_permute_and_scalar_add ...................   Passed    
        Start   7: qa_volk_16i_s32f_convert_32f
  7/134 Test   #7: qa_volk_16i_s32f_convert_32f .........................   Passed    
        Start   8: qa_volk_16i_x4_quad_max_star_16i
  8/134 Test   #8: qa_volk_16i_x4_quad_max_star_16i .....................   Passed    
        Start   9: qa_volk_16i_x5_add_quad_16i_x4
  9/134 Test   #9: qa_volk_16i_x5_add_quad_16i_x4 .......................   Passed    
        Start  10: qa_volk_16ic_convert_32fc
 10/134 Test  #10: qa_volk_16ic_convert_32fc ............................   Passed    
        Start  11: qa_volk_16ic_deinterleave_16i_x2
 11/134 Test  #11: qa_volk_16ic_deinterleave_16i_x2 .....................   Passed    
        Start  12: qa_volk_16ic_deinterleave_real_16i
 12/134 Test  #12: qa_volk_16ic_deinterleave_real_16i ...................   Passed    
        Start  13: qa_volk_16ic_deinterleave_real_8i
 13/134 Test  #13: qa_volk_16ic_deinterleave_real_8i ....................   Passed    
        Start  14: qa_volk_16ic_magnitude_16i
 14/134 Test  #14: qa_volk_16ic_magnitude_16i ...........................   Passed    
        Start  15: qa_volk_16ic_s32f_deinterleave_32f_x2
 15/134 Test  #15: qa_volk_16ic_s32f_deinterleave_32f_x2 ................   Passed    
        Start  16: qa_volk_16ic_s32f_deinterleave_real_32f
 16/134 Test  #16: qa_volk_16ic_s32f_deinterleave_real_32f ..............   Passed    
        Start  17: qa_volk_16ic_s32f_magnitude_32f
 17/134 Test  #17: qa_volk_16ic_s32f_magnitude_32f ......................   Passed    
        Start  18: qa_volk_16ic_x2_dot_prod_16ic
 18/134 Test  #18: qa_volk_16ic_x2_dot_prod_16ic ........................   Passed    
        Start  19: qa_volk_16ic_x2_multiply_16ic
 19/134 Test  #19: qa_volk_16ic_x2_multiply_16ic ........................   Passed    
        Start  20: qa_volk_16u_byteswap
 20/134 Test  #20: qa_volk_16u_byteswap .................................   Passed    
        Start  21: qa_volk_16u_byteswappuppet_16u
 21/134 Test  #21: qa_volk_16u_byteswappuppet_16u .......................   Passed    
        Start  22: qa_volk_32f_64f_add_64f
 22/134 Test  #22: qa_volk_32f_64f_add_64f ..............................   Passed    
        Start  23: qa_volk_32f_64f_multiply_64f
 23/134 Test  #23: qa_volk_32f_64f_multiply_64f .........................   Passed    
        Start  24: qa_volk_32f_8u_polarbutterfly_32f
 24/134 Test  #24: qa_volk_32f_8u_polarbutterfly_32f ....................   Passed    
        Start  25: qa_volk_32f_8u_polarbutterflypuppet_32f
 25/134 Test  #25: qa_volk_32f_8u_polarbutterflypuppet_32f ..............   Passed    
        Start  26: qa_volk_32f_accumulator_s32f
 26/134 Test  #26: qa_volk_32f_accumulator_s32f .........................   Passed    
        Start  27: qa_volk_32f_acos_32f
 27/134 Test  #27: qa_volk_32f_acos_32f .................................   Passed    
        Start  28: qa_volk_32f_asin_32f
 28/134 Test  #28: qa_volk_32f_asin_32f .................................   Passed    
        Start  29: qa_volk_32f_atan_32f
 29/134 Test  #29: qa_volk_32f_atan_32f .................................   Passed    
        Start  30: qa_volk_32f_binary_slicer_32i
 30/134 Test  #30: qa_volk_32f_binary_slicer_32i ........................   Passed    
        Start  31: qa_volk_32f_binary_slicer_8i
 31/134 Test  #31: qa_volk_32f_binary_slicer_8i .........................   Passed    
        Start  32: qa_volk_32f_convert_64f
 32/134 Test  #32: qa_volk_32f_convert_64f ..............................   Passed    
        Start  33: qa_volk_32f_cos_32f
 33/134 Test  #33: qa_volk_32f_cos_32f ..................................   Passed    
        Start  34: qa_volk_32f_exp_32f
 34/134 Test  #34: qa_volk_32f_exp_32f ..................................   Passed    
        Start  35: qa_volk_32f_expfast_32f
 35/134 Test  #35: qa_volk_32f_expfast_32f ..............................   Passed    
        Start  36: qa_volk_32f_index_max_16u
 36/134 Test  #36: qa_volk_32f_index_max_16u ............................   Passed    
        Start  37: qa_volk_32f_index_max_32u
 37/134 Test  #37: qa_volk_32f_index_max_32u ............................   Passed    
        Start  38: qa_volk_32f_invsqrt_32f
 38/134 Test  #38: qa_volk_32f_invsqrt_32f ..............................   Passed    
        Start  39: qa_volk_32f_log2_32f
 39/134 Test  #39: qa_volk_32f_log2_32f .................................   Passed    
        Start  40: qa_volk_32f_null_32f
 40/134 Test  #40: qa_volk_32f_null_32f .................................   Passed    
        Start  41: qa_volk_32f_s32f_32f_fm_detect_32f
 41/134 Test  #41: qa_volk_32f_s32f_32f_fm_detect_32f ...................   Passed    
        Start  42: qa_volk_32f_s32f_add_32f
 42/134 Test  #42: qa_volk_32f_s32f_add_32f .............................   Passed    
        Start  43: qa_volk_32f_s32f_calc_spectral_noise_floor_32f
 43/134 Test  #43: qa_volk_32f_s32f_calc_spectral_noise_floor_32f .......   Passed    
        Start  44: qa_volk_32f_s32f_convert_16i
 44/134 Test  #44: qa_volk_32f_s32f_convert_16i .........................   Passed    
        Start  45: qa_volk_32f_s32f_convert_32i
 45/134 Test  #45: qa_volk_32f_s32f_convert_32i .........................   Passed    
        Start  46: qa_volk_32f_s32f_convert_8i
 46/134 Test  #46: qa_volk_32f_s32f_convert_8i ..........................   Passed    
        Start  47: qa_volk_32f_s32f_mod_rangepuppet_32f
 47/134 Test  #47: qa_volk_32f_s32f_mod_rangepuppet_32f .................   Passed    
        Start  48: qa_volk_32f_s32f_multiply_32f
 48/134 Test  #48: qa_volk_32f_s32f_multiply_32f ........................   Passed    
        Start  49: qa_volk_32f_s32f_normalize
 49/134 Test  #49: qa_volk_32f_s32f_normalize ...........................   Passed    
        Start  50: qa_volk_32f_s32f_power_32f
 50/134 Test  #50: qa_volk_32f_s32f_power_32f ...........................   Passed    
        Start  51: qa_volk_32f_s32f_s32f_mod_range_32f
 51/134 Test  #51: qa_volk_32f_s32f_s32f_mod_range_32f ..................   Passed    
        Start  52: qa_volk_32f_s32f_stddev_32f
 52/134 Test  #52: qa_volk_32f_s32f_stddev_32f ..........................   Passed    
        Start  53: qa_volk_32f_sin_32f
 53/134 Test  #53: qa_volk_32f_sin_32f ..................................   Passed    
        Start  54: qa_volk_32f_sqrt_32f
 54/134 Test  #54: qa_volk_32f_sqrt_32f .................................   Passed    
        Start  55: qa_volk_32f_stddev_and_mean_32f_x2
 55/134 Test  #55: qa_volk_32f_stddev_and_mean_32f_x2 ...................   Passed    
        Start  56: qa_volk_32f_tan_32f
 56/134 Test  #56: qa_volk_32f_tan_32f ..................................   Passed    
        Start  57: qa_volk_32f_tanh_32f
 57/134 Test  #57: qa_volk_32f_tanh_32f .................................   Passed    
        Start  58: qa_volk_32f_x2_add_32f
 58/134 Test  #58: qa_volk_32f_x2_add_32f ...............................   Passed    
        Start  59: qa_volk_32f_x2_divide_32f
 59/134 Test  #59: qa_volk_32f_x2_divide_32f ............................   Passed    
        Start  60: qa_volk_32f_x2_dot_prod_16i
 60/134 Test  #60: qa_volk_32f_x2_dot_prod_16i ..........................   Passed    
        Start  61: qa_volk_32f_x2_dot_prod_32f
 61/134 Test  #61: qa_volk_32f_x2_dot_prod_32f ..........................   Passed    
        Start  62: qa_volk_32f_x2_fm_detectpuppet_32f
 62/134 Test  #62: qa_volk_32f_x2_fm_detectpuppet_32f ...................   Passed    
        Start  63: qa_volk_32f_x2_interleave_32fc
 63/134 Test  #63: qa_volk_32f_x2_interleave_32fc .......................   Passed    
        Start  64: qa_volk_32f_x2_max_32f
 64/134 Test  #64: qa_volk_32f_x2_max_32f ...............................   Passed    
        Start  65: qa_volk_32f_x2_min_32f
 65/134 Test  #65: qa_volk_32f_x2_min_32f ...............................   Passed    
        Start  66: qa_volk_32f_x2_multiply_32f
 66/134 Test  #66: qa_volk_32f_x2_multiply_32f ..........................   Passed    
        Start  67: qa_volk_32f_x2_pow_32f
 67/134 Test  #67: qa_volk_32f_x2_pow_32f ...............................   Passed    
        Start  68: qa_volk_32f_x2_s32f_interleave_16ic
 68/134 Test  #68: qa_volk_32f_x2_s32f_interleave_16ic ..................   Passed    
        Start  69: qa_volk_32f_x2_subtract_32f
 69/134 Test  #69: qa_volk_32f_x2_subtract_32f ..........................   Passed    
        Start  70: qa_volk_32f_x3_sum_of_poly_32f
 70/134 Test  #70: qa_volk_32f_x3_sum_of_poly_32f .......................   Passed    
        Start  71: qa_volk_32fc_32f_add_32fc
 71/134 Test  #71: qa_volk_32fc_32f_add_32fc ............................   Passed    
        Start  72: qa_volk_32fc_32f_dot_prod_32fc
 72/134 Test  #72: qa_volk_32fc_32f_dot_prod_32fc .......................   Passed    
        Start  73: qa_volk_32fc_32f_multiply_32fc
 73/134 Test  #73: qa_volk_32fc_32f_multiply_32fc .......................   Passed    
        Start  74: qa_volk_32fc_conjugate_32fc
 74/134 Test  #74: qa_volk_32fc_conjugate_32fc ..........................   Passed    
        Start  75: qa_volk_32fc_convert_16ic
 75/134 Test  #75: qa_volk_32fc_convert_16ic ............................   Passed    
        Start  76: qa_volk_32fc_deinterleave_32f_x2
 76/134 Test  #76: qa_volk_32fc_deinterleave_32f_x2 .....................   Passed    
        Start  77: qa_volk_32fc_deinterleave_64f_x2
 77/134 Test  #77: qa_volk_32fc_deinterleave_64f_x2 .....................   Passed    
        Start  78: qa_volk_32fc_deinterleave_imag_32f
 78/134 Test  #78: qa_volk_32fc_deinterleave_imag_32f ...................   Passed    
        Start  79: qa_volk_32fc_deinterleave_real_32f
 79/134 Test  #79: qa_volk_32fc_deinterleave_real_32f ...................   Passed    
        Start  80: qa_volk_32fc_deinterleave_real_64f
 80/134 Test  #80: qa_volk_32fc_deinterleave_real_64f ...................   Passed    
        Start  81: qa_volk_32fc_index_max_16u
 81/134 Test  #81: qa_volk_32fc_index_max_16u ...........................   Passed    
        Start  82: qa_volk_32fc_index_max_32u
 82/134 Test  #82: qa_volk_32fc_index_max_32u ...........................   Passed    
        Start  83: qa_volk_32fc_magnitude_32f
 83/134 Test  #83: qa_volk_32fc_magnitude_32f ...........................   Passed    
        Start  84: qa_volk_32fc_magnitude_squared_32f
 84/134 Test  #84: qa_volk_32fc_magnitude_squared_32f ...................   Passed    
        Start  85: qa_volk_32fc_s32f_atan2_32f
 85/134 Test  #85: qa_volk_32fc_s32f_atan2_32f ..........................   Passed    
        Start  86: qa_volk_32fc_s32f_deinterleave_real_16i
 86/134 Test  #86: qa_volk_32fc_s32f_deinterleave_real_16i ..............   Passed    
        Start  87: qa_volk_32fc_s32f_magnitude_16i
 87/134 Test  #87: qa_volk_32fc_s32f_magnitude_16i ......................   Passed    
        Start  88: qa_volk_32fc_s32f_power_32fc
 88/134 Test  #88: qa_volk_32fc_s32f_power_32fc .........................   Passed    
        Start  89: qa_volk_32fc_s32f_power_spectral_densitypuppet_32f
 89/134 Test  #89: qa_volk_32fc_s32f_power_spectral_densitypuppet_32f ...   Passed    
        Start  90: qa_volk_32fc_s32f_power_spectrum_32f
 90/134 Test  #90: qa_volk_32fc_s32f_power_spectrum_32f .................   Passed    
        Start  91: qa_volk_32fc_s32f_x2_power_spectral_density_32f
 91/134 Test  #91: qa_volk_32fc_s32f_x2_power_spectral_density_32f ......   Passed    
        Start  92: qa_volk_32fc_s32fc_multiply_32fc
 92/134 Test  #92: qa_volk_32fc_s32fc_multiply_32fc .....................   Passed    
        Start  93: qa_volk_32fc_s32fc_rotatorpuppet_32fc
 93/134 Test  #93: qa_volk_32fc_s32fc_rotatorpuppet_32fc ................   Passed    
        Start  94: qa_volk_32fc_s32fc_x2_rotator_32fc
 94/134 Test  #94: qa_volk_32fc_s32fc_x2_rotator_32fc ...................   Passed    
        Start  95: qa_volk_32fc_x2_add_32fc
 95/134 Test  #95: qa_volk_32fc_x2_add_32fc .............................   Passed    
        Start  96: qa_volk_32fc_x2_conjugate_dot_prod_32fc
 96/134 Test  #96: qa_volk_32fc_x2_conjugate_dot_prod_32fc ..............   Passed    
        Start  97: qa_volk_32fc_x2_divide_32fc
 97/134 Test  #97: qa_volk_32fc_x2_divide_32fc ..........................   Passed    
        Start  98: qa_volk_32fc_x2_dot_prod_32fc
 98/134 Test  #98: qa_volk_32fc_x2_dot_prod_32fc ........................   Passed    
        Start  99: qa_volk_32fc_x2_multiply_32fc
 99/134 Test  #99: qa_volk_32fc_x2_multiply_32fc ........................   Passed    
        Start 100: qa_volk_32fc_x2_multiply_conjugate_32fc
100/134 Test #100: qa_volk_32fc_x2_multiply_conjugate_32fc ..............   Passed    
        Start 101: qa_volk_32fc_x2_s32f_square_dist_scalar_mult_32f
101/134 Test #101: qa_volk_32fc_x2_s32f_square_dist_scalar_mult_32f .....   Passed    
        Start 102: qa_volk_32fc_x2_s32fc_multiply_conjugate_add_32fc
102/134 Test #102: qa_volk_32fc_x2_s32fc_multiply_conjugate_add_32fc ....   Passed    
        Start 103: qa_volk_32fc_x2_square_dist_32f
103/134 Test #103: qa_volk_32fc_x2_square_dist_32f ......................   Passed    
        Start 104: qa_volk_32i_s32f_convert_32f
104/134 Test #104: qa_volk_32i_s32f_convert_32f .........................   Passed    
        Start 105: qa_volk_32i_x2_and_32i
105/134 Test #105: qa_volk_32i_x2_and_32i ...............................   Passed    
        Start 106: qa_volk_32i_x2_or_32i
106/134 Test #106: qa_volk_32i_x2_or_32i ................................   Passed    
        Start 107: qa_volk_32u_byteswap
107/134 Test #107: qa_volk_32u_byteswap .................................   Passed    
        Start 108: qa_volk_32u_byteswappuppet_32u
108/134 Test #108: qa_volk_32u_byteswappuppet_32u .......................   Passed    
        Start 109: qa_volk_32u_popcnt
109/134 Test #109: qa_volk_32u_popcnt ...................................   Passed    
        Start 110: qa_volk_32u_popcntpuppet_32u
110/134 Test #110: qa_volk_32u_popcntpuppet_32u .........................   Passed    
        Start 111: qa_volk_32u_reverse_32u
111/134 Test #111: qa_volk_32u_reverse_32u ..............................   Passed    
        Start 112: qa_volk_64f_convert_32f
112/134 Test #112: qa_volk_64f_convert_32f ..............................   Passed    
        Start 113: qa_volk_64f_x2_add_64f
113/134 Test #113: qa_volk_64f_x2_add_64f ...............................   Passed    
        Start 114: qa_volk_64f_x2_max_64f
114/134 Test #114: qa_volk_64f_x2_max_64f ...............................   Passed    
        Start 115: qa_volk_64f_x2_min_64f
115/134 Test #115: qa_volk_64f_x2_min_64f ...............................   Passed    
        Start 116: qa_volk_64f_x2_multiply_64f
116/134 Test #116: qa_volk_64f_x2_multiply_64f ..........................   Passed    
        Start 117: qa_volk_64u_byteswap
117/134 Test #117: qa_volk_64u_byteswap .................................   Passed    
        Start 118: qa_volk_64u_byteswappuppet_64u
118/134 Test #118: qa_volk_64u_byteswappuppet_64u .......................   Passed    
        Start 119: qa_volk_64u_popcnt
119/134 Test #119: qa_volk_64u_popcnt ...................................   Passed    
        Start 120: qa_volk_64u_popcntpuppet_64u
120/134 Test #120: qa_volk_64u_popcntpuppet_64u .........................   Passed    
        Start 121: qa_volk_8i_convert_16i
121/134 Test #121: qa_volk_8i_convert_16i ...............................   Passed    
        Start 122: qa_volk_8i_s32f_convert_32f
122/134 Test #122: qa_volk_8i_s32f_convert_32f ..........................   Passed    
        Start 123: qa_volk_8ic_deinterleave_16i_x2
123/134 Test #123: qa_volk_8ic_deinterleave_16i_x2 ......................   Passed    
        Start 124: qa_volk_8ic_deinterleave_real_16i
124/134 Test #124: qa_volk_8ic_deinterleave_real_16i ....................   Passed    
        Start 125: qa_volk_8ic_deinterleave_real_8i
125/134 Test #125: qa_volk_8ic_deinterleave_real_8i .....................   Passed    
        Start 126: qa_volk_8ic_s32f_deinterleave_32f_x2
126/134 Test #126: qa_volk_8ic_s32f_deinterleave_32f_x2 .................   Passed    
        Start 127: qa_volk_8ic_s32f_deinterleave_real_32f
127/134 Test #127: qa_volk_8ic_s32f_deinterleave_real_32f ...............   Passed    
        Start 128: qa_volk_8ic_x2_multiply_conjugate_16ic
128/134 Test #128: qa_volk_8ic_x2_multiply_conjugate_16ic ...............   Passed    
        Start 129: qa_volk_8ic_x2_s32f_multiply_conjugate_32fc
129/134 Test #129: qa_volk_8ic_x2_s32f_multiply_conjugate_32fc ..........   Passed    
        Start 130: qa_volk_8u_conv_k7_r2puppet_8u
130/134 Test #130: qa_volk_8u_conv_k7_r2puppet_8u .......................   Passed    
        Start 131: qa_volk_8u_x2_encodeframepolar_8u
131/134 Test #131: qa_volk_8u_x2_encodeframepolar_8u ....................   Passed    
        Start 132: qa_volk_8u_x3_encodepolar_8u_x2
132/134 Test #132: qa_volk_8u_x3_encodepolar_8u_x2 ......................   Passed    
        Start 133: qa_volk_8u_x3_encodepolarpuppet_8u
133/134 Test #133: qa_volk_8u_x3_encodepolarpuppet_8u ...................   Passed    
        Start 134: qa_volk_8u_x4_conv_k7_r2_8u
134/134 Test #134: qa_volk_8u_x4_conv_k7_r2_8u ..........................   Passed    

100% tests passed, 0 tests failed out of 134

Total Test time (real) =  
DURATION: 25
END: /usr/lib/volk/ptest
2021-07-11T17:54
STOP: ptest-runner
